
Due to MODULEPATH changes, the following have been reloaded:
  1) libfabric/1.19.0

The following have been reloaded with a version change:
  1) hwloc/2.7.2 => hwloc/2.9.2

CPU count: 40
   	      	                     communication                     	                         energy                        
   	      	-------------------------------------------------------	-------------------------------------------------------
gen	nevals	avg    	gen	max   	min    	nevals	std   	time   	avg    	gen	max    	min    	nevals	std    	time   
0  	1024  	91.3959	0  	92.751	84.6891	1024  	1.0693	1.15008	226.879	0  	268.559	206.586	1024  	13.6032	1.15008
[gen 0] z*: [np.float64(206.5859307496161), np.float64(84.68910725002064)]
[gen 1] z*: [np.float64(206.5859307496161), np.float64(84.68910725002064)]
1  	1024  	36.7584	1  	38.4064	27.5092	1024  	1.34172	1.17116	193.166	1  	220.215	183.536	1024  	6.14312	1.17116
[gen 2] z*: [np.float64(183.5360110460933), np.float64(27.50921903808001)]
2  	1024  	36.7584	2  	38.4064	27.5092	1024  	1.34172	1.36852	193.166	2  	220.215	183.536	1024  	6.14312	1.36852
[gen 3] z*: [np.float64(183.5360110460933), np.float64(27.50921903808001)]
3  	1024  	38.2946	3  	54.2268	27.5092	1024  	4.92244	1.32432	192.727	3  	220.215	183.536	1024  	5.75588	1.32432
[gen 4] z*: [np.float64(183.5360110460933), np.float64(27.50921903808001)]
4  	1024  	38.2946	4  	54.2268	27.5092	1024  	4.92244	1.2996 	192.727	4  	220.215	183.536	1024  	5.75588	1.2996 
[gen 5] z*: [np.float64(183.5360110460933), np.float64(27.50921903808001)]
5  	1024  	38.7531	5  	53.5856	27.5092	1024  	4.3272 	1.15212	192.065	5  	220.215	183.536	1024  	5.65851	1.15212
[gen 6] z*: [np.float64(183.5360110460933), np.float64(27.50921903808001)]
6  	1024  	6.45027	6  	38.0604	5.00867	1024  	1.37448	0.799522	182.433	6  	200.416	177.669	1024  	4.15676	0.799522
[gen 7] z*: [np.float64(177.66857933534925), np.float64(5.008667283984167)]
7  	1024  	7.64794	7  	14.5742	5.00867	1024  	2.6853 	0.80062 	181.899	7  	200.416	177.669	1024  	3.96352	0.80062 
[gen 8] z*: [np.float64(177.66857933534925), np.float64(5.008667283984167)]
8  	1024  	7.70321	8  	14.5742	5.00867	1024  	2.68568	0.861728	181.897	8  	200.416	177.669	1024  	3.92928	0.861728
[gen 9] z*: [np.float64(177.66857933534925), np.float64(5.008667283984167)]
9  	1024  	7.70321	9  	14.5742	5.00867	1024  	2.68568	1.01131 	181.897	9  	200.416	177.669	1024  	3.92928	1.01131 
[gen 10] z*: [np.float64(177.66857933534925), np.float64(5.008667283984167)]
10 	1024  	7.70321	10 	14.5742	5.00867	1024  	2.68568	1.12503 	181.897	10 	200.416	177.669	1024  	3.92928	1.12503 
[gen 11] z*: [np.float64(177.66857933534925), np.float64(5.008667283984167)]
11 	1024  	7.70321	11 	14.5742	5.00867	1024  	2.68568	1.17895 	181.897	11 	200.416	177.669	1024  	3.92928	1.17895 
[gen 12] z*: [np.float64(177.66857933534925), np.float64(5.008667283984167)]
12 	1024  	7.71268	12 	24.1274	5.00867	1024  	2.72618	1.0618  	181.896	12 	200.416	177.669	1024  	3.9293 	1.0618  
[gen 13] z*: [np.float64(177.66857933534925), np.float64(5.008667283984167)]
13 	1024  	7.71268	13 	24.1274	5.00867	1024  	2.72618	1.06383 	181.896	13 	200.416	177.669	1024  	3.9293 	1.06383 
[gen 14] z*: [np.float64(177.66857933534925), np.float64(5.008667283984167)]
14 	1024  	7.71268	14 	24.1274	5.00867	1024  	2.72618	1.06709 	181.896	14 	200.416	177.669	1024  	3.9293 	1.06709 
[gen 15] z*: [np.float64(177.66857933534925), np.float64(5.008667283984167)]
15 	1024  	7.71268	15 	24.1274	5.00867	1024  	2.72618	1.09696 	181.896	15 	200.416	177.669	1024  	3.9293 	1.09696 
[gen 16] z*: [np.float64(177.66857933534925), np.float64(5.008667283984167)]
16 	1024  	7.71268	16 	24.1274	5.00867	1024  	2.72618	1.12098 	181.896	16 	200.416	177.669	1024  	3.9293 	1.12098 
[gen 17] z*: [np.float64(177.66857933534925), np.float64(5.008667283984167)]
17 	1024  	7.71268	17 	24.1274	5.00867	1024  	2.72618	0.974667	181.896	17 	200.416	177.669	1024  	3.9293 	0.974667
[gen 18] z*: [np.float64(177.66857933534925), np.float64(5.008667283984167)]
18 	1024  	10.7124	18 	16.8918	5.00867	1024  	4.83492	0.969982	179.491	18 	200.416	172.82 	1024  	5.553  	0.969982
[gen 19] z*: [np.float64(172.8203719923401), np.float64(5.008667283984167)]
19 	1024  	10.6554	19 	16.8918	5.00867	1024  	4.57178	0.831416	179.547	19 	200.416	172.836	1024  	5.33018	0.831416
[gen 20] z*: [np.float64(172.8357505673017), np.float64(5.008667283984167)]
20 	1024  	10.6381	20 	16.8918	5.00867	1024  	3.94875	0.803337	178.953	20 	200.416	172.836	1024  	4.80904	0.803337
[gen 21] z*: [np.float64(172.8357505673017), np.float64(5.008667283984167)]
21 	1024  	10.5121	21 	12.5768	5.00867	1024  	2.25857	0.820376	168.57 	21 	200.416	162.014	1024  	9.12774	0.820376
[gen 22] z*: [np.float64(162.01433616320512), np.float64(5.008667283984167)]
22 	1024  	10.5121	22 	12.5768	5.00867	1024  	2.25857	1.22952 	168.57 	22 	200.416	162.014	1024  	9.12774	1.22952 
[gen 23] z*: [np.float64(162.01433616320512), np.float64(5.008667283984167)]
23 	1024  	10.5121	23 	12.5768	5.00867	1024  	2.25857	1.10652 	168.57 	23 	200.416	162.014	1024  	9.12774	1.10652 
[gen 24] z*: [np.float64(162.01433616320512), np.float64(5.008667283984167)]
24 	1024  	10.5121	24 	12.5768	5.00867	1024  	2.25857	0.855371	168.57 	24 	200.416	162.014	1024  	9.12774	0.855371
[gen 25] z*: [np.float64(162.01433616320512), np.float64(5.008667283984167)]
25 	1024  	2.19413	25 	12.5671	0.823351	1024  	3.24445	0.731632	164.574	25 	186.231	162.014	1024  	2.8945 	0.731632
[gen 26] z*: [np.float64(162.01433616320512), np.float64(0.8233507894818533)]
26 	1024  	2.19413	26 	12.5671	0.823351	1024  	3.24445	0.759285	164.574	26 	186.231	162.014	1024  	2.8945 	0.759285
[gen 27] z*: [np.float64(162.01433616320512), np.float64(0.8233507894818533)]
27 	1024  	2.21602	27 	12.5671	0.823351	1024  	3.25553	0.859013	164.573	27 	186.231	162.014	1024  	2.88959	0.859013
[gen 28] z*: [np.float64(162.01433616320512), np.float64(0.8233507894818533)]
28 	1024  	2.21602	28 	12.5671	0.823351	1024  	3.25553	1.08849 	164.573	28 	186.231	162.014	1024  	2.88959	1.08849 
[gen 29] z*: [np.float64(162.01433616320512), np.float64(0.8233507894818533)]
29 	1024  	2.21602	29 	12.5671	0.823351	1024  	3.25553	1.05569 	164.573	29 	186.231	162.014	1024  	2.88959	1.05569 
[gen 30] z*: [np.float64(162.01433616320512), np.float64(0.8233507894818533)]
30 	1024  	2.21602	30 	12.5671	0.823351	1024  	3.25553	1.00472 	164.573	30 	186.231	162.014	1024  	2.88959	1.00472 
[gen 31] z*: [np.float64(162.01433616320512), np.float64(0.8233507894818533)]
31 	1024  	2.21602	31 	12.5671	0.823351	1024  	3.25553	0.915185	164.573	31 	186.231	162.014	1024  	2.88959	0.915185
[gen 32] z*: [np.float64(162.01433616320512), np.float64(0.8233507894818533)]
32 	1024  	2.21602	32 	12.5671	0.823351	1024  	3.25553	0.866854	164.573	32 	186.231	162.014	1024  	2.88959	0.866854
[gen 33] z*: [np.float64(162.01433616320512), np.float64(0.8233507894818533)]
33 	1024  	2.31792	33 	12.5671	0.823351	1024  	3.12503	0.850619	164.522	33 	186.231	162.014	1024  	2.8259 	0.850619
[gen 34] z*: [np.float64(162.01433616320512), np.float64(0.8233507894818533)]
34 	1024  	2.31571	34 	12.5671	0.823351	1024  	3.12261	0.72067 	164.521	34 	186.231	162.014	1024  	2.82298	0.72067 
[gen 35] z*: [np.float64(162.01433616320512), np.float64(0.8233507894818533)]
35 	1024  	2.31571	35 	12.5671	0.823351	1024  	3.12261	1.20547 	164.521	35 	186.231	162.014	1024  	2.82298	1.20547 
[gen 36] z*: [np.float64(162.01433616320512), np.float64(0.8233507894818533)]
36 	1024  	2.31571	36 	12.5671	0.823351	1024  	3.12261	1.41666 	164.521	36 	186.231	162.014	1024  	2.82298	1.41666 
[gen 37] z*: [np.float64(162.01433616320512), np.float64(0.8233507894818533)]
37 	1024  	2.31571	37 	12.5671	0.823351	1024  	3.12261	1.52135 	164.521	37 	186.231	162.014	1024  	2.82298	1.52135 
[gen 38] z*: [np.float64(162.01433616320512), np.float64(0.8233507894818533)]
38 	1024  	2.31571	38 	12.5671	0.823351	1024  	3.12261	1.44768 	164.521	38 	186.231	162.014	1024  	2.82298	1.44768 
[gen 39] z*: [np.float64(162.01433616320512), np.float64(0.8233507894818533)]
39 	1024  	2.31571	39 	12.5671	0.823351	1024  	3.12261	1.29336 	164.521	39 	186.231	162.014	1024  	2.82298	1.29336 
[gen 40] z*: [np.float64(162.01433616320512), np.float64(0.8233507894818533)]
40 	1024  	2.31571	40 	12.5671	0.823351	1024  	3.12261	1.21739 	164.521	40 	186.231	162.014	1024  	2.82298	1.21739 
[gen 41] z*: [np.float64(162.01433616320512), np.float64(0.8233507894818533)]
41 	1024  	2.31571	41 	12.5671	0.823351	1024  	3.12261	0.877498	164.521	41 	186.231	162.014	1024  	2.82298	0.877498
[gen 42] z*: [np.float64(162.01433616320512), np.float64(0.8233507894818533)]
42 	1024  	2.31571	42 	12.5671	0.823351	1024  	3.12261	0.768432	164.521	42 	186.231	162.014	1024  	2.82298	0.768432
[gen 43] z*: [np.float64(162.01433616320512), np.float64(0.8233507894818533)]
43 	1024  	2.31571	43 	12.5671	0.823351	1024  	3.12261	1.32939 	164.521	43 	186.231	162.014	1024  	2.82298	1.32939 
[gen 44] z*: [np.float64(162.01433616320512), np.float64(0.8233507894818533)]
44 	1024  	2.31571	44 	12.5671	0.823351	1024  	3.12261	1.36298 	164.521	44 	186.231	162.014	1024  	2.82298	1.36298 
[gen 45] z*: [np.float64(162.01433616320512), np.float64(0.8233507894818533)]
45 	1024  	2.31571	45 	12.5671	0.823351	1024  	3.12261	1.29893 	164.521	45 	186.231	162.014	1024  	2.82298	1.29893 
[gen 46] z*: [np.float64(162.01433616320512), np.float64(0.8233507894818533)]
46 	1024  	2.31571	46 	12.5671	0.823351	1024  	3.12261	1.21256 	164.521	46 	186.231	162.014	1024  	2.82298	1.21256 
[gen 47] z*: [np.float64(162.01433616320512), np.float64(0.8233507894818533)]
47 	1024  	2.31571	47 	12.5671	0.823351	1024  	3.12261	1.22443 	164.521	47 	186.231	162.014	1024  	2.82298	1.22443 
[gen 48] z*: [np.float64(162.01433616320512), np.float64(0.8233507894818533)]
48 	1024  	2.31571	48 	12.5671	0.823351	1024  	3.12261	1.2645  	164.521	48 	186.231	162.014	1024  	2.82298	1.2645  
[gen 49] z*: [np.float64(162.01433616320512), np.float64(0.8233507894818533)]
49 	1024  	2.31571	49 	12.5671	0.823351	1024  	3.12261	1.11448 	164.521	49 	186.231	162.014	1024  	2.82298	1.11448 
[gen 50] z*: [np.float64(162.01433616320512), np.float64(0.8233507894818533)]
50 	1024  	2.31571	50 	12.5671	0.823351	1024  	3.12261	0.975932	164.521	50 	186.231	162.014	1024  	2.82298	0.975932
[gen 51] z*: [np.float64(162.01433616320512), np.float64(0.8233507894818533)]
51 	1024  	2.31571	51 	12.5671	0.823351	1024  	3.12261	0.83772 	164.521	51 	186.231	162.014	1024  	2.82298	0.83772 
[gen 52] z*: [np.float64(162.01433616320512), np.float64(0.8233507894818533)]
52 	1024  	2.31571	52 	12.5671	0.823351	1024  	3.12261	0.832013	164.521	52 	186.231	162.014	1024  	2.82298	0.832013
[gen 53] z*: [np.float64(162.01433616320512), np.float64(0.8233507894818533)]
53 	1024  	2.3621 	53 	12.5671	0.823351	1024  	3.13104	0.785698	164.516	53 	186.231	162.014	1024  	2.8212 	0.785698
[gen 54] z*: [np.float64(162.01433616320512), np.float64(0.8233507894818533)]
54 	1024  	2.3621 	54 	12.5671	0.823351	1024  	3.13104	0.850788	164.516	54 	186.231	162.014	1024  	2.8212 	0.850788
[gen 55] z*: [np.float64(162.01433616320512), np.float64(0.8233507894818533)]
55 	1024  	2.3621 	55 	12.5671	0.823351	1024  	3.13104	1.01503 	164.516	55 	186.231	162.014	1024  	2.8212 	1.01503 
[gen 56] z*: [np.float64(162.01433616320512), np.float64(0.8233507894818533)]
56 	1024  	2.36668	56 	12.5671	0.823351	1024  	3.13261	0.902693	164.511	56 	186.231	162.014	1024  	2.80903	0.902693
[gen 57] z*: [np.float64(162.01433616320512), np.float64(0.8233507894818533)]
57 	1024  	2.36668	57 	12.5671	0.823351	1024  	3.13261	0.814469	164.511	57 	186.231	162.014	1024  	2.80903	0.814469
[gen 58] z*: [np.float64(162.01433616320512), np.float64(0.8233507894818533)]
58 	1024  	2.36668	58 	12.5671	0.823351	1024  	3.13261	0.958142	164.511	58 	186.231	162.014	1024  	2.80903	0.958142
[gen 59] z*: [np.float64(162.01433616320512), np.float64(0.8233507894818533)]
59 	1024  	2.36668	59 	12.5671	0.823351	1024  	3.13261	0.887862	164.511	59 	186.231	162.014	1024  	2.80903	0.887862
[gen 60] z*: [np.float64(162.01433616320512), np.float64(0.8233507894818533)]
60 	1024  	2.36668	60 	12.5671	0.823351	1024  	3.13261	1.14337 	164.511	60 	186.231	162.014	1024  	2.80903	1.14337 
[gen 61] z*: [np.float64(162.01433616320512), np.float64(0.8233507894818533)]
61 	1024  	2.36668	61 	12.5671	0.823351	1024  	3.13261	1.07521 	164.511	61 	186.231	162.014	1024  	2.80903	1.07521 
[gen 62] z*: [np.float64(162.01433616320512), np.float64(0.8233507894818533)]
62 	1024  	2.36668	62 	12.5671	0.823351	1024  	3.13261	1.08678 	164.511	62 	186.231	162.014	1024  	2.80903	1.08678 
[gen 63] z*: [np.float64(162.01433616320512), np.float64(0.8233507894818533)]
63 	1024  	2.36668	63 	12.5671	0.823351	1024  	3.13261	1.03785 	164.511	63 	186.231	162.014	1024  	2.80903	1.03785 
[gen 64] z*: [np.float64(162.01433616320512), np.float64(0.8233507894818533)]
64 	1024  	2.36668	64 	12.5671	0.823351	1024  	3.13261	1.05553 	164.511	64 	186.231	162.014	1024  	2.80903	1.05553 
[gen 65] z*: [np.float64(162.01433616320512), np.float64(0.8233507894818533)]
65 	1024  	2.36668	65 	12.5671	0.823351	1024  	3.13261	1.03099 	164.511	65 	186.231	162.014	1024  	2.80903	1.03099 
[gen 66] z*: [np.float64(162.01433616320512), np.float64(0.8233507894818533)]
66 	1024  	2.36668	66 	12.5671	0.823351	1024  	3.13261	1.02489 	164.511	66 	186.231	162.014	1024  	2.80903	1.02489 
[gen 67] z*: [np.float64(162.01433616320512), np.float64(0.8233507894818533)]
67 	1024  	2.36668	67 	12.5671	0.823351	1024  	3.13261	1.21898 	164.511	67 	186.231	162.014	1024  	2.80903	1.21898 
[gen 68] z*: [np.float64(162.01433616320512), np.float64(0.8233507894818533)]
68 	1024  	2.36668	68 	12.5671	0.823351	1024  	3.13261	1.48891 	164.511	68 	186.231	162.014	1024  	2.80903	1.48891 
[gen 69] z*: [np.float64(162.01433616320512), np.float64(0.8233507894818533)]
69 	1024  	2.36668	69 	12.5671	0.823351	1024  	3.13261	1.35347 	164.511	69 	186.231	162.014	1024  	2.80903	1.35347 
