
Due to MODULEPATH changes, the following have been reloaded:
  1) libfabric/1.19.0

The following have been reloaded with a version change:
  1) hwloc/2.7.2 => hwloc/2.9.2

CPU count: 40
   	      	                          obj1                         	                          obj2                         
   	      	-------------------------------------------------------	-------------------------------------------------------
gen	nevals	avg    	gen	max    	min    	nevals	std    	time   	avg    	gen	max   	min    	nevals	std    	time   
0  	1024  	227.071	0  	268.559	206.778	1024  	13.6188	1.01386	91.4644	0  	92.751	79.2942	1024  	1.10576	1.01386
[gen 0] z*: [np.float64(206.7783650389987), np.float64(79.294200431428)]
[gen 1] z*: [np.float64(206.7783650389987), np.float64(79.294200431428)]
1  	1024  	193.627	1  	227.936	183.842	1024  	6.49119	1.02646	36.7145	1  	38.4064	27.0807	1024  	1.59111	1.02646
[gen 2] z*: [np.float64(183.84237301054122), np.float64(27.08071640129583)]
2  	1024  	193.627	2  	227.936	183.842	1024  	6.49119	1.14505	36.7145	2  	38.4064	27.0807	1024  	1.59111	1.14505
[gen 3] z*: [np.float64(183.84237301054122), np.float64(27.08071640129583)]
3  	1024  	193.348	3  	227.936	183.842	1024  	6.26087	1.18735	37.8558	3  	53.5338	27.0807	1024  	4.43175	1.18735
[gen 4] z*: [np.float64(183.84237301054122), np.float64(27.08071640129583)]
4  	1024  	193.348	4  	227.936	183.842	1024  	6.26087	1.173  	37.8558	4  	53.5338	27.0807	1024  	4.43175	1.173  
[gen 5] z*: [np.float64(183.84237301054122), np.float64(27.08071640129583)]
5  	1024  	192.819	5  	227.936	183.842	1024  	6.21087	1.04153	38.496 	5  	53.5338	27.0807	1024  	4.31544	1.04153
[gen 6] z*: [np.float64(183.84237301054122), np.float64(27.08071640129583)]
6  	1024  	183.297	6  	205.086	177.935	1024  	4.62546	0.716455	6.53089	6  	38.0604	4.7749 	1024  	2.17654	0.716455
[gen 7] z*: [np.float64(177.93522218002676), np.float64(4.774895818688334)]
7  	1024  	182.608	7  	205.086	177.935	1024  	4.39914	0.708185	7.68402	7  	14.5742	4.7749 	1024  	2.75071	0.708185
[gen 8] z*: [np.float64(177.93522218002676), np.float64(4.774895818688334)]
8  	1024  	182.618	8  	205.086	177.935	1024  	4.36872	0.769132	7.76512	8  	14.5742	4.91506	1024  	2.75828	0.769132
[gen 9] z*: [np.float64(177.93522218002676), np.float64(4.915056009116667)]
9  	1024  	182.618	9  	205.086	177.935	1024  	4.36872	0.893599	7.76512	9  	14.5742	4.91506	1024  	2.75828	0.893599
[gen 10] z*: [np.float64(177.93522218002676), np.float64(4.915056009116667)]
10 	1024  	182.618	10 	205.086	177.935	1024  	4.36872	0.988683	7.76512	10 	14.5742	4.91506	1024  	2.75828	0.988683
[gen 11] z*: [np.float64(177.93522218002676), np.float64(4.915056009116667)]
11 	1024  	182.618	11 	205.086	177.935	1024  	4.36872	1.01646 	7.76512	11 	14.5742	4.91506	1024  	2.75828	1.01646 
[gen 12] z*: [np.float64(177.93522218002676), np.float64(4.915056009116667)]
12 	1024  	182.587	12 	205.086	177.935	1024  	4.37115	0.932497	8.19186	12 	24.8562	4.91506	1024  	3.9304 	0.932497
[gen 13] z*: [np.float64(177.93522218002676), np.float64(4.915056009116667)]
13 	1024  	182.587	13 	205.086	177.935	1024  	4.37115	0.977279	8.19186	13 	24.8562	4.91506	1024  	3.9304 	0.977279
[gen 14] z*: [np.float64(177.93522218002676), np.float64(4.915056009116667)]
14 	1024  	182.587	14 	205.086	177.935	1024  	4.37115	0.958401	8.19186	14 	24.8562	4.91506	1024  	3.9304 	0.958401
[gen 15] z*: [np.float64(177.93522218002676), np.float64(4.915056009116667)]
15 	1024  	182.587	15 	205.086	177.935	1024  	4.37115	0.904473	8.19186	15 	24.8562	4.91506	1024  	3.9304 	0.904473
[gen 16] z*: [np.float64(177.93522218002676), np.float64(4.915056009116667)]
16 	1024  	182.581	16 	205.086	177.935	1024  	4.37167	0.97582 	8.62209	16 	73.0983	4.91506	1024  	6.86011	0.97582 
[gen 17] z*: [np.float64(177.93522218002676), np.float64(4.915056009116667)]
17 	1024  	182.581	17 	205.086	177.935	1024  	4.37167	0.802205	8.62209	17 	73.0983	4.91506	1024  	6.86011	0.802205
[gen 18] z*: [np.float64(177.93522218002676), np.float64(4.915056009116667)]
18 	1024  	179.879	18 	205.086	172.82 	1024  	6.05481	0.780277	10.8938	18 	16.8906	4.91506	1024  	4.87959	0.780277
[gen 19] z*: [np.float64(172.82038768572343), np.float64(4.915056009116667)]
19 	1024  	179.853	19 	205.086	173.094	1024  	5.90031	0.679063	10.8685	19 	16.787 	4.91506	1024  	4.62098	0.679063
[gen 20] z*: [np.float64(173.09442007690865), np.float64(4.915056009116667)]
20 	1024  	179.293	20 	205.086	173.094	1024  	5.27884	0.688346	10.7699	20 	16.787 	5.35293	1024  	3.97229	0.688346
[gen 21] z*: [np.float64(173.09442007690865), np.float64(5.3529254335116665)]
21 	1024  	168.723	21 	205.086	162.023	1024  	9.62144	0.703825	10.53  	21 	12.4721	5.98001	1024  	2.28426	0.703825
[gen 22] z*: [np.float64(162.0234225605318), np.float64(5.980012080620833)]
22 	1024  	168.723	22 	205.086	162.023	1024  	9.62144	1.05437 	10.53  	22 	12.4721	5.98001	1024  	2.28426	1.05437 
[gen 23] z*: [np.float64(162.0234225605318), np.float64(5.980012080620833)]
23 	1024  	168.723	23 	205.086	162.023	1024  	9.62144	0.932162	10.53  	23 	12.4721	5.98001	1024  	2.28426	0.932162
[gen 24] z*: [np.float64(162.0234225605318), np.float64(5.980012080620833)]
24 	1024  	168.723	24 	205.086	162.023	1024  	9.62144	0.720983	10.53  	24 	12.4721	5.98001	1024  	2.28426	0.720983
[gen 25] z*: [np.float64(162.0234225605318), np.float64(5.980012080620833)]
25 	1024  	164.707	25 	179.037	162.196	1024  	2.74635	0.614433	2.20306	25 	12.4588	0.852897	1024  	3.31473	0.614433
Traceback (most recent call last):
  File "/nfs/home/fangz2/wenyi/RAC_copy/solve_moead.py", line 413, in <module>
    training_simulation(case=gen)
  File "/nfs/home/fangz2/wenyi/RAC_copy/utils/utils.py", line 382, in training_simulation
    init_containers, init_os, init_pms, init_pm_types, init_vms, init_vm_types = load_init_env_data(case, workload=workload, os_dataset=os_dataset).values()
                                                                                 ^^^^^^^^^^^^^^^^^^^^^^^^^^^^^^^^^^^^^^^^^^^^^^^^^^^^^^^^^^^^^^^^^^
  File "/nfs/home/fangz2/wenyi/RAC_copy/env/simulator/code/simulator/io/loading/data_loading.py", line 53, in load_init_env_data
    value = __read_init_env_data_file(fname, env_data_dir + '/' + fname)
            ^^^^^^^^^^^^^^^^^^^^^^^^^^^^^^^^^^^^^^^^^^^^^^^^^^^^^^^^^^^^
  File "/nfs/home/fangz2/wenyi/RAC_copy/env/simulator/code/simulator/io/loading/data_loading.py", line 272, in __read_init_env_data_file
    file_data = pd.read_csv(fdir, header=None, names=COLUMN_NAMES_LOOKUP[fname])
                                                     ~~~~~~~~~~~~~~~~~~~^^^^^^^
KeyError: 'testCas'
