
Due to MODULEPATH changes, the following have been reloaded:
  1) libfabric/1.19.0

The following have been reloaded with a version change:
  1) hwloc/2.7.2 => hwloc/2.9.2

CPU count: 40
   	      	                    communication                     	                        energy                        
   	      	------------------------------------------------------	------------------------------------------------------
gen	nevals	avg    	gen	max   	min   	nevals	std    	time  	avg    	gen	max    	min    	nevals	std    	time  
0  	1024  	91.4343	0  	92.751	79.743	1024  	1.20607	1.2329	227.447	0  	268.559	206.586	1024  	14.2753	1.2329
1  	1024  	36.2688	1  	38.2925	27.1536	1024  	1.50609	2.53602	192.413	1  	215.918	183.589	1024  	6.91428	2.53602
2  	1024  	102.892	2  	109.337	84.6643	1024  	5.78086	2.95487	215.408	2  	245.338	208.826	1024  	7.16479	2.95487
3  	1024  	51.3138	3  	53.9483	43.2533	1024  	2.03627	2.82881	199.4  	3  	231.191	192.814	1024  	7.78597	2.82881
4  	1024  	62.4179	4  	65.6999	54.3464	1024  	2.26092	2.77776	214.25 	4  	245.326	210.151	1024  	5.9366 	2.77776
5  	1024  	44.0745	5  	47.9259	36.7186	1024  	2.92547	2.42854	192.726	5  	213.498	189.426	1024  	4.17011	2.42854
6  	1024  	5.76385	6  	6.55196	4.74666	1024  	0.593884	1.66018	181.966	6  	193.443	177.658	1024  	4.15923	1.66018
7  	1024  	11.8824	7  	14.4016	8.67262	1024  	1.58399 	1.65472	182.719	7  	196.429	179.84 	1024  	3.60718	1.65472
8  	1024  	11.7817	8  	13.2849	8.48698	1024  	1.19075 	1.77515	184.264	8  	192.356	182.652	1024  	1.69378	1.77515
9  	1024  	37.542 	9  	41.0764	31.7192	1024  	2.08769 	2.14929	189.288	9  	217.824	187.633	1024  	2.67881	2.14929
10 	1024  	56.29  	10 	64.6303	42.6267	1024  	3.43562 	2.31619	192.878	10 	207.375	191.545	1024  	2.33794	2.31619
11 	1024  	44.9111	11 	46.8326	39.694 	1024  	1.83182 	2.40509	196.878	11 	213.323	195.494	1024  	1.95881	2.40509
12 	1024  	22.2933	12 	24.6002	18.8445	1024  	1.76279 	2.19063	183.499	12 	197.719	181.211	1024  	2.88731	2.19063
13 	1024  	34.9713	13 	38.1032	30.1207	1024  	2.62923 	2.20762	189.465	13 	204.122	187.047	1024  	2.95919	2.20762
14 	1024  	27.6738	14 	32.0752	23.817 	1024  	2.64161 	2.18452	192.631	14 	206.243	189.743	1024  	3.08693	2.18452
15 	1024  	41.2004	15 	46.216 	34.7289	1024  	3.01625 	2.22331	192.32 	15 	205.745	190.133	1024  	2.2262 	2.22331
16 	1024  	68.9524	16 	73.6335	55.3088	1024  	3.6949  	2.16221	183.511	16 	198.073	181.395	1024  	2.91121	2.16221
17 	1024  	22.2625	17 	24.8247	18.4427	1024  	1.79061 	1.90398	193.394	17 	206.566	190.96 	1024  	2.80782	1.90398
18 	1024  	14.4017	18 	16.7511	8.98074	1024  	2.61677 	1.8777 	174.796	18 	189.177	172.812	1024  	3.02602	1.8777 
19 	1024  	14.4694	19 	15.3432	12.7906	1024  	0.768573	1.6408 	177.029	19 	191.979	174.18 	1024  	3.76089	1.6408 
20 	1024  	9.70425	20 	11.8897	5.86085	1024  	1.86862 	1.60344	177.713	20 	196.96 	176.549	1024  	1.89326	1.60344
21 	1024  	11.4833	21 	12.5768	8.9076 	1024  	0.729172	1.57552	163.509	21 	177.577	161.931	1024  	2.70529	1.57552
22 	1024  	42.4093	22 	47.2212	34.189 	1024  	3.2201  	2.40823	195.928	22 	210.216	195.109	1024  	1.40948	2.40823
23 	1024  	37.4687	23 	41.977 	30.0984	1024  	3.48315 	2.15506	190.328	23 	206.606	188.916	1024  	2.41504	2.15506
24 	1024  	32.2072	24 	34.2557	28.9518	1024  	1.57696 	1.69654	175.766	24 	190.058	172.955	1024  	3.45044	1.69654
25 	1024  	0.944752	25 	1.11741	0.558841	1024  	0.148005	1.42084	163.776	25 	189.953	162.79 	1024  	2.10172	1.42084
26 	1024  	5.35999 	26 	5.73745	3.87037 	1024  	0.484467	1.49757	179.865	26 	201.485	178.53 	1024  	2.55182	1.49757
27 	1024  	6.53397 	27 	7.228  	4.58767 	1024  	0.605415	1.66614	174.411	27 	197.154	172.1  	1024  	3.89044	1.66614
28 	1024  	32.9862 	28 	36.9567	25.697  	1024  	3.53469 	2.18254	181.332	28 	195.292	178.56 	1024  	3.7022 	2.18254
29 	1024  	53.9858 	29 	59.1947	47.7777 	1024  	3.45047 	2.08475	197.279	29 	210.814	194.595	1024  	3.34658	2.08475
30 	1024  	34.5662 	30 	39.3452	26.4848 	1024  	3.40328 	1.95101	187.259	30 	201.791	185.456	1024  	3.01782	1.95101
31 	1024  	14.1512 	31 	16.5303	10.5666 	1024  	1.99241 	1.7586 	172.125	31 	185.128	169.236	1024  	3.47861	1.7586 
32 	1024  	29.2704 	32 	30.4548	27.6895 	1024  	0.574572	1.63731	173.177	32 	185.458	169.579	1024  	3.80675	1.63731
33 	1024  	6.4429  	33 	8.02564	4.79858 	1024  	1.07093 	1.71058	166.917	33 	179.079	162.857	1024  	3.69835	1.71058
34 	1024  	1.79602 	34 	1.96481	1.41947 	1024  	0.107566	1.49406	178.17 	34 	189.572	173.126	1024  	3.701  	1.49406
35 	1024  	26.9537 	35 	29.599 	22.0348 	1024  	1.79925 	2.40569	196.008	35 	210.289	193.295	1024  	3.17032	2.40569
36 	1024  	84.5797 	36 	108.971	76.1647 	1024  	6.26894 	2.77859	208.802	36 	226.194	207.141	1024  	1.92414	2.77859
37 	1024  	131.723 	37 	150.194	120.831 	1024  	5.43611 	3.00406	206.491	37 	224.144	203.963	1024  	2.80012	3.00406
38 	1024  	63.3887 	38 	69.7933	55.9122 	1024  	3.92901 	2.8668 	200.53 	38 	217.792	197.943	1024  	2.97026	2.8668 
39 	1024  	43.7689 	39 	49.6414	37.1252 	1024  	4.04206 	2.49746	191.623	39 	208.135	188.641	1024  	3.28586	2.49746
40 	1024  	89.2352 	40 	97.2912	67.41   	1024  	7.80645 	2.37072	202.83 	40 	218.314	201.463	1024  	2.23152	2.37072
41 	1024  	23.2029 	41 	25.483 	19.3956 	1024  	1.36885 	1.68934	183.826	41 	195.322	181.728	1024  	2.12722	1.68934
42 	1024  	3.18494 	42 	3.99211	2.50691 	1024  	0.305186	1.55904	176.994	42 	188.604	173.58 	1024  	2.96883	1.55904
43 	1024  	78.1523 	43 	84.5521	71.3529 	1024  	3.56228 	2.5872 	203.807	43 	220.788	201.295	1024  	3.16623	2.5872 
44 	1024  	50.6997 	44 	57.8977	41.7509 	1024  	5.16697 	2.70824	212.251	44 	229.076	209.926	1024  	3.23088	2.70824
45 	1024  	69.7945 	45 	75.9611	63.7804 	1024  	3.66788 	2.56501	201.589	45 	218.331	199.457	1024  	2.89204	2.56501
46 	1024  	59.5354 	46 	70.6334	45.7736 	1024  	5.53283 	2.39305	194.478	46 	202.345	192.09 	1024  	2.97615	2.39305
47 	1024  	52.4146 	47 	58.7896	45.1347 	1024  	3.98176 	2.42752	196.427	47 	211.951	192.532	1024  	3.32218	2.42752
48 	1024  	38.3975 	48 	45.5086	32.4531 	1024  	3.87668 	2.49887	201.782	48 	207.163	199.636	1024  	2.53896	2.49887
49 	1024  	46.2518 	49 	51.2822	38.8007 	1024  	4.17713 	2.17915	193.532	49 	205.459	191.797	1024  	1.82996	2.17915
50 	1024  	45.8346 	50 	49.8909	41.9337 	1024  	2.02202 	1.94526	177.784	50 	191.293	174.735	1024  	2.71141	1.94526
51 	1024  	9.94793 	51 	11.5729	8.25629 	1024  	0.9613  	1.67255	182.139	51 	195.349	179.565	1024  	2.83584	1.67255
52 	1024  	12.8551 	52 	15.5758	9.23297 	1024  	1.32456 	1.69402	174.108	52 	184.817	170.508	1024  	2.99824	1.69402
53 	1024  	6.19012 	53 	8.09697	3.68442 	1024  	1.3289  	1.5816 	165.652	53 	180.311	163.117	1024  	2.98808	1.5816 
54 	1024  	7.38436 	54 	8.63223	5.38803 	1024  	0.77905 	1.63718	166.324	54 	181.786	164.668	1024  	2.76691	1.63718
55 	1024  	42.2984 	55 	49.8076	30.3688 	1024  	4.59589 	1.97541	183.63 	55 	199.893	180.758	1024  	3.33638	1.97541
56 	1024  	7.51531 	56 	9.58994	5.36675 	1024  	1.27428 	1.79297	169.955	56 	185.547	166.748	1024  	3.80329	1.79297
57 	1024  	30.3927 	57 	31.683 	28.9102 	1024  	0.921148	1.64204	166.446	57 	180.658	164.494	1024  	2.57795	1.64204
58 	1024  	192.428 	58 	211.62 	169.642 	1024  	3.54661 	1.87379	180.552	58 	196.085	179.522	1024  	2.02696	1.87379
59 	1024  	11.203  	59 	14.6695	8.99214 	1024  	1.5086  	1.75846	173.761	59 	188.755	171.56 	1024  	3.1645 	1.75846
60 	1024  	31.594  	60 	34.811 	26.5823 	1024  	1.95937 	2.21432	189.541	60 	205.747	186.754	1024  	4.16168	2.21432
61 	1024  	72.712  	61 	76.1515	66.9079 	1024  	2.10323 	2.08319	195.24 	61 	209.6  	191.765	1024  	4.15202	2.08319
62 	1024  	37.0713 	62 	43.014 	31.1775 	1024  	2.93234 	2.1999 	186.749	62 	203.281	183.732	1024  	3.67834	2.1999 
63 	1024  	73.2123 	63 	91.0634	56.4091 	1024  	14.5704 	2.12361	193.269	63 	208.3  	190.868	1024  	3.34295	2.12361
64 	1024  	28.9629 	64 	34.2944	24.6901 	1024  	2.75992 	2.07251	195.417	64 	208.517	192.395	1024  	3.19472	2.07251
65 	1024  	63.4986 	65 	66.983 	57.2372 	1024  	2.40092 	2.09057	184.711	65 	200.062	181.664	1024  	3.6284 	2.09057
66 	1024  	20.871  	66 	24.3591	17.7644 	1024  	1.94902 	2.08508	195.015	66 	209.355	190.392	1024  	4.38218	2.08508
67 	1024  	33.7203 	67 	39.8963	29.0239 	1024  	2.75355 	2.42495	188.282	67 	203.497	184.371	1024  	3.90149	2.42495
68 	1024  	70.1602 	68 	82.1862	57.779  	1024  	7.18067 	2.91478	202.543	68 	221.644	200.392	1024  	2.41505	2.91478
69 	1024  	98.4717 	69 	105.297	84.8215 	1024  	3.87528 	2.35212	203.549	69 	225.694	201.305	1024  	2.80718	2.35212
[gen 69] Wrote all fronts to ./results/training/20250907-2309/nsw_Bitbrains_3OS_NSGP2_core_40_run_17_gen_69_fronts.json
