
Due to MODULEPATH changes, the following have been reloaded:
  1) libfabric/1.19.0

The following have been reloaded with a version change:
  1) hwloc/2.7.2 => hwloc/2.9.2

CPU count: 40
   	      	                     communication                     	                         energy                        
   	      	-------------------------------------------------------	-------------------------------------------------------
gen	nevals	avg    	gen	max   	min   	nevals	std    	time   	avg    	gen	max    	min    	nevals	std    	time   
0  	1024  	91.4532	0  	92.751	79.342	1024  	1.06959	1.05153	227.044	0  	268.559	206.586	1024  	13.3574	1.05153
1  	1024  	36.4083	1  	38.1807	27.3385	1024  	1.18044	2.02751	192.695	1  	217.071	183.589	1024  	6.59627	2.02751
2  	1024  	102.153	2  	109.377	85.1276	1024  	6.10004	2.46131	215.443	2  	245.692	208.826	1024  	6.55972	2.46131
3  	1024  	51.5736	3  	54.2354	43.1519	1024  	1.83582	2.46603	198.37 	3  	233.196	192.798	1024  	6.03979	2.46603
4  	1024  	62.7292	4  	66.146 	53.6162	1024  	2.18184	2.32034	213.731	4  	242.785	210.151	1024  	4.97147	2.32034
5  	1024  	44.4109	5  	47.5608	35.8302	1024  	2.83764	2.12241	191.911	5  	208.129	189.426	1024  	2.91766	2.12241
6  	1024  	5.82134	6  	6.55196	4.66958	1024  	0.544847	1.41549	180.783	6  	199.96 	177.658	1024  	3.81084	1.41549
7  	1024  	11.3289	7  	14.4016	8.66408	1024  	1.64528 	1.50464	183.337	7  	196.429	179.828	1024  	3.95151	1.50464
8  	1024  	11.6493	8  	13.2849	9.45655	1024  	0.93082 	1.57988	186.124	8  	200.432	182.763	1024  	3.80956	1.57988
9  	1024  	35.9248	9  	41.1158	31.0457	1024  	2.7831  	1.82415	189.934	9  	205.553	187.462	1024  	3.01251	1.82415
10 	1024  	55.4172	10 	64.8297	43.8903	1024  	3.89969 	2.04545	192.851	10 	200.387	191.542	1024  	1.86318	2.04545
11 	1024  	43.504 	11 	47.0338	38.9635	1024  	2.16191 	2.14187	197.014	11 	213.9  	195.53 	1024  	2.45956	2.14187
12 	1024  	21.438 	12 	24.4826	18.4584	1024  	1.84313 	1.84516	183.231	12 	198.196	181.281	1024  	3.13035	1.84516
13 	1024  	34.2569	13 	38.8945	29.945 	1024  	2.56265 	1.90797	189.652	13 	204.442	187.063	1024  	3.53611	1.90797
14 	1024  	27.9145	14 	32.5602	22.8961	1024  	2.89361 	1.95463	192.142	14 	206.603	189.748	1024  	3.42597	1.95463
15 	1024  	40.9968	15 	46.2497	35.7513	1024  	3.15372 	1.95366	192.149	15 	206.065	190.359	1024  	2.60615	1.95366
16 	1024  	68.0244	16 	73.6335	55.4992	1024  	4.33817 	1.96738	183.029	16 	194.447	181.395	1024  	2.70429	1.96738
17 	1024  	22.2109	17 	24.9934	18.9534	1024  	1.79137 	1.67857	192.814	17 	206.051	190.951	1024  	2.63856	1.67857
18 	1024  	14.0626	18 	16.7511	9.21958	1024  	2.45178 	1.67571	174.786	18 	189.175	172.816	1024  	3.30978	1.67571
19 	1024  	13.924 	19 	15.3432	12.1412	1024  	1.11597 	1.47353	177.297	19 	190.287	174.18 	1024  	4.28368	1.47353
20 	1024  	7.96425	20 	12.0124	6.5256 	1024  	1.03768 	1.43233	179.731	20 	191.114	176.459	1024  	3.91515	1.43233
21 	1024  	10.8871	21 	12.5671	8.64461	1024  	1.02193 	1.42228	164.514	21 	178.136	161.995	1024  	3.76724	1.42228
22 	1024  	38.2127	22 	47.3778	32.0802	1024  	3.70625 	2.17065	196.875	22 	211.822	195.123	1024  	2.60797	2.17065
23 	1024  	34.4606	23 	41.6212	29.4671	1024  	3.72154 	1.84856	192.071	23 	206.621	188.915	1024  	3.46282	1.84856
24 	1024  	30.6522	24 	34.329 	28.0243	1024  	1.73412 	1.54676	177.791	24 	189.892	172.911	1024  	4.03226	1.54676
25 	1024  	0.816793	25 	1.11741	0.558841	1024  	0.131954	1.27361	166.985	25 	179.31 	162.754	1024  	5.25031	1.27361
26 	1024  	4.52805 	26 	5.73745	3.83527 	1024  	0.357953	1.36089	183.39 	26 	193.182	178.394	1024  	4.4951 	1.36089
27 	1024  	5.94096 	27 	7.18739	4.34619 	1024  	0.506722	1.53737	175.416	27 	189.208	172.097	1024  	4.52501	1.53737
28 	1024  	29.6941 	28 	36.9084	24.8571 	1024  	3.71378 	1.89066	182.889	28 	195.347	178.738	1024  	3.76065	1.89066
29 	1024  	50.747  	29 	59.0042	47.977  	1024  	2.36032 	1.87438	199.997	29 	211.051	194.637	1024  	3.44757	1.87438
30 	1024  	31.5686 	30 	39.2532	26.2756 	1024  	2.6239  	1.77364	188.969	30 	201.999	185.454	1024  	3.32676	1.77364
31 	1024  	11.9161 	31 	16.5644	9.81291 	1024  	0.885503	1.60726	174.827	31 	187.431	169.288	1024  	4.28345	1.60726
32 	1024  	28.669  	32 	30.3958	27.416  	1024  	0.697087	1.51233	175.308	32 	185.369	169.465	1024  	3.94407	1.51233
33 	1024  	5.56559 	33 	7.84331	4.75568 	1024  	1.04265 	1.51785	169.041	33 	179.069	162.847	1024  	3.90819	1.51785
34 	1024  	1.6289  	34 	1.96481	1.31264 	1024  	0.202284	1.29482	179.079	34 	188.868	173.124	1024  	4.33658	1.29482
35 	1024  	25.4118 	35 	29.5632	22.2399 	1024  	1.9855  	2.05799	197.771	35 	211.123	193.208	1024  	3.82431	2.05799
36 	1024  	87.6555 	36 	105.021	74.0149 	1024  	12.0006 	2.46421	209.654	36 	226.084	206.934	1024  	2.45047	2.46421
37 	1024  	129.41  	37 	142.408	114.278 	1024  	5.30739 	2.63976	207.754	37 	225.069	203.946	1024  	3.1541 	2.63976
38 	1024  	61.4782 	38 	69.121 	56.3123 	1024  	2.95908 	2.54692	201.079	38 	218.535	198.02 	1024  	2.67983	2.54692
39 	1024  	40.7076 	39 	48.9186	37.1385 	1024  	2.68534 	2.14567	192.921	39 	208.153	188.662	1024  	3.10981	2.14567
40 	1024  	82.6572 	40 	97.1121	66.5966 	1024  	6.90418 	2.06817	205.439	40 	220.094	201.326	1024  	3.92338	2.06817
41 	1024  	22.224  	41 	25.3297	20.0327 	1024  	1.21538 	1.49347	184.8  	41 	188.75 	181.7  	1024  	2.5169 	1.49347
42 	1024  	2.82696 	42 	3.98557	2.46847 	1024  	0.304267	1.32274	177.952	42 	187.896	173.507	1024  	3.96111	1.32274
43 	1024  	76.2045 	43 	84.3787	71.2657 	1024  	3.5162  	2.29475	204.887	43 	220.052	201.358	1024  	3.4138 	2.29475
44 	1024  	47.8305 	44 	57.813 	42.6444 	1024  	4.045   	2.36877	213.49 	44 	229.005	209.925	1024  	3.2677 	2.36877
45 	1024  	68.0644 	45 	76.3939	63.7578 	1024  	3.39561 	2.25706	202.901	45 	218.189	199.509	1024  	3.28212	2.25706
46 	1024  	57.8278 	46 	71.0338	46.9899 	1024  	5.55839 	2.12147	195.78 	46 	211.882	192.147	1024  	3.58464	2.12147
47 	1024  	50.4983 	47 	58.3324	45.5213 	1024  	3.44516 	2.13273	197.699	47 	211.763	192.577	1024  	3.60751	2.13273
48 	1024  	36.0286 	48 	45.7806	32.1481 	1024  	3.40802 	2.22342	203.279	48 	216.601	199.653	1024  	2.90422	2.22342
49 	1024  	44.6102 	49 	51.2154	38.941  	1024  	3.38852 	1.92633	194.411	49 	208.845	191.614	1024  	2.83539	1.92633
50 	1024  	44.3768 	50 	48.9959	40.9997 	1024  	1.75497 	1.70996	178.545	50 	191.699	174.536	1024  	3.99626	1.70996
51 	1024  	9.52723 	51 	11.534 	8.08943 	1024  	1.12353 	1.51057	183.521	51 	195.349	179.612	1024  	3.88215	1.51057
52 	1024  	12.6535 	52 	16.3088	10.396  	1024  	1.18194 	1.4988 	175.709	52 	188.204	170.487	1024  	4.47019	1.4988 
53 	1024  	5.53709 	53 	7.7665 	3.76222 	1024  	0.561738	1.36871	167.254	53 	180.679	162.99 	1024  	5.13515	1.36871
54 	1024  	6.67299 	54 	9.00508	5.30836 	1024  	0.872952	1.47006	168.839	54 	181.786	164.617	1024  	4.6968 	1.47006
55 	1024  	38.9854 	55 	50.4007	32.4007 	1024  	6.12989 	1.74225	185.69 	55 	197.105	180.601	1024  	3.71499	1.74225
56 	1024  	6.96837 	56 	9.22227	5.44133 	1024  	1.1541  	1.64075	171.999	56 	183.689	166.711	1024  	4.42586	1.64075
57 	1024  	29.9939 	57 	31.683 	28.818  	1024  	0.805747	1.4374 	167.839	57 	180.1  	164.404	1024  	3.51167	1.4374 
58 	1024  	191.901 	58 	195.186	174.995 	1024  	1.957   	1.6726 	181.916	58 	200.056	179.509	1024  	3.17549	1.6726 
59 	1024  	11.0776 	59 	14.2445	8.91695 	1024  	1.15181 	1.48007	173.143	59 	180.369	171.389	1024  	2.61521	1.48007
60 	1024  	30.3798 	60 	34.7519	25.8637 	1024  	2.0369  	1.93778	189.342	60 	203.178	186.7  	1024  	3.10117	1.93778
61 	1024  	72.5601 	61 	75.975 	66.9756 	1024  	1.39824 	1.77027	193.753	61 	208.048	191.763	1024  	2.74984	1.77027
62 	1024  	36.6086 	62 	42.1045	31.0631 	1024  	3.3071  	1.87313	185.567	62 	200.86 	183.738	1024  	2.65146	1.87313
63 	1024  	84.8899 	63 	91.1281	59.28   	1024  	7.47392 	1.84211	192.536	63 	202.792	190.894	1024  	2.17143	1.84211
64 	1024  	28.9999 	64 	34.576 	25.0623 	1024  	2.02282 	1.82973	193.678	64 	207.607	192.377	1024  	2.0562 	1.82973
65 	1024  	63.2076 	65 	93.4335	59.4014 	1024  	1.95528 	1.74963	182.026	65 	188.973	181.599	1024  	1.22761	1.74963
66 	1024  	22.0147 	66 	26.1106	18.0035 	1024  	1.56212 	1.79349	191.74 	66 	210.226	190.44 	1024  	2.37571	1.79349
67 	1024  	35.7975 	67 	38.8316	29.1675 	1024  	2.4612  	2.0539 	185.613	67 	202.657	184.354	1024  	2.61144	2.0539 
68 	1024  	70.2036 	68 	82.1718	58.5508 	1024  	6.89541 	2.42867	202.06 	68 	220.255	200.476	1024  	3.10873	2.42867
69 	1024  	97.1503 	69 	105.72 	79.4865 	1024  	3.67236 	2.26809	203.336	69 	228.819	201.353	1024  	3.07204	2.26809
[gen 69] Wrote all fronts to ./results/training/20250907-2255/nsw_Bitbrains_3OS_NSGP2_core_40_run_8_gen_69_fronts.json
