
Due to MODULEPATH changes, the following have been reloaded:
  1) libfabric/1.19.0

The following have been reloaded with a version change:
  1) hwloc/2.7.2 => hwloc/2.9.2

CPU count: 40
   	      	                     communication                     	                         energy                        
   	      	-------------------------------------------------------	-------------------------------------------------------
gen	nevals	avg    	gen	max   	min    	nevals	std    	time   	avg    	gen	max    	min    	nevals	std    	time   
0  	1024  	91.4501	0  	92.751	83.8726	1024  	1.06655	0.90368	227.026	0  	268.559	206.586	1024  	14.1659	0.90368
[gen 0] z*: [np.float64(206.5859307496161), np.float64(83.87258499262127)]
[gen 1] z*: [np.float64(183.52218890127693), np.float64(29.49262341547002)]
1  	1024  	36.6466	1  	38.381	29.4926	1024  	1.29551	2.69421	191.612	1  	214.612	183.522	1024  	5.69992	2.69421
[gen 2] z*: [np.float64(208.82615068160908), np.float64(86.80438648564038)]
2  	1024  	102.693	2  	109.337	86.8044	1024  	5.67834	3.13629	215.878	2  	239.543	208.826	1024  	6.11205	3.13629
[gen 3] z*: [np.float64(192.81602600525437), np.float64(45.286436753892524)]
3  	1024  	51.8145	3  	54.3892	43.8194	1024  	1.38485	3.0515 	199.525	3  	224.662	192.88 	1024  	6.9962 	3.0515 
[gen 4] z*: [np.float64(210.16399051255584), np.float64(54.39200953987921)]
4  	1024  	63.1166	4  	66.1702	54.3464	1024  	1.21904	3.0114 	214.887	4  	240.311	210.164	1024  	5.86208	3.0114 
[gen 5] z*: [np.float64(189.48595850982727), np.float64(36.71855836647722)]
5  	1024  	44.9561	5  	47.7568	36.7186	1024  	1.8738 	2.62257	194.499	5  	224.175	189.486	1024  	6.54759	2.62257
[gen 6] z*: [np.float64(177.82942403199655), np.float64(4.915056009116667)]
6  	1024  	6.22493	6  	6.55196	4.89223	1024  	0.25815	1.83628	179.94 	6  	205.597	177.829	1024  	3.60445	1.83628
[gen 7] z*: [np.float64(179.85119480228298), np.float64(8.84841974407297)]
7  	1024  	12.2355	7  	14.0748	8.84842	1024  	0.98991	1.76651	182.345	7  	200.995	179.888	1024  	3.46428	1.76651
[gen 8] z*: [np.float64(182.85738536367055), np.float64(9.795141782070296)]
8  	1024  	11.7697	8  	12.842 	9.11137	1024  	0.672589	1.95371	185.274	8  	205.604	183.027	1024  	3.34904	1.95371
[gen 9] z*: [np.float64(187.81355870634778), np.float64(31.573263094002566)]
9  	1024  	36.0244	9  	40.3232	31.5733	1024  	1.66423 	2.31383	190.659	9  	209.571	187.778	1024  	3.49273	2.31383
[gen 10] z*: [np.float64(191.7284348731976), np.float64(50.55834046995456)]
10 	1024  	55.6881	10 	63.7569	48.2099	1024  	3.39479 	2.59265	194.315	10 	216.682	191.728	1024  	3.60896	2.59265
[gen 11] z*: [np.float64(195.69042838349475), np.float64(38.963479559177784)]
11 	1024  	42.6735	11 	47.024 	38.9635	1024  	2.03939 	2.70296	198.022	11 	227.567	195.69 	1024  	3.51797	2.70296
[gen 12] z*: [np.float64(181.45861127618912), np.float64(18.46670878061492)]
12 	1024  	21.0886	12 	24.2603	18.9278	1024  	1.28472 	2.43143	183.989	12 	197.705	181.459	1024  	3.08428	2.43143
[gen 13] z*: [np.float64(187.0974945308106), np.float64(28.788888806904662)]
13 	1024  	31.8679	13 	38.4767	28.8352	1024  	2.55179 	2.47321	189.897	13 	204.122	187.097	1024  	2.70785	2.47321
[gen 14] z*: [np.float64(189.9048830815381), np.float64(24.122155453583947)]
14 	1024  	26.5496	14 	32.4027	24.5077	1024  	2.07001 	2.46586	192.32 	14 	206.342	189.905	1024  	2.60424	2.46586
[gen 15] z*: [np.float64(190.45745917830556), np.float64(36.5992478719053)]
15 	1024  	39.8729	15 	46.2952	35.9595	1024  	2.1734  	2.45461	192.607	15 	205.744	190.525	1024  	2.24644	2.45461
[gen 16] z*: [np.float64(181.5923520102204), np.float64(63.01138183810134)]
16 	1024  	66.1733	16 	73.0983	61.5097	1024  	1.84108 	2.44563	184.257	16 	198.134	181.592	1024  	2.89932	2.44563
[gen 17] z*: [np.float64(191.10022571631586), np.float64(19.335049173233934)]
17 	1024  	21.6862	17 	25.0029	19.335 	1024  	1.20116 	2.12032	193.573	17 	206.155	190.943	1024  	2.77421	2.12032
[gen 18] z*: [np.float64(172.8354499464836), np.float64(9.419912301171669)]
18 	1024  	13.3603	18 	16.787 	9.41991	1024  	2.52482 	2.0713 	176.377	18 	189.175	173.072	1024  	3.70049	2.0713 
[gen 19] z*: [np.float64(174.32950531493574), np.float64(13.057981308409692)]
19 	1024  	14.5798	19 	15.7211	13.058 	1024  	0.649497	1.86442	176.874	19 	190.37 	174.197	1024  	3.26404	1.86442
[gen 20] z*: [np.float64(176.87782826691407), np.float64(7.036595675853331)]
20 	1024  	9.55045	20 	11.7589	6.76872	1024  	1.62654 	1.76847	179.66 	20 	190.278	176.698	1024  	2.9646 	1.76847
[gen 21] z*: [np.float64(162.07184540649018), np.float64(9.435568284604386)]
21 	1024  	10.8244	21 	12.4162	9.43557	1024  	0.549565	1.78957	164.501	21 	178.135	162.072	1024  	3.232  	1.78957
[gen 22] z*: [np.float64(195.12308241475947), np.float64(35.50886061971851)]
22 	1024  	38.9721	22 	46.9237	35.2375	1024  	2.40721 	2.75247	197.617	22 	211.597	195.123	1024  	2.47632	2.75247
[gen 23] z*: [np.float64(188.9145939608035), np.float64(30.098441405124188)]
23 	1024  	34.6369	23 	41.7816	30.0984	1024  	2.95861 	2.43552	192.218	23 	206.63 	188.915	1024  	2.96827	2.43552
[gen 24] z*: [np.float64(173.05698312157358), np.float64(29.52300363157681)]
24 	1024  	32.5211	24 	41.7886	29.442 	1024  	2.97309 	1.89794	176.663	24 	190.117	173.057	1024  	3.77252	1.89794
[gen 25] z*: [np.float64(163.0228788406879), np.float64(0.5588413197608527)]
25 	1024  	1.02972	25 	1.11741	0.681131	1024  	0.0979649	1.56359	164.985	25 	179.211	162.984	1024  	3.37756	1.56359
[gen 26] z*: [np.float64(178.70329051681932), np.float64(4.256125342910542)]
26 	1024  	5.15641	26 	5.73745	4.25613 	1024  	0.429859 	1.6913 	180.393	26 	193.145	178.709	1024  	2.63956	1.6913 
[gen 27] z*: [np.float64(172.10081687522296), np.float64(5.167056821844168)]
27 	1024  	6.44996	27 	7.228  	5.16706 	1024  	0.568522 	1.8679 	174.309	27 	187.366	172.101	1024  	2.86219	1.8679 
[gen 28] z*: [np.float64(178.85418268078058), np.float64(25.605415817988863)]
28 	1024  	30.8842	28 	36.948 	25.6054 	1024  	2.69628  	2.44769	181.001	28 	195.102	178.882	1024  	2.59806	2.44769
[gen 29] z*: [np.float64(194.63486009083005), np.float64(49.309282635833256)]
29 	1024  	52.1626	29 	58.9923	49.3093 	1024  	2.34425  	2.33838	196.805	29 	205.769	194.6  	1024  	2.34646	2.33838
[gen 30] z*: [np.float64(185.4575104669987), np.float64(29.555792417621657)]
30 	1024  	31.6701	30 	39.0307	29.4073 	1024  	1.75351  	2.18918	188.079	30 	201.79 	185.458	1024  	2.69345	2.18918
[gen 31] z*: [np.float64(169.33337111299164), np.float64(11.528046090895824)]
31 	1024  	13.4714	31 	16.5644	11.2459 	1024  	1.53175  	1.96415	172    	31 	178.734	169.333	1024  	2.91778	1.96415
[gen 32] z*: [np.float64(169.61123803658145), np.float64(28.891449407553505)]
32 	1024  	29.4322	32 	30.5702	28.3706 	1024  	0.361241 	1.87023	171.444	32 	184.148	169.611	1024  	2.58803	1.87023
[gen 33] z*: [np.float64(162.89742526510165), np.float64(5.135174636852499)]
33 	1024  	6.99554	33 	8.02564	5.13517 	1024  	0.783569 	1.86999	165.402	33 	179.106	162.897	1024  	3.125  	1.86999
[gen 34] z*: [np.float64(173.15270579914548), np.float64(1.6566776480364551)]
34 	1024  	1.91199	34 	1.96481	1.65668 	1024  	0.0759253	1.58649	174.994	34 	189.016	173.153	1024  	2.55269	1.58649
[gen 35] z*: [np.float64(193.2953661233617), np.float64(23.77266632987463)]
35 	1024  	26.878 	35 	29.4867	22.9597 	1024  	1.59886  	2.68591	195.462	35 	213.617	193.295	1024  	2.98345	2.68591
[gen 36] z*: [np.float64(207.25571040003823), np.float64(75.44392893885748)]
36 	1024  	80.2904	36 	109.018	75.4439 	1024  	4.28727  	3.1281 	209.613	36 	226.194	207.255	1024  	2.68763	3.1281 
[gen 37] z*: [np.float64(204.08490881996445), np.float64(121.26388445041596)]
37 	1024  	131.425	37 	139.35 	121.231 	1024  	5.23917  	3.37083	207.487	37 	224.213	204.085	1024  	3.45015	3.37083
[gen 38] z*: [np.float64(197.98653091283745), np.float64(53.732230436965196)]
38 	1024  	59.2528	38 	70.6718	53.7322 	1024  	4.20278  	3.21822	201.062	38 	217.958	197.991	1024  	3.74316	3.21822
[gen 39] z*: [np.float64(189.09482330343477), np.float64(38.1398184881371)]
39 	1024  	42.0935	39 	49.6414	38.1398 	1024  	2.48832  	2.76241	192.556	39 	209.54 	189.04 	1024  	3.6544 	2.76241
[gen 40] z*: [np.float64(201.54369264281067), np.float64(81.80203265468288)]
40 	1024  	89.4639	40 	96.8331	75.2591 	1024  	2.63345  	2.64694	206.015	40 	236.212	201.544	1024  	4.35524	2.64694
[gen 41] z*: [np.float64(181.98134367130803), np.float64(20.219592184411166)]
41 	1024  	22.5155	41 	25.483 	19.9983 	1024  	1.1109   	1.89644	184.867	41 	196.333	181.981	1024  	2.6808 	1.89644
[gen 42] z*: [np.float64(173.41822802812567), np.float64(2.590744274331667)]
42 	1024  	3.60739	42 	3.99211	2.61577 	1024  	0.292209 	1.7257 	176.551	42 	188.211	173.417	1024  	2.95698	1.7257 
[gen 43] z*: [np.float64(201.37535048667647), np.float64(71.78106586999664)]
43 	1024  	75.1071	43 	85.1081	71.073  	1024  	3.11649  	2.93459	204.343	43 	220.665	201.61 	1024  	2.66592	2.93459
[gen 44] z*: [np.float64(210.19603351346413), np.float64(43.916988808978154)]
44 	1024  	47.115 	44 	57.4186	43.917  	1024  	3.0252   	3.00803	213.03 	44 	228.498	210.196	1024  	2.65434	3.00803
[gen 45] z*: [np.float64(199.60473494065602), np.float64(64.41049561726352)]
45 	1024  	66.7926	45 	75.7793	64.4105 	1024  	2.51792  	2.85041	202.056	45 	218.174	199.605	1024  	2.5192 	2.85041
[gen 46] z*: [np.float64(192.6063120645731), np.float64(53.5639039674292)]
46 	1024  	59.3562	46 	69.4723	52.6607 	1024  	3.58079  	2.63058	195.704	46 	212.315	192.537	1024  	3.102  	2.63058
[gen 47] z*: [np.float64(193.11751040012342), np.float64(47.75862511245223)]
47 	1024  	50.9649	47 	57.734 	47.7586 	1024  	2.13042  	2.71367	196.827	47 	212.574	193.118	1024  	3.15822	2.71367
[gen 48] z*: [np.float64(199.96634367053088), np.float64(34.806745803935016)]
48 	1024  	36.8555	48 	45.6543	34.8341 	1024  	2.08725  	2.74125	202.753	48 	218.338	199.832	1024  	2.66238	2.74125
[gen 49] z*: [np.float64(192.17605361937618), np.float64(40.52844647311271)]
49 	1024  	44.6792	49 	50.7608	39.8225 	1024  	1.93408  	2.41278	195.161	49 	209.119	192.176	1024  	2.84413	2.41278
[gen 50] z*: [np.float64(174.87649893904822), np.float64(43.04499820572673)]
50 	1024  	46.0192	50 	49.7318	43.045  	1024  	1.22946  	2.1734 	178.642	50 	191.774	174.876	1024  	3.12867	2.1734 
[gen 51] z*: [np.float64(179.71287574022156), np.float64(8.367382175719168)]
51 	1024  	9.62145	51 	11.9323	8.36738 	1024  	0.789303 	1.81202	182.518	51 	195.716	179.713	1024  	3.27816	1.81202
[gen 52] z*: [np.float64(170.75514555252636), np.float64(10.365662451570481)]
52 	1024  	12.3631	52 	16.5442	10.3657 	1024  	1.3206   	1.86018	173.783	52 	188.459	170.755	1024  	3.56043	1.86018
[gen 53] z*: [np.float64(163.15566768764157), np.float64(4.376511431452499)]
53 	1024  	6.42364	53 	8.46973	4.37651 	1024  	1.12798  	1.69928	166.168	53 	180.311	163.134	1024  	3.65986	1.69928
[gen 54] z*: [np.float64(164.7541497303878), np.float64(6.115936386682502)]
54 	1024  	7.46079	54 	9.00508	6.11594 	1024  	0.685438 	1.81636	167.018	54 	175.195	164.754	1024  	2.98794	1.81636
[gen 55] z*: [np.float64(180.8571686338585), np.float64(33.71516630474812)]
55 	1024  	40.0155	55 	49.5377	33.1487 	1024  	3.24826  	2.18264	183.892	55 	198.394	180.978	1024  	2.86547	2.18264
[gen 56] z*: [np.float64(166.8888062708513), np.float64(5.8742707836125)]
56 	1024  	7.83739	56 	9.87114	6.0615  	1024  	0.861547 	1.94303	169.666	56 	183.639	166.812	1024  	3.40841	1.94303
[gen 57] z*: [np.float64(164.58163465984106), np.float64(29.13151786677153)]
57 	1024  	30.5501	57 	31.8239	29.1315 	1024  	0.743107 	1.75602	166.897	57 	174.278	164.582	1024  	2.78129	1.75602
[gen 58] z*: [np.float64(179.8125814622175), np.float64(174.3770397925273)]
58 	1024  	183.702	58 	196.815	171.972 	1024  	8.22876  	2.07351	182.147	58 	196.113	179.857	1024  	2.58986	2.07351
[gen 59] z*: [np.float64(171.6249927825884), np.float64(9.191343577573223)]
59 	1024  	11.3856	59 	14.6851	9.19134 	1024  	1.43663  	1.88958	174.111	59 	187.148	171.625	1024  	2.83168	1.88958
[gen 60] z*: [np.float64(186.84986109860108), np.float64(24.9223634740449)]
60 	1024  	29.2352	60 	38.1767	23.8534 	1024  	3.11819  	2.43278	189.532	60 	204.538	186.769	1024  	2.47032	2.43278
[gen 61] z*: [np.float64(191.81191873061928), np.float64(69.73300928335772)]
61 	1024  	72.4971	61 	75.9814	65.8051 	1024  	1.42042  	2.30666	194.73 	61 	208.316	191.813	1024  	2.87954	2.30666
[gen 62] z*: [np.float64(183.873776454564), np.float64(31.756313947322077)]
62 	1024  	35.8085	62 	42.7376	31.7306 	1024  	2.43805  	2.40435	186.826	62 	201.259	183.874	1024  	3.162  	2.40435
[gen 63] z*: [np.float64(191.0488760667184), np.float64(58.361241586564006)]
63 	1024  	66.595 	63 	90.5327	57.9622 	1024  	11.0478  	2.33337	193.554	63 	207.163	191.149	1024  	2.36719	2.33337
[gen 64] z*: [np.float64(192.6402077378481), np.float64(26.75885045377167)]
64 	1024  	28.8153	64 	34.4777	26.4899 	1024  	1.564    	2.36135	194.449	64 	208.076	192.618	1024  	1.95148	2.36135
[gen 65] z*: [np.float64(181.82500066433423), np.float64(59.880899507614075)]
65 	1024  	75.0548	65 	91.3015	58.543  	1024  	11.6053  	2.37143	185.076	65 	198.351	181.899	1024  	3.17968	2.37143
[gen 66] z*: [np.float64(190.5907968899144), np.float64(19.020053745542796)]
66 	1024  	21.4446	66 	26.1073	19.0201 	1024  	1.47078  	2.36015	193.807	66 	208.246	190.541	1024  	3.22861	2.36015
[gen 67] z*: [np.float64(184.42034389803686), np.float64(30.5516888458922)]
67 	1024  	34.4027	67 	40.1586	30.5517 	1024  	2.38572  	2.72075	187.432	67 	202.786	184.42 	1024  	3.2241 	2.72075
[gen 68] z*: [np.float64(200.64303583145485), np.float64(58.90102454956741)]
68 	1024  	65.9759	68 	80.8365	58.901  	1024  	5.01784  	3.41861	203.703	68 	219.85 	200.559	1024  	2.53377	3.41861
[gen 69] z*: [np.float64(201.41936212726094), np.float64(76.06335700862441)]
69 	1024  	83.1782	69 	104.199	76.0209 	1024  	7.78758  	3.07274	204.413	69 	220.443	201.419	1024  	2.6807 	3.07274
[gen 69] Wrote all fronts to ./results/training/20250906-1107/nsw_Bitbrains_3OS_MOEA-D_core_40_run_0_gen_69_fronts.json
