
Due to MODULEPATH changes, the following have been reloaded:
  1) libfabric/1.19.0

The following have been reloaded with a version change:
  1) hwloc/2.7.2 => hwloc/2.9.2

CPU count: 40
   	      	                     communication                     	                         energy                        
   	      	-------------------------------------------------------	-------------------------------------------------------
gen	nevals	avg    	gen	max   	min    	nevals	std    	time   	avg    	gen	max    	min    	nevals	std    	time   
0  	1024  	91.4551	0  	92.751	78.8967	1024  	1.10976	1.17021	225.933	0  	269.922	206.778	1024  	12.9725	1.17021
1  	1024  	36.4326	1  	38.1663	27.5092	1024  	1.3605 	2.35276	191.889	1  	212.188	183.589	1024  	6.0927 	2.35276
2  	1024  	102.16 	2  	109.337	85.1606	1024  	6.42177	2.69483	214.523	2  	246.78 	208.825	1024  	6.01606	2.69483
3  	1024  	51.6121	3  	54.1962	42.8821	1024  	1.7931 	2.61985	198.909	3  	232.49 	192.813	1024  	7.08775	2.61985
4  	1024  	62.6625	4  	65.8893	53.5706	1024  	2.06531	2.59791	214.689	4  	245.603	210.142	1024  	6.52073	2.59791
5  	1024  	44.2679	5  	47.1724	36.3987	1024  	2.7091 	2.26491	193.044	5  	223.168	189.426	1024  	4.71248	2.26491
6  	1024  	5.86861	6  	6.52631	4.61134	1024  	0.611415	1.56176	182.118	6  	206.467	177.691	1024  	4.82219	1.56176
7  	1024  	11.4434	7  	14.2618	8.01629	1024  	1.84225 	1.56143	184.316	7  	196.622	179.828	1024  	4.92295	1.56143
8  	1024  	11.5291	8  	13.0186	9.18955	1024  	1.08384 	1.6859 	186.826	8  	199.707	182.747	1024  	4.51506	1.6859 
9  	1024  	34.9367	9  	41.2215	29.83  	1024  	3.44542 	2.02322	192.974	9  	210.219	187.58 	1024  	5.14402	2.02322
10 	1024  	55.6271	10 	64.6557	47.238 	1024  	3.57384 	2.3062 	193.84 	10 	207.476	191.543	1024  	2.97455	2.3062 
11 	1024  	44.6521	11 	46.9353	38.579 	1024  	1.8504  	2.3127 	197.649	11 	213.973	195.531	1024  	2.7842 	2.3127 
12 	1024  	21.7922	12 	24.5611	18.2216	1024  	2.08004 	2.12964	184.753	12 	197.933	181.362	1024  	3.62347	2.12964
13 	1024  	34.6596	13 	38.8852	29.685 	1024  	2.68655 	2.08719	190.215	13 	204.131	187.07 	1024  	3.29795	2.08719
14 	1024  	28.227 	14 	32.4489	22.7532	1024  	3.19056 	2.04654	192.771	14 	208.504	189.748	1024  	3.43743	2.04654
15 	1024  	42.6125	15 	46.3686	35.5998	1024  	3.27935 	2.08216	192.162	15 	205.744	190.394	1024  	2.77212	2.08216
16 	1024  	71.0659	16 	73.526 	60.4121	1024  	3.54379 	2.07457	182.748	16 	195.624	181.395	1024  	2.73453	2.07457
17 	1024  	23.0397	17 	24.5393	18.9134	1024  	1.83553 	1.75864	192.532	17 	206.099	191.005	1024  	2.84415	1.75864
18 	1024  	14.6697	18 	16.7511	8.85147	1024  	2.83881 	1.71349	174.856	18 	189.177	172.82 	1024  	3.49677	1.71349
19 	1024  	14.4569	19 	15.3432	12.1   	1024  	0.934542	1.53266	176.379	19 	183.627	174.161	1024  	3.64624	1.53266
20 	1024  	9.33359	20 	11.9517	6.80096	1024  	1.71924 	1.55871	179.094	20 	191.061	176.474	1024  	3.27572	1.55871
21 	1024  	11.0023	21 	12.5671	8.754  	1024  	0.890264	1.56769	164.539	21 	172.398	161.995	1024  	3.89472	1.56769
22 	1024  	41.0443	22 	46.9262	33.2434	1024  	2.85306 	2.27808	196.133	22 	201.402	195.144	1024  	1.88098	2.27808
23 	1024  	35.0948	23 	41.7354	29.697 	1024  	2.52315 	2.04534	190.693	23 	197.334	188.915	1024  	3.00341	2.04534
24 	1024  	31.4729	24 	34.2225	28.3254	1024  	1.59554 	1.59857	176.522	24 	190.474	172.958	1024  	4.40804	1.59857
25 	1024  	0.590824	25 	1.11741	0.558841	1024  	0.108837	1.35025	163.079	25 	163.302	162.772	1024  	0.0499904	1.35025
26 	1024  	4.62014 	26 	5.73745	4.45887 	1024  	0.321968	1.42295	178.837	26 	179.092	178.507	1024  	0.0777052	1.42295
27 	1024  	6.646   	27 	7.228  	5.07855 	1024  	0.206595	1.54993	172.523	27 	185.83 	172.118	1024  	0.791207 	1.54993
28 	1024  	34.6451 	28 	36.9741	27.937  	1024  	1.1694  	2.02611	179.236	28 	195.944	178.59 	1024  	1.00911  	2.02611
29 	1024  	56.7009 	29 	59.2721	49.8655 	1024  	1.40217 	1.91426	195.196	29 	210.351	194.593	1024  	1.66581  	1.91426
30 	1024  	35.4582 	30 	39.0904	28.0547 	1024  	2.73385 	1.79397	185.939	30 	201.789	185.456	1024  	1.69017  	1.79397
31 	1024  	13.891  	31 	16.5303	10.2925 	1024  	1.52624 	1.64036	169.931	31 	185.083	169.237	1024  	2.34298  	1.64036
32 	1024  	29.76   	32 	30.5702	28.5271 	1024  	0.460908	1.56398	170.944	32 	199.85 	169.478	1024  	3.70477  	1.56398
33 	1024  	7.13569 	33 	8.02564	4.79858 	1024  	0.799684	1.53292	165.572	33 	181.206	162.799	1024  	4.40639  	1.53292
34 	1024  	1.78508 	34 	1.96481	1.44433 	1024  	0.0933119	1.3397 	176.618	34 	191.228	173.18 	1024  	3.99985  	1.3397 
35 	1024  	27.0692 	35 	29.6825	23.2712 	1024  	1.55799  	2.23185	195.8  	35 	211.256	193.287	1024  	3.82024  	2.23185
36 	1024  	84.5162 	36 	109.083	75.0105 	1024  	4.82699  	2.56459	208.95 	36 	226.838	207.056	1024  	2.57924  	2.56459
37 	1024  	134.803 	37 	139.465	113.341 	1024  	4.46835  	2.73897	206.458	37 	238.106	203.952	1024  	3.64355  	2.73897
38 	1024  	64.7222 	38 	69.8047	53.867  	1024  	3.82246  	2.64078	199.879	38 	218.92 	197.911	1024  	3.35286  	2.64078
39 	1024  	43.9424 	39 	49.6789	36.4865 	1024  	3.56476  	2.29075	192.04 	39 	208.541	188.545	1024  	4.1566   	2.29075
40 	1024  	85.3591 	40 	97.195 	67.689  	1024  	7.96135  	2.18913	202.801	40 	218.013	201.156	1024  	2.26599  	2.18913
41 	1024  	23.2889 	41 	25.483 	20.6524 	1024  	1.13701  	1.57248	183.34 	41 	195.726	181.678	1024  	2.07709  	1.57248
42 	1024  	3.20968 	42 	3.99211	2.07689 	1024  	0.312905 	1.45596	175.625	42 	198.137	173.57 	1024  	2.95668  	1.45596
43 	1024  	80.2427 	43 	84.3529	71.3945 	1024  	2.5604   	2.4718 	203.239	43 	220.302	201.337	1024  	3.0696   	2.4718 
44 	1024  	53.6915 	44 	57.8977	43.1125 	1024  	3.15255  	2.49184	211.101	44 	228.394	209.893	1024  	2.65684  	2.49184
45 	1024  	71.5545 	45 	76.3945	64.2956 	1024  	2.98634  	2.39149	201.089	45 	218.339	199.421	1024  	3.09097  	2.39149
46 	1024  	60.576  	46 	70.6455	48.3331 	1024  	6.03293  	2.24651	194.831	46 	212.51 	192.09 	1024  	4.10371  	2.24651
47 	1024  	54.1654 	47 	58.5718	46.3952 	1024  	3.46986  	2.35034	195.811	47 	212.768	192.411	1024  	4.22393  	2.35034
48 	1024  	40.1119 	48 	45.5624	32.7427 	1024  	3.4543   	2.31764	201.349	48 	218.021	199.617	1024  	2.4971   	2.31764
49 	1024  	47.1182 	49 	51.3466	37.6921 	1024  	4.35412  	2.04071	193.066	49 	211.361	191.699	1024  	1.79355  	2.04071
50 	1024  	46.6733 	50 	49.896 	42.3452 	1024  	1.52534  	1.80907	175.649	50 	192.938	174.523	1024  	1.80061  	1.80907
51 	1024  	10.5586 	51 	11.6511	8.05193 	1024  	0.791522 	1.51629	180.471	51 	197.547	179.569	1024  	2.01805  	1.51629
52 	1024  	13.6546 	52 	16.0777	9.23297 	1024  	1.38666  	1.5137 	171.876	52 	188.955	170.482	1024  	2.51555  	1.5137 
53 	1024  	6.9097  	53 	8.23275	4.07434 	1024  	0.839375 	1.44586	164.391	53 	187.038	163.01 	1024  	3.57428  	1.44586
54 	1024  	7.10492 	54 	8.94723	5.70697 	1024  	0.715703 	1.53186	166.542	54 	183.299	164.587	1024  	4.22533  	1.53186
55 	1024  	43.9751 	55 	50.1647	33.0953 	1024  	5.2035   	1.89   	184.431	55 	201.532	180.66 	1024  	5.57556  	1.89   
56 	1024  	7.73448 	56 	9.60066	5.37698 	1024  	1.26667  	1.68429	170.552	56 	185.363	166.691	1024  	5.58747  	1.68429
57 	1024  	30.3669 	57 	31.8564	28.8541 	1024  	0.807698 	1.53866	167.534	57 	179.028	164.462	1024  	4.26143  	1.53866
58 	1024  	186.61  	58 	222.65 	169.967 	1024  	10.5516  	1.77481	183.584	58 	198.488	179.599	1024  	4.54152  	1.77481
59 	1024  	12.1452 	59 	14.6695	8.88396 	1024  	1.52973  	1.7088 	173.539	59 	187.14 	171.525	1024  	2.79767  	1.7088 
60 	1024  	29.5838 	60 	34.9173	20.0932 	1024  	4.72181  	2.11962	188.67 	60 	202.132	186.668	1024  	2.91034  	2.11962
61 	1024  	74.1009 	61 	76.2208	66.4666 	1024  	1.47885  	1.98848	192.718	61 	206.54 	191.772	1024  	1.9179   	1.98848
62 	1024  	38.7598 	62 	42.3854	31.0932 	1024  	2.6224   	2.03849	184.731	62 	203.193	183.734	1024  	2.18328  	2.03849
63 	1024  	83.4112 	63 	91.0358	57.1446 	1024  	11.7003  	1.98116	191.594	63 	208.485	190.882	1024  	1.71759  	1.98116
64 	1024  	30.2763 	64 	34.4341	24.802  	1024  	2.51152  	2.04058	193.611	64 	210.428	192.399	1024  	2.31316  	2.04058
65 	1024  	63.4937 	65 	80.5752	28.9106 	1024  	3.22563  	1.90957	183.086	65 	199.836	181.667	1024  	2.74905  	1.90957
66 	1024  	22.0059 	66 	24.8266	17.3623 	1024  	2.12887  	1.92558	192.614	66 	209.043	190.377	1024  	3.57327  	1.92558
67 	1024  	34.6405 	67 	39.1812	30.01   	1024  	2.54842  	2.25125	186.56 	67 	204.111	184.363	1024  	3.04649  	2.25125
68 	1024  	70.8699 	68 	82.3348	59.1284 	1024  	6.68472  	2.75728	202.623	68 	223.412	200.514	1024  	3.64333  	2.75728
69 	1024  	92.1082 	69 	105.322	75.1142 	1024  	11.5438  	2.20444	202.839	69 	221.475	201.322	1024  	2.78259  	2.20444
[gen 69] Wrote all fronts to ./results/training/20250907-2255/nsw_Bitbrains_3OS_NSGP2_core_40_run_7_gen_69_fronts.json
