
Due to MODULEPATH changes, the following have been reloaded:
  1) libfabric/1.19.0

The following have been reloaded with a version change:
  1) hwloc/2.7.2 => hwloc/2.9.2

CPU count: 40
   	      	                     communication                     	                         energy                        
   	      	-------------------------------------------------------	-------------------------------------------------------
gen	nevals	avg    	gen	max   	min    	nevals	std    	time   	avg    	gen	max    	min    	nevals	std   	time   
0  	1024  	91.4456	0  	92.751	78.8473	1024  	1.12182	1.04285	226.945	0  	268.559	206.586	1024  	13.363	1.04285
1  	1024  	36.3341	1  	38.0604	26.9158	1024  	1.5193 	2.18014	192.34 	1  	220.101	183.589	1024  	6.74615	2.18014
2  	1024  	102.303	2  	109.488	83.7311	1024  	6.34805	2.66484	214.926	2  	252.269	208.826	1024  	6.72286	2.66484
3  	1024  	51.265 	3  	53.9337	42.6645	1024  	2.14349	2.55477	198.662	3  	235.198	192.815	1024  	7.53194	2.55477
4  	1024  	62.2474	4  	65.5403	51.4308	1024  	2.56063	2.56072	212.791	4  	245.167	210.142	1024  	3.82597	2.56072
5  	1024  	44.1282	5  	46.9234	36.0982	1024  	3.08563	2.17234	191.795	5  	209.564	189.299	1024  	3.21797	2.17234
6  	1024  	5.83233	6  	6.53587	4.55438	1024  	0.652514	1.55572	181.545	6  	194.458	177.688	1024  	4.2071 	1.55572
7  	1024  	11.1267	7  	14.1734	8.40611	1024  	1.98258 	1.50586	184.571	7  	198.143	179.825	1024  	4.79705	1.50586
8  	1024  	11.2134	8  	13.0186	8.17748	1024  	1.24506 	1.6474 	187.458	8  	200.092	182.795	1024  	4.56845	1.6474 
9  	1024  	34.3818	9  	41.0013	29.3529	1024  	3.4857  	2.04596	193.249	9  	206.91 	187.451	1024  	4.38097	2.04596
10 	1024  	54.1918	10 	64.7399	41.7081	1024  	4.27368 	2.22474	195.182	10 	210.338	191.535	1024  	4.17117	2.22474
11 	1024  	43.0209	11 	46.8378	37.8339	1024  	3.17763 	2.25618	198.897	11 	215.441	195.529	1024  	4.11466	2.25618
12 	1024  	21.7853	12 	24.4826	18.2342	1024  	2.20103 	2.08455	184.189	12 	198.999	181.362	1024  	3.60474	2.08455
13 	1024  	33.2147	13 	38.1113	27.5805	1024  	3.25083 	2.09891	191.35 	13 	207.422	187.068	1024  	4.05956	2.09891
14 	1024  	26.723 	14 	32.2352	22.741 	1024  	3.10072 	2.03673	193.9  	14 	208.027	189.75 	1024  	4.02625	2.03673
15 	1024  	39.2315	15 	46.2043	33.531 	1024  	3.84711 	2.0774 	193.846	15 	208.201	190.234	1024  	3.17406	2.0774 
16 	1024  	67.4391	16 	73.5209	55.0849	1024  	4.35328 	2.08242	184.983	16 	199.071	181.395	1024  	3.7086 	2.08242
17 	1024  	21.1482	17 	24.5393	18.3622	1024  	2.35016 	1.82003	194.813	17 	198.364	190.952	1024  	3.42612	1.82003
18 	1024  	12.6985	18 	16.7511	8.88057	1024  	3.11818 	1.79741	177.196	18 	182.109	172.798	1024  	4.21044	1.79741
19 	1024  	13.2996	19 	15.3432	12.1853	1024  	1.03241 	1.61163	180.406	19 	190.213	174.171	1024  	4.17973	1.61163
20 	1024  	8.85069	20 	11.9083	6.42335	1024  	1.77402 	1.62222	179.994	20 	191.14 	176.465	1024  	3.55495	1.62222
21 	1024  	10.4415	21 	12.5768	8.46899	1024  	1.34871 	1.55687	166.301	21 	178.34 	161.903	1024  	4.61046	1.55687
22 	1024  	39.9867	22 	47.2212	33.1284	1024  	4.45184 	2.26886	197.289	22 	211.599	195.123	1024  	2.6699 	2.26886
23 	1024  	35.7187	23 	41.6514	29.7223	1024  	4.31706 	2.11277	192.014	23 	206.586	188.883	1024  	3.59522	2.11277
24 	1024  	31.0053	24 	34.2557	28.5266	1024  	1.79222 	1.62504	177.466	24 	190.474	172.863	1024  	4.47106	1.62504
25 	1024  	0.762807	25 	1.11741	0.558841	1024  	0.171439	1.40961	167.121	25 	179.417	162.79 	1024  	5.2063 	1.40961
26 	1024  	4.53465 	26 	5.73745	3.68685 	1024  	0.623096	1.42503	182.503	26 	193.869	178.396	1024  	4.27988	1.42503
27 	1024  	5.67273 	27 	7.07111	4.49249 	1024  	0.809775	1.5748 	178.038	27 	187.865	172.053	1024  	4.69768	1.5748 
28 	1024  	29.2066 	28 	36.9084	24.4252 	1024  	4.91881 	2.09492	182.916	28 	195.532	178.604	1024  	3.74316	2.09492
29 	1024  	51.2507 	29 	58.9164	47.809  	1024  	3.19948 	2.01271	199.196	29 	212.776	194.594	1024  	3.81023	2.01271
30 	1024  	32.153  	30 	39.0157	27.4799 	1024  	2.83717 	1.86264	188.378	30 	206.531	185.44 	1024  	3.6965 	1.86264
31 	1024  	13.4499 	31 	16.5644	8.83912 	1024  	2.00782 	1.62341	170.909	31 	187.357	169.32 	1024  	3.31912	1.62341
32 	1024  	29.2044 	32 	30.5702	27.1909 	1024  	0.701098	1.53674	171.696	32 	197.965	169.406	1024  	3.80124	1.53674
33 	1024  	6.58488 	33 	8.02564	4.76587 	1024  	0.908323	1.56088	166.63 	33 	180.078	162.858	1024  	4.49943	1.56088
34 	1024  	1.76197 	34 	1.96481	1.18721 	1024  	0.121765	1.38161	174.495	34 	188.997	173.126	1024  	1.98757	1.38161
35 	1024  	27.5961 	35 	29.444 	22.1042 	1024  	1.68513 	2.24114	194.387	35 	211.07 	193.249	1024  	2.74351	2.24114
36 	1024  	91.6766 	36 	109.049	73.3767 	1024  	12.2157 	2.54297	207.943	36 	226.244	206.924	1024  	2.08312	2.54297
37 	1024  	132.843 	37 	139.508	111.699 	1024  	7.27301 	2.75318	204.726	37 	212.912	203.984	1024  	1.79737	2.75318
38 	1024  	63.9189 	38 	70.4718	53.1827 	1024  	4.48388 	2.60023	199.06 	38 	218.13 	197.887	1024  	2.26328	2.60023
39 	1024  	43.3653 	39 	49.6807	35.5679 	1024  	3.68995 	2.29317	190.945	39 	208.284	188.621	1024  	3.24194	2.29317
40 	1024  	78.5284 	40 	97.9762	62.0727 	1024  	13.13   	2.18051	202.734	40 	223.083	201.407	1024  	2.9237 	2.18051
41 	1024  	22.6175 	41 	25.483 	19.7342 	1024  	1.30646 	1.56462	183.495	41 	190.706	181.748	1024  	2.37462	1.56462
42 	1024  	3.08049 	42 	3.85106	2.24167 	1024  	0.223895	1.43007	176.083	42 	189.274	173.66 	1024  	3.02763	1.43007
43 	1024  	75.7144 	43 	84.5666	70.7699 	1024  	3.50793 	2.42379	203.128	43 	212.4  	201.366	1024  	2.57023	2.42379
44 	1024  	49.4402 	44 	57.8271	40.7268 	1024  	4.74334 	2.43981	212.091	44 	218.492	209.872	1024  	3.07012	2.43981
45 	1024  	69.704  	45 	76.4908	62.4111 	1024  	4.09532 	2.31349	201.738	45 	218.358	199.457	1024  	3.35783	2.31349
46 	1024  	61.2892 	46 	70.6007	52.3212 	1024  	5.40007 	2.22609	194.936	46 	212.315	192.104	1024  	3.78591	2.22609
47 	1024  	52.2577 	47 	59.0891	45.3427 	1024  	3.11052 	2.27234	197.054	47 	220.364	192.6  	1024  	4.27274	2.27234
48 	1024  	38.1144 	48 	45.5086	31.8312 	1024  	3.7762  	2.28201	202.547	48 	218.837	199.655	1024  	3.5113 	2.28201
49 	1024  	45.8232 	49 	51.4997	39.4762 	1024  	3.97302 	1.99176	194.267	49 	210.327	191.821	1024  	3.1245 	1.99176
50 	1024  	45.5742 	50 	49.8909	41.9033 	1024  	2.25735 	1.82523	178.361	50 	192.151	174.747	1024  	4.15337	1.82523
51 	1024  	9.62578 	51 	11.9168	7.92511 	1024  	1.04715 	1.51412	183.674	51 	189.983	179.569	1024  	4.44597	1.51412
52 	1024  	12.6425 	52 	16.4256	9.32486 	1024  	1.89095 	1.61638	174.061	52 	187.73 	170.428	1024  	4.46788	1.61638
53 	1024  	5.95204 	53 	8.41425	3.75675 	1024  	1.47034 	1.44176	167.54 	53 	174.444	163.029	1024  	4.76684	1.44176
54 	1024  	6.87379 	54 	9.00002	5.12486 	1024  	1.26611 	1.52531	168.111	54 	181.786	164.617	1024  	4.50688	1.52531
55 	1024  	40.3587 	55 	49.437 	31.6646 	1024  	5.3648  	1.92731	184.999	55 	197.278	180.529	1024  	3.68505	1.92731
56 	1024  	7.45985 	56 	9.65071	5.3678  	1024  	1.59478 	1.71154	170.613	56 	183.689	166.693	1024  	4.65609	1.71154
57 	1024  	30.0841 	57 	31.683 	28.7266 	1024  	1.07415 	1.54501	168.311	57 	173.584	164.457	1024  	4.05825	1.54501
58 	1024  	192.731 	58 	195.23 	169.693 	1024  	2.73656 	1.81923	182.362	58 	195.981	179.609	1024  	3.59233	1.81923
59 	1024  	10.8224 	59 	14.6559	8.9314  	1024  	1.68656 	1.637  	175.796	59 	186.738	171.561	1024  	3.80895	1.637  
60 	1024  	30.5469 	60 	34.4806	24.993  	1024  	2.74172 	2.08583	190.121	60 	205.427	186.682	1024  	3.89235	2.08583
61 	1024  	72.5585 	61 	76.0404	66.1378 	1024  	2.44613 	1.90787	194.991	61 	207.406	191.779	1024  	3.35721	1.90787
62 	1024  	36.4812 	62 	41.4409	31.3774 	1024  	3.31211 	2.05776	186.438	62 	199.212	183.759	1024  	2.68464	2.05776
63 	1024  	67.8038 	63 	90.4165	57.9055 	1024  	9.79252 	1.89567	193.798	63 	205.605	190.941	1024  	2.97329	1.89567
64 	1024  	29.3635 	64 	34.0208	25.4031 	1024  	2.91764 	1.8721 	194.448	64 	207.83 	192.464	1024  	2.37723	1.8721 
65 	1024  	64.8883 	65 	93.8977	57.8844 	1024  	7.38914 	1.91724	185.628	65 	198.102	181.72 	1024  	3.10426	1.91724
66 	1024  	18.7269 	66 	25.9107	17.1832 	1024  	2.3722  	1.93022	196.127	66 	207.659	190.489	1024  	3.21072	1.93022
67 	1024  	31.2378 	67 	38.9038	28.5757 	1024  	2.90342 	2.24113	189.473	67 	203.056	184.421	1024  	2.90804	2.24113
68 	1024  	67.263  	68 	82.205 	58.0819 	1024  	6.06294 	2.62769	202.759	68 	219.553	200.534	1024  	2.39054	2.62769
69 	1024  	96.8448 	69 	105.573	81.1417 	1024  	4.01695 	2.25698	203.6  	69 	221.377	201.362	1024  	2.32665	2.25698
[gen 69] Wrote all fronts to ./results/training/20250908-0432/nsw_Bitbrains_3OS_NSGP2_core_40_run_26_gen_69_fronts.json
