
Due to MODULEPATH changes, the following have been reloaded:
  1) libfabric/1.19.0

The following have been reloaded with a version change:
  1) hwloc/2.7.2 => hwloc/2.9.2

CPU count: 40
   	      	                     communication                     	                         energy                        
   	      	-------------------------------------------------------	-------------------------------------------------------
gen	nevals	avg    	gen	max   	min   	nevals	std    	time   	avg    	gen	max    	min    	nevals	std    	time   
0  	1024  	91.3967	0  	92.751	81.159	1024  	1.20953	1.27649	227.251	0  	268.559	206.586	1024  	13.4559	1.27649
[gen 0] z*: [np.float64(206.5858679141101), np.float64(81.15902066772382)]
[gen 1] z*: [np.float64(206.5858679141101), np.float64(81.15902066772382)], z^nad: [np.float64(268.5589529510592), np.float64(92.7509795403713)]
1  	1024  	36.7381	1  	38.4064	29.3745	1024  	1.3793 	1.21022	193.628	1  	228.787	183.492	1024  	6.27961	1.21022
[gen 2] z*: [np.float64(183.4917827309425), np.float64(29.37446181180335)], z^nad: [np.float64(228.78709457701672), np.float64(38.406379315740026)]
2  	1024  	36.7381	2  	38.4064	29.3745	1024  	1.3793 	1.42427	193.628	2  	228.787	183.492	1024  	6.27961	1.42427
[gen 3] z*: [np.float64(183.4917827309425), np.float64(29.37446181180335)], z^nad: [np.float64(228.78709457701672), np.float64(38.406379315740026)]
3  	1024  	37.3083	3  	53.5338	29.3745	1024  	3.29067	1.38779	193.481	3  	228.787	183.492	1024  	6.19083	1.38779
[gen 4] z*: [np.float64(183.4917827309425), np.float64(29.37446181180335)], z^nad: [np.float64(228.78709457701672), np.float64(53.53376295917583)]
4  	1024  	37.3083	4  	53.5338	29.3745	1024  	3.29067	1.33543	193.481	4  	228.787	183.492	1024  	6.19083	1.33543
[gen 5] z*: [np.float64(183.4917827309425), np.float64(29.37446181180335)], z^nad: [np.float64(228.78709457701672), np.float64(53.53376295917583)]
5  	1024  	37.9534	5  	53.2131	29.3745	1024  	3.57893	1.19082	192.966	5  	228.787	183.492	1024  	6.03565	1.19082
[gen 6] z*: [np.float64(183.4917827309425), np.float64(29.37446181180335)], z^nad: [np.float64(228.78709457701672), np.float64(53.21314376963418)]
6  	1024  	6.52137	6  	38.0604	4.22075	1024  	2.15121	0.82647	183.419	6  	205.086	177.893	1024  	4.41027	0.82647
[gen 7] z*: [np.float64(177.8932438683853), np.float64(4.220745149395834)], z^nad: [np.float64(205.08623204083), np.float64(38.06039049337919)]
7  	1024  	8.20631	7  	14.5742	5.00867	1024  	3.11514	0.796394	182.468	7  	205.086	177.893	1024  	4.08049	0.796394
[gen 8] z*: [np.float64(177.8932438683853), np.float64(5.008667283984167)], z^nad: [np.float64(205.08623204083), np.float64(14.574221327194222)]
8  	1024  	7.95548	8  	14.5045	5.00867	1024  	2.70626	0.884082	183.096	8  	205.086	177.893	1024  	4.35071	0.884082
[gen 9] z*: [np.float64(177.8932438683853), np.float64(5.008667283984167)], z^nad: [np.float64(205.08623204083), np.float64(14.504490272455817)]
9  	1024  	7.95548	9  	14.5045	5.00867	1024  	2.70626	1.0349  	183.096	9  	205.086	177.893	1024  	4.35071	1.0349  
[gen 10] z*: [np.float64(177.8932438683853), np.float64(5.008667283984167)], z^nad: [np.float64(205.08623204083), np.float64(14.504490272455817)]
10 	1024  	7.95548	10 	14.5045	5.00867	1024  	2.70626	1.1386  	183.096	10 	205.086	177.893	1024  	4.35071	1.1386  
[gen 11] z*: [np.float64(177.8932438683853), np.float64(5.008667283984167)], z^nad: [np.float64(205.08623204083), np.float64(14.504490272455817)]
11 	1024  	7.95548	11 	14.5045	5.00867	1024  	2.70626	1.18099 	183.096	11 	205.086	177.893	1024  	4.35071	1.18099 
[gen 12] z*: [np.float64(177.8932438683853), np.float64(5.008667283984167)], z^nad: [np.float64(205.08623204083), np.float64(14.504490272455817)]
12 	1024  	7.95548	12 	14.5045	5.00867	1024  	2.70626	1.07131 	183.096	12 	205.086	177.893	1024  	4.35071	1.07131 
[gen 13] z*: [np.float64(177.8932438683853), np.float64(5.008667283984167)], z^nad: [np.float64(205.08623204083), np.float64(14.504490272455817)]
13 	1024  	7.95548	13 	14.5045	5.00867	1024  	2.70626	1.08319 	183.096	13 	205.086	177.893	1024  	4.35071	1.08319 
[gen 14] z*: [np.float64(177.8932438683853), np.float64(5.008667283984167)], z^nad: [np.float64(205.08623204083), np.float64(14.504490272455817)]
14 	1024  	7.95548	14 	14.5045	5.00867	1024  	2.70626	1.10647 	183.096	14 	205.086	177.893	1024  	4.35071	1.10647 
[gen 15] z*: [np.float64(177.8932438683853), np.float64(5.008667283984167)], z^nad: [np.float64(205.08623204083), np.float64(14.504490272455817)]
15 	1024  	7.95548	15 	14.5045	5.00867	1024  	2.70626	1.14051 	183.096	15 	205.086	177.893	1024  	4.35071	1.14051 
[gen 16] z*: [np.float64(177.8932438683853), np.float64(5.008667283984167)], z^nad: [np.float64(205.08623204083), np.float64(14.504490272455817)]
16 	1024  	7.95548	16 	14.5045	5.00867	1024  	2.70626	1.1144  	183.096	16 	205.086	177.893	1024  	4.35071	1.1144  
[gen 17] z*: [np.float64(177.8932438683853), np.float64(5.008667283984167)], z^nad: [np.float64(205.08623204083), np.float64(14.504490272455817)]
17 	1024  	7.95548	17 	14.5045	5.00867	1024  	2.70626	0.989609	183.096	17 	205.086	177.893	1024  	4.35071	0.989609
[gen 18] z*: [np.float64(177.8932438683853), np.float64(5.008667283984167)], z^nad: [np.float64(205.08623204083), np.float64(14.504490272455817)]
18 	1024  	9.07303	18 	16.8834	5.00867	1024  	3.9436 	0.982385	181.925	18 	205.086	173.076	1024  	5.4411 	0.982385
[gen 19] z*: [np.float64(173.0759396788974), np.float64(5.008667283984167)], z^nad: [np.float64(205.08623204083), np.float64(16.883379847115002)]
19 	1024  	9.31298	19 	16.787 	5.00867	1024  	3.99784	0.861713	181.566	19 	205.086	173.076	1024  	5.36129	0.861713
[gen 20] z*: [np.float64(173.0759396788974), np.float64(5.008667283984167)], z^nad: [np.float64(205.08623204083), np.float64(16.787036024788332)]
20 	1024  	8.80794	20 	16.787 	5.00867	1024  	3.28341	0.837141	180.99 	20 	205.086	173.076	1024  	4.9618 	0.837141
[gen 21] z*: [np.float64(173.0759396788974), np.float64(5.008667283984167)], z^nad: [np.float64(205.08623204083), np.float64(16.787036024788332)]
21 	1024  	8.9011 	21 	12.4588	5.00867	1024  	2.5792 	0.842101	174.778	21 	205.086	162.048	1024  	10.567 	0.842101
[gen 22] z*: [np.float64(162.0476754924444), np.float64(5.008667283984167)], z^nad: [np.float64(205.08623204083), np.float64(12.458820683271052)]
22 	1024  	8.9011 	22 	12.4588	5.00867	1024  	2.5792 	1.25426 	174.778	22 	205.086	162.048	1024  	10.567 	1.25426 
[gen 23] z*: [np.float64(162.0476754924444), np.float64(5.008667283984167)], z^nad: [np.float64(205.08623204083), np.float64(12.458820683271052)]
23 	1024  	8.9011 	23 	12.4588	5.00867	1024  	2.5792 	1.14475 	174.778	23 	205.086	162.048	1024  	10.567 	1.14475 
[gen 24] z*: [np.float64(162.0476754924444), np.float64(5.008667283984167)], z^nad: [np.float64(205.08623204083), np.float64(12.458820683271052)]
24 	1024  	8.9011 	24 	12.4588	5.00867	1024  	2.5792 	0.911517	174.778	24 	205.086	162.048	1024  	10.567 	0.911517
[gen 25] z*: [np.float64(162.0476754924444), np.float64(5.008667283984167)], z^nad: [np.float64(205.08623204083), np.float64(12.458820683271052)]
25 	1024  	1.4264 	25 	12.4588	0.558841	1024  	1.85668	0.725883	165.778	25 	187.431	162.074	1024  	3.62648	0.725883
[gen 26] z*: [np.float64(162.07385815927347), np.float64(0.5588413197608527)], z^nad: [np.float64(187.4307380871985), np.float64(12.458820683271052)]
26 	1024  	1.4264 	26 	12.4588	0.558841	1024  	1.85668	0.800999	165.778	26 	187.431	162.074	1024  	3.62648	0.800999
[gen 27] z*: [np.float64(162.07385815927347), np.float64(0.5588413197608527)], z^nad: [np.float64(187.4307380871985), np.float64(12.458820683271052)]
27 	1024  	1.43867	27 	12.4588	0.558841	1024  	1.87414	0.89987 	165.777	27 	187.431	162.074	1024  	3.62415	0.89987 
[gen 28] z*: [np.float64(162.07385815927347), np.float64(0.5588413197608527)], z^nad: [np.float64(187.4307380871985), np.float64(12.458820683271052)]
28 	1024  	1.43867	28 	12.4588	0.558841	1024  	1.87414	1.14069 	165.777	28 	187.431	162.074	1024  	3.62415	1.14069 
[gen 29] z*: [np.float64(162.07385815927347), np.float64(0.5588413197608527)], z^nad: [np.float64(187.4307380871985), np.float64(12.458820683271052)]
29 	1024  	1.43867	29 	12.4588	0.558841	1024  	1.87414	1.07801 	165.777	29 	187.431	162.074	1024  	3.62415	1.07801 
[gen 30] z*: [np.float64(162.07385815927347), np.float64(0.5588413197608527)], z^nad: [np.float64(187.4307380871985), np.float64(12.458820683271052)]
30 	1024  	1.43867	30 	12.4588	0.558841	1024  	1.87414	1.02348 	165.777	30 	187.431	162.074	1024  	3.62415	1.02348 
[gen 31] z*: [np.float64(162.07385815927347), np.float64(0.5588413197608527)], z^nad: [np.float64(187.4307380871985), np.float64(12.458820683271052)]
31 	1024  	1.43867	31 	12.4588	0.558841	1024  	1.87414	0.940313	165.777	31 	187.431	162.074	1024  	3.62415	0.940313
[gen 32] z*: [np.float64(162.07385815927347), np.float64(0.5588413197608527)], z^nad: [np.float64(187.4307380871985), np.float64(12.458820683271052)]
32 	1024  	1.43867	32 	12.4588	0.558841	1024  	1.87414	0.886952	165.777	32 	187.431	162.074	1024  	3.62415	0.886952
[gen 33] z*: [np.float64(162.07385815927347), np.float64(0.5588413197608527)], z^nad: [np.float64(187.4307380871985), np.float64(12.458820683271052)]
33 	1024  	1.82353	33 	12.4588	0.558841	1024  	2.32884	0.919396	165.632	33 	187.431	162.074	1024  	3.60149	0.919396
[gen 34] z*: [np.float64(162.07385815927347), np.float64(0.5588413197608527)], z^nad: [np.float64(187.4307380871985), np.float64(12.458820683271052)]
34 	1024  	1.82635	34 	12.4588	0.558841	1024  	2.32842	0.752979	165.63 	34 	187.431	162.074	1024  	3.59608	0.752979
[gen 35] z*: [np.float64(162.07385815927347), np.float64(0.5588413197608527)], z^nad: [np.float64(187.4307380871985), np.float64(12.458820683271052)]
35 	1024  	1.82635	35 	12.4588	0.558841	1024  	2.32842	1.28393 	165.63 	35 	187.431	162.074	1024  	3.59608	1.28393 
[gen 36] z*: [np.float64(162.07385815927347), np.float64(0.5588413197608527)], z^nad: [np.float64(187.4307380871985), np.float64(12.458820683271052)]
36 	1024  	1.82635	36 	12.4588	0.558841	1024  	2.32842	1.44725 	165.63 	36 	187.431	162.074	1024  	3.59608	1.44725 
[gen 37] z*: [np.float64(162.07385815927347), np.float64(0.5588413197608527)], z^nad: [np.float64(187.4307380871985), np.float64(12.458820683271052)]
37 	1024  	1.82635	37 	12.4588	0.558841	1024  	2.32842	1.55335 	165.63 	37 	187.431	162.074	1024  	3.59608	1.55335 
[gen 38] z*: [np.float64(162.07385815927347), np.float64(0.5588413197608527)], z^nad: [np.float64(187.4307380871985), np.float64(12.458820683271052)]
38 	1024  	1.82635	38 	12.4588	0.558841	1024  	2.32842	1.47473 	165.63 	38 	187.431	162.074	1024  	3.59608	1.47473 
[gen 39] z*: [np.float64(162.07385815927347), np.float64(0.5588413197608527)], z^nad: [np.float64(187.4307380871985), np.float64(12.458820683271052)]
39 	1024  	1.82635	39 	12.4588	0.558841	1024  	2.32842	1.29017 	165.63 	39 	187.431	162.074	1024  	3.59608	1.29017 
[gen 40] z*: [np.float64(162.07385815927347), np.float64(0.5588413197608527)], z^nad: [np.float64(187.4307380871985), np.float64(12.458820683271052)]
40 	1024  	1.82635	40 	12.4588	0.558841	1024  	2.32842	1.22527 	165.63 	40 	187.431	162.074	1024  	3.59608	1.22527 
[gen 41] z*: [np.float64(162.07385815927347), np.float64(0.5588413197608527)], z^nad: [np.float64(187.4307380871985), np.float64(12.458820683271052)]
41 	1024  	1.82635	41 	12.4588	0.558841	1024  	2.32842	0.887007	165.63 	41 	187.431	162.074	1024  	3.59608	0.887007
[gen 42] z*: [np.float64(162.07385815927347), np.float64(0.5588413197608527)], z^nad: [np.float64(187.4307380871985), np.float64(12.458820683271052)]
42 	1024  	1.82635	42 	12.4588	0.558841	1024  	2.32842	0.791813	165.63 	42 	187.431	162.074	1024  	3.59608	0.791813
[gen 43] z*: [np.float64(162.07385815927347), np.float64(0.5588413197608527)], z^nad: [np.float64(187.4307380871985), np.float64(12.458820683271052)]
43 	1024  	1.82635	43 	12.4588	0.558841	1024  	2.32842	1.32913 	165.63 	43 	187.431	162.074	1024  	3.59608	1.32913 
[gen 44] z*: [np.float64(162.07385815927347), np.float64(0.5588413197608527)], z^nad: [np.float64(187.4307380871985), np.float64(12.458820683271052)]
44 	1024  	1.82635	44 	12.4588	0.558841	1024  	2.32842	1.38844 	165.63 	44 	187.431	162.074	1024  	3.59608	1.38844 
[gen 45] z*: [np.float64(162.07385815927347), np.float64(0.5588413197608527)], z^nad: [np.float64(187.4307380871985), np.float64(12.458820683271052)]
45 	1024  	1.82635	45 	12.4588	0.558841	1024  	2.32842	1.33693 	165.63 	45 	187.431	162.074	1024  	3.59608	1.33693 
[gen 46] z*: [np.float64(162.07385815927347), np.float64(0.5588413197608527)], z^nad: [np.float64(187.4307380871985), np.float64(12.458820683271052)]
46 	1024  	1.82635	46 	12.4588	0.558841	1024  	2.32842	1.23631 	165.63 	46 	187.431	162.074	1024  	3.59608	1.23631 
[gen 47] z*: [np.float64(162.07385815927347), np.float64(0.5588413197608527)], z^nad: [np.float64(187.4307380871985), np.float64(12.458820683271052)]
47 	1024  	1.82635	47 	12.4588	0.558841	1024  	2.32842	1.24074 	165.63 	47 	187.431	162.074	1024  	3.59608	1.24074 
[gen 48] z*: [np.float64(162.07385815927347), np.float64(0.5588413197608527)], z^nad: [np.float64(187.4307380871985), np.float64(12.458820683271052)]
48 	1024  	1.82635	48 	12.4588	0.558841	1024  	2.32842	1.28262 	165.63 	48 	187.431	162.074	1024  	3.59608	1.28262 
[gen 49] z*: [np.float64(162.07385815927347), np.float64(0.5588413197608527)], z^nad: [np.float64(187.4307380871985), np.float64(12.458820683271052)]
49 	1024  	1.82635	49 	12.4588	0.558841	1024  	2.32842	1.12549 	165.63 	49 	187.431	162.074	1024  	3.59608	1.12549 
[gen 50] z*: [np.float64(162.07385815927347), np.float64(0.5588413197608527)], z^nad: [np.float64(187.4307380871985), np.float64(12.458820683271052)]
50 	1024  	1.82635	50 	12.4588	0.558841	1024  	2.32842	0.991912	165.63 	50 	187.431	162.074	1024  	3.59608	0.991912
[gen 51] z*: [np.float64(162.07385815927347), np.float64(0.5588413197608527)], z^nad: [np.float64(187.4307380871985), np.float64(12.458820683271052)]
51 	1024  	1.82635	51 	12.4588	0.558841	1024  	2.32842	0.838645	165.63 	51 	187.431	162.074	1024  	3.59608	0.838645
[gen 52] z*: [np.float64(162.07385815927347), np.float64(0.5588413197608527)], z^nad: [np.float64(187.4307380871985), np.float64(12.458820683271052)]
52 	1024  	1.82635	52 	12.4588	0.558841	1024  	2.32842	0.865227	165.63 	52 	187.431	162.074	1024  	3.59608	0.865227
[gen 53] z*: [np.float64(162.07385815927347), np.float64(0.5588413197608527)], z^nad: [np.float64(187.4307380871985), np.float64(12.458820683271052)]
53 	1024  	1.88736	53 	12.4588	0.558841	1024  	2.35987	0.822087	165.617	53 	187.431	162.074	1024  	3.59341	0.822087
[gen 54] z*: [np.float64(162.07385815927347), np.float64(0.5588413197608527)], z^nad: [np.float64(187.4307380871985), np.float64(12.458820683271052)]
54 	1024  	1.88736	54 	12.4588	0.558841	1024  	2.35987	0.84248 	165.617	54 	187.431	162.074	1024  	3.59341	0.84248 
[gen 55] z*: [np.float64(162.07385815927347), np.float64(0.5588413197608527)], z^nad: [np.float64(187.4307380871985), np.float64(12.458820683271052)]
55 	1024  	1.88736	55 	12.4588	0.558841	1024  	2.35987	1.02966 	165.617	55 	187.431	162.074	1024  	3.59341	1.02966 
[gen 56] z*: [np.float64(162.07385815927347), np.float64(0.5588413197608527)], z^nad: [np.float64(187.4307380871985), np.float64(12.458820683271052)]
56 	1024  	1.88736	56 	12.4588	0.558841	1024  	2.35987	0.933432	165.617	56 	187.431	162.074	1024  	3.59341	0.933432
[gen 57] z*: [np.float64(162.07385815927347), np.float64(0.5588413197608527)], z^nad: [np.float64(187.4307380871985), np.float64(12.458820683271052)]
57 	1024  	1.88736	57 	12.4588	0.558841	1024  	2.35987	0.837653	165.617	57 	187.431	162.074	1024  	3.59341	0.837653
[gen 58] z*: [np.float64(162.07385815927347), np.float64(0.5588413197608527)], z^nad: [np.float64(187.4307380871985), np.float64(12.458820683271052)]
58 	1024  	1.88736	58 	12.4588	0.558841	1024  	2.35987	0.982956	165.617	58 	187.431	162.074	1024  	3.59341	0.982956
[gen 59] z*: [np.float64(162.07385815927347), np.float64(0.5588413197608527)], z^nad: [np.float64(187.4307380871985), np.float64(12.458820683271052)]
59 	1024  	1.88736	59 	12.4588	0.558841	1024  	2.35987	0.900659	165.617	59 	187.431	162.074	1024  	3.59341	0.900659
[gen 60] z*: [np.float64(162.07385815927347), np.float64(0.5588413197608527)], z^nad: [np.float64(187.4307380871985), np.float64(12.458820683271052)]
60 	1024  	1.88736	60 	12.4588	0.558841	1024  	2.35987	1.15377 	165.617	60 	187.431	162.074	1024  	3.59341	1.15377 
[gen 61] z*: [np.float64(162.07385815927347), np.float64(0.5588413197608527)], z^nad: [np.float64(187.4307380871985), np.float64(12.458820683271052)]
61 	1024  	1.88736	61 	12.4588	0.558841	1024  	2.35987	1.08657 	165.617	61 	187.431	162.074	1024  	3.59341	1.08657 
[gen 62] z*: [np.float64(162.07385815927347), np.float64(0.5588413197608527)], z^nad: [np.float64(187.4307380871985), np.float64(12.458820683271052)]
62 	1024  	1.88736	62 	12.4588	0.558841	1024  	2.35987	1.13714 	165.617	62 	187.431	162.074	1024  	3.59341	1.13714 
[gen 63] z*: [np.float64(162.07385815927347), np.float64(0.5588413197608527)], z^nad: [np.float64(187.4307380871985), np.float64(12.458820683271052)]
63 	1024  	1.88736	63 	12.4588	0.558841	1024  	2.35987	1.07049 	165.617	63 	187.431	162.074	1024  	3.59341	1.07049 
[gen 64] z*: [np.float64(162.07385815927347), np.float64(0.5588413197608527)], z^nad: [np.float64(187.4307380871985), np.float64(12.458820683271052)]
64 	1024  	1.88736	64 	12.4588	0.558841	1024  	2.35987	1.08176 	165.617	64 	187.431	162.074	1024  	3.59341	1.08176 
[gen 65] z*: [np.float64(162.07385815927347), np.float64(0.5588413197608527)], z^nad: [np.float64(187.4307380871985), np.float64(12.458820683271052)]
65 	1024  	1.88736	65 	12.4588	0.558841	1024  	2.35987	1.04511 	165.617	65 	187.431	162.074	1024  	3.59341	1.04511 
[gen 66] z*: [np.float64(162.07385815927347), np.float64(0.5588413197608527)], z^nad: [np.float64(187.4307380871985), np.float64(12.458820683271052)]
66 	1024  	1.88736	66 	12.4588	0.558841	1024  	2.35987	1.05735 	165.617	66 	187.431	162.074	1024  	3.59341	1.05735 
[gen 67] z*: [np.float64(162.07385815927347), np.float64(0.5588413197608527)], z^nad: [np.float64(187.4307380871985), np.float64(12.458820683271052)]
67 	1024  	1.88736	67 	12.4588	0.558841	1024  	2.35987	1.239   	165.617	67 	187.431	162.074	1024  	3.59341	1.239   
[gen 68] z*: [np.float64(162.07385815927347), np.float64(0.5588413197608527)], z^nad: [np.float64(187.4307380871985), np.float64(12.458820683271052)]
68 	1024  	1.88736	68 	12.4588	0.558841	1024  	2.35987	1.39122 	165.617	68 	187.431	162.074	1024  	3.59341	1.39122 
[gen 69] z*: [np.float64(162.07385815927347), np.float64(0.5588413197608527)], z^nad: [np.float64(187.4307380871985), np.float64(12.458820683271052)]
69 	1024  	1.88736	69 	12.4588	0.558841	1024  	2.35987	1.17103 	165.617	69 	187.431	162.074	1024  	3.59341	1.17103 
