
Due to MODULEPATH changes, the following have been reloaded:
  1) libfabric/1.19.0

The following have been reloaded with a version change:
  1) hwloc/2.7.2 => hwloc/2.9.2

CPU count: 40
   	      	                    communication                     	                        energy                        
   	      	------------------------------------------------------	------------------------------------------------------
gen	nevals	avg    	gen	max   	min    	nevals	std    	time  	avg    	gen	max    	min    	nevals	std   	time  
0  	1024  	91.3901	0  	92.751	79.6747	1024  	1.16738	1.2944	226.714	0  	270.012	206.587	1024  	13.931	1.2944
[gen 0] z*: [np.float64(206.58734741921742), np.float64(79.67467411373217)]
[gen 1] z*: [np.float64(206.58734741921742), np.float64(79.67467411373217)]
1  	1024  	36.7509	1  	38.4064	27.5092	1024  	1.32201	1.27114	193.183	1  	227.936	183.588	1024  	6.17869	1.27114
[gen 2] z*: [np.float64(183.58803580088951), np.float64(27.50921903808001)]
2  	1024  	36.7509	2  	38.4064	27.5092	1024  	1.32201	1.47778	193.183	2  	227.936	183.588	1024  	6.17869	1.47778
[gen 3] z*: [np.float64(183.58803580088951), np.float64(27.50921903808001)]
3  	1024  	38.4332	3  	54.0645	27.5092	1024  	5.03831	1.44191	192.741	3  	227.936	183.588	1024  	5.81295	1.44191
[gen 4] z*: [np.float64(183.58803580088951), np.float64(27.50921903808001)]
4  	1024  	38.4332	4  	54.0645	27.5092	1024  	5.03831	1.4121 	192.741	4  	227.936	183.588	1024  	5.81295	1.4121 
[gen 5] z*: [np.float64(183.58803580088951), np.float64(27.50921903808001)]
5  	1024  	38.6926	5  	53.5294	27.5092	1024  	4.22805	1.27278	192.093	5  	227.936	183.588	1024  	5.68656	1.27278
[gen 6] z*: [np.float64(183.58803580088951), np.float64(27.50921903808001)]
6  	1024  	6.65701	6  	45.9193	5.00867	1024  	3.01874	0.895744	182.937	6  	205.086	177.69 	1024  	4.24438	0.895744
[gen 7] z*: [np.float64(177.6902961025139), np.float64(5.008667283984167)]
7  	1024  	7.84229	7  	14.5742	5.00867	1024  	2.88485	0.836893	182.185	7  	205.086	177.69 	1024  	3.94764	0.836893
[gen 8] z*: [np.float64(177.6902961025139), np.float64(5.008667283984167)]
8  	1024  	7.88023	8  	14.5742	5.00867	1024  	2.83618	0.941803	182.184	8  	205.086	177.69 	1024  	3.8863 	0.941803
[gen 9] z*: [np.float64(177.6902961025139), np.float64(5.008667283984167)]
9  	1024  	7.88023	9  	14.5742	5.00867	1024  	2.83618	1.10421 	182.184	9  	205.086	177.69 	1024  	3.8863 	1.10421 
[gen 10] z*: [np.float64(177.6902961025139), np.float64(5.008667283984167)]
10 	1024  	7.88023	10 	14.5742	5.00867	1024  	2.83618	1.20419 	182.184	10 	205.086	177.69 	1024  	3.8863 	1.20419 
[gen 11] z*: [np.float64(177.6902961025139), np.float64(5.008667283984167)]
11 	1024  	7.88023	11 	14.5742	5.00867	1024  	2.83618	1.22028 	182.184	11 	205.086	177.69 	1024  	3.8863 	1.22028 
[gen 12] z*: [np.float64(177.6902961025139), np.float64(5.008667283984167)]
12 	1024  	7.91337	12 	24.2603	5.00867	1024  	2.95842	1.11527 	182.184	12 	205.086	177.69 	1024  	3.8864 	1.11527 
[gen 13] z*: [np.float64(177.6902961025139), np.float64(5.008667283984167)]
13 	1024  	7.91337	13 	24.2603	5.00867	1024  	2.95842	1.14359 	182.184	13 	205.086	177.69 	1024  	3.8864 	1.14359 
[gen 14] z*: [np.float64(177.6902961025139), np.float64(5.008667283984167)]
14 	1024  	7.91337	14 	24.2603	5.00867	1024  	2.95842	1.11774 	182.184	14 	205.086	177.69 	1024  	3.8864 	1.11774 
[gen 15] z*: [np.float64(177.6902961025139), np.float64(5.008667283984167)]
15 	1024  	7.91337	15 	24.2603	5.00867	1024  	2.95842	1.15264 	182.184	15 	205.086	177.69 	1024  	3.8864 	1.15264 
[gen 16] z*: [np.float64(177.6902961025139), np.float64(5.008667283984167)]
16 	1024  	7.91337	16 	24.2603	5.00867	1024  	2.95842	1.10522 	182.184	16 	205.086	177.69 	1024  	3.8864 	1.10522 
[gen 17] z*: [np.float64(177.6902961025139), np.float64(5.008667283984167)]
17 	1024  	7.91337	17 	24.2603	5.00867	1024  	2.95842	1.00202 	182.184	17 	205.086	177.69 	1024  	3.8864 	1.00202 
[gen 18] z*: [np.float64(177.6902961025139), np.float64(5.008667283984167)]
18 	1024  	10.919 	18 	16.8906	5.00867	1024  	4.77648	1.00358 	179.487	18 	205.086	172.834	1024  	5.76238	1.00358 
[gen 19] z*: [np.float64(172.834098723679), np.float64(5.008667283984167)]
19 	1024  	10.8016	19 	16.8386	5.00867	1024  	4.50635	0.841308	179.636	19 	205.086	173.094	1024  	5.51108	0.841308
[gen 20] z*: [np.float64(173.09442007690865), np.float64(5.008667283984167)]
20 	1024  	10.5263	20 	16.8386	5.00867	1024  	3.8632 	0.831025	179.153	20 	205.086	173.094	1024  	4.81734	0.831025
[gen 21] z*: [np.float64(173.09442007690865), np.float64(5.008667283984167)]
21 	1024  	10.3144	21 	12.4974	5.00867	1024  	2.19309	0.84204 	168.884	21 	205.086	162.143	1024  	9.15457	0.84204 
[gen 22] z*: [np.float64(162.14279727705917), np.float64(5.008667283984167)]
22 	1024  	10.3144	22 	12.4974	5.00867	1024  	2.19309	1.28324 	168.884	22 	205.086	162.143	1024  	9.15457	1.28324 
[gen 23] z*: [np.float64(162.14279727705917), np.float64(5.008667283984167)]
23 	1024  	10.3144	23 	12.4974	5.00867	1024  	2.19309	1.11878 	168.884	23 	205.086	162.143	1024  	9.15457	1.11878 
[gen 24] z*: [np.float64(162.14279727705917), np.float64(5.008667283984167)]
24 	1024  	10.3144	24 	12.4974	5.00867	1024  	2.19309	0.890424	168.884	24 	205.086	162.143	1024  	9.15457	0.890424
[gen 25] z*: [np.float64(162.14279727705917), np.float64(5.008667283984167)]
25 	1024  	2.29028	25 	12.4588	0.558841	1024  	3.34966	0.718937	164.956	25 	187.864	162.151	1024  	3.10288	0.718937
[gen 26] z*: [np.float64(162.15121857207578), np.float64(0.5588413197608527)]
26 	1024  	2.29028	26 	12.4588	0.558841	1024  	3.34966	0.778553	164.956	26 	187.864	162.151	1024  	3.10288	0.778553
[gen 27] z*: [np.float64(162.15121857207578), np.float64(0.5588413197608527)]
27 	1024  	2.30027	27 	12.4588	0.558841	1024  	3.35312	0.878085	164.955	27 	187.864	162.151	1024  	3.10064	0.878085
[gen 28] z*: [np.float64(162.15121857207578), np.float64(0.5588413197608527)]
28 	1024  	2.30027	28 	12.4588	0.558841	1024  	3.35312	1.14112 	164.955	28 	187.864	162.151	1024  	3.10064	1.14112 
[gen 29] z*: [np.float64(162.15121857207578), np.float64(0.5588413197608527)]
29 	1024  	2.30027	29 	12.4588	0.558841	1024  	3.35312	1.05992 	164.955	29 	187.864	162.151	1024  	3.10064	1.05992 
[gen 30] z*: [np.float64(162.15121857207578), np.float64(0.5588413197608527)]
30 	1024  	2.30027	30 	12.4588	0.558841	1024  	3.35312	0.977803	164.955	30 	187.864	162.151	1024  	3.10064	0.977803
[gen 31] z*: [np.float64(162.15121857207578), np.float64(0.5588413197608527)]
31 	1024  	2.30027	31 	12.4588	0.558841	1024  	3.35312	0.902676	164.955	31 	187.864	162.151	1024  	3.10064	0.902676
[gen 32] z*: [np.float64(162.15121857207578), np.float64(0.5588413197608527)]
32 	1024  	2.30027	32 	12.4588	0.558841	1024  	3.35312	0.894101	164.955	32 	187.864	162.151	1024  	3.10064	0.894101
[gen 33] z*: [np.float64(162.15121857207578), np.float64(0.5588413197608527)]
33 	1024  	2.54472	33 	12.4588	0.558841	1024  	3.24676	0.865916	164.868	33 	187.864	162.265	1024  	3.02635	0.865916
[gen 34] z*: [np.float64(162.26456306013), np.float64(0.5588413197608527)]
34 	1024  	2.55132	34 	12.4588	0.558841	1024  	3.24458	0.755534	164.867	34 	187.864	162.265	1024  	3.02335	0.755534
[gen 35] z*: [np.float64(162.26456306013), np.float64(0.5588413197608527)]
35 	1024  	2.55132	35 	12.4588	0.558841	1024  	3.24458	1.25656 	164.867	35 	187.864	162.265	1024  	3.02335	1.25656 
[gen 36] z*: [np.float64(162.26456306013), np.float64(0.5588413197608527)]
36 	1024  	2.55132	36 	12.4588	0.558841	1024  	3.24458	1.45121 	164.867	36 	187.864	162.265	1024  	3.02335	1.45121 
[gen 37] z*: [np.float64(162.26456306013), np.float64(0.5588413197608527)]
37 	1024  	2.55132	37 	12.4588	0.558841	1024  	3.24458	1.52089 	164.867	37 	187.864	162.265	1024  	3.02335	1.52089 
[gen 38] z*: [np.float64(162.26456306013), np.float64(0.5588413197608527)]
38 	1024  	2.55132	38 	12.4588	0.558841	1024  	3.24458	1.43708 	164.867	38 	187.864	162.265	1024  	3.02335	1.43708 
[gen 39] z*: [np.float64(162.26456306013), np.float64(0.5588413197608527)]
39 	1024  	2.55132	39 	12.4588	0.558841	1024  	3.24458	1.30292 	164.867	39 	187.864	162.265	1024  	3.02335	1.30292 
[gen 40] z*: [np.float64(162.26456306013), np.float64(0.5588413197608527)]
40 	1024  	2.55132	40 	12.4588	0.558841	1024  	3.24458	1.18056 	164.867	40 	187.864	162.265	1024  	3.02335	1.18056 
[gen 41] z*: [np.float64(162.26456306013), np.float64(0.5588413197608527)]
41 	1024  	2.55132	41 	12.4588	0.558841	1024  	3.24458	0.904329	164.867	41 	187.864	162.265	1024  	3.02335	0.904329
[gen 42] z*: [np.float64(162.26456306013), np.float64(0.5588413197608527)]
42 	1024  	2.56004	42 	12.4588	0.558841	1024  	3.24534	0.787137	164.866	42 	187.864	162.265	1024  	3.02098	0.787137
[gen 43] z*: [np.float64(162.26456306013), np.float64(0.5588413197608527)]
43 	1024  	2.56004	43 	12.4588	0.558841	1024  	3.24534	1.34906 	164.866	43 	187.864	162.265	1024  	3.02098	1.34906 
[gen 44] z*: [np.float64(162.26456306013), np.float64(0.5588413197608527)]
44 	1024  	2.56004	44 	12.4588	0.558841	1024  	3.24534	1.3632  	164.866	44 	187.864	162.265	1024  	3.02098	1.3632  
[gen 45] z*: [np.float64(162.26456306013), np.float64(0.5588413197608527)]
45 	1024  	2.56004	45 	12.4588	0.558841	1024  	3.24534	1.33157 	164.866	45 	187.864	162.265	1024  	3.02098	1.33157 
[gen 46] z*: [np.float64(162.26456306013), np.float64(0.5588413197608527)]
46 	1024  	2.56004	46 	12.4588	0.558841	1024  	3.24534	1.25752 	164.866	46 	187.864	162.265	1024  	3.02098	1.25752 
[gen 47] z*: [np.float64(162.26456306013), np.float64(0.5588413197608527)]
47 	1024  	2.56004	47 	12.4588	0.558841	1024  	3.24534	1.25443 	164.866	47 	187.864	162.265	1024  	3.02098	1.25443 
[gen 48] z*: [np.float64(162.26456306013), np.float64(0.5588413197608527)]
48 	1024  	2.56004	48 	12.4588	0.558841	1024  	3.24534	1.23956 	164.866	48 	187.864	162.265	1024  	3.02098	1.23956 
[gen 49] z*: [np.float64(162.26456306013), np.float64(0.5588413197608527)]
49 	1024  	2.56004	49 	12.4588	0.558841	1024  	3.24534	1.12364 	164.866	49 	187.864	162.265	1024  	3.02098	1.12364 
[gen 50] z*: [np.float64(162.26456306013), np.float64(0.5588413197608527)]
50 	1024  	2.56004	50 	12.4588	0.558841	1024  	3.24534	1.04255 	164.866	50 	187.864	162.265	1024  	3.02098	1.04255 
[gen 51] z*: [np.float64(162.26456306013), np.float64(0.5588413197608527)]
51 	1024  	2.56004	51 	12.4588	0.558841	1024  	3.24534	0.861597	164.866	51 	187.864	162.265	1024  	3.02098	0.861597
[gen 52] z*: [np.float64(162.26456306013), np.float64(0.5588413197608527)]
52 	1024  	2.56004	52 	12.4588	0.558841	1024  	3.24534	0.839941	164.866	52 	187.864	162.265	1024  	3.02098	0.839941
[gen 53] z*: [np.float64(162.26456306013), np.float64(0.5588413197608527)]
53 	1024  	2.60428	53 	12.4588	0.558841	1024  	3.23193	0.78885 	164.83 	53 	187.864	162.265	1024  	2.99901	0.78885 
[gen 54] z*: [np.float64(162.26456306013), np.float64(0.5588413197608527)]
54 	1024  	2.60406	54 	12.4588	0.558841	1024  	3.23159	0.817295	164.834	54 	187.864	162.265	1024  	2.99941	0.817295
[gen 55] z*: [np.float64(162.26456306013), np.float64(0.5588413197608527)]
55 	1024  	2.60406	55 	12.4588	0.558841	1024  	3.23159	1.0324  	164.834	55 	187.864	162.265	1024  	2.99941	1.0324  
[gen 56] z*: [np.float64(162.26456306013), np.float64(0.5588413197608527)]
56 	1024  	2.60262	56 	12.4588	0.558841	1024  	3.22973	0.891368	164.834	56 	187.864	162.265	1024  	2.99942	0.891368
[gen 57] z*: [np.float64(162.26456306013), np.float64(0.5588413197608527)]
57 	1024  	2.60262	57 	12.4588	0.558841	1024  	3.22973	0.822383	164.834	57 	187.864	162.265	1024  	2.99942	0.822383
[gen 58] z*: [np.float64(162.26456306013), np.float64(0.5588413197608527)]
58 	1024  	2.60262	58 	12.4588	0.558841	1024  	3.22973	0.986927	164.834	58 	187.864	162.265	1024  	2.99942	0.986927
[gen 59] z*: [np.float64(162.26456306013), np.float64(0.5588413197608527)]
59 	1024  	2.60262	59 	12.4588	0.558841	1024  	3.22973	0.910594	164.834	59 	187.864	162.265	1024  	2.99942	0.910594
[gen 60] z*: [np.float64(162.26456306013), np.float64(0.5588413197608527)]
60 	1024  	2.60262	60 	12.4588	0.558841	1024  	3.22973	1.13369 	164.834	60 	187.864	162.265	1024  	2.99942	1.13369 
[gen 61] z*: [np.float64(162.26456306013), np.float64(0.5588413197608527)]
61 	1024  	2.60262	61 	12.4588	0.558841	1024  	3.22973	1.0737  	164.834	61 	187.864	162.265	1024  	2.99942	1.0737  
[gen 62] z*: [np.float64(162.26456306013), np.float64(0.5588413197608527)]
62 	1024  	2.60262	62 	12.4588	0.558841	1024  	3.22973	1.10726 	164.834	62 	187.864	162.265	1024  	2.99942	1.10726 
[gen 63] z*: [np.float64(162.26456306013), np.float64(0.5588413197608527)]
63 	1024  	2.60262	63 	12.4588	0.558841	1024  	3.22973	1.03076 	164.834	63 	187.864	162.265	1024  	2.99942	1.03076 
[gen 64] z*: [np.float64(162.26456306013), np.float64(0.5588413197608527)]
64 	1024  	2.60262	64 	12.4588	0.558841	1024  	3.22973	1.02841 	164.834	64 	187.864	162.265	1024  	2.99942	1.02841 
[gen 65] z*: [np.float64(162.26456306013), np.float64(0.5588413197608527)]
65 	1024  	2.60262	65 	12.4588	0.558841	1024  	3.22973	1.01598 	164.834	65 	187.864	162.265	1024  	2.99942	1.01598 
[gen 66] z*: [np.float64(162.26456306013), np.float64(0.5588413197608527)]
66 	1024  	2.60262	66 	12.4588	0.558841	1024  	3.22973	1.03234 	164.834	66 	187.864	162.265	1024  	2.99942	1.03234 
[gen 67] z*: [np.float64(162.26456306013), np.float64(0.5588413197608527)]
67 	1024  	2.60262	67 	12.4588	0.558841	1024  	3.22973	1.21569 	164.834	67 	187.864	162.265	1024  	2.99942	1.21569 
[gen 68] z*: [np.float64(162.26456306013), np.float64(0.5588413197608527)]
68 	1024  	2.60262	68 	12.4588	0.558841	1024  	3.22973	1.52168 	164.834	68 	187.864	162.265	1024  	2.99942	1.52168 
[gen 69] z*: [np.float64(162.26456306013), np.float64(0.5588413197608527)]
69 	1024  	2.60262	69 	12.4588	0.558841	1024  	3.22973	1.36065 	164.834	69 	187.864	162.265	1024  	2.99942	1.36065 
[gen 69] Wrote all fronts to ./results/training/20250905-1943/nsw_Bitbrains_3OS_MOEA-D_core_40_run_0_gen_69_fronts.json
