
Due to MODULEPATH changes, the following have been reloaded:
  1) libfabric/1.19.0

The following have been reloaded with a version change:
  1) hwloc/2.7.2 => hwloc/2.9.2

CPU count: 40
   	      	                     communication                     	                         energy                        
   	      	-------------------------------------------------------	-------------------------------------------------------
gen	nevals	avg    	gen	max   	min    	nevals	std    	time   	avg    	gen	max    	min    	nevals	std   	time   
0  	1024  	91.4688	0  	92.751	79.6639	1024  	1.07808	1.15779	226.481	0  	268.559	206.774	1024  	13.512	1.15779
1  	1024  	36.4694	1  	38.0604	27.5092	1024  	1.25164	2.33664	191.583	1  	223.496	183.589	1024  	6.28634	2.33664
2  	1024  	102.514	2  	109.337	87.1666	1024  	5.97361	2.70042	214.559	2  	254.651	208.826	1024  	6.72693	2.70042
3  	1024  	51.7398	3  	54.2077	43.2533	1024  	1.70898	2.58419	197.473	3  	241.151	192.815	1024  	6.71045	2.58419
4  	1024  	62.7869	4  	66.2498	54.3464	1024  	1.89381	2.52244	213.147	4  	238.969	210.151	1024  	4.49906	2.52244
5  	1024  	44.5821	5  	47.3424	35.754 	1024  	2.5203 	2.23962	191.771	5  	209.743	189.308	1024  	3.47106	2.23962
6  	1024  	5.99191	6  	6.55196	4.7749 	1024  	0.546643	1.54417	180.395	6  	193.189	177.83 	1024  	3.48487	1.54417
7  	1024  	11.8808	7  	14.4948	8.84842	1024  	1.62379 	1.49087	182.754	7  	196.429	179.851	1024  	3.83391	1.49087
8  	1024  	11.4724	8  	12.8666	9.72435	1024  	0.808707	1.62536	186.889	8  	198.936	182.792	1024  	4.00559	1.62536
9  	1024  	34.8705	9  	41.0013	31.9886	1024  	2.41388 	1.96387	192.062	9  	205.82 	187.447	1024  	4.12182	1.96387
10 	1024  	54.4105	10 	64.7399	42.7171	1024  	4.35917 	2.17152	193.739	10 	207.623	191.532	1024  	2.53966	2.17152
11 	1024  	43.6754	11 	47.3198	38.7515	1024  	2.38865 	2.23321	197.671	11 	213.657	195.531	1024  	2.96249	2.23321
12 	1024  	21.6616	12 	24.7669	18.2216	1024  	1.87246 	2.01423	183.71 	12 	197.979	181.198	1024  	3.34314	2.01423
13 	1024  	33.6039	13 	38.8516	28.9467	1024  	2.61453 	2.03821	190.608	13 	205.028	187.046	1024  	3.72683	2.03821
14 	1024  	27.724 	14 	32.5545	22.8388	1024  	2.59707 	2.05258	192.51 	14 	206.899	189.748	1024  	3.155  	2.05258
15 	1024  	40.8421	15 	46.3316	35.5683	1024  	2.99841 	2.04458	192.616	15 	209.734	190.271	1024  	2.82419	2.04458
16 	1024  	68.4155	16 	73.6335	56.524 	1024  	3.62409 	1.99833	183.222	16 	199.8  	181.395	1024  	3.08837	1.99833
17 	1024  	22.3424	17 	24.8814	19.0606	1024  	1.60546 	1.76071	192.737	17 	207.818	190.917	1024  	2.68414	1.76071
18 	1024  	13.9329	18 	16.7511	8.63706	1024  	2.45071 	1.74838	175    	18 	189.65 	172.762	1024  	3.30016	1.74838
19 	1024  	14.088 	19 	15.3432	12.3793	1024  	0.94741 	1.52769	177.631	19 	190.392	174.18 	1024  	4.1632 	1.52769
20 	1024  	8.68838	20 	11.9517	5.70537	1024  	1.79694 	1.50613	179.391	20 	195.313	176.675	1024  	3.85321	1.50613
21 	1024  	10.5123	21 	12.5768	8.54635	1024  	1.23479 	1.49965	166.23 	21 	178.537	162.016	1024  	4.62772	1.49965
22 	1024  	39.1162	22 	47.2212	32.104 	1024  	4.38362 	2.24803	197.582	22 	211.682	195.124	1024  	2.68332	2.24803
23 	1024  	35.0976	23 	41.9849	27.9374	1024  	4.25807 	2.04288	191.985	23 	204.273	188.916	1024  	3.48209	2.04288
24 	1024  	31.4173	24 	34.2493	27.6783	1024  	1.7687  	1.60318	176.596	24 	190.371	172.975	1024  	3.95187	1.60318
25 	1024  	0.835774	25 	1.11741	0.558841	1024  	0.203904	1.32725	166.429	25 	180.177	162.821	1024  	4.99499	1.32725
26 	1024  	4.55528 	26 	5.73745	3.70299 	1024  	0.603167	1.43105	182.23 	26 	190.109	178.585	1024  	4.02595	1.43105
27 	1024  	5.8447  	27 	7.228  	4.24977 	1024  	0.922044	1.60335	175.981	27 	187.71 	172.051	1024  	4.29637	1.60335
28 	1024  	31.5214 	28 	36.9567	24.5986 	1024  	4.21282 	2.0585 	181.096	28 	186.39 	178.792	1024  	2.96708	2.0585 
29 	1024  	53.5142 	29 	59.3681	49.0707 	1024  	3.45935 	1.95116	197.341	29 	210.932	194.611	1024  	3.16927	1.95116
30 	1024  	33.037  	30 	39.0307	26.377  	1024  	3.53012 	1.82346	188.429	30 	202.187	185.44 	1024  	3.34682	1.82346
31 	1024  	13.0605 	31 	16.5644	10.1637 	1024  	1.93561 	1.65168	173.425	31 	184.758	169.308	1024  	4.09101	1.65168
32 	1024  	28.8536 	32 	30.5702	27.7596 	1024  	0.830363	1.61657	174.126	32 	184.251	169.483	1024  	3.94976	1.61657
33 	1024  	6.23365 	33 	8.02564	4.79858 	1024  	0.968695	1.61307	168.35 	33 	189.65 	162.96 	1024  	4.12942	1.61307
34 	1024  	1.63893 	34 	1.96481	1.27174 	1024  	0.142332	1.41842	179.174	34 	199.329	173.166	1024  	4.81005	1.41842
35 	1024  	23.9315 	35 	29.525 	21.5259 	1024  	2.88593 	2.30505	198.655	35 	211.125	193.17 	1024  	4.27354	2.30505
36 	1024  	81.9404 	36 	109.198	75.1821 	1024  	11.3933 	3.03069	211.101	36 	225.972	207.176	1024  	2.52773	3.03069
37 	1024  	129.296 	37 	147.778	115.275 	1024  	7.09616 	3.20984	207.913	37 	224.227	204.026	1024  	3.38879	3.20984
38 	1024  	59.6418 	38 	70.8314	54.2142 	1024  	3.83185 	2.69005	202.265	38 	222.65 	198.077	1024  	2.96844	2.69005
39 	1024  	40.0503 	39 	49.6414	36.3643 	1024  	3.95893 	2.28376	193.853	39 	197.174	188.898	1024  	3.43989	2.28376
40 	1024  	81.4894 	40 	97.5191	64.1228 	1024  	9.14399 	2.19317	205.626	40 	222.567	201.494	1024  	3.69784	2.19317
41 	1024  	21.4533 	41 	25.4286	19.7044 	1024  	1.71891 	1.59418	186.031	41 	196.286	181.791	1024  	2.82104	1.59418
42 	1024  	2.61892 	42 	3.99211	2.41567 	1024  	0.243407	1.53156	180.224	42 	188.409	173.574	1024  	3.06289	1.53156
43 	1024  	75.1919 	43 	85.007 	70.7309 	1024  	3.91254 	2.5427 	205.628	43 	220.874	201.349	1024  	3.30567	2.5427 
44 	1024  	44.1325 	44 	57.8668	41.4848 	1024  	4.71824 	2.64148	215.417	44 	228.822	209.931	1024  	2.53655	2.64148
45 	1024  	65.9976 	45 	76.3969	63.5862 	1024  	3.20189 	2.46858	205.114	45 	218.166	199.45 	1024  	3.01762	2.46858
46 	1024  	58.1893 	46 	71.7164	49.0319 	1024  	7.0147  	2.28033	196.592	46 	217.306	192.083	1024  	3.9267 	2.28033
47 	1024  	50.4201 	47 	59.7067	45.0321 	1024  	4.89517 	2.2727 	197.698	47 	202.221	192.65 	1024  	3.91288	2.2727 
48 	1024  	37.1436 	48 	45.6599	32.2162 	1024  	4.01192 	2.29551	202.869	48 	207.021	199.658	1024  	3.1992 	2.29551
49 	1024  	46.001  	49 	51.573 	37.6386 	1024  	3.87943 	2.11393	194.248	49 	208.234	191.67 	1024  	2.8543 	2.11393
50 	1024  	44.6505 	50 	49.802 	40.1269 	1024  	1.68638 	1.79892	177.873	50 	192.333	174.648	1024  	3.5441 	1.79892
51 	1024  	9.43123 	51 	11.7437	8.13119 	1024  	0.840028	1.50197	182.492	51 	190.477	179.579	1024  	3.77225	1.50197
52 	1024  	12.6607 	52 	16.0809	9.21891 	1024  	1.4124  	1.52329	173.498	52 	189.041	170.403	1024  	3.82825	1.52329
53 	1024  	5.46617 	53 	8.27684	3.66232 	1024  	1.34471 	1.41971	167.139	53 	180.755	163.009	1024  	5.01316	1.41971
54 	1024  	6.38326 	54 	8.76913	5.30624 	1024  	0.896449	1.52254	168.498	54 	181.786	164.735	1024  	4.44824	1.52254
55 	1024  	39.3384 	55 	50.0113	31.8296 	1024  	5.10933 	1.81513	184.784	55 	196.455	180.614	1024  	3.28571	1.81513
56 	1024  	6.90505 	56 	9.60707	5.29642 	1024  	1.57129 	1.68166	171.792	56 	181.824	166.712	1024  	4.57527	1.68166
57 	1024  	30.0343 	57 	31.7012	29.014  	1024  	0.828679	1.53864	167.024	57 	173.437	164.428	1024  	3.1577 	1.53864
58 	1024  	192.017 	58 	222.797	171.571 	1024  	8.9711  	1.7419 	180.59 	58 	193.959	179.505	1024  	1.96889	1.7419 
59 	1024  	12.2685 	59 	14.5462	9.08454 	1024  	1.41208 	1.55804	173.327	59 	187.921	171.534	1024  	2.86392	1.55804
60 	1024  	31.2016 	60 	34.5768	21.9243 	1024  	2.54547 	2.00795	187.655	60 	203.064	186.671	1024  	2.15402	2.00795
61 	1024  	72.831  	61 	76.2062	67.0546 	1024  	2.20406 	1.87649	193.244	61 	208.662	191.723	1024  	2.43581	1.87649
62 	1024  	38.0962 	62 	42.357 	30.9747 	1024  	3.4255  	1.92579	184.965	62 	200.513	183.739	1024  	2.44256	1.92579
63 	1024  	76.0187 	63 	91.1461	56.7631 	1024  	14.4437 	1.84075	192.228	63 	208.359	190.873	1024  	2.52695	1.84075
64 	1024  	30.1425 	64 	34.1526	25.2101 	1024  	2.6615  	1.75888	193.443	64 	210.437	192.388	1024  	2.15287	1.75888
65 	1024  	66.3035 	65 	93.1306	57.0484 	1024  	6.31505 	1.77446	181.871	65 	189.964	181.604	1024  	0.767323	1.77446
66 	1024  	22.9104 	66 	25.8319	18.8686 	1024  	1.67285 	1.84375	190.843	66 	203.761	190.357	1024  	1.20133 	1.84375
67 	1024  	35.9705 	67 	39.8578	30.5916 	1024  	2.08998 	2.15709	185.012	67 	200.32 	184.364	1024  	1.88131 	2.15709
68 	1024  	70.6918 	68 	81.9423	58.5856 	1024  	7.20224 	2.53039	201.013	68 	212.982	200.37 	1024  	1.61794 	2.53039
69 	1024  	93.4485 	69 	105.764	75.9038 	1024  	10.1243 	2.07049	201.888	69 	212.4  	201.281	1024  	1.47182 	2.07049
[gen 69] Wrote all fronts to ./results/training/20250905-1944/nsw_Bitbrains_3OS_NSGP2_core_40_run_0_gen_69_fronts.json
