
Due to MODULEPATH changes, the following have been reloaded:
  1) libfabric/1.19.0

The following have been reloaded with a version change:
  1) hwloc/2.7.2 => hwloc/2.9.2

CPU count: 40
   	      	                     communication                     	                         energy                        
   	      	-------------------------------------------------------	-------------------------------------------------------
gen	nevals	avg  	gen	max   	min    	nevals	std    	time   	avg    	gen	max    	min    	nevals	std    	time   
0  	1024  	91.46	0  	92.751	79.6639	1024  	1.14101	1.11719	225.875	0  	267.618	206.586	1024  	13.2705	1.11719
1  	1024  	90.6022	1  	92.6359	79.6639	1024  	1.30959	2.2023 	217.416	1  	247.347	206.586	1024  	8.36228	2.2023 
2  	1024  	89.9248	2  	92.1027	79.6639	1024  	1.67516	2.2379 	214.574	2  	247.347	206.586	1024  	7.96126	2.2379 
3  	1024  	89.3936	3  	92.1027	79.6639	1024  	2.14461	2.2318 	211.524	3  	247.347	206.586	1024  	6.26721	2.2318 
4  	1024  	88.8379	4  	91.956 	73.4022	1024  	2.6672 	2.18053	210.178	4  	247.347	206.586	1024  	5.70017	2.18053
5  	1024  	88.2278	5  	91.956 	73.4022	1024  	3.16571	2.01591	209.982	5  	234.464	206.581	1024  	5.36234	2.01591
6  	1024  	87.8139	6  	91.834 	73.4022	1024  	3.57437	2.06342	209.482	6  	229.064	206.581	1024  	4.38921	2.06342
7  	1024  	87.175 	7  	91.834 	73.4022	1024  	3.887  	2.02961	209.486	7  	227.707	206.581	1024  	4.43472	2.02961
8  	1024  	86.2883	8  	91.4099	73.4022	1024  	4.10091	2.07197	209.909	8  	229.772	206.581	1024  	5.02722	2.07197
9  	1024  	85.5254	9  	91.1005	73.4022	1024  	4.34125	1.97033	210.277	9  	227.707	206.581	1024  	5.39707	1.97033
10 	1024  	85.1906	10 	90.8814	73.4022	1024  	4.52423	1.99318	209.644	10 	227.704	206.581	1024  	3.88746	1.99318
11 	1024  	85.4268	11 	91.0913	73.4022	1024  	4.39195	2.05299	208.793	11 	226.574	206.581	1024  	2.92679	2.05299
12 	1024  	85.2485	12 	91.4683	73.4022	1024  	4.57166	2.08617	208.571	12 	229.844	206.509	1024  	2.76624	2.08617
13 	1024  	85.3659	13 	91.4683	73.4022	1024  	4.64693	2.02878	208.168	13 	223.607	206.501	1024  	2.24924	2.02878
14 	1024  	85.5681	14 	91.4683	73.3339	1024  	4.80924	2.00552	207.851	14 	223.607	206.493	1024  	2.0244 	2.00552
15 	1024  	84.3269	15 	91.4683	72.7936	1024  	4.94479	1.95655	208.051	15 	228.983	206.485	1024  	2.01936	1.95655
16 	1024  	83.6724	16 	91.857 	72.7936	1024  	5.26224	1.91515	208.126	16 	228.983	206.483	1024  	2.22171	1.91515
17 	1024  	83.7354	17 	91.857 	72.7936	1024  	5.53035	1.95819	208.197	17 	228.983	206.483	1024  	2.59653	1.95819
18 	1024  	82.8408	18 	91.857 	72.7936	1024  	5.82992	2.01596	208.541	18 	228.983	206.483	1024  	2.95844	2.01596
19 	1024  	82.654 	19 	91.857 	72.7877	1024  	6.16847	2.11905	208.6  	19 	229.291	206.479	1024  	2.96037	2.11905
20 	1024  	82.8325	20 	91.4683	72.7877	1024  	6.03012	2.00667	208.244	20 	229.291	206.472	1024  	2.55274	2.00667
21 	1024  	82.7675	21 	91.4683	72.7877	1024  	6.34471	2.05279	208.38 	21 	229.291	206.472	1024  	2.81112	2.05279
22 	1024  	83.3054	22 	91.4683	71.9044	1024  	6.7464 	1.99203	208.389	22 	229.291	206.472	1024  	3.01592	1.99203
23 	1024  	84.1012	23 	91.4683	71.9044	1024  	6.52947	2.12507	207.923	23 	229.398	206.447	1024  	2.79752	2.12507
24 	1024  	84.3101	24 	91.4683	71.9044	1024  	6.67242	2.04155	207.953	24 	229.451	206.447	1024  	3.02409	2.04155
25 	1024  	84.2818	25 	91.4683	71.9044	1024  	6.60217	2.037  	207.62 	25 	229.25 	206.429	1024  	2.06963	2.037  
26 	1024  	83.0612	26 	91.4683	71.9044	1024  	6.81539	2.12048	207.753	26 	216.258	206.429	1024  	1.86384	2.12048
27 	1024  	83.225 	27 	91.4683	71.9044	1024  	6.80371	2.05511	207.717	27 	216.177	206.393	1024  	1.95919	2.05511
28 	1024  	83.1648	28 	91.4683	71.9044	1024  	7.09883	1.97133	207.841	28 	216.177	206.375	1024  	2.26376	1.97133
29 	1024  	82.1777	29 	91.2583	71.9044	1024  	6.75245	2.01715	207.81 	29 	216.169	206.375	1024  	1.98617	2.01715
30 	1024  	82.2609	30 	91.3261	71.8959	1024  	6.7948 	2.01601	207.72 	30 	216.102	206.375	1024  	1.79902	2.01601
31 	1024  	81.5272	31 	91.3261	71.8959	1024  	7.2089 	1.96169	207.863	31 	216.095	206.374	1024  	1.8203 	1.96169
32 	1024  	80.9078	32 	91.3452	71.8959	1024  	7.01502	1.9623 	207.84 	32 	216.095	206.374	1024  	1.80492	1.9623 
33 	1024  	79.4861	33 	91.4266	71.8959	1024  	6.63016	2.09094	208.019	33 	216.095	206.374	1024  	1.83704	2.09094
34 	1024  	79.0165	34 	91.1479	71.8959	1024  	6.33347	2.02885	208.035	34 	216.089	206.364	1024  	1.82957	2.02885
35 	1024  	77.9171	35 	91.733 	71.8959	1024  	6.00518	2.14373	208.181	35 	216.089	206.331	1024  	1.79929	2.14373
36 	1024  	77.2679	36 	91.733 	71.8959	1024  	5.88784	2.03011	208.373	36 	216.089	206.331	1024  	1.91767	2.03011
37 	1024  	77.4912	37 	91.733 	71.8959	1024  	5.83316	1.90459	208.225	37 	216.089	206.331	1024  	2.00727	1.90459
38 	1024  	76.9445	38 	91.733 	71.8959	1024  	5.79349	2.05739	208.364	38 	229.196	206.331	1024  	2.20951	2.05739
39 	1024  	76.8212	39 	91.733 	71.8959	1024  	5.51325	2.02541	208.198	39 	229.196	206.331	1024  	2.19641	2.02541
40 	1024  	76.0379	40 	91.733 	71.8959	1024  	4.79848	2.12054	208.25 	40 	216.459	206.311	1024  	2.27434	2.12054
41 	1024  	76.1996	41 	91.733 	71.8959	1024  	5.0151 	1.98484	207.994	41 	216.15 	206.311	1024  	1.92659	1.98484
42 	1024  	75.64  	42 	91.3656	71.8361	1024  	4.6075 	2.00514	208.072	42 	216.382	206.311	1024  	1.98627	2.00514
43 	1024  	76.1359	43 	91.3656	71.8361	1024  	5.01025	1.9443 	208.283	43 	216.382	206.311	1024  	2.35805	1.9443 
44 	1024  	76.5687	44 	91.3656	71.8361	1024  	5.29097	2.00311	208.088	44 	216.382	206.311	1024  	1.99469	2.00311
45 	1024  	77.5983	45 	91.3656	71.8361	1024  	5.97629	2.01041	208.395	45 	216.382	206.311	1024  	2.45953	2.01041
46 	1024  	77.8064	46 	91.3656	71.8361	1024  	6.06938	1.93871	208.205	46 	216.382	206.311	1024  	2.07945	1.93871
47 	1024  	77.4094	47 	91.3656	71.8361	1024  	5.82923	2.01072	208.247	47 	216.382	206.311	1024  	2.22641	2.01072
48 	1024  	77.1476	48 	91.3069	71.8361	1024  	5.82514	2.02552	208.348	48 	216.382	206.308	1024  	2.28534	2.02552
49 	1024  	76.2842	49 	91.3069	71.8361	1024  	5.63906	2.02669	208.684	49 	216.382	206.295	1024  	2.43262	2.02669
50 	1024  	76.0775	50 	91.3069	71.8361	1024  	5.73643	1.9499 	208.783	50 	216.382	206.295	1024  	2.36902	1.9499 
51 	1024  	76.8345	51 	91.3279	71.8361	1024  	6.10815	2.03244	208.783	51 	216.389	206.295	1024  	2.63167	2.03244
52 	1024  	76.8467	52 	91.4079	71.8361	1024  	6.16321	2.11949	208.909	52 	216.389	206.295	1024  	2.82158	2.11949
53 	1024  	75.6983	53 	91.4588	71.8361	1024  	5.1973 	2.0133 	209.155	53 	216.382	206.295	1024  	2.95365	2.0133 
54 	1024  	75.5428	54 	91.4588	71.8361	1024  	4.59761	2.0032 	209.262	54 	216.382	206.295	1024  	3.21217	2.0032 
55 	1024  	76.073 	55 	91.4588	71.8361	1024  	5.13339	1.9361 	209.371	55 	216.569	206.295	1024  	3.45785	1.9361 
56 	1024  	77.0254	56 	91.4588	71.8361	1024  	5.37857	2.08169	208.669	56 	216.209	206.295	1024  	3.06364	2.08169
57 	1024  	78.1221	57 	91.4588	71.8298	1024  	5.75952	2.01441	208.175	57 	216.209	206.295	1024  	2.79537	2.01441
58 	1024  	77.5622	58 	91.4588	71.8298	1024  	5.49091	2.06985	208.409	58 	216.209	206.293	1024  	2.95683	2.06985
59 	1024  	77.06  	59 	91.2064	71.8298	1024  	5.64331	2.06537	208.689	59 	216.209	206.293	1024  	3.09257	2.06537
60 	1024  	76.8361	60 	91.396 	71.8298	1024  	5.43223	2.00585	208.732	60 	216.209	206.293	1024  	3.0426 	2.00585
61 	1024  	77.8162	61 	91.396 	71.6021	1024  	5.62857	2.05959	208.118	61 	216.209	206.293	1024  	2.57384	2.05959
62 	1024  	77.899 	62 	91.1907	71.6021	1024  	5.75973	2.09902	207.705	62 	216.209	206.286	1024  	1.60098	2.09902
63 	1024  	78.1392	63 	91.1907	71.6021	1024  	5.95877	1.86922	207.682	63 	211.166	206.286	1024  	1.38938	1.86922
64 	1024  	79.5299	64 	91.1907	71.6021	1024  	6.08307	1.89884	207.517	64 	211.166	206.286	1024  	1.41574	1.89884
65 	1024  	77.3866	65 	91.9589	71.6021	1024  	5.99651	1.96933	207.947	65 	211.166	206.284	1024  	1.55232	1.96933
66 	1024  	77.6472	66 	91.9589	71.6021	1024  	6.35869	1.87955	208.091	66 	211.166	206.284	1024  	1.67581	1.87955
67 	1024  	77.0351	67 	91.9589	71.6021	1024  	6.37289	2.10758	208.466	67 	211.166	206.284	1024  	1.81082	2.10758
68 	1024  	75.682 	68 	91.9589	71.6021	1024  	5.90334	2.06847	208.762	68 	211.166	206.284	1024  	1.73838	2.06847
69 	1024  	75.7091	69 	91.9589	71.6021	1024  	5.52101	2.05173	208.521	69 	211.166	206.284	1024  	1.70021	2.05173
[gen 69] Wrote all fronts to ./results/training/20250905-1942/nsw_Bitbrains_3OS_NSGP2_core_40_run_0_gen_69_fronts.json
