
Due to MODULEPATH changes, the following have been reloaded:
  1) libfabric/1.19.0

The following have been reloaded with a version change:
  1) hwloc/2.7.2 => hwloc/2.9.2

CPU count: 40
   	      	                     communication                     	                         energy                        
   	      	-------------------------------------------------------	-------------------------------------------------------
gen	nevals	avg    	gen	max   	min    	nevals	std  	time   	avg    	gen	max    	min    	nevals	std    	time   
0  	1024  	91.4433	0  	92.751	79.6639	1024  	1.211	1.03808	227.856	0  	275.289	206.652	1024  	13.9325	1.03808
1  	1024  	36.342 	1  	38.0785	27.5092	1024  	1.39313	2.09968	192.976	1  	218.418	183.639	1024  	6.55039	2.09968
2  	1024  	102.302	2  	109.337	83.1424	1024  	6.49688	2.42873	215.357	2  	243.5  	208.829	1024  	6.48739	2.42873
3  	1024  	51.5578	3  	54.4208	43.2533	1024  	1.99861	2.32629	198.566	3  	230.606	192.805	1024  	5.7065 	2.32629
4  	1024  	62.61  	4  	66.2785	54.3464	1024  	2.33917	2.2853 	213.335	4  	237.616	210.139	1024  	3.28086	2.2853 
5  	1024  	44.2812	5  	47.9322	36.4223	1024  	2.81971	1.98288	192.401	5  	210.152	189.363	1024  	3.07861	1.98288
6  	1024  	5.88604	6  	6.55196	4.22075	1024  	0.574793	1.35632	181.206	6  	193.303	177.67 	1024  	3.76991	1.35632
7  	1024  	11.7685	7  	14.4422	8.58632	1024  	1.69684 	1.34174	183.229	7  	196.429	179.828	1024  	4.05616	1.34174
8  	1024  	11.6466	8  	13.0141	9.05007	1024  	0.970778	1.42607	186.097	8  	200.686	182.806	1024  	3.58435	1.42607
9  	1024  	35.6523	9  	41.0764	27.95  	1024  	2.96028 	1.70888	191.409	9  	196.931	187.326	1024  	3.61006	1.70888
10 	1024  	55.5689	10 	64.7399	44.22  	1024  	4.26532 	1.89743	193.645	10 	199.981	191.542	1024  	2.3797 	1.89743
11 	1024  	44.3144	11 	46.9052	39.3437	1024  	2.16331 	1.94415	197.443	11 	213.519	195.474	1024  	2.31549	1.94415
12 	1024  	21.9123	12 	24.596 	18.801 	1024  	1.99532 	1.73811	184.201	12 	189.18 	181.281	1024  	3.18215	1.73811
13 	1024  	34.1829	13 	37.6799	29.3115	1024  	2.76169 	1.83313	190.212	13 	204.131	187.07 	1024  	3.23065	1.83313
14 	1024  	27.2606	14 	32.2352	23.1539	1024  	2.77276 	1.78744	193.275	14 	206.342	189.753	1024  	3.16862	1.78744
15 	1024  	40.7182	15 	46.1677	34.0955	1024  	3.62493 	1.86116	192.667	15 	215.287	190.385	1024  	2.7677 	1.86116
16 	1024  	67.7226	16 	73.5209	54.9113	1024  	5.59031 	1.82821	183.308	16 	205.146	181.395	1024  	2.76654	1.82821
17 	1024  	22.6107	17 	24.5393	18.926 	1024  	1.63444 	1.56142	192.615	17 	200.875	191.003	1024  	2.25935	1.56142
18 	1024  	13.5082	18 	16.7511	8.85147	1024  	2.47544 	1.51815	175.052	18 	190.27 	172.815	1024  	3.20042	1.51815
19 	1024  	14.1947	19 	15.3432	12.1   	1024  	0.821315	1.33806	177.367	19 	190.338	174.149	1024  	3.91486	1.33806
20 	1024  	9.19462	20 	11.9083	5.7764 	1024  	1.79114 	1.31889	179.412	20 	191.114	176.608	1024  	3.3485 	1.31889
21 	1024  	10.9735	21 	12.5768	8.64461	1024  	1.00237 	1.30951	165.083	21 	178.247	162.063	1024  	3.99973	1.30951
22 	1024  	40.4827	22 	47.2212	33.1977	1024  	4.18756 	1.95412	197.291	22 	211.803	195.111	1024  	2.80731	1.95412
23 	1024  	35.379 	23 	41.734 	29.697 	1024  	4.21732 	1.80393	192.384	23 	206.617	188.917	1024  	3.89713	1.80393
24 	1024  	31.0593	24 	42.1763	28.6339	1024  	2.05306 	1.39421	178.491	24 	190.474	173.038	1024  	4.73683	1.39421
25 	1024  	0.905361	25 	1.11741	0.558841	1024  	0.164777	1.18754	165.935	25 	179.626	162.787	1024  	4.79172	1.18754
26 	1024  	4.717   	26 	5.73745	3.70299 	1024  	0.689954	1.24642	182.489	26 	193.869	178.541	1024  	4.55893	1.24642
27 	1024  	5.71401 	27 	7.228  	4.36418 	1024  	0.920693	1.38654	177.846	27 	187.719	172.087	1024  	4.83276	1.38654
28 	1024  	29.2476 	28 	36.9646	24.7952 	1024  	4.48632 	1.82669	183.349	28 	195.348	178.882	1024  	3.61408	1.82669
29 	1024  	53.2215 	29 	58.9923	47.3566 	1024  	3.62464 	1.74656	197.419	29 	209.569	194.601	1024  	3.18402	1.74656
30 	1024  	32.6508 	30 	39.4504	26.571  	1024  	2.95657 	1.59691	188.528	30 	193.841	185.452	1024  	3.24485	1.59691
31 	1024  	12.9629 	31 	16.5644	9.6459  	1024  	2.02538 	1.50802	173.069	31 	185.024	169.332	1024  	4.06621	1.50802
32 	1024  	29.0191 	32 	30.4548	27.503  	1024  	0.802972	1.3657 	173.992	32 	178.964	169.558	1024  	4.05534	1.3657 
33 	1024  	6.34329 	33 	7.91839	5.09227 	1024  	1.04569 	1.37564	167.699	33 	178.816	162.856	1024  	4.26119	1.37564
34 	1024  	1.763   	34 	1.96481	1.27174 	1024  	0.0783097	1.22776	177.419	34 	199.329	173.125	1024  	4.06456	1.22776
35 	1024  	25.8491 	35 	29.4854	21.5789 	1024  	2.29691  	1.95637	196.269	35 	211.129	193.296	1024  	3.74547	1.95637
36 	1024  	86.1187 	36 	109.369	73.7493 	1024  	10.5761  	2.27399	208.491	36 	226.279	207.245	1024  	2.09078	2.27399
37 	1024  	129.971 	37 	149.846	115.545 	1024  	6.25813  	2.3466 	205.656	37 	227.244	204.059	1024  	2.4199 	2.3466 
38 	1024  	63.0209 	38 	70.1125	53.6288 	1024  	3.70993  	2.22488	199.386	38 	219.734	198.025	1024  	2.36193	2.22488
39 	1024  	43.6341 	39 	49.6716	37.1252 	1024  	3.72746  	2.04105	191.542	39 	208.236	188.757	1024  	3.29952	2.04105
40 	1024  	88.0518 	40 	97.3222	65.8673 	1024  	8.35112  	1.8889 	204.028	40 	221.046	201.495	1024  	3.47869	1.8889 
41 	1024  	22.7724 	41 	25.5665	19.8888 	1024  	1.76408  	1.36218	184.371	41 	196.286	181.753	1024  	2.71504	1.36218
42 	1024  	3.21389 	42 	3.99211	2.65117 	1024  	0.2686   	1.2414 	178.202	42 	188.604	173.42 	1024  	3.7418 	1.2414 
43 	1024  	76.9298 	43 	85.0447	71.2058 	1024  	3.8543   	2.10871	203.725	43 	223.151	201.366	1024  	3.11876	2.10871
44 	1024  	48.8333 	44 	58.0946	40.521  	1024  	4.76908  	2.19265	212.739	44 	231.146	209.924	1024  	3.53614	2.19265
45 	1024  	68.6914 	45 	75.9051	63.3152 	1024  	3.1586   	2.091  	201.91 	45 	220.611	199.459	1024  	3.56976	2.091  
46 	1024  	61.9249 	46 	70.6253	47.7629 	1024  	6.44711  	1.90101	195.265	46 	212.414	192.077	1024  	3.69584	1.90101
47 	1024  	52.967  	47 	58.1619	45.1982 	1024  	3.41678  	1.95443	196.156	47 	212.142	192.511	1024  	3.84167	1.95443
48 	1024  	38.5557 	48 	45.8969	32.4293 	1024  	3.13263  	1.9469 	201.869	48 	217.712	199.646	1024  	2.87685	1.9469 
49 	1024  	44.7375 	49 	51.5328	38.4748 	1024  	3.35547  	1.76247	193.811	49 	209.676	191.894	1024  	2.99347	1.76247
50 	1024  	46.3042 	50 	50.256 	39.7612 	1024  	2.1217   	1.52904	177.747	50 	192.226	174.976	1024  	3.48419	1.52904
51 	1024  	9.75839 	51 	11.7524	8.34496 	1024  	0.921836 	1.27666	182.822	51 	195.349	179.608	1024  	3.91854	1.27666
52 	1024  	13.0569 	52 	16.0651	9.63494 	1024  	1.40109  	1.3708 	174.352	52 	188.203	170.602	1024  	4.35204	1.3708 
53 	1024  	5.8028  	53 	8.31233	3.76222 	1024  	1.49964  	1.28618	167.204	53 	174.658	163.147	1024  	4.62248	1.28618
54 	1024  	6.61158 	54 	8.37814	5.30624 	1024  	0.765588 	1.31484	168.692	54 	181.786	164.729	1024  	4.45635	1.31484
55 	1024  	39.9707 	55 	49.8865	31.8296 	1024  	6.11647  	1.60287	185.635	55 	197.809	180.955	1024  	3.56954	1.60287
56 	1024  	6.95111 	56 	9.4379 	5.3678  	1024  	1.36022  	1.46189	172.076	56 	177.125	166.806	1024  	4.05046	1.46189
57 	1024  	29.9109 	57 	31.8564	28.7198 	1024  	0.71343  	1.32715	169.149	57 	180.139	164.606	1024  	3.38752	1.32715
58 	1024  	188.489 	58 	222.282	171.414 	1024  	5.53291  	1.54164	183.693	58 	195.487	179.646	1024  	3.24855	1.54164
59 	1024  	10.5764 	59 	14.5804	8.94756 	1024  	1.83461  	1.39574	175.984	59 	186.745	171.816	1024  	2.90922	1.39574
60 	1024  	31.4642 	60 	37.8448	26.8616 	1024  	2.33852  	1.75339	190.403	60 	204.714	186.796	1024  	3.91435	1.75339
61 	1024  	72.1066 	61 	76.0186	66.5649 	1024  	2.11917  	1.64004	195.632	61 	208.791	191.781	1024  	3.32999	1.64004
62 	1024  	36.3878 	62 	43.7227	30.7975 	1024  	3.79326  	1.71955	187.253	62 	201.604	183.758	1024  	3.76024	1.71955
63 	1024  	68.927  	63 	91.1007	56.6448 	1024  	13.7998  	1.62341	194.378	63 	206.501	190.96 	1024  	2.9419 	1.62341
64 	1024  	29.0405 	64 	34.2944	24.6334 	1024  	2.93317  	1.6716 	195.518	64 	207.533	192.463	1024  	2.5314 	1.6716 
65 	1024  	63.2877 	65 	79.173 	57.5376 	1024  	3.38964  	1.64692	185.011	65 	199.746	181.742	1024  	3.44098	1.64692
66 	1024  	21.2219 	66 	25.8433	17.2126 	1024  	2.64533  	1.61971	194.754	66 	208.288	190.482	1024  	4.10017	1.61971
67 	1024  	34.6034 	67 	39.0185	28.6978 	1024  	2.88641  	1.86955	187.732	67 	203.056	184.437	1024  	3.4032 	1.86955
68 	1024  	71.0492 	68 	82.0759	58.9033 	1024  	7.21877  	2.20947	202.442	68 	219.712	200.528	1024  	2.48543	2.20947
69 	1024  	99.4162 	69 	105.592	78.731  	1024  	5.52014  	2.03417	202.704	69 	230.428	201.362	1024  	2.38072	2.03417
[gen 69] Wrote all fronts to ./results/training/20250907-2249/nsw_Bitbrains_3OS_NSGP2_core_40_run_1_gen_69_fronts.json
