
Due to MODULEPATH changes, the following have been reloaded:
  1) libfabric/1.19.0

The following have been reloaded with a version change:
  1) hwloc/2.7.2 => hwloc/2.9.2

CPU count: 40
   	      	                         communication                         	                         energy                        
   	      	---------------------------------------------------------------	-------------------------------------------------------
gen	nevals	avg    	gen	max   	min    	nevals	std     	time   	avg    	gen	max    	min    	nevals	std    	time   
0  	1024  	91.4716	0  	92.751	86.2319	1024  	0.975693	1.20778	226.776	0  	272.333	206.778	1024  	13.1481	1.20778
1  	1024  	36.4716	1  	38.3129	27.9402	1024  	1.20342 	2.41814	191.848	1  	222.775	183.353	1024  	6.23047	2.41814
2  	1024  	102.532	2  	109.686	83.1416	1024  	6.27518 	2.809  	214.759	2  	245.903	208.823	1024  	6.54103	2.809  
3  	1024  	51.537 	3  	54.4628	42.6659	1024  	1.84309 	2.70493	198.749	3  	231.571	192.815	1024  	7.49534	2.70493
4  	1024  	62.7061	4  	65.9761	53.5706	1024  	2.01588 	2.57747	213.939	4  	244.856	210    	1024  	6.13611	2.57747
5  	1024  	44.2784	5  	47.3849	36.2503	1024  	2.80446 	2.28819	192.367	5  	224.968	189.426	1024  	4.31381	2.28819
6  	1024  	5.94337	6  	6.55196	4.45935	1024  	0.600449	1.62384	181.092	6  	201.662	177.716	1024  	4.11399	1.62384
7  	1024  	11.7911	7  	14.478 	8.73976	1024  	1.7047  	1.55695	183.404	7  	196.276	179.825	1024  	4.18565	1.55695
8  	1024  	11.8141	8  	13.2849	9.13972	1024  	1.00294 	1.69815	185.41 	8  	197.736	182.976	1024  	3.17986	1.69815
9  	1024  	36.2614	9  	41.1644	29.0811	1024  	2.59229 	2.03024	190.665	9  	205.553	187.451	1024  	3.1983 	2.03024
10 	1024  	55.2004	10 	64.8292	42.1998	1024  	4.80136 	2.25345	193.171	10 	206.63 	191.535	1024  	2.23196	2.25345
11 	1024  	44.6528	11 	46.7973	38.6597	1024  	2.19098 	2.31305	196.885	11 	209.77 	195.53 	1024  	1.95385	2.31305
12 	1024  	22.4907	12 	24.665 	17.7089	1024  	1.87576 	2.04408	182.742	12 	198.27 	181.325	1024  	2.30044	2.04408
13 	1024  	34.7753	13 	38.7049	27.6704	1024  	2.89674 	2.09441	188.828	13 	205.745	187.045	1024  	2.76132	2.09441
14 	1024  	28.3925	14 	32.333 	23.2587	1024  	2.44617 	2.09239	191.65 	14 	207.077	189.748	1024  	2.68249	2.09239
15 	1024  	41.2313	15 	46.098 	34.1061	1024  	3.67575 	2.05149	192.035	15 	206.705	190.46 	1024  	2.2019 	2.05149
16 	1024  	70.0281	16 	73.6335	55.6868	1024  	3.67715 	2.00263	182.621	16 	199.228	181.395	1024  	2.50362	2.00263
17 	1024  	22.4594	17 	24.5393	18.4427	1024  	1.75483 	1.76354	192.621	17 	208.727	190.989	1024  	3.01276	1.76354
18 	1024  	14.0263	18 	16.7511	8.98074	1024  	2.79718 	1.77592	175.042	18 	190.42 	172.814	1024  	3.41382	1.77592
19 	1024  	14.1614	19 	15.3432	12.1   	1024  	0.933475	1.53913	177.067	19 	190.372	174.174	1024  	4.08741	1.53913
20 	1024  	8.27056	20 	11.8225	6.12044	1024  	1.30365 	1.48431	180.198	20 	191.068	176.608	1024  	3.83001	1.48431
21 	1024  	10.3879	21 	12.455 	8.33895	1024  	1.41983 	1.61643	166.443	21 	177.561	162.063	1024  	4.49715	1.61643
22 	1024  	40.2504	22 	47.2212	33.1828	1024  	4.22326 	2.32695	196.729	22 	211.436	195.058	1024  	2.37967	2.32695
23 	1024  	35.8881	23 	41.2149	29.2745	1024  	4.05655 	2.03778	191.626	23 	206.629	188.919	1024  	3.67023	2.03778
24 	1024  	31.4551	24 	34.1776	28.6339	1024  	1.76456 	1.5961 	176.719	24 	190.474	172.934	1024  	4.29171	1.5961 
25 	1024  	0.800374	25 	1.11741	0.558841	1024  	0.132525	1.38   	164.822	25 	179.626	162.79 	1024  	3.62755	1.38   
26 	1024  	5.0154  	26 	5.73745	3.70299 	1024  	0.704782	1.41668	180.962	26 	193.869	178.394	1024  	3.74111	1.41668
27 	1024  	5.84551 	27 	7.228  	4.41797 	1024  	0.625159	1.60578	177.042	27 	187.719	172.111	1024  	4.86985	1.60578
28 	1024  	30.0694 	28 	37.0344	24.7952 	1024  	3.3172  	2.13429	181.929	28 	195.436	178.881	1024  	3.44919	2.13429
29 	1024  	52.2591 	29 	58.9923	48.0601 	1024  	2.3872  	1.98208	196.863	29 	210.793	194.63 	1024  	2.78975	1.98208
30 	1024  	30.1549 	30 	39.2455	25.3209 	1024  	3.14103 	1.87287	186.259	30 	195.761	185.458	1024  	1.0463 	1.87287
31 	1024  	12.3897 	31 	16.604 	10.1266 	1024  	1.20291 	1.67564	171.084	31 	180.105	169.262	1024  	2.04564	1.67564
32 	1024  	29.6615 	32 	30.5702	27.8409 	1024  	0.65395 	1.61628	170.464	32 	179.068	169.577	1024  	1.40611	1.61628
33 	1024  	6.72334 	33 	8.02564	5.00928 	1024  	0.608058	1.61338	164.903	33 	173.81 	162.897	1024  	2.166  	1.61338
34 	1024  	1.75786 	34 	1.96481	1.40919 	1024  	0.10974 	1.38359	174.517	34 	196.716	173.123	1024  	1.82866	1.38359
35 	1024  	26.0531 	35 	29.8583	23.9009 	1024  	1.00779 	2.30034	194.206	35 	214.472	193.294	1024  	2.93642	2.30034
36 	1024  	99.1217 	36 	109.195	77.2061 	1024  	6.26166 	2.6852 	208.216	36 	236.893	207.247	1024  	2.81725	2.6852 
37 	1024  	130.964 	37 	148.708	121.454 	1024  	3.09912 	2.87002	204.841	37 	224.831	204.085	1024  	1.95691	2.87002
38 	1024  	62.3773 	38 	70.6033	55.4299 	1024  	3.91455 	2.68631	199.007	38 	217.778	198.05 	1024  	2.35521	2.68631
39 	1024  	42.862  	39 	49.7284	38.4988 	1024  	2.84544 	2.34283	190.874	39 	209.512	188.98 	1024  	3.63781	2.34283
40 	1024  	91.0291 	40 	97.903 	65.3559 	1024  	4.33935 	2.22991	203.022	40 	231.048	201.508	1024  	3.1688 	2.22991
41 	1024  	22.3043 	41 	25.5665	20.2827 	1024  	1.23943 	1.63987	183.496	41 	195.922	181.748	1024  	2.58074	1.63987
42 	1024  	3.01033 	42 	3.80587	2.60413 	1024  	0.288541	1.46798	175.123	42 	191.165	173.174	1024  	0.722921	1.46798
43 	1024  	78.6988 	43 	84.5501	71.5056 	1024  	3.23344 	2.44414	201.831	43 	224.8  	201.345	1024  	1.80516 	2.44414
44 	1024  	51.0973 	44 	57.9036	45.0543 	1024  	3.70423 	2.59927	210.456	44 	228.498	209.928	1024  	1.66171 	2.59927
45 	1024  	69.6494 	45 	76.0686	64.4105 	1024  	2.34198 	2.2434 	199.782	45 	218.138	199.435	1024  	1.36075 	2.2434 
46 	1024  	60.1824 	46 	70.5822	52.3978 	1024  	3.97459 	1.95385	192.574	46 	212.314	192.079	1024  	1.48427 	1.95385
47 	1024  	55.4837 	47 	59.1542	48.5955 	1024  	2.01662 	1.9006 	194.069	47 	213.547	192.692	1024  	3.07646 	1.9006 
48 	1024  	39.3028 	48 	45.5384	34.4464 	1024  	2.18301 	1.946  	200.455	48 	218.338	199.653	1024  	2.17798 	1.946  
49 	1024  	47.736  	49 	51.6139	40.3332 	1024  	2.55115 	1.7644 	193.447	49 	209.119	191.745	1024  	2.79733 	1.7644 
50 	1024  	46.4209 	50 	49.8934	42.4403 	1024  	1.34572 	1.53033	176.367	50 	190.127	174.735	1024  	1.66047 	1.53033
51 	1024  	9.56386 	51 	11.5729	8.0999  	1024  	0.744002	1.25768	180.808	51 	194.753	179.564	1024  	2.68127 	1.25768
52 	1024  	12.9641 	52 	16.4256	9.71658 	1024  	1.31149 	1.29873	173.456	52 	187.706	170.61 	1024  	3.96316 	1.29873
53 	1024  	6.48791 	53 	8.41425	4.24608 	1024  	0.959844	1.20932	164.698	53 	172.897	163.126	1024  	3.10364 	1.20932
54 	1024  	7.10724 	54 	9.10697	5.82076 	1024  	0.478287	1.26318	166.233	54 	174.127	164.721	1024  	2.78924 	1.26318
55 	1024  	44.959  	55 	50.2486	34.0891 	1024  	3.04745 	1.59369	183.827	55 	201.339	180.77 	1024  	3.11597 	1.59369
56 	1024  	7.16413 	56 	9.61317	5.75607 	1024  	0.856166	1.41398	170.136	56 	181.397	166.885	1024  	3.66276 	1.41398
57 	1024  	29.9617 	57 	31.683 	28.9449 	1024  	0.802602	1.32291	167.154	57 	170.611	164.616	1024  	2.58457 	1.32291
58 	1024  	205.023 	58 	224.873	170.974 	1024  	10.0584 	1.46837	181.689	58 	203.586	179.68 	1024  	2.67628 	1.46837
59 	1024  	12.3502 	59 	14.632 	9.07587 	1024  	1.01537 	1.36292	174.062	59 	196.101	171.484	1024  	3.29411 	1.36292
60 	1024  	30.2092 	60 	35.6959	26.0869 	1024  	2.08318 	1.76188	187.522	60 	208.683	186.871	1024  	1.85233 	1.76188
61 	1024  	72.6461 	61 	85.9993	66.0146 	1024  	1.46383 	1.68831	192.741	61 	211.224	192.012	1024  	1.57    	1.68831
62 	1024  	38.3712 	62 	42.4868	31.9201 	1024  	1.41432 	1.81644	184.509	62 	201.427	183.806	1024  	2.05778 	1.81644
63 	1024  	80.0523 	63 	91.0655	56.9511 	1024  	12.4789 	1.68723	191.544	63 	206.006	190.963	1024  	1.93526 	1.68723
64 	1024  	30.38   	64 	34.763 	26.1873 	1024  	1.97923 	1.64488	193.59 	64 	207.92 	192.722	1024  	2.30904 	1.64488
65 	1024  	77.192  	65 	94.1779	53.3144 	1024  	9.38444 	1.5988 	182.806	65 	206.222	181.752	1024  	2.95405 	1.5988 
66 	1024  	23.3799 	66 	25.7498	19.2151 	1024  	1.41983 	1.56886	192.274	66 	208.901	190.453	1024  	3.56764 	1.56886
67 	1024  	35.9588 	67 	39.7738	30.9452 	1024  	2.091   	1.88701	186.206	67 	203.757	184.51 	1024  	2.98055 	1.88701
68 	1024  	71.3107 	68 	82.0759	59.8434 	1024  	4.90771 	2.29501	202.116	68 	221.63 	200.551	1024  	2.39692 	2.29501
69 	1024  	90.8981 	69 	106.616	76.5559 	1024  	8.88915 	2.13953	203.165	69 	220.542	201.407	1024  	2.58672 	2.13953
[gen 69] Wrote all fronts to ./results/training/20250907-2340/nsw_Bitbrains_3OS_NSGP2_core_40_run_22_gen_69_fronts.json
