
Due to MODULEPATH changes, the following have been reloaded:
  1) libfabric/1.19.0

The following have been reloaded with a version change:
  1) hwloc/2.7.2 => hwloc/2.9.2

CPU count: 40
   	      	                     communication                     	                         energy                        
   	      	-------------------------------------------------------	-------------------------------------------------------
gen	nevals	avg    	gen	max   	min    	nevals	std   	time   	avg    	gen	max    	min    	nevals	std    	time   
0  	1024  	91.4913	0  	92.751	79.6639	1024  	1.1372	1.17722	226.878	0  	268.559	206.586	1024  	13.5592	1.17722
1  	1024  	36.3953	1  	38.3301	27.5092	1024  	1.40186	2.11058	192.077	1  	217.627	183.589	1024  	6.4608 	2.11058
2  	1024  	102.823	2  	109.484	86.1615	1024  	6.09565	2.54392	214.617	2  	244.316	208.823	1024  	6.51835	2.54392
3  	1024  	51.3068	3  	54.1649	42.8738	1024  	2.02389	2.42285	198.184	3  	231.1  	192.815	1024  	6.25764	2.42285
4  	1024  	62.6637	4  	65.7177	53.2752	1024  	2.17142	2.31335	213.111	4  	242.38 	210.142	1024  	4.05341	2.31335
5  	1024  	44.293 	5  	47.6176	36.7186	1024  	2.96441	2.10084	192.049	5  	209.92 	189.426	1024  	3.46209	2.10084
6  	1024  	5.83987	6  	6.55196	4.76218	1024  	0.61581	1.46196	181.341	6  	194.001	177.669	1024  	3.78754	1.46196
7  	1024  	11.2416	7  	14.5742	8.21883	1024  	1.8555 	1.38766	184.497	7  	196.718	179.824	1024  	4.55807	1.38766
8  	1024  	11.6212	8  	13.1016	8.17763	1024  	1.10859	1.72717	186.163	8  	192.879	182.509	1024  	3.60477	1.72717
9  	1024  	35.4358	9  	41.0013	30.1272	1024  	2.95332	2.13594	191.698	9  	197.693	187.451	1024  	3.61846	2.13594
10 	1024  	55.2833	10 	64.9053	43.921 	1024  	4.08605	2.32497	193.869	10 	207.097	191.534	1024  	2.5995 	2.32497
11 	1024  	43.8696	11 	46.8183	38.9635	1024  	2.45212	2.43279	197.858	11 	214.387	195.531	1024  	2.65479	2.43279
12 	1024  	21.9203	12 	24.8387	18.6081	1024  	1.96868	2.22865	183.839	12 	198.755	181.331	1024  	2.95494	2.22865
13 	1024  	34.6548	13 	37.9986	29.0678	1024  	2.60408	2.20497	189.683	13 	198.266	187.07 	1024  	2.93927	2.20497
14 	1024  	28.3015	14 	32.6485	22.4234	1024  	2.84124	2.20617	192.174	14 	199.271	189.75 	1024  	2.74299	2.20617
15 	1024  	41.5069	15 	46.2023	36.0283	1024  	3.30873	2.22284	191.944	15 	205.744	190.404	1024  	2.00418	2.22284
16 	1024  	68.8733	16 	73.6386	59.3729	1024  	3.78613	2.17622	183.312	16 	201.875	181.395	1024  	2.83144	2.17622
17 	1024  	22.7224	17 	24.6924	18.9534	1024  	1.81458	1.91328	192.725	17 	198.876	190.992	1024  	2.48409	1.91328
18 	1024  	14.2138	18 	16.7511	8.74712	1024  	2.59655	1.83449	174.964	18 	188.423	172.811	1024  	3.05909	1.83449
19 	1024  	14.5315	19 	15.6564	11.9718	1024  	0.898729	1.66926	176.474	19 	183.894	174.18 	1024  	3.25005	1.66926
20 	1024  	9.85681	20 	11.9517	6.80096	1024  	2.0031  	1.61972	178.152	20 	190.522	176.608	1024  	2.61593	1.61972
21 	1024  	11.4543	21 	12.5768	8.754  	1024  	1.15895 	1.58805	164.141	21 	172.171	161.993	1024  	3.39208	1.58805
22 	1024  	41.7796	22 	47.2338	33.6054	1024  	4.73066 	2.39981	196.776	22 	211.597	195.105	1024  	2.16565	2.39981
23 	1024  	34.6554	23 	41.3449	29.697 	1024  	3.9308  	2.13518	192.472	23 	206.382	188.916	1024  	3.21388	2.13518
24 	1024  	31.3738	24 	34.1776	28.0768	1024  	1.83353 	1.75157	177.153	24 	189.803	172.901	1024  	3.82822	1.75157
25 	1024  	0.941518	25 	1.11741	0.558841	1024  	0.127736	1.4622 	164.869	25 	187.868	162.787	1024  	3.23824	1.4622 
26 	1024  	4.99123 	26 	5.73745	3.70299 	1024  	0.521682	1.53901	180.864	26 	193.869	178.458	1024  	3.01499	1.53901
27 	1024  	6.09407 	27 	7.228  	4.45436 	1024  	0.740744	1.69158	174.707	27 	187.719	172.069	1024  	4.00826	1.69158
28 	1024  	31.5371 	28 	36.97  	24.8872 	1024  	3.34656 	2.17015	181.104	28 	195.434	178.677	1024  	3.5492 	2.17015
29 	1024  	52.2884 	29 	59.048 	48.5543 	1024  	2.78576 	2.0332 	197.128	29 	210.932	194.612	1024  	3.56351	2.0332 
30 	1024  	32.0234 	30 	39.2348	26.1724 	1024  	2.76927 	1.94238	188.289	30 	202.002	185.424	1024  	3.87184	1.94238
31 	1024  	13.0404 	31 	16.616 	9.25351 	1024  	2.1196  	1.76857	170.385	31 	185.2  	169.332	1024  	2.17829	1.76857
32 	1024  	28.931  	32 	30.5702	27.0457 	1024  	0.812778	1.6358 	170.142	32 	185.367	169.581	1024  	1.23251	1.6358 
33 	1024  	7.1018  	33 	8.02564	4.79858 	1024  	0.58414 	1.60121	164.299	33 	182.978	162.963	1024  	2.35414	1.60121
34 	1024  	1.75616 	34 	1.96481	1.1674  	1024  	0.141029	1.40456	175.715	34 	189.968	173.257	1024  	3.11344	1.40456
35 	1024  	26.0443 	35 	29.52  	21.9619 	1024  	1.91161 	2.34368	194.933	35 	211.604	193.295	1024  	3.38421	2.34368
36 	1024  	84.9061 	36 	109.292	71.7424 	1024  	10.3319 	2.71683	208.463	36 	227.09 	207.117	1024  	2.86595	2.71683
37 	1024  	123.8   	37 	138.952	111.173 	1024  	9.4253  	2.86783	205.614	37 	224.591	203.991	1024  	3.12407	2.86783
38 	1024  	61.1301 	38 	70.648 	51.9303 	1024  	5.13565 	2.74163	199.517	38 	216.453	197.998	1024  	2.94555	2.74163
39 	1024  	42.0888 	39 	49.3985	36.1421 	1024  	3.41067 	2.40931	191.201	39 	206.922	188.716	1024  	3.31168	2.40931
40 	1024  	74.7475 	40 	98.5361	61.1568 	1024  	12.7386 	2.30247	204.019	40 	221.353	201.412	1024  	3.80552	2.30247
41 	1024  	21.8538 	41 	25.8982	19.5985 	1024  	1.50007 	1.664  	184.312	41 	197.853	181.775	1024  	2.63249	1.664  
42 	1024  	3.19849 	42 	3.99211	2.48209 	1024  	0.326437	1.53383	176.816	42 	189.257	173.79 	1024  	3.39419	1.53383
43 	1024  	75.8111 	43 	85.1055	70.0053 	1024  	3.97297 	2.59831	203.421	43 	221.003	201.372	1024  	3.19312	2.59831
44 	1024  	49.034  	44 	57.8824	41.2333 	1024  	4.5306  	2.68248	211.99 	44 	229.959	209.923	1024  	3.0456 	2.68248
45 	1024  	68.2269 	45 	75.7476	63.2561 	1024  	3.20096 	2.57221	201.545	45 	219.441	199.459	1024  	3.03597	2.57221
46 	1024  	63.7917 	46 	70.6789	50.5288 	1024  	4.11678 	2.41437	194.464	46 	212.715	192.152	1024  	3.19166	2.41437
47 	1024  	53.1477 	47 	59.1775	46.8807 	1024  	2.74885 	2.39506	196.379	47 	221.585	192.604	1024  	3.98827	2.39506
48 	1024  	38.3574 	48 	46.0181	33.053  	1024  	3.1282  	2.49378	201.843	48 	220.283	199.657	1024  	3.28227	2.49378
49 	1024  	43.698  	49 	51.162 	36.8878 	1024  	4.03623 	2.32756	193.545	49 	210.996	191.841	1024  	2.6107 	2.32756
50 	1024  	46.0789 	50 	50.1332	43.0112 	1024  	1.31903 	2.05806	177.406	50 	202.586	174.758	1024  	3.65288	2.05806
51 	1024  	9.30401 	51 	11.7853	7.81659 	1024  	0.991399	1.7351 	182.338	51 	197.763	179.603	1024  	4.74596	1.7351 
52 	1024  	11.8403 	52 	16.3826	8.98886 	1024  	2.06493 	1.78729	175.236	52 	188.889	170.857	1024  	5.50347	1.78729
53 	1024  	5.96947 	53 	8.62016	3.76393 	1024  	1.20589 	1.68725	168.163	53 	180.858	163.207	1024  	5.25339	1.68725
54 	1024  	6.725   	54 	9.10697	5.30624 	1024  	0.770569	1.80148	168.582	54 	181.169	164.735	1024  	4.45336	1.80148
55 	1024  	39.874  	55 	50.2659	30.4392 	1024  	5.72159 	2.16756	185.65 	55 	201.046	180.772	1024  	4.2876 	2.16756
56 	1024  	7.07191 	56 	9.60707	5.39072 	1024  	1.23398 	1.97165	171.251	56 	178.374	166.86 	1024  	4.35286	1.97165
57 	1024  	29.9447 	57 	31.8057	28.5565 	1024  	0.83944 	1.7516 	168.089	57 	180.512	164.558	1024  	3.69373	1.7516 
58 	1024  	178.409 	58 	222.982	169.273 	1024  	9.85846 	2.06113	183.049	58 	198.947	179.782	1024  	3.54279	2.06113
59 	1024  	10.9544 	59 	14.4727	8.80567 	1024  	1.46935 	1.87119	175.386	59 	188.427	171.689	1024  	3.14364	1.87119
60 	1024  	26.1362 	60 	34.7642	20.9167 	1024  	3.77014 	2.44804	190.746	60 	203.248	186.893	1024  	2.96036	2.44804
61 	1024  	71.304  	61 	75.9356	65.4803 	1024  	2.07505 	2.25628	194.796	61 	208.223	192.017	1024  	2.81286	2.25628
62 	1024  	35.2005 	62 	43.2439	31.4564 	1024  	3.02248 	2.29934	186.829	62 	201.726	183.806	1024  	2.76969	2.29934
63 	1024  	66.0707 	63 	91.1869	56.5003 	1024  	12.5869 	2.19638	193.05 	63 	208.085	190.952	1024  	2.36627	2.19638
64 	1024  	27.5736 	64 	34.3073	24.4991 	1024  	2.45423 	2.26405	194.898	64 	209.378	192.616	1024  	2.24394	2.26405
65 	1024  	60.1466 	65 	93.2542	55.5237 	1024  	4.73696 	2.19969	184.598	65 	198.617	181.776	1024  	2.77213	2.19969
66 	1024  	19.8603 	66 	25.1296	17.8454 	1024  	1.9688  	2.19703	194.052	66 	208.517	190.625	1024  	2.88023	2.19703
67 	1024  	33.1615 	67 	39.7578	29.3662 	1024  	2.3254  	2.51965	188.201	67 	194.223	184.546	1024  	2.95872	2.51965
68 	1024  	65.0631 	68 	82.0144	59.0846 	1024  	4.63459 	3.08142	204.668	68 	221.713	200.515	1024  	2.78704	3.08142
69 	1024  	80.4179 	69 	106.033	74.5889 	1024  	6.62753 	2.77904	205.21 	69 	223.706	201.397	1024  	2.51268	2.77904
[gen 69] Wrote all fronts to ./results/training/20250907-2252/nsw_Bitbrains_3OS_NSGP2_core_40_run_2_gen_69_fronts.json
