
Due to MODULEPATH changes, the following have been reloaded:
  1) libfabric/1.19.0

The following have been reloaded with a version change:
  1) hwloc/2.7.2 => hwloc/2.9.2

CPU count: 40
   	      	                     communication                     	                         energy                        
   	      	-------------------------------------------------------	-------------------------------------------------------
gen	nevals	avg    	gen	max   	min    	nevals	std    	time   	avg    	gen	max    	min    	nevals	std    	time   
0  	1024  	91.4034	0  	92.751	79.6639	1024  	1.17423	1.00266	227.101	0  	268.559	206.586	1024  	14.1272	1.00266
1  	1024  	36.3895	1  	38.2129	27.5092	1024  	1.3259 	2.03402	191.869	1  	218.893	183.582	1024  	6.44941	2.03402
2  	1024  	101.748	2  	109.543	80.9621	1024  	6.56344	2.31593	214.615	2  	246.374	208.826	1024  	6.38259	2.31593
3  	1024  	51.5545	3  	54.1321	43.2533	1024  	1.84056	2.27553	198.107	3  	231.891	192.79 	1024  	6.62657	2.27553
4  	1024  	62.6609	4  	66.0657	54.3464	1024  	2.03518	2.19955	213.553	4  	247.274	210.137	1024  	5.51269	2.19955
5  	1024  	44.2108	5  	47.9195	36.0436	1024  	2.77711	1.93444	192.156	5  	211.164	189.426	1024  	3.55954	1.93444
6  	1024  	5.82074	6  	6.52631	4.67722	1024  	0.594295	1.33639	181.936	6  	193.19 	177.702	1024  	4.33138	1.33639
7  	1024  	11.7536	7  	14.3054	8.67262	1024  	1.69996 	1.37319	183.469	7  	196.429	179.825	1024  	4.3953 	1.37319
8  	1024  	11.6967	8  	13.0186	8.78532	1024  	0.99452 	1.41328	186.38 	8  	199.215	182.728	1024  	4.35142	1.41328
9  	1024  	35.6703	9  	41.2713	30.8227	1024  	2.83606 	1.68692	191.714	9  	205.82 	187.451	1024  	4.67447	1.68692
10 	1024  	54.7715	10 	64.7399	42.5194	1024  	3.69269 	1.82541	194.664	10 	207.459	191.535	1024  	3.79426	1.82541
11 	1024  	43.6074	11 	46.696 	37.8283	1024  	2.48482 	1.92555	198.534	11 	213.334	195.53 	1024  	3.98962	1.92555
12 	1024  	21.7837	12 	24.596 	18.5088	1024  	2.02351 	1.73603	184.227	12 	197.933	181.327	1024  	3.5049 	1.73603
13 	1024  	33.7977	13 	38.08  	29.9215	1024  	2.76234 	1.74607	190.687	13 	204.282	187.061	1024  	3.87904	1.74607
14 	1024  	27.4082	14 	32.5953	22.8354	1024  	2.65878 	1.7645 	193.401	14 	206.556	189.748	1024  	4.02852	1.7645 
15 	1024  	40.7604	15 	46.2389	34.7128	1024  	3.49862 	1.78746	192.723	15 	205.927	190.157	1024  	2.75581	1.78746
16 	1024  	67.9939	16 	73.5209	55.0795	1024  	3.94755 	1.73234	184.422	16 	198.913	181.395	1024  	3.50489	1.73234
17 	1024  	22.1425	17 	24.735 	18.7584	1024  	1.94833 	1.52759	193.644	17 	206.651	190.957	1024  	3.13669	1.52759
18 	1024  	13.1082	18 	16.7511	8.7854 	1024  	3.09292 	1.49365	176.607	18 	189.335	172.82 	1024  	4.09969	1.49365
19 	1024  	14.1473	19 	15.3432	12.2088	1024  	0.878461	1.34791	178.383	19 	190.371	174.163	1024  	4.19992	1.34791
20 	1024  	9.08004	20 	11.8897	6.67299	1024  	1.98625 	1.31434	179.908	20 	191.141	176.397	1024  	3.74347	1.31434
21 	1024  	10.9484	21 	12.5768	8.65211	1024  	1.3525  	1.32106	165.85 	21 	178.333	161.922	1024  	4.56332	1.32106
22 	1024  	42.5077	22 	46.9237	33.6529	1024  	4.03597 	1.91091	196.435	22 	211.434	195.144	1024  	2.16447	1.91091
23 	1024  	36.4002	23 	41.7164	29.1121	1024  	3.75628 	1.71885	191.42 	23 	206.615	188.964	1024  	3.29907	1.71885
24 	1024  	32.0327	24 	34.2557	28.4719	1024  	1.77285 	1.37328	176.448	24 	190.209	172.929	1024  	3.72634	1.37328
25 	1024  	0.962979	25 	1.11741	0.558841	1024  	0.0996146	1.14648	164.884	25 	179.417	162.796	1024  	3.50892	1.14648
26 	1024  	5.19163 	26 	5.73745	3.73027 	1024  	0.606171 	1.20031	181.107	26 	193.52 	178.541	1024  	3.65011	1.20031
27 	1024  	6.02823 	27 	7.228  	4.40226 	1024  	0.743005 	1.3512 	176.778	27 	189.205	172.205	1024  	4.42336	1.3512 
28 	1024  	29.7534 	28 	36.9567	24.8061 	1024  	3.57548  	1.77862	182.257	28 	195.523	178.616	1024  	3.41027	1.77862
29 	1024  	52.2427 	29 	58.8931	48.1947 	1024  	3.35633  	1.67218	197.695	29 	211.008	194.634	1024  	3.56108	1.67218
30 	1024  	32.2703 	30 	38.6989	26.0978 	1024  	2.94816  	1.57507	189.953	30 	202.199	185.521	1024  	3.58544	1.57507
31 	1024  	12.5616 	31 	16.5303	10.8473 	1024  	1.25037  	1.43997	175.081	31 	179.617	169.284	1024  	3.81885	1.43997
32 	1024  	28.9205 	32 	30.5702	27.7333 	1024  	0.689223 	1.40472	174.949	32 	178.907	169.459	1024  	3.76197	1.40472
33 	1024  	6.13499 	33 	8.02564	4.86589 	1024  	0.838297 	1.39914	167.996	33 	173.353	162.874	1024  	4.10642	1.39914
34 	1024  	1.7835  	34 	1.96481	1.3137  	1024  	0.0772337	1.19596	177.695	34 	189.019	173.255	1024  	4.35484	1.19596
35 	1024  	25.9858 	35 	29.5936	21.8514 	1024  	2.848    	1.93725	197.268	35 	211.049	193.294	1024  	4.29995	1.93725
36 	1024  	80.4127 	36 	89.4211	73.0265 	1024  	4.98003  	2.23404	211.1  	36 	226.344	207.041	1024  	3.15544	2.23404
37 	1024  	130.481 	37 	148.907	110.926 	1024  	8.4276   	2.38849	207.131	37 	224.969	203.937	1024  	3.40333	2.38849
38 	1024  	63.4117 	38 	69.4609	53.3899 	1024  	4.69003  	2.23493	200.671	38 	217.761	197.943	1024  	3.25584	2.23493
39 	1024  	43.7815 	39 	49.5829	36.2927 	1024  	4.49452  	1.96742	192.093	39 	208.478	188.631	1024  	3.89131	1.96742
40 	1024  	88.6517 	40 	97.0279	61.3582 	1024  	9.43108  	1.84578	204.029	40 	225.269	201.295	1024  	3.36776	1.84578
41 	1024  	22.5747 	41 	25.601 	19.6534 	1024  	1.50324  	1.32001	184.548	41 	196.146	181.742	1024  	2.77344	1.32001
42 	1024  	3.14455 	42 	3.80587	2.57612 	1024  	0.240606 	1.22488	177.662	42 	188.038	173.516	1024  	3.55736	1.22488
43 	1024  	75.8426 	43 	84.4712	70.4657 	1024  	2.81207  	2.02197	205.2  	43 	222.045	201.366	1024  	3.40944	2.02197
44 	1024  	48.8031 	44 	57.8307	41.9803 	1024  	4.46864  	2.1071 	212.924	44 	229.162	209.929	1024  	3.3291 	2.1071 
45 	1024  	67.8473 	45 	76.1159	63.0817 	1024  	3.19459  	2.00742	202.635	45 	218.917	199.459	1024  	3.54302	2.00742
46 	1024  	57.0633 	46 	70.9443	48.7946 	1024  	4.72464  	1.83701	193.788	46 	212.32 	192.213	1024  	3.08946	1.83701
47 	1024  	52.6327 	47 	59.6255	47.2953 	1024  	2.79252  	1.83807	195.981	47 	214.873	192.774	1024  	4.0637 	1.83807
48 	1024  	37.9992 	48 	45.6293	32.6623 	1024  	3.01814  	1.91144	202.003	48 	218.379	199.654	1024  	3.34576	1.91144
49 	1024  	45.7669 	49 	51.2875	39.6264 	1024  	3.58451  	1.67746	193.646	49 	200.569	191.857	1024  	2.52784	1.67746
50 	1024  	45.8143 	50 	50.4861	42.5262 	1024  	1.58981  	1.50102	178.014	50 	192.197	174.741	1024  	3.47583	1.50102
51 	1024  	9.60809 	51 	11.6224	7.89761 	1024  	0.962354 	1.26004	182.413	51 	195.347	179.563	1024  	4.01348	1.26004
52 	1024  	12.2097 	52 	16.4256	9.06639 	1024  	1.84663  	1.31541	175.985	52 	188.163	170.508	1024  	5.13084	1.31541
53 	1024  	5.34448 	53 	8.31233	3.66842 	1024  	1.4096   	1.24951	168.773	53 	180.311	163.147	1024  	5.13961	1.24951
54 	1024  	6.44144 	54 	9.00002	5.30624 	1024  	0.959423 	1.29852	169.62 	54 	175.138	164.735	1024  	4.75037	1.29852
55 	1024  	39.4953 	55 	50.0962	32.61   	1024  	5.13979  	1.57824	185.635	55 	197.408	180.772	1024  	3.49968	1.57824
56 	1024  	6.68385 	56 	9.60707	5.46469 	1024  	1.2952   	1.45091	172.154	56 	183.683	166.781	1024  	4.7626 	1.45091
57 	1024  	29.8765 	57 	31.8564	28.5565 	1024  	1.05351  	1.28223	168.247	57 	174.163	164.516	1024  	3.98506	1.28223
58 	1024  	189.391 	58 	196.532	169.191 	1024  	4.87387  	1.46055	183.601	58 	195.994	179.653	1024  	3.74546	1.46055
59 	1024  	10.555  	59 	14.5462	8.77566 	1024  	1.63272  	1.37372	176.067	59 	187.103	171.56 	1024  	3.76081	1.37372
60 	1024  	29.8791 	60 	34.9427	24.9348 	1024  	2.93696  	1.73096	191.284	60 	196.12 	186.827	1024  	3.55754	1.73096
61 	1024  	71.8008 	61 	76.2358	66.585  	1024  	2.5863   	1.63308	195.633	61 	204.235	191.776	1024  	3.23008	1.63308
62 	1024  	34.9534 	62 	42.0429	30.677  	1024  	3.33221  	1.708  	187.63 	62 	200.836	183.798	1024  	3.28707	1.708  
63 	1024  	72.216  	63 	91.1292	56.0678 	1024  	15.517   	1.61979	194.026	63 	197.334	190.959	1024  	2.80798	1.61979
64 	1024  	28.1337 	64 	34.2944	24.9472 	1024  	3.32606  	1.62857	195.978	64 	199.14 	192.565	1024  	2.5964 	1.62857
65 	1024  	62.6845 	65 	93.1035	56.0494 	1024  	3.40783  	1.59932	183.991	65 	196.907	181.738	1024  	2.72478	1.59932
66 	1024  	21.3373 	66 	25.2469	18.0751 	1024  	2.39255  	1.57309	193.427	66 	207.763	190.418	1024  	3.47783	1.57309
67 	1024  	34.4352 	67 	40.1758	29.8028 	1024  	3.17865  	1.81288	187.28 	67 	202.864	184.394	1024  	3.32726	1.81288
68 	1024  	71.0581 	68 	82.094 	59.3818 	1024  	9.06978  	2.18878	202.61 	68 	220.175	200.443	1024  	2.85526	2.18878
69 	1024  	100.291 	69 	105.874	78.2121 	1024  	5.25615  	2.03384	202.624	69 	225.264	201.334	1024  	2.43028	2.03384
[gen 69] Wrote all fronts to ./results/training/20250908-0434/nsw_Bitbrains_3OS_NSGP2_core_40_run_29_gen_69_fronts.json
