
Due to MODULEPATH changes, the following have been reloaded:
  1) libfabric/1.19.0

The following have been reloaded with a version change:
  1) hwloc/2.7.2 => hwloc/2.9.2

CPU count: 40
   	      	                     communication                     	                         energy                        
   	      	-------------------------------------------------------	-------------------------------------------------------
gen	nevals	avg    	gen	max   	min    	nevals	std    	time   	avg   	gen	max    	min    	nevals	std    	time   
0  	1024  	91.3953	0  	92.751	85.9881	1024  	1.09966	1.33141	227.27	0  	268.559	206.778	1024  	13.4998	1.33141
1  	1024  	36.3701	1  	38.0604	26.9407	1024  	1.22623	2.58768	192.51	1  	217.785	183.589	1024  	6.44596	2.58768
2  	1024  	102.503	2  	109.393	83.1261	1024  	6.17165	2.94557	214.924	2  	241.636	208.826	1024  	6.36099	2.94557
3  	1024  	51.5594	3  	54.295 	43.2533	1024  	1.61922	2.88904	198.994	3  	232.749	192.798	1024  	7.00041	2.88904
4  	1024  	62.7493	4  	66.0632	52.7994	1024  	1.88813	2.77741	213.423	4  	238.299	210.127	1024  	4.27266	2.77741
5  	1024  	44.5421	5  	47.6861	36.655 	1024  	2.57702	2.63365	192.485	5  	223.643	189.364	1024  	4.26333	2.63365
6  	1024  	5.89956	6  	6.55196	4.47661	1024  	0.593074	1.7218 	181.188	6  	205.862	177.665	1024  	4.51434	1.7218 
7  	1024  	11.8313	7  	14.5742	8.34781	1024  	1.70509 	1.68408	183.341	7  	198.651	179.824	1024  	4.30001	1.68408
8  	1024  	11.804 	8  	13.2849	8.06077	1024  	1.02164 	1.81334	185.269	8  	200.51 	182.823	1024  	3.21585	1.81334
9  	1024  	36.2337	9  	41.0764	29.4741	1024  	2.59696 	2.2    	190.233	9  	207.643	187.459	1024  	3.59716	2.2    
10 	1024  	55.3236	10 	64.7648	43.1809	1024  	4.14852 	2.43064	193.163	10 	207.905	191.513	1024  	2.46508	2.43064
11 	1024  	43.7239	11 	46.8812	37.5475	1024  	2.26465 	2.54067	197.203	11 	217.143	195.528	1024  	2.5555 	2.54067
12 	1024  	21.7352	12 	24.596 	17.539 	1024  	2.00151 	2.30109	183.296	12 	200.523	181.343	1024  	2.74178	2.30109
13 	1024  	34.5757	13 	38.1853	28.7026	1024  	2.36995 	2.41546	188.848	13 	208.383	187.07 	1024  	2.78046	2.41546
14 	1024  	27.9292	14 	32.2624	22.89  	1024  	2.873   	2.23745	192.384	14 	210.093	189.75 	1024  	3.53923	2.23745
15 	1024  	40.9866	15 	46.2948	32.9308	1024  	3.64616 	2.22074	192.839	15 	210.261	190.368	1024  	3.357  	2.22074
16 	1024  	68.172 	16 	73.6335	56.3544	1024  	4.6516  	2.23098	183.184	16 	200.472	181.395	1024  	3.22298	2.23098
17 	1024  	22.5132	17 	24.7553	18.4653	1024  	1.81247 	1.94171	193.216	17 	210.598	191.005	1024  	3.55987	1.94171
18 	1024  	13.7373	18 	16.7511	8.98074	1024  	2.79129 	1.99242	175.664	18 	190.859	172.795	1024  	3.65317	1.99242
19 	1024  	14.1115	19 	15.6657	12.1176	1024  	0.882702	1.76925	176.952	19 	190.586	174.18 	1024  	3.78908	1.76925
20 	1024  	9.35815	20 	11.9517	5.09675	1024  	1.7773  	1.67941	179.36 	20 	190.611	176.608	1024  	3.25592	1.67941
21 	1024  	10.7128	21 	12.5768	8.46899	1024  	1.04187 	1.69448	164.605	21 	177.855	162.036	1024  	3.6504 	1.69448
22 	1024  	40.3238	22 	47.296 	33.1767	1024  	3.37428 	2.50718	196.491	22 	213.229	195.063	1024  	2.08197	2.50718
23 	1024  	35.1495	23 	41.894 	29.3955	1024  	3.49603 	2.2126 	191.534	23 	207.894	188.914	1024  	3.29663	2.2126 
24 	1024  	31.185 	24 	34.3006	28.3254	1024  	1.65695 	1.84238	176.89 	24 	190.654	172.874	1024  	4.22227	1.84238
25 	1024  	0.825596	25 	1.11741	0.558841	1024  	0.157038	1.48991	165.427	25 	180.074	162.696	1024  	4.56274	1.48991
26 	1024  	4.71015 	26 	5.73745	3.70299 	1024  	0.551034	1.6048 	181.803	26 	194.339	178.379	1024  	4.07962	1.6048 
27 	1024  	5.68958 	27 	7.228  	4.4272  	1024  	0.779509	1.74666	177.089	27 	189.584	172.089	1024  	4.97985	1.74666
28 	1024  	30.5805 	28 	36.9606	24.8872 	1024  	3.73524 	2.27089	182.385	28 	197.108	178.556	1024  	3.76188	2.27089
29 	1024  	52.0512 	29 	59.0344	47.548  	1024  	3.47824 	2.17257	197.889	29 	211.948	194.594	1024  	3.6394 	2.17257
30 	1024  	33.7687 	30 	39.0307	26.0122 	1024  	3.58759 	1.90145	187.548	30 	203.77 	185.458	1024  	3.36233	1.90145
31 	1024  	12.8578 	31 	16.5699	8.69783 	1024  	2.35961 	1.75249	171.542	31 	186.322	169.25 	1024  	3.83448	1.75249
32 	1024  	28.7485 	32 	30.5702	26.8653 	1024  	0.898297	1.73967	172.52 	32 	187.07 	169.435	1024  	4.31425	1.73967
33 	1024  	6.65699 	33 	8.02564	4.88971 	1024  	0.909283	1.70938	166.959	33 	183.013	162.859	1024  	4.60719	1.70938
34 	1024  	1.66907 	34 	1.96481	1.06522 	1024  	0.18606 	1.51679	176.749	34 	197.855	173.257	1024  	3.96612	1.51679
35 	1024  	25.1465 	35 	29.5429	22.2187 	1024  	1.6181  	2.47282	195.862	35 	212.186	193.323	1024  	3.75124	2.47282
36 	1024  	80.1827 	36 	109.027	72.8925 	1024  	4.32705 	2.88683	209.06 	36 	226.172	206.942	1024  	3.03201	2.88683
37 	1024  	120.874 	37 	149.18 	111.35  	1024  	9.70015 	3.02702	206.324	37 	225.135	203.935	1024  	3.63735	3.02702
38 	1024  	59.7173 	38 	69.587 	53.1178 	1024  	4.7768  	3.05677	199.962	38 	218.653	197.935	1024  	3.16521	3.05677
39 	1024  	41.0665 	39 	49.6136	36.0422 	1024  	3.95341 	2.53882	191.539	39 	207.539	188.55 	1024  	3.29809	2.53882
40 	1024  	84.6104 	40 	98.3422	61.9805 	1024  	9.73525 	2.42127	203.776	40 	221.107	201.363	1024  	3.45303	2.42127
41 	1024  	22.4851 	41 	25.7208	19.6878 	1024  	1.43834 	1.73769	184.286	41 	196.434	181.748	1024  	2.82579	1.73769
42 	1024  	3.15189 	42 	3.99211	2.0981  	1024  	0.284449	1.57841	175.379	42 	194.363	173.74 	1024  	1.73566	1.57841
43 	1024  	77.4081 	43 	84.7956	70.117  	1024  	3.52928 	2.65836	202.289	43 	213.242	201.312	1024  	1.62208	2.65836
44 	1024  	49.6535 	44 	57.7357	41.3219 	1024  	3.3179  	2.70223	210.909	44 	226.185	209.924	1024  	2.04577	2.70223
45 	1024  	69.0866 	45 	76.4513	63.2821 	1024  	3.22389 	2.55084	200.291	45 	218.736	199.454	1024  	1.89131	2.55084
46 	1024  	64.8904 	46 	70.929 	50.9903 	1024  	4.38132 	2.39817	193.557	46 	212.668	192.235	1024  	2.83195	2.39817
47 	1024  	54.1282 	47 	59.197 	45.9716 	1024  	3.13544 	2.4685 	195.059	47 	213.213	192.664	1024  	3.40388	2.4685 
48 	1024  	38.7272 	48 	46.2226	33.0141 	1024  	3.65144 	2.53609	201.686	48 	218.287	199.657	1024  	3.18313	2.53609
49 	1024  	44.6214 	49 	51.6426	38.4234 	1024  	4.50865 	2.22205	194.217	49 	209.601	191.811	1024  	3.1752 	2.22205
50 	1024  	45.4589 	50 	50.328 	41.7787 	1024  	1.48354 	1.9878 	178.345	50 	192.042	174.718	1024  	3.75127	1.9878 
51 	1024  	9.30848 	51 	11.7442	7.83789 	1024  	0.965495	1.69638	181.337	51 	195.841	179.585	1024  	3.42605	1.69638
52 	1024  	12.1011 	52 	15.9483	9.04842 	1024  	2.1135  	1.676  	172.834	52 	187.787	170.599	1024  	3.66378	1.676  
53 	1024  	6.14209 	53 	8.3805 	3.76222 	1024  	1.28312 	1.57627	166.695	53 	180.755	163.105	1024  	4.97123	1.57627
54 	1024  	6.69302 	54 	9.10697	5.30624 	1024  	0.761193	1.70497	167.418	54 	181.169	164.729	1024  	4.07028	1.70497
55 	1024  	42.3074 	55 	50.6499	31.6273 	1024  	5.23328 	2.15678	184.155	55 	199.088	180.769	1024  	3.41456	2.15678
56 	1024  	7.36922 	56 	9.87152	5.41518 	1024  	1.19401 	1.86406	169.717	56 	177.918	166.741	1024  	4.037  	1.86406
57 	1024  	30.1398 	57 	31.8382	28.5565 	1024  	0.726682	1.66116	166.727	57 	179.651	164.531	1024  	3.28268	1.66116
58 	1024  	180.615 	58 	201.085	169.41  	1024  	10.2906 	1.93959	181.342	58 	197.183	179.596	1024  	2.69393	1.93959
59 	1024  	11.7206 	59 	14.5804	8.50124 	1024  	1.47522 	1.72535	173.682	59 	188.06 	171.539	1024  	2.82912	1.72535
60 	1024  	29.0419 	60 	34.8465	21.6335 	1024  	3.35556 	2.24424	188.368	60 	205.479	186.771	1024  	2.50496	2.24424
61 	1024  	71.9543 	61 	76.0186	66.6133 	1024  	1.886   	2.084  	193.551	61 	208.119	191.741	1024  	2.25579	2.084  
62 	1024  	36.903  	62 	43.2222	31.0554 	1024  	3.11593 	2.15056	185.458	62 	199.888	183.738	1024  	2.39886	2.15056
63 	1024  	73.4172 	63 	91.0259	56.0476 	1024  	14.7246 	2.10017	191.794	63 	206.066	190.928	1024  	2.07933	2.10017
64 	1024  	29.152  	64 	34.2944	24.4933 	1024  	2.04184 	2.11214	193.755	64 	208.583	192.549	1024  	2.04578	2.11214
65 	1024  	61.53   	65 	67.3992	54.2892 	1024  	3.41977 	2.13092	183.903	65 	200.714	181.73 	1024  	3.15432	2.13092
66 	1024  	21.3577 	66 	24.5212	18.0908 	1024  	1.84345 	2.14695	192.526	66 	207.046	190.384	1024  	3.29086	2.14695
67 	1024  	34.8136 	67 	38.2138	29.7666 	1024  	2.71796 	2.46405	186.943	67 	201.546	184.364	1024  	3.23961	2.46405
68 	1024  	69.4089 	68 	81.7305	59.5713 	1024  	6.9356  	2.65827	202.584	68 	218.059	200.471	1024  	2.50301	2.65827
69 	1024  	88.7543 	69 	105.47 	75.5572 	1024  	11.2592 	2.34707	202.67 	69 	220.144	201.362	1024  	2.13839	2.34707
[gen 69] Wrote all fronts to ./results/training/20250907-2310/nsw_Bitbrains_3OS_NSGP2_core_40_run_18_gen_69_fronts.json
