
Due to MODULEPATH changes, the following have been reloaded:
  1) libfabric/1.19.0

The following have been reloaded with a version change:
  1) hwloc/2.7.2 => hwloc/2.9.2

CPU count: 40
   	      	                          obj1                         	                          obj2                         
   	      	-------------------------------------------------------	-------------------------------------------------------
gen	nevals	avg    	gen	max    	min    	nevals	std    	time   	avg    	gen	max   	min    	nevals	std    	time   
0  	1024  	227.203	0  	268.559	206.586	1024  	14.3824	1.06127	91.4516	0  	92.751	79.6639	1024  	1.14444	1.06127
[gen 0] z*: [np.float64(206.5859210514503), np.float64(79.66394900918384)]
[gen 1] z*: [np.float64(206.5859210514503), np.float64(79.66394900918384)]
1  	1024  	193.451	1  	227.936	183.489	1024  	6.23623	1.01686	36.8597	1  	91.4513	27.5092	1024  	2.81009	1.01686
[gen 2] z*: [np.float64(183.4891400440954), np.float64(27.50921903808001)]
2  	1024  	193.444	2  	227.936	183.489	1024  	6.21575	1.14851	37.0142	2  	108.469	27.5092	1024  	4.45517	1.14851
[gen 3] z*: [np.float64(183.4891400440954), np.float64(27.50921903808001)]
3  	1024  	193.058	3  	227.936	183.489	1024  	5.88213	1.10898	38.4405	3  	54.4675	27.5092	1024  	5.06551	1.10898
[gen 4] z*: [np.float64(183.4891400440954), np.float64(27.50921903808001)]
4  	1024  	193.058	4  	227.936	183.489	1024  	5.88213	1.12783	38.4405	4  	54.4675	27.5092	1024  	5.06551	1.12783
[gen 5] z*: [np.float64(183.4891400440954), np.float64(27.50921903808001)]
5  	1024  	192.389	5  	227.936	183.489	1024  	5.70175	0.9697 	38.7818	5  	53.6877	27.5092	1024  	4.36905	0.9697 
[gen 6] z*: [np.float64(183.4891400440954), np.float64(27.50921903808001)]
6  	1024  	182.934	6  	206.458	177.663	1024  	4.57314	0.672199	6.55902	6  	46.581 	4.91506	1024  	2.5493 	0.672199
[gen 7] z*: [np.float64(177.66335859501265), np.float64(4.915056009116667)]
7  	1024  	182.298	7  	206.458	177.663	1024  	4.31132	0.661123	7.55732	7  	14.5742	4.91506	1024  	2.66744	0.661123
[gen 8] z*: [np.float64(177.66335859501265), np.float64(4.915056009116667)]
8  	1024  	182.346	8  	206.458	177.663	1024  	4.29641	0.711461	7.55321	8  	14.5742	4.91506	1024  	2.60949	0.711461
[gen 9] z*: [np.float64(177.66335859501265), np.float64(4.915056009116667)]
9  	1024  	182.346	9  	206.458	177.663	1024  	4.29641	0.848881	7.55321	9  	14.5742	4.91506	1024  	2.60949	0.848881
[gen 10] z*: [np.float64(177.66335859501265), np.float64(4.915056009116667)]
10 	1024  	182.346	10 	206.458	177.663	1024  	4.29641	0.928481	7.55321	10 	14.5742	4.91506	1024  	2.60949	0.928481
[gen 11] z*: [np.float64(177.66335859501265), np.float64(4.915056009116667)]
11 	1024  	182.346	11 	206.458	177.663	1024  	4.29641	0.989933	7.55321	11 	14.5742	4.91506	1024  	2.60949	0.989933
[gen 12] z*: [np.float64(177.66335859501265), np.float64(4.915056009116667)]
12 	1024  	182.34 	12 	206.458	177.663	1024  	4.2966 	0.884671	7.60412	12 	24.3867	4.91506	1024  	2.81187	0.884671
[gen 13] z*: [np.float64(177.66335859501265), np.float64(4.915056009116667)]
13 	1024  	182.34 	13 	206.458	177.663	1024  	4.2966 	0.898629	7.60412	13 	24.3867	4.91506	1024  	2.81187	0.898629
[gen 14] z*: [np.float64(177.66335859501265), np.float64(4.915056009116667)]
14 	1024  	182.34 	14 	206.458	177.663	1024  	4.2966 	0.86301 	7.60412	14 	24.3867	4.91506	1024  	2.81187	0.86301 
[gen 15] z*: [np.float64(177.66335859501265), np.float64(4.915056009116667)]
15 	1024  	182.34 	15 	206.458	177.663	1024  	4.2966 	0.866948	7.60412	15 	24.3867	4.91506	1024  	2.81187	0.866948
[gen 16] z*: [np.float64(177.66335859501265), np.float64(4.915056009116667)]
16 	1024  	182.34 	16 	206.458	177.663	1024  	4.2966 	0.871413	7.60412	16 	24.3867	4.91506	1024  	2.81187	0.871413
[gen 17] z*: [np.float64(177.66335859501265), np.float64(4.915056009116667)]
17 	1024  	182.34 	17 	206.458	177.663	1024  	4.2966 	0.753384	7.60412	17 	24.3867	4.91506	1024  	2.81187	0.753384
[gen 18] z*: [np.float64(177.66335859501265), np.float64(4.915056009116667)]
18 	1024  	179.52 	18 	206.458	172.821	1024  	6.04421	0.739363	10.9534	18 	16.9196	4.91506	1024  	4.84965	0.739363
[gen 19] z*: [np.float64(172.82103718846446), np.float64(4.915056009116667)]
19 	1024  	179.615	19 	206.458	172.821	1024  	5.8266 	0.651804	10.9765	19 	16.8699	5.00867	1024  	4.5367 	0.651804
[gen 20] z*: [np.float64(172.82103718846446), np.float64(5.008667283984167)]
20 	1024  	179.239	20 	206.458	172.821	1024  	5.26965	0.627396	10.8119	20 	16.8699	5.00867	1024  	3.95231	0.627396
[gen 21] z*: [np.float64(172.82103718846446), np.float64(5.008667283984167)]
21 	1024  	168.7  	21 	206.458	161.994	1024  	9.75892	0.630824	10.4177	21 	12.5768	5.00867	1024  	2.29216	0.630824
[gen 22] z*: [np.float64(161.99376322911155), np.float64(5.008667283984167)]
22 	1024  	168.7  	22 	206.458	161.994	1024  	9.75892	0.979622	10.4177	22 	12.5768	5.00867	1024  	2.29216	0.979622
[gen 23] z*: [np.float64(161.99376322911155), np.float64(5.008667283984167)]
23 	1024  	168.7  	23 	206.458	161.994	1024  	9.75892	0.860558	10.4177	23 	12.5768	5.00867	1024  	2.29216	0.860558
[gen 24] z*: [np.float64(161.99376322911155), np.float64(5.008667283984167)]
24 	1024  	168.7  	24 	206.458	161.994	1024  	9.75892	0.68651 	10.4177	24 	12.5768	5.00867	1024  	2.29216	0.68651 
[gen 25] z*: [np.float64(161.99376322911155), np.float64(5.008667283984167)]
25 	1024  	164.898	25 	189.838	162.071	1024  	3.17522	0.56389 	2.10955	25 	12.5768	0.852897	1024  	3.21013	0.56389 
[gen 26] z*: [np.float64(162.07139478881822), np.float64(0.8528971947191862)]
26 	1024  	164.898	26 	189.838	162.071	1024  	3.17522	0.633503	2.10955	26 	12.5768	0.852897	1024  	3.21013	0.633503
[gen 27] z*: [np.float64(162.07139478881822), np.float64(0.8528971947191862)]
27 	1024  	164.895	27 	189.838	162.071	1024  	3.16806	0.67893 	2.13351	27 	12.5768	0.852897	1024  	3.22453	0.67893 
[gen 28] z*: [np.float64(162.07139478881822), np.float64(0.8528971947191862)]
28 	1024  	164.895	28 	189.838	162.071	1024  	3.16806	0.892533	2.13351	28 	12.5768	0.852897	1024  	3.22453	0.892533
[gen 29] z*: [np.float64(162.07139478881822), np.float64(0.8528971947191862)]
29 	1024  	164.895	29 	189.838	162.071	1024  	3.16806	0.836634	2.13351	29 	12.5768	0.852897	1024  	3.22453	0.836634
[gen 30] z*: [np.float64(162.07139478881822), np.float64(0.8528971947191862)]
30 	1024  	164.895	30 	189.838	162.071	1024  	3.16806	0.79285 	2.13351	30 	12.5768	0.852897	1024  	3.22453	0.79285 
[gen 31] z*: [np.float64(162.07139478881822), np.float64(0.8528971947191862)]
31 	1024  	164.895	31 	189.838	162.071	1024  	3.16806	0.71299 	2.13351	31 	12.5768	0.852897	1024  	3.22453	0.71299 
[gen 32] z*: [np.float64(162.07139478881822), np.float64(0.8528971947191862)]
32 	1024  	164.895	32 	189.838	162.071	1024  	3.16806	0.68101 	2.13351	32 	12.5768	0.852897	1024  	3.22453	0.68101 
[gen 33] z*: [np.float64(162.07139478881822), np.float64(0.8528971947191862)]
33 	1024  	164.838	33 	189.838	162.071	1024  	3.10124	0.675995	2.17667	33 	12.5768	0.852897	1024  	3.14743	0.675995
[gen 34] z*: [np.float64(162.07139478881822), np.float64(0.8528971947191862)]
34 	1024  	164.838	34 	189.838	162.071	1024  	3.10116	0.580596	2.17738	34 	12.5768	0.852897	1024  	3.14727	0.580596
[gen 35] z*: [np.float64(162.07139478881822), np.float64(0.8528971947191862)]
35 	1024  	164.838	35 	189.838	162.071	1024  	3.10116	0.966656	2.17738	35 	12.5768	0.852897	1024  	3.14727	0.966656
[gen 36] z*: [np.float64(162.07139478881822), np.float64(0.8528971947191862)]
36 	1024  	164.838	36 	189.838	162.071	1024  	3.10116	1.12171 	2.17738	36 	12.5768	0.852897	1024  	3.14727	1.12171 
[gen 37] z*: [np.float64(162.07139478881822), np.float64(0.8528971947191862)]
37 	1024  	164.838	37 	189.838	162.071	1024  	3.10116	1.22005 	2.17738	37 	12.5768	0.852897	1024  	3.14727	1.22005 
[gen 38] z*: [np.float64(162.07139478881822), np.float64(0.8528971947191862)]
38 	1024  	164.838	38 	189.838	162.071	1024  	3.10116	1.13336 	2.17738	38 	12.5768	0.852897	1024  	3.14727	1.13336 
[gen 39] z*: [np.float64(162.07139478881822), np.float64(0.8528971947191862)]
39 	1024  	164.838	39 	189.838	162.071	1024  	3.10116	0.982873	2.17738	39 	12.5768	0.852897	1024  	3.14727	0.982873
[gen 40] z*: [np.float64(162.07139478881822), np.float64(0.8528971947191862)]
40 	1024  	164.838	40 	189.838	162.071	1024  	3.10116	0.991073	2.17738	40 	12.5768	0.852897	1024  	3.14727	0.991073
[gen 41] z*: [np.float64(162.07139478881822), np.float64(0.8528971947191862)]
41 	1024  	164.838	41 	189.838	162.071	1024  	3.10116	0.672345	2.17738	41 	12.5768	0.852897	1024  	3.14727	0.672345
[gen 42] z*: [np.float64(162.07139478881822), np.float64(0.8528971947191862)]
42 	1024  	164.838	42 	189.838	162.071	1024  	3.10116	0.604928	2.17738	42 	12.5768	0.852897	1024  	3.14727	0.604928
[gen 43] z*: [np.float64(162.07139478881822), np.float64(0.8528971947191862)]
43 	1024  	164.838	43 	189.838	162.071	1024  	3.10116	1.04602 	2.17738	43 	12.5768	0.852897	1024  	3.14727	1.04602 
[gen 44] z*: [np.float64(162.07139478881822), np.float64(0.8528971947191862)]
44 	1024  	164.838	44 	189.838	162.071	1024  	3.10116	1.06846 	2.17738	44 	12.5768	0.852897	1024  	3.14727	1.06846 
[gen 45] z*: [np.float64(162.07139478881822), np.float64(0.8528971947191862)]
45 	1024  	164.838	45 	189.838	162.071	1024  	3.10116	1.02314 	2.17738	45 	12.5768	0.852897	1024  	3.14727	1.02314 
[gen 46] z*: [np.float64(162.07139478881822), np.float64(0.8528971947191862)]
46 	1024  	164.838	46 	189.838	162.071	1024  	3.10116	0.958178	2.17738	46 	12.5768	0.852897	1024  	3.14727	0.958178
[gen 47] z*: [np.float64(162.07139478881822), np.float64(0.8528971947191862)]
47 	1024  	164.838	47 	189.838	162.071	1024  	3.10116	0.974062	2.17738	47 	12.5768	0.852897	1024  	3.14727	0.974062
[gen 48] z*: [np.float64(162.07139478881822), np.float64(0.8528971947191862)]
48 	1024  	164.838	48 	189.838	162.071	1024  	3.10116	1.00262 	2.17738	48 	12.5768	0.852897	1024  	3.14727	1.00262 
[gen 49] z*: [np.float64(162.07139478881822), np.float64(0.8528971947191862)]
49 	1024  	164.838	49 	189.838	162.071	1024  	3.10116	0.865593	2.17738	49 	12.5768	0.852897	1024  	3.14727	0.865593
[gen 50] z*: [np.float64(162.07139478881822), np.float64(0.8528971947191862)]
50 	1024  	164.838	50 	189.838	162.071	1024  	3.10116	0.78012 	2.17738	50 	12.5768	0.852897	1024  	3.14727	0.78012 
[gen 51] z*: [np.float64(162.07139478881822), np.float64(0.8528971947191862)]
51 	1024  	164.838	51 	189.838	162.071	1024  	3.10116	0.649332	2.17738	51 	12.5768	0.852897	1024  	3.14727	0.649332
[gen 52] z*: [np.float64(162.07139478881822), np.float64(0.8528971947191862)]
52 	1024  	164.838	52 	189.838	162.071	1024  	3.10116	0.690539	2.17738	52 	12.5768	0.852897	1024  	3.14727	0.690539
[gen 53] z*: [np.float64(162.07139478881822), np.float64(0.8528971947191862)]
53 	1024  	164.826	53 	189.838	162.071	1024  	3.08942	0.611992	2.2067 	53 	12.5768	0.852897	1024  	3.16559	0.611992
[gen 54] z*: [np.float64(162.07139478881822), np.float64(0.8528971947191862)]
54 	1024  	164.826	54 	189.838	162.071	1024  	3.08942	0.656599	2.2067 	54 	12.5768	0.852897	1024  	3.16559	0.656599
[gen 55] z*: [np.float64(162.07139478881822), np.float64(0.8528971947191862)]
55 	1024  	164.826	55 	189.838	162.071	1024  	3.08942	0.789122	2.2067 	55 	12.5768	0.852897	1024  	3.16559	0.789122
[gen 56] z*: [np.float64(162.07139478881822), np.float64(0.8528971947191862)]
56 	1024  	164.826	56 	189.838	162.071	1024  	3.08942	0.711511	2.2067 	56 	12.5768	0.852897	1024  	3.16559	0.711511
[gen 57] z*: [np.float64(162.07139478881822), np.float64(0.8528971947191862)]
57 	1024  	164.826	57 	189.838	162.071	1024  	3.08942	0.639291	2.2067 	57 	12.5768	0.852897	1024  	3.16559	0.639291
[gen 58] z*: [np.float64(162.07139478881822), np.float64(0.8528971947191862)]
58 	1024  	164.826	58 	189.838	162.071	1024  	3.08942	0.76107 	2.2067 	58 	12.5768	0.852897	1024  	3.16559	0.76107 
[gen 59] z*: [np.float64(162.07139478881822), np.float64(0.8528971947191862)]
59 	1024  	164.826	59 	189.838	162.071	1024  	3.08942	0.691274	2.2067 	59 	12.5768	0.852897	1024  	3.16559	0.691274
[gen 60] z*: [np.float64(162.07139478881822), np.float64(0.8528971947191862)]
60 	1024  	164.826	60 	189.838	162.071	1024  	3.08942	0.889261	2.2067 	60 	12.5768	0.852897	1024  	3.16559	0.889261
[gen 61] z*: [np.float64(162.07139478881822), np.float64(0.8528971947191862)]
61 	1024  	164.826	61 	189.838	162.071	1024  	3.08942	0.829156	2.2067 	61 	12.5768	0.852897	1024  	3.16559	0.829156
[gen 62] z*: [np.float64(162.07139478881822), np.float64(0.8528971947191862)]
62 	1024  	164.826	62 	189.838	162.071	1024  	3.08942	0.851119	2.2067 	62 	12.5768	0.852897	1024  	3.16559	0.851119
[gen 63] z*: [np.float64(162.07139478881822), np.float64(0.8528971947191862)]
63 	1024  	164.826	63 	189.838	162.071	1024  	3.08942	0.820064	2.2067 	63 	12.5768	0.852897	1024  	3.16559	0.820064
[gen 64] z*: [np.float64(162.07139478881822), np.float64(0.8528971947191862)]
64 	1024  	164.826	64 	189.838	162.071	1024  	3.08942	0.831056	2.2067 	64 	12.5768	0.852897	1024  	3.16559	0.831056
[gen 65] z*: [np.float64(162.07139478881822), np.float64(0.8528971947191862)]
65 	1024  	164.826	65 	189.838	162.071	1024  	3.08942	0.813871	2.2067 	65 	12.5768	0.852897	1024  	3.16559	0.813871
[gen 66] z*: [np.float64(162.07139478881822), np.float64(0.8528971947191862)]
66 	1024  	164.826	66 	189.838	162.071	1024  	3.08942	0.825585	2.2067 	66 	12.5768	0.852897	1024  	3.16559	0.825585
[gen 67] z*: [np.float64(162.07139478881822), np.float64(0.8528971947191862)]
67 	1024  	164.826	67 	189.838	162.071	1024  	3.08942	0.96623 	2.2067 	67 	12.5768	0.852897	1024  	3.16559	0.96623 
[gen 68] z*: [np.float64(162.07139478881822), np.float64(0.8528971947191862)]
68 	1024  	164.826	68 	189.838	162.071	1024  	3.08942	1.12127 	2.2067 	68 	12.5768	0.852897	1024  	3.16559	1.12127 
[gen 69] z*: [np.float64(162.07139478881822), np.float64(0.8528971947191862)]
69 	1024  	164.826	69 	189.838	162.071	1024  	3.08942	1.0209  	2.2067 	69 	12.5768	0.852897	1024  	3.16559	1.0209  
[gen 70] z*: [np.float64(162.07139478881822), np.float64(0.8528971947191862)]
70 	1024  	164.826	70 	189.838	162.071	1024  	3.08942	1.08928 	2.2067 	70 	12.5768	0.852897	1024  	3.16559	1.08928 
[gen 71] z*: [np.float64(162.07139478881822), np.float64(0.8528971947191862)]
71 	1024  	164.826	71 	189.838	162.071	1024  	3.08942	1.06855 	2.2067 	71 	12.5768	0.852897	1024  	3.16559	1.06855 
[gen 72] z*: [np.float64(162.07139478881822), np.float64(0.8528971947191862)]
72 	1024  	164.826	72 	189.838	162.071	1024  	3.08942	0.952301	2.2067 	72 	12.5768	0.852897	1024  	3.16559	0.952301
[gen 73] z*: [np.float64(162.07139478881822), np.float64(0.8528971947191862)]
73 	1024  	164.826	73 	189.838	162.071	1024  	3.08942	1.00983 	2.2067 	73 	12.5768	0.852897	1024  	3.16559	1.00983 
[gen 74] z*: [np.float64(162.07139478881822), np.float64(0.8528971947191862)]
74 	1024  	164.826	74 	189.838	162.071	1024  	3.08942	0.8238  	2.2067 	74 	12.5768	0.852897	1024  	3.16559	0.8238  
[gen 75] z*: [np.float64(162.07139478881822), np.float64(0.8528971947191862)]
75 	1024  	164.826	75 	189.838	162.071	1024  	3.08942	0.951299	2.2067 	75 	12.5768	0.852897	1024  	3.16559	0.951299
[gen 76] z*: [np.float64(162.07139478881822), np.float64(0.8528971947191862)]
76 	1024  	164.826	76 	189.838	162.071	1024  	3.08942	0.77018 	2.2067 	76 	12.5768	0.852897	1024  	3.16559	0.77018 
[gen 77] z*: [np.float64(162.07139478881822), np.float64(0.8528971947191862)]
77 	1024  	164.826	77 	189.838	162.071	1024  	3.08942	0.686286	2.2067 	77 	12.5768	0.852897	1024  	3.16559	0.686286
[gen 78] z*: [np.float64(162.07139478881822), np.float64(0.8528971947191862)]
78 	1024  	164.819	78 	189.838	162.071	1024  	3.05708	0.689119	2.24799	78 	12.5768	0.852897	1024  	3.14769	0.689119
[gen 79] z*: [np.float64(162.07139478881822), np.float64(0.8528971947191862)]
79 	1024  	164.819	79 	189.838	162.071	1024  	3.05708	0.698424	2.24799	79 	12.5768	0.852897	1024  	3.14769	0.698424
