
Due to MODULEPATH changes, the following have been reloaded:
  1) libfabric/1.19.0

The following have been reloaded with a version change:
  1) hwloc/2.7.2 => hwloc/2.9.2

CPU count: 40
   	      	                          obj1                          	                          obj2                          
   	      	--------------------------------------------------------	--------------------------------------------------------
gen	nevals	avg    	gen	max    	min    	nevals	std    	time    	avg    	gen	max   	min    	nevals	std    	time    
0  	1024  	227.078	0  	268.559	206.774	1024  	13.7451	0.995103	91.4297	0  	92.751	82.5545	1024  	1.14067	0.995103
[gen 0] z*: [np.float64(206.77368770420742), np.float64(82.55445957366214)]
[gen 1] z*: [np.float64(206.77368770420742), np.float64(82.55445957366214)]
1  	1024  	193.773	1  	228.787	183.591	1024  	6.86151	1.05397 	36.8532	1  	92.0419	27.5092	1024  	2.21428	1.05397 
[gen 2] z*: [np.float64(183.59103107154237), np.float64(27.50921903808001)]
2  	1024  	193.772	2  	228.787	183.591	1024  	6.85897	1.21583 	36.8639	2  	103.01 	27.5092	1024  	2.49052	1.21583 
[gen 3] z*: [np.float64(183.59103107154237), np.float64(27.50921903808001)]
3  	1024  	193.357	3  	228.787	183.591	1024  	6.52568	1.17867 	38.1637	3  	53.8453	27.5092	1024  	4.68796	1.17867 
[gen 4] z*: [np.float64(183.59103107154237), np.float64(27.50921903808001)]
4  	1024  	193.357	4  	228.787	183.591	1024  	6.52568	1.15246 	38.1637	4  	53.8453	27.5092	1024  	4.68796	1.15246 
[gen 5] z*: [np.float64(183.59103107154237), np.float64(27.50921903808001)]
5  	1024  	192.799	5  	228.787	183.591	1024  	6.46943	1.0319  	38.7644	5  	53.8453	27.5092	1024  	4.3968 	1.0319  
[gen 6] z*: [np.float64(183.59103107154237), np.float64(27.50921903808001)]
6  	1024  	183.166	6  	205.126	177.654	1024  	4.87798	0.722041	6.49443	6  	38.0604	4.91506	1024  	1.64707	0.722041
[gen 7] z*: [np.float64(177.6535374872132), np.float64(4.915056009116667)]
7  	1024  	182.431	7  	205.126	177.654	1024  	4.63568	0.706544	7.85339	7  	14.5742	4.91506	1024  	2.84845	0.706544
[gen 8] z*: [np.float64(177.6535374872132), np.float64(4.915056009116667)]
8  	1024  	182.454	8  	205.126	177.654	1024  	4.60851	0.756823	7.85821	8  	14.5742	4.91506	1024  	2.79662	0.756823
[gen 9] z*: [np.float64(177.6535374872132), np.float64(4.915056009116667)]
9  	1024  	182.454	9  	205.126	177.654	1024  	4.60851	0.892516	7.85821	9  	14.5742	4.91506	1024  	2.79662	0.892516
[gen 10] z*: [np.float64(177.6535374872132), np.float64(4.915056009116667)]
10 	1024  	182.454	10 	205.126	177.654	1024  	4.60851	0.988386	7.85821	10 	14.5742	4.91506	1024  	2.79662	0.988386
[gen 11] z*: [np.float64(177.6535374872132), np.float64(4.915056009116667)]
11 	1024  	182.454	11 	205.126	177.654	1024  	4.60851	1.04636 	7.85821	11 	14.5742	4.91506	1024  	2.79662	1.04636 
[gen 12] z*: [np.float64(177.6535374872132), np.float64(4.915056009116667)]
12 	1024  	182.452	12 	205.126	177.654	1024  	4.60882	0.933046	7.93556	12 	24.5784	4.91506	1024  	3.04583	0.933046
[gen 13] z*: [np.float64(177.6535374872132), np.float64(4.915056009116667)]
13 	1024  	182.452	13 	205.126	177.654	1024  	4.60882	0.941252	7.93556	13 	24.5784	4.91506	1024  	3.04583	0.941252
[gen 14] z*: [np.float64(177.6535374872132), np.float64(4.915056009116667)]
14 	1024  	182.452	14 	205.126	177.654	1024  	4.60882	0.933971	7.93556	14 	24.5784	4.91506	1024  	3.04583	0.933971
[gen 15] z*: [np.float64(177.6535374872132), np.float64(4.915056009116667)]
15 	1024  	182.452	15 	205.126	177.654	1024  	4.60882	0.938896	7.93556	15 	24.5784	4.91506	1024  	3.04583	0.938896
[gen 16] z*: [np.float64(177.6535374872132), np.float64(4.915056009116667)]
16 	1024  	182.452	16 	205.126	177.654	1024  	4.60883	0.935406	7.98378	16 	73.6335	4.91506	1024  	3.63725	0.935406
[gen 17] z*: [np.float64(177.6535374872132), np.float64(4.915056009116667)]
17 	1024  	182.452	17 	205.126	177.654	1024  	4.60883	0.801319	7.98378	17 	73.6335	4.91506	1024  	3.63725	0.801319
[gen 18] z*: [np.float64(177.6535374872132), np.float64(4.915056009116667)]
18 	1024  	179.864	18 	205.126	172.82 	1024  	6.29056	0.800734	10.9914	18 	16.8906	4.91506	1024  	4.83976	0.800734
[gen 19] z*: [np.float64(172.82033761316978), np.float64(4.915056009116667)]
19 	1024  	179.774	19 	205.126	172.82 	1024  	6.18453	0.713372	10.9772	19 	16.8893	4.91506	1024  	4.60016	0.713372
[gen 20] z*: [np.float64(172.82033761316978), np.float64(4.915056009116667)]
20 	1024  	179.264	20 	205.126	172.82 	1024  	5.60269	0.690584	10.6928	20 	16.8893	4.91506	1024  	3.99884	0.690584
[gen 21] z*: [np.float64(172.82033761316978), np.float64(4.915056009116667)]
21 	1024  	169.074	21 	205.126	162.068	1024  	9.92857	0.694627	10.5199	21 	12.5671	4.91506	1024  	2.27298	0.694627
[gen 22] z*: [np.float64(162.06820495960636), np.float64(4.915056009116667)]
22 	1024  	169.074	22 	205.126	162.068	1024  	9.92857	1.02673 	10.5199	22 	12.5671	4.91506	1024  	2.27298	1.02673 
[gen 23] z*: [np.float64(162.06820495960636), np.float64(4.915056009116667)]
23 	1024  	169.074	23 	205.126	162.068	1024  	9.92857	0.936156	10.5199	23 	12.5671	4.91506	1024  	2.27298	0.936156
[gen 24] z*: [np.float64(162.06820495960636), np.float64(4.915056009116667)]
24 	1024  	169.074	24 	205.126	162.068	1024  	9.92857	0.738873	10.5199	24 	12.5671	4.91506	1024  	2.27298	0.738873
[gen 25] z*: [np.float64(162.06820495960636), np.float64(4.915056009116667)]
25 	1024  	165.195	25 	183.477	162.143	1024  	3.19748	0.618923	2.45725	25 	12.4588	0.730607	1024  	3.6034 	0.618923
[gen 26] z*: [np.float64(162.14278089794757), np.float64(0.7306070672191863)]
26 	1024  	164.359	26 	182.021	162.143	1024  	2.03565	0.576877	1.65343	26 	12.4588	0       	1024  	3.55279	0.576877
[gen 27] z*: [np.float64(162.14278089794757), np.float64(0.8528971947191862)]
27 	1024  	164.359	27 	182.021	162.143	1024  	2.03565	0.706609	1.65343	27 	12.4588	0       	1024  	3.55279	0.706609
[gen 28] z*: [np.float64(162.14278089794757), np.float64(0.8528971947191862)]
28 	1024  	164.359	28 	182.021	162.143	1024  	2.03565	0.93787 	1.65343	28 	12.4588	0       	1024  	3.55279	0.93787 
[gen 29] z*: [np.float64(162.14278089794757), np.float64(0.8528971947191862)]
29 	1024  	164.359	29 	182.021	162.143	1024  	2.03565	0.877594	1.65343	29 	12.4588	0       	1024  	3.55279	0.877594
[gen 30] z*: [np.float64(162.14278089794757), np.float64(0.8528971947191862)]
30 	1024  	164.359	30 	182.021	162.143	1024  	2.03565	0.839564	1.65343	30 	12.4588	0       	1024  	3.55279	0.839564
[gen 31] z*: [np.float64(162.14278089794757), np.float64(0.8528971947191862)]
31 	1024  	164.359	31 	182.021	162.143	1024  	2.03565	0.756919	1.65343	31 	12.4588	0       	1024  	3.55279	0.756919
[gen 32] z*: [np.float64(162.14278089794757), np.float64(0.8528971947191862)]
32 	1024  	164.359	32 	182.021	162.143	1024  	2.03565	0.706068	1.65343	32 	12.4588	0       	1024  	3.55279	0.706068
[gen 33] z*: [np.float64(162.14278089794757), np.float64(0.8528971947191862)]
33 	1024  	164.367	33 	182.021	162.143	1024  	2.02787	0.706448	1.69272	33 	12.4588	0       	1024  	3.47585	0.706448
[gen 34] z*: [np.float64(162.14278089794757), np.float64(0.8528971947191862)]
34 	1024  	164.367	34 	182.021	162.143	1024  	2.02787	0.613482	1.69272	34 	12.4588	0       	1024  	3.47585	0.613482
[gen 35] z*: [np.float64(162.14278089794757), np.float64(0.8528971947191862)]
35 	1024  	164.367	35 	182.021	162.143	1024  	2.02787	1.01535 	1.69272	35 	12.4588	0       	1024  	3.47585	1.01535 
[gen 36] z*: [np.float64(162.14278089794757), np.float64(0.8528971947191862)]
36 	1024  	164.367	36 	182.021	162.143	1024  	2.02787	1.1781  	1.69272	36 	12.4588	0       	1024  	3.47585	1.1781  
[gen 37] z*: [np.float64(162.14278089794757), np.float64(0.8528971947191862)]
37 	1024  	164.367	37 	182.021	162.143	1024  	2.02787	1.29718 	1.69272	37 	12.4588	0       	1024  	3.47585	1.29718 
[gen 38] z*: [np.float64(162.14278089794757), np.float64(0.8528971947191862)]
38 	1024  	164.367	38 	182.021	162.143	1024  	2.02787	1.19271 	1.69272	38 	12.4588	0       	1024  	3.47585	1.19271 
[gen 39] z*: [np.float64(162.14278089794757), np.float64(0.8528971947191862)]
39 	1024  	164.367	39 	182.021	162.143	1024  	2.02787	1.04579 	1.69272	39 	12.4588	0       	1024  	3.47585	1.04579 
[gen 40] z*: [np.float64(162.14278089794757), np.float64(0.8528971947191862)]
40 	1024  	164.367	40 	182.021	162.143	1024  	2.02787	0.991346	1.69272	40 	12.4588	0       	1024  	3.47585	0.991346
[gen 41] z*: [np.float64(162.14278089794757), np.float64(0.8528971947191862)]
41 	1024  	164.367	41 	182.021	162.143	1024  	2.02787	0.716928	1.69272	41 	12.4588	0       	1024  	3.47585	0.716928
[gen 42] z*: [np.float64(162.14278089794757), np.float64(0.8528971947191862)]
42 	1024  	164.367	42 	182.021	162.143	1024  	2.02787	0.659591	1.69272	42 	12.4588	0       	1024  	3.47585	0.659591
[gen 43] z*: [np.float64(162.14278089794757), np.float64(0.8528971947191862)]
43 	1024  	164.367	43 	182.021	162.143	1024  	2.02787	1.08534 	1.69272	43 	12.4588	0       	1024  	3.47585	1.08534 
[gen 44] z*: [np.float64(162.14278089794757), np.float64(0.8528971947191862)]
44 	1024  	164.367	44 	182.021	162.143	1024  	2.02787	1.12749 	1.69272	44 	12.4588	0       	1024  	3.47585	1.12749 
[gen 45] z*: [np.float64(162.14278089794757), np.float64(0.8528971947191862)]
45 	1024  	164.367	45 	182.021	162.143	1024  	2.02787	1.08211 	1.69272	45 	12.4588	0       	1024  	3.47585	1.08211 
[gen 46] z*: [np.float64(162.14278089794757), np.float64(0.8528971947191862)]
46 	1024  	164.367	46 	182.021	162.143	1024  	2.02787	0.988878	1.69272	46 	12.4588	0       	1024  	3.47585	0.988878
[gen 47] z*: [np.float64(162.14278089794757), np.float64(0.8528971947191862)]
47 	1024  	164.367	47 	182.021	162.143	1024  	2.02787	1.01764 	1.69272	47 	12.4588	0       	1024  	3.47585	1.01764 
[gen 48] z*: [np.float64(162.14278089794757), np.float64(0.8528971947191862)]
48 	1024  	164.367	48 	182.021	162.143	1024  	2.02787	1.05522 	1.69272	48 	12.4588	0       	1024  	3.47585	1.05522 
[gen 49] z*: [np.float64(162.14278089794757), np.float64(0.8528971947191862)]
49 	1024  	164.367	49 	182.021	162.143	1024  	2.02787	0.898987	1.69272	49 	12.4588	0       	1024  	3.47585	0.898987
[gen 50] z*: [np.float64(162.14278089794757), np.float64(0.8528971947191862)]
50 	1024  	164.367	50 	182.021	162.143	1024  	2.02787	0.800204	1.69272	50 	12.4588	0       	1024  	3.47585	0.800204
