
Due to MODULEPATH changes, the following have been reloaded:
  1) libfabric/1.19.0

The following have been reloaded with a version change:
  1) hwloc/2.7.2 => hwloc/2.9.2

CPU count: 40
   	      	                     communication                     	                         energy                        
   	      	-------------------------------------------------------	-------------------------------------------------------
gen	nevals	avg    	gen	max   	min    	nevals	std   	time   	avg    	gen	max    	min    	nevals	std    	time   
0  	1024  	91.4133	0  	92.751	79.6639	1024  	1.1767	1.03755	226.969	0  	268.559	206.586	1024  	13.3685	1.03755
[gen 0] z*: [np.float64(206.5858736425733), np.float64(79.66394900918384)]
[gen 1] z*: [np.float64(183.58876411680092), np.float64(27.50921903808001)], z^nad: [np.float64(230.09577795593412), np.float64(38.406379315740026)]
1  	1024  	36.3038	1  	38.1599	27.5092	1024  	1.33984	3.07241	193.929	1  	214.033	183.641	1024  	6.43401	3.07241
[gen 2] z*: [np.float64(208.9466204408013), np.float64(88.20530630058009)], z^nad: [np.float64(245.7991788072771), np.float64(109.64124330899851)]
2  	1024  	101.347	2  	109.337	88.2053	1024  	6.34038	3.66034	217.462	2  	242.202	209.05 	1024  	6.72793	3.66034
[gen 3] z*: [np.float64(192.9278529410487), np.float64(43.253310753454194)], z^nad: [np.float64(229.1663841634378), np.float64(54.56252168578917)]
3  	1024  	51.263 	3  	54.2149	43.2533	1024  	1.74104	3.6896 	201.979	3  	235.256	192.928	1024  	8.04194	3.6896 
[gen 4] z*: [np.float64(210.0876951519756), np.float64(54.346446914914225)], z^nad: [np.float64(246.85403889211528), np.float64(66.28185794570071)]
4  	1024  	62.226 	4  	66.0319	54.3464	1024  	1.80655	3.52461	217.821	4  	246.854	210.196	1024  	7.27733	3.52461
[gen 5] z*: [np.float64(189.49070398558982), np.float64(36.71855836647722)], z^nad: [np.float64(229.16404451346185), np.float64(47.702835220842516)]
5  	1024  	43.6349	5  	47.5974	36.655 	1024  	2.3905 	2.9559 	196.712	5  	229.164	189.56 	1024  	6.43725	2.9559 
[gen 6] z*: [np.float64(178.1256746682375), np.float64(4.798618189761667)], z^nad: [np.float64(208.42542065296362), np.float64(6.551959853158336)]
6  	1024  	5.66466	6  	6.55196	4.53933	1024  	0.43128	2.14353	185.237	6  	208.425	178.137	1024  	5.06364	2.14353
[gen 7] z*: [np.float64(180.04606791145528), np.float64(8.74969576154936)], z^nad: [np.float64(209.50077433884928), np.float64(14.574221327194222)]
7  	1024  	10.8401	7  	14.5742	8.7497 	1024  	1.37241	2.24929	187.258	7  	206.638	180.046	1024  	4.81866	2.24929
[gen 8] z*: [np.float64(183.0043431648603), np.float64(8.785321411811603)], z^nad: [np.float64(207.73011015647552), np.float64(13.113965544176612)]
8  	1024  	10.7136	8  	13.114 	8.78532	1024  	0.885284	2.40167	189.525	8  	207.73 	183.004	1024  	4.01422	2.40167
[gen 9] z*: [np.float64(187.74115404923865), np.float64(29.723272012792506)], z^nad: [np.float64(216.33930700874336), np.float64(41.454119796137945)]
9  	1024  	34.3046	9  	40.0812	29.7233	1024  	2.40044 	2.80379	194.494	9  	210.004	187.741	1024  	3.81927	2.80379
[gen 10] z*: [np.float64(191.72857134645366), np.float64(45.10754901348848)], z^nad: [np.float64(213.81996737617843), np.float64(64.8620070541812)]
10 	1024  	53.346 	10 	64.7394	45.1075	1024  	3.74503 	3.02925	196.477	10 	207.23 	191.608	1024  	2.73559	3.02925
[gen 11] z*: [np.float64(195.67724700950154), np.float64(39.06256355616763)], z^nad: [np.float64(213.3233333612534), np.float64(47.09027963941832)]
11 	1024  	41.8942	11 	47.024 	39.0626	1024  	2.14413 	3.08307	200.406	11 	213.669	195.593	1024  	2.88769	3.08307
[gen 12] z*: [np.float64(181.36241196404578), np.float64(18.702077268754927)], z^nad: [np.float64(197.93342814477992), np.float64(24.8324937001619)]
12 	1024  	20.6396	12 	24.4456	18.7021	1024  	1.43949 	2.77156	186.779	12 	197.933	181.362	1024  	3.19065	2.77156
[gen 13] z*: [np.float64(187.07168436871714), np.float64(29.847465298541174)], z^nad: [np.float64(204.45573451269104), np.float64(38.81995707501664)]
13 	1024  	32.5611	13 	38.4767	29.8475	1024  	2.7189  	2.77308	192.461	13 	204.122	187.072	1024  	2.93903	2.77308
[gen 14] z*: [np.float64(189.75273041440346), np.float64(23.64146534650885)], z^nad: [np.float64(206.34187167106145), np.float64(32.40268133568083)]
14 	1024  	26.4432	14 	32.4027	23.6415	1024  	2.37605 	2.87107	195.045	14 	206.342	189.753	1024  	3.05013	2.87107
[gen 15] z*: [np.float64(190.46472948453385), np.float64(35.19284571711154)], z^nad: [np.float64(205.74448886801233), np.float64(46.33396439408201)]
15 	1024  	38.7685	15 	46.2952	35.1928	1024  	2.68287 	2.85014	194.56 	15 	205.744	190.465	1024  	2.44669	2.85014
[gen 16] z*: [np.float64(181.39555663942045), np.float64(60.83463892758055)], z^nad: [np.float64(198.13350356547198), np.float64(73.63354323343196)]
16 	1024  	66.1065	16 	73.6335	60.8346	1024  	2.29403 	2.75736	186.359	16 	198.413	181.396	1024  	3.2734 	2.75736
[gen 17] z*: [np.float64(191.00532848043196), np.float64(18.44274409776537)], z^nad: [np.float64(206.5661226529154), np.float64(25.00290315590349)]
17 	1024  	20.7837	17 	25.0029	18.4427	1024  	1.6521  	2.63253	195.776	17 	206.566	191.005	1024  	2.97363	2.63253
[gen 18] z*: [np.float64(172.82033761316978), np.float64(8.980743616968335)], z^nad: [np.float64(189.1768053069419), np.float64(16.787036024788332)]
18 	1024  	11.7136	18 	16.787 	8.98074	1024  	2.45184 	2.37842	178.523	18 	189.177	172.82 	1024  	3.52793	2.37842
[gen 19] z*: [np.float64(174.24223403384056), np.float64(12.755098331906357)], z^nad: [np.float64(190.37048548968625), np.float64(15.71188003650968)]
19 	1024  	13.8644	19 	15.7119	12.7551	1024  	0.852038	2.0842 	180.246	19 	190.372	174.242	1024  	3.58556	2.0842 
[gen 20] z*: [np.float64(176.70700478136206), np.float64(7.0125530032533305)], z^nad: [np.float64(191.15503292798323), np.float64(11.841846210841666)]
20 	1024  	8.17965	20 	11.8418	7.01255	1024  	1.28907 	2.00557	181.793	20 	185.362	176.674	1024  	2.96661	2.00557
[gen 21] z*: [np.float64(162.06816138933075), np.float64(8.601142188878551)], z^nad: [np.float64(172.09826143636704), np.float64(12.567125762818552)]
21 	1024  	10.3579	21 	12.5671	8.60114	1024  	1.00935 	2.09825	167.569	21 	178.154	162.068	1024  	3.77342	2.09825
[gen 22] z*: [np.float64(195.12375471749777), np.float64(33.65877035000576)], z^nad: [np.float64(212.1868994264124), np.float64(47.22122377747689)]
22 	1024  	37.8383	22 	47.2212	33.6588	1024  	2.8656  	3.18536	198.58 	22 	212.187	195.124	1024  	2.58412	3.18536
[gen 23] z*: [np.float64(188.91655382268127), np.float64(30.098441405124188)], z^nad: [np.float64(206.63019040586923), np.float64(41.48069476573918)]
23 	1024  	33.3899	23 	41.4807	30.0984	1024  	2.62872 	2.83376	193.694	23 	206.63 	188.917	1024  	3.41601	2.83376
[gen 24] z*: [np.float64(173.07003666033847), np.float64(29.00724456830097)], z^nad: [np.float64(190.27283836912562), np.float64(42.68530292194013)]
24 	1024  	31.2128	24 	34.3276	28.9764	1024  	1.43416 	2.46333	177.714	24 	190.273	173.07 	1024  	3.80102	2.46333
[gen 25] z*: [np.float64(162.81285979858137), np.float64(0.6811314472608531)], z^nad: [np.float64(179.42966736231205), np.float64(1.1174066644401857)]
25 	1024  	0.987807	25 	1.11741	0.681131	1024  	0.0963935	1.77622	169.05 	25 	179.43 	162.826	1024  	4.90254	1.77622
[gen 26] z*: [np.float64(178.62903287258231), np.float64(4.017631224462145)], z^nad: [np.float64(193.41157212726452), np.float64(5.737449615007267)]
26 	1024  	4.72544 	26 	5.73745	4.01763 	1024  	0.400439 	1.9053 	183.426	26 	193.412	178.629	1024  	3.78415	1.9053 
[gen 27] z*: [np.float64(172.1007434604004), np.float64(5.0900774000124995)], z^nad: [np.float64(187.77638713106754), np.float64(7.227995500468336)]
27 	1024  	5.87711 	27 	7.228  	5.03883 	1024  	0.524456 	2.08335	177.82 	27 	187.776	172.101	1024  	4.10308	2.08335
[gen 28] z*: [np.float64(178.8696438537245), np.float64(25.051376190751014)], z^nad: [np.float64(195.52307956823762), np.float64(36.970048992191934)]
28 	1024  	28.6194 	28 	36.8915	24.8107 	1024  	2.86461  	2.72901	183.228	28 	195.523	178.88 	1024  	3.22142	2.72901
[gen 29] z*: [np.float64(194.6351022930569), np.float64(48.75902640819157)], z^nad: [np.float64(211.0176828673623), np.float64(59.42149482245577)]
29 	1024  	50.6828 	29 	59.184 	48.759  	1024  	1.86389  	2.60991	198.44 	29 	211.018	194.635	1024  	3.24084	2.60991
[gen 30] z*: [np.float64(185.58431994287827), np.float64(29.48974919369796)], z^nad: [np.float64(201.88947160365373), np.float64(38.591646289487514)]
30 	1024  	32.0004 	30 	38.7013	29.4897 	1024  	2.00454  	2.49558	189.634	30 	201.889	185.584	1024  	3.11853	2.49558
[gen 31] z*: [np.float64(169.33252547221892), np.float64(10.424194003882185)], z^nad: [np.float64(185.275676878477), np.float64(16.530337096384862)]
31 	1024  	12.5635 	31 	16.5303	10.4242 	1024  	1.03301  	2.32841	174.19 	31 	185.276	169.333	1024  	3.84939	2.32841
[gen 32] z*: [np.float64(169.57655815417957), np.float64(28.011994740989348)], z^nad: [np.float64(185.90968213822907), np.float64(30.45480157350269)]
32 	1024  	29.0904 	32 	30.4548	28.012  	1024  	0.565084 	2.11578	174.878	32 	185.91 	169.577	1024  	4.03582	2.11578
[gen 33] z*: [np.float64(162.94205256077342), np.float64(5.0809631536449995)], z^nad: [np.float64(179.1459258811084), np.float64(8.00900445060333)]
33 	1024  	6.05621 	33 	7.91839	5.08096 	1024  	0.668961 	2.17154	168.525	33 	179.146	162.942	1024  	3.9922 	2.17154
[gen 34] z*: [np.float64(173.301680295794), np.float64(1.5676863949888749)], z^nad: [np.float64(189.0268813246118), np.float64(1.9648083419489553)]
34 	1024  	1.7566  	34 	1.96481	1.27174 	1024  	0.0772291	1.82228	179.105	34 	198.939	173.302	1024  	4.42439	1.82228
[gen 35] z*: [np.float64(193.33496606701516), np.float64(21.96189758792258)], z^nad: [np.float64(226.22696215732645), np.float64(29.727200137805625)]
35 	1024  	24.8855 	35 	29.4224	21.9619 	1024  	1.63373  	3.13102	199.124	35 	211.653	193.335	1024  	4.35874	3.13102
[gen 36] z*: [np.float64(207.44493585276788), np.float64(75.32025570962833)], z^nad: [np.float64(226.30852369140396), np.float64(107.30128238163742)]
36 	1024  	80.0156 	36 	89.5882	75.6669 	1024  	2.81964  	3.44193	210.722	36 	226.309	207.392	1024  	2.93044	3.44193
[gen 37] z*: [np.float64(204.08575303808266), np.float64(120.31912232961926)], z^nad: [np.float64(224.8421216176089), np.float64(149.72382121231513)]
37 	1024  	125.749 	37 	142.178	118.601 	1024  	4.94872  	3.90716	208.203	37 	224.299	204.086	1024  	3.13355	3.90716
[gen 38] z*: [np.float64(198.1282471457513), np.float64(56.73299808246514)], z^nad: [np.float64(217.95422015679839), np.float64(69.82657240891135)]
38 	1024  	60.1057 	38 	69.8266	56.5066 	1024  	2.09372  	3.78396	201.963	38 	217.954	198.123	1024  	3.13707	3.78396
[gen 39] z*: [np.float64(189.0346980298978), np.float64(37.12520029727067)], z^nad: [np.float64(208.18487719643483), np.float64(49.64135496620049)]
39 	1024  	40.2898 	39 	49.6414	37.471  	1024  	2.20093  	2.99687	193.574	39 	208.185	189.035	1024  	3.5115 	2.99687
[gen 40] z*: [np.float64(201.5456215624955), np.float64(73.98337267269989)], z^nad: [np.float64(220.68821341304758), np.float64(97.60457711859584)]
40 	1024  	79.6843 	40 	97.9835	73.8212 	1024  	6.09022  	3.01578	205.978	40 	220.688	201.546	1024  	3.72034	3.01578
[gen 41] z*: [np.float64(182.3137028777964), np.float64(19.992807717447082)], z^nad: [np.float64(196.7133578863709), np.float64(25.82616261519645)]
41 	1024  	21.8485 	41 	25.8262	19.9928 	1024  	0.919536 	2.10938	186.022	41 	196.713	182.314	1024  	2.85716	2.10938
[gen 42] z*: [np.float64(175.00928423153348), np.float64(2.9171314139316675)], z^nad: [np.float64(188.56979325814788), np.float64(3.992113854051666)]
42 	1024  	3.27757 	42 	3.86759	2.70959 	1024  	0.156744 	2.16532	179.123	42 	188.57 	174.695	1024  	3.49547	2.16532
[gen 43] z*: [np.float64(201.3657318036893), np.float64(72.3206576686358)], z^nad: [np.float64(220.66524040231727), np.float64(85.45692623685497)]
43 	1024  	74.4238 	43 	84.5842	71.3462 	1024  	2.02932  	4.56939	205.11 	43 	224.59 	201.366	1024  	3.72866	4.56939
[gen 44] z*: [np.float64(209.95911167724194), np.float64(41.75087729639842)], z^nad: [np.float64(233.55206505239946), np.float64(57.7178607706218)]
44 	1024  	46.2274 	44 	57.7179	41.7509 	1024  	3.05393  	4.25018	213.861	44 	228.572	209.959	1024  	3.43942	4.25018
[gen 45] z*: [np.float64(199.5295912150661), np.float64(63.95221607317672)], z^nad: [np.float64(218.56910498112418), np.float64(75.91517336074241)]
45 	1024  	65.9931 	45 	75.6713	63.5455 	1024  	1.94156  	3.98292	203.32 	45 	218.351	199.53 	1024  	3.44417	3.98292
[gen 46] z*: [np.float64(192.24849722018956), np.float64(52.65649057787171)], z^nad: [np.float64(212.3107309481915), np.float64(70.59313371416832)]
46 	1024  	57.7324 	46 	70.5931	50.3298 	1024  	4.27205  	3.79972	197.24 	46 	212.311	192.248	1024  	4.20497	3.79972
[gen 47] z*: [np.float64(192.8115664800719), np.float64(45.807472450235075)], z^nad: [np.float64(212.9407159801183), np.float64(59.023486086688656)]
47 	1024  	50.3903 	47 	58.7083	45.8075 	1024  	2.79848  	3.91294	198.728	47 	212.766	192.812	1024  	4.05301	3.91294
[gen 48] z*: [np.float64(199.6593597036789), np.float64(32.539174073900845)], z^nad: [np.float64(218.02054083797034), np.float64(45.25825556850416)]
48 	1024  	36.0627 	48 	45.6508	32.5392 	1024  	2.28612  	3.91752	204.201	48 	218.021	199.658	1024  	3.78021	3.91752
[gen 49] z*: [np.float64(192.0909632909106), np.float64(39.245792976578535)], z^nad: [np.float64(209.20675286500796), np.float64(51.20988270163273)]
49 	1024  	41.7601 	49 	51.2099	37.9888 	1024  	2.44032  	3.52391	196.6  	49 	209.207	192.091	1024  	3.44673	3.52391
[gen 50] z*: [np.float64(175.6697479499488), np.float64(41.6914250698134)], z^nad: [np.float64(192.2661757064657), np.float64(50.23158231688027)]
50 	1024  	44.7507 	50 	50.2316	41.6914 	1024  	2.13427  	3.07765	180.629	50 	192.235	175.67 	1024  	4.03966	3.07765
[gen 51] z*: [np.float64(179.60828358658722), np.float64(8.418313668561668)], z^nad: [np.float64(195.3472359308422), np.float64(11.89159501882666)]
51 	1024  	9.22824 	51 	11.8101	8.37144 	1024  	0.715305 	2.64793	184.976	51 	195.544	179.608	1024  	4.04325	2.64793
[gen 52] z*: [np.float64(170.93693392820148), np.float64(9.583966465538682)], z^nad: [np.float64(188.203091932407), np.float64(15.739037825847314)]
52 	1024  	12.5576 	52 	16.512 	9.58397 	1024  	1.22923  	2.72997	177.173	52 	188.204	170.937	1024  	4.60881	2.72997
[gen 53] z*: [np.float64(163.23889430837693), np.float64(3.762218649775833)], z^nad: [np.float64(180.64417837569474), np.float64(8.340632579685)]
53 	1024  	5.40245 	53 	8.33212	3.76222 	1024  	1.51553  	2.54051	169.757	53 	180.328	163.239	1024  	4.3393 	2.54051
[gen 54] z*: [np.float64(164.8464731592816), np.float64(5.3062356064108345)], z^nad: [np.float64(181.78621416607515), np.float64(8.759577902901665)]
54 	1024  	6.41172 	54 	8.50714	5.15391 	1024  	0.963345 	2.67665	170.654	54 	181.786	164.846	1024  	4.24733	2.67665
[gen 55] z*: [np.float64(181.04872725922297), np.float64(31.851971501706487)], z^nad: [np.float64(197.59532317210454), np.float64(49.807570384006624)]
55 	1024  	36.9103 	55 	50.1313	31.8296 	1024  	4.22353  	3.20204	186.034	55 	197.595	181.049	1024  	3.24679	3.20204
[gen 56] z*: [np.float64(166.95726151052244), np.float64(5.367797063203334)], z^nad: [np.float64(183.68951883987472), np.float64(9.60066088670583)]
56 	1024  	6.49875 	56 	9.60066	5.3678  	1024  	1.02112  	2.88088	172.567	56 	183.69 	166.934	1024  	4.19617	2.88088
[gen 57] z*: [np.float64(164.73502508296448), np.float64(28.556520696983036)], z^nad: [np.float64(180.19782357727135), np.float64(31.709881393192504)]
57 	1024  	29.5977 	57 	31.7099	28.5565 	1024  	0.636963 	2.59155	169.565	57 	180.198	164.735	1024  	3.8941 	2.59155
[gen 58] z*: [np.float64(179.89329278221464), np.float64(186.9954163827605)], z^nad: [np.float64(195.98994775154605), np.float64(223.18424345403167)]
58 	1024  	191.048 	58 	196.846	168.915 	1024  	3.1906   	3.00746	184.447	58 	196.087	179.893	1024  	3.75077	3.00746
[gen 59] z*: [np.float64(172.02482184016617), np.float64(8.936726854774768)], z^nad: [np.float64(187.63189932428443), np.float64(14.59108529446072)]
59 	1024  	10.1585 	59 	14.4727	8.93673 	1024  	1.06512  	2.8408 	176.257	59 	187.632	172.034	1024  	3.69833	2.8408 
[gen 60] z*: [np.float64(187.02989981078903), np.float64(24.30262240213488)], z^nad: [np.float64(204.71322410448403), np.float64(37.3688532709905)]
60 	1024  	29.7085 	60 	34.4806	24.3026 	1024  	2.35903  	3.53899	191.618	60 	204.713	187.081	1024  	3.74063	3.53899
[gen 61] z*: [np.float64(192.43370634978243), np.float64(68.76583415141442)], z^nad: [np.float64(208.58239138021895), np.float64(82.09636788300904)]
61 	1024  	71.3454 	61 	75.829 	66.8823 	1024  	1.65468  	3.29467	196.392	61 	208.791	192.434	1024  	3.13252	3.29467
[gen 62] z*: [np.float64(183.80569164850718), np.float64(31.177529484326914)], z^nad: [np.float64(201.5761599776936), np.float64(43.44612632900006)]
62 	1024  	33.7784 	62 	42.1267	30.7975 	1024  	2.81661  	3.36883	187.904	62 	201.068	183.806	1024  	3.16466	3.36883
[gen 63] z*: [np.float64(190.96072776500696), np.float64(57.677540302160864)], z^nad: [np.float64(206.03802428440457), np.float64(91.1823205340088)]
63 	1024  	70.3147 	63 	90.9826	57.6775 	1024  	13.4713  	3.35567	194.974	63 	206.501	190.961	1024  	2.84409	3.35567
[gen 64] z*: [np.float64(192.77751747708766), np.float64(25.324606546540835)], z^nad: [np.float64(208.30685820495768), np.float64(34.43038714823168)]
64 	1024  	27.5681 	64 	34.2944	25.23   	1024  	1.81646  	3.35337	196.01 	64 	208.307	192.778	1024  	2.49886	3.35337
[gen 65] z*: [np.float64(181.8271982555329), np.float64(55.796851228288034)], z^nad: [np.float64(198.4958844702291), np.float64(87.3474919268543)]
65 	1024  	60.9996 	65 	67.3818	55.7969 	1024  	2.26242  	3.19599	185.499	65 	199.703	181.827	1024  	2.99073	3.19599
[gen 66] z*: [np.float64(190.66570365573253), np.float64(17.39284252654776)], z^nad: [np.float64(207.9029501477398), np.float64(26.007644123356528)]
66 	1024  	19.7349 	66 	25.7854	17.3928 	1024  	1.99964  	3.30483	195.434	66 	207.903	190.666	1024  	3.59115	3.30483
[gen 67] z*: [np.float64(184.7431055044818), np.float64(28.6978191795028)], z^nad: [np.float64(202.84572769156313), np.float64(40.27917587197674)]
67 	1024  	32.4328 	67 	39.7131	28.6978 	1024  	2.41227  	3.74836	189.226	67 	202.863	184.743	1024  	3.54634	3.74836
[gen 68] z*: [np.float64(201.00569731768528), np.float64(58.94786575440224)], z^nad: [np.float64(219.61783019141492), np.float64(81.44856515013127)]
68 	1024  	63.2619 	68 	80.9048	58.9479 	1024  	3.72301  	4.51713	203.968	68 	219.618	200.957	1024  	2.7728 	4.51713
[gen 69] z*: [np.float64(201.73537104862902), np.float64(80.51457157370929)], z^nad: [np.float64(220.35668269803105), np.float64(105.30957466631813)]
69 	1024  	94.366  	69 	105.31 	80.3133 	1024  	2.85613  	4.19832	205.614	69 	222.897	201.808	1024  	3.14817	4.19832
[gen 69] Wrote all fronts to ./results/training/20250906-1146/nsw_Bitbrains_3OS_MOEA-D-PYMOO_core_40_run_0_gen_69_fronts.json
