
Due to MODULEPATH changes, the following have been reloaded:
  1) libfabric/1.19.0

The following have been reloaded with a version change:
  1) hwloc/2.7.2 => hwloc/2.9.2

CPU count: 40
   	      	                     communication                     	                         energy                        
   	      	-------------------------------------------------------	-------------------------------------------------------
gen	nevals	avg    	gen	max   	min   	nevals	std    	time   	avg    	gen	max    	min    	nevals	std    	time   
0  	1024  	91.4563	0  	92.751	79.739	1024  	1.03993	1.10433	226.724	0  	268.559	206.586	1024  	13.5363	1.10433
[gen 0] z*: [np.float64(206.5858679141101), np.float64(79.73903394867966)]
[gen 1] z*: [np.float64(206.5858679141101), np.float64(79.73903394867966)], z^nad: [np.float64(268.5589529510592), np.float64(92.7509795403713)]
1  	1024  	36.7173	1  	38.4064	27.5092	1024  	1.31562	1.21013	193.205	1  	217.902	183.496	1024  	6.31167	1.21013
[gen 2] z*: [np.float64(183.49606758922002), np.float64(27.50921903808001)], z^nad: [np.float64(217.90230007625087), np.float64(38.406379315740026)]
2  	1024  	36.7173	2  	38.4064	27.5092	1024  	1.31562	1.38484	193.205	2  	217.902	183.496	1024  	6.31167	1.38484
[gen 3] z*: [np.float64(183.49606758922002), np.float64(27.50921903808001)], z^nad: [np.float64(217.90230007625087), np.float64(38.406379315740026)]
3  	1024  	37.2396	3  	54.1245	27.5092	1024  	3.14814	1.38594	193.083	3  	217.902	183.496	1024  	6.2277 	1.38594
[gen 4] z*: [np.float64(183.49606758922002), np.float64(27.50921903808001)], z^nad: [np.float64(217.90230007625087), np.float64(54.1245007140375)]
4  	1024  	37.2396	4  	54.1245	27.5092	1024  	3.14814	1.35219	193.083	4  	217.902	183.496	1024  	6.2277 	1.35219
[gen 5] z*: [np.float64(183.49606758922002), np.float64(27.50921903808001)], z^nad: [np.float64(217.90230007625087), np.float64(54.1245007140375)]
5  	1024  	38.2949	5  	53.5338	27.5092	1024  	3.94669	1.21539	192.453	5  	217.902	183.496	1024  	6.01217	1.21539
[gen 6] z*: [np.float64(183.49606758922002), np.float64(27.50921903808001)], z^nad: [np.float64(217.90230007625087), np.float64(53.53376295917583)]
6  	1024  	6.79952	6  	38.0604	4.89223	1024  	3.44839	0.839848	183.116	6  	204.56 	177.704	1024  	4.28382	0.839848
[gen 7] z*: [np.float64(177.70410309910096), np.float64(4.892229464629167)], z^nad: [np.float64(204.5599316856031), np.float64(38.06039049337919)]
7  	1024  	8.26695	7  	14.5742	4.89223	1024  	3.07917	0.805439	182.154	7  	204.56 	177.704	1024  	3.90936	0.805439
[gen 8] z*: [np.float64(177.70410309910096), np.float64(4.892229464629167)], z^nad: [np.float64(204.5599316856031), np.float64(14.574221327194222)]
8  	1024  	8.03664	8  	14.5742	4.89223	1024  	2.71225	0.892181	182.845	8  	204.56 	177.704	1024  	4.25338	0.892181
[gen 9] z*: [np.float64(177.70410309910096), np.float64(4.892229464629167)], z^nad: [np.float64(204.5599316856031), np.float64(14.574221327194222)]
9  	1024  	8.03664	9  	14.5742	4.89223	1024  	2.71225	1.07762 	182.845	9  	204.56 	177.704	1024  	4.25338	1.07762 
[gen 10] z*: [np.float64(177.70410309910096), np.float64(4.892229464629167)], z^nad: [np.float64(204.5599316856031), np.float64(14.574221327194222)]
10 	1024  	8.03664	10 	14.5742	4.89223	1024  	2.71225	1.13831 	182.845	10 	204.56 	177.704	1024  	4.25338	1.13831 
[gen 11] z*: [np.float64(177.70410309910096), np.float64(4.892229464629167)], z^nad: [np.float64(204.5599316856031), np.float64(14.574221327194222)]
11 	1024  	8.03664	11 	14.5742	4.89223	1024  	2.71225	1.24586 	182.845	11 	204.56 	177.704	1024  	4.25338	1.24586 
[gen 12] z*: [np.float64(177.70410309910096), np.float64(4.892229464629167)], z^nad: [np.float64(204.5599316856031), np.float64(14.574221327194222)]
12 	1024  	8.07116	12 	24.2603	4.89223	1024  	2.8405 	1.10062 	182.844	12 	204.56 	177.704	1024  	4.25346	1.10062 
[gen 13] z*: [np.float64(177.70410309910096), np.float64(4.892229464629167)], z^nad: [np.float64(204.5599316856031), np.float64(24.260306618407427)]
13 	1024  	8.07116	13 	24.2603	4.89223	1024  	2.8405 	1.09712 	182.844	13 	204.56 	177.704	1024  	4.25346	1.09712 
[gen 14] z*: [np.float64(177.70410309910096), np.float64(4.892229464629167)], z^nad: [np.float64(204.5599316856031), np.float64(24.260306618407427)]
14 	1024  	8.07116	14 	24.2603	4.89223	1024  	2.8405 	1.09629 	182.844	14 	204.56 	177.704	1024  	4.25346	1.09629 
[gen 15] z*: [np.float64(177.70410309910096), np.float64(4.892229464629167)], z^nad: [np.float64(204.5599316856031), np.float64(24.260306618407427)]
15 	1024  	8.07116	15 	24.2603	4.89223	1024  	2.8405 	1.12751 	182.844	15 	204.56 	177.704	1024  	4.25346	1.12751 
[gen 16] z*: [np.float64(177.70410309910096), np.float64(4.892229464629167)], z^nad: [np.float64(204.5599316856031), np.float64(24.260306618407427)]
16 	1024  	8.07116	16 	24.2603	4.89223	1024  	2.8405 	1.10143 	182.844	16 	204.56 	177.704	1024  	4.25346	1.10143 
[gen 17] z*: [np.float64(177.70410309910096), np.float64(4.892229464629167)], z^nad: [np.float64(204.5599316856031), np.float64(24.260306618407427)]
17 	1024  	8.07116	17 	24.2603	4.89223	1024  	2.8405 	0.965409	182.844	17 	204.56 	177.704	1024  	4.25346	0.965409
[gen 18] z*: [np.float64(177.70410309910096), np.float64(4.892229464629167)], z^nad: [np.float64(204.5599316856031), np.float64(24.260306618407427)]
18 	1024  	10.1337	18 	16.8906	4.89223	1024  	4.51678	0.914356	180.468	18 	204.56 	172.82 	1024  	5.64254	0.914356
[gen 19] z*: [np.float64(172.82038768572343), np.float64(4.892229464629167)], z^nad: [np.float64(204.5599316856031), np.float64(16.89062907261667)]
19 	1024  	9.85329	19 	16.7954	4.89223	1024  	4.14336	0.848936	180.999	19 	204.56 	173.094	1024  	5.26705	0.848936
[gen 20] z*: [np.float64(173.09442007690865), np.float64(4.892229464629167)], z^nad: [np.float64(204.5599316856031), np.float64(16.795378560646665)]
20 	1024  	8.86913	20 	16.7954	4.89223	1024  	3.33273	0.816658	180.681	20 	204.56 	173.094	1024  	4.90482	0.816658
[gen 21] z*: [np.float64(173.09442007690865), np.float64(4.892229464629167)], z^nad: [np.float64(204.5599316856031), np.float64(16.795378560646665)]
21 	1024  	9.02982	21 	12.5768	4.89223	1024  	2.56723	0.812042	174.543	21 	204.56 	162.07 	1024  	10.1601	0.812042
[gen 22] z*: [np.float64(162.07037562298356), np.float64(4.892229464629167)], z^nad: [np.float64(204.5599316856031), np.float64(12.57679683330272)]
22 	1024  	9.02982	22 	12.5768	4.89223	1024  	2.56723	1.21781 	174.543	22 	204.56 	162.07 	1024  	10.1601	1.21781 
[gen 23] z*: [np.float64(162.07037562298356), np.float64(4.892229464629167)], z^nad: [np.float64(204.5599316856031), np.float64(12.57679683330272)]
23 	1024  	9.02982	23 	12.5768	4.89223	1024  	2.56723	1.06756 	174.543	23 	204.56 	162.07 	1024  	10.1601	1.06756 
[gen 24] z*: [np.float64(162.07037562298356), np.float64(4.892229464629167)], z^nad: [np.float64(204.5599316856031), np.float64(12.57679683330272)]
24 	1024  	9.02982	24 	12.5768	4.89223	1024  	2.56723	0.88869 	174.543	24 	204.56 	162.07 	1024  	10.1601	0.88869 
[gen 25] z*: [np.float64(162.07037562298356), np.float64(4.892229464629167)], z^nad: [np.float64(204.5599316856031), np.float64(12.57679683330272)]
25 	1024  	1.47754	25 	12.5671	0.558841	1024  	1.9746 	0.703579	166.067	25 	193.004	162.254	1024  	3.78133	0.703579
[gen 26] z*: [np.float64(162.2535161760639), np.float64(0.5588413197608527)], z^nad: [np.float64(193.00432243570478), np.float64(12.567125762818552)]
26 	1024  	1.47754	26 	12.5671	0.558841	1024  	1.9746 	0.776493	166.067	26 	193.004	162.254	1024  	3.78133	0.776493
[gen 27] z*: [np.float64(162.2535161760639), np.float64(0.5588413197608527)], z^nad: [np.float64(193.00432243570478), np.float64(12.567125762818552)]
27 	1024  	1.5011 	27 	12.5671	0.558841	1024  	2.00438	0.833413	166.062	27 	193.004	162.254	1024  	3.7728 	0.833413
[gen 28] z*: [np.float64(162.2535161760639), np.float64(0.5588413197608527)], z^nad: [np.float64(193.00432243570478), np.float64(12.567125762818552)]
28 	1024  	1.5011 	28 	12.5671	0.558841	1024  	2.00438	1.09572 	166.062	28 	193.004	162.254	1024  	3.7728 	1.09572 
[gen 29] z*: [np.float64(162.2535161760639), np.float64(0.5588413197608527)], z^nad: [np.float64(193.00432243570478), np.float64(12.567125762818552)]
29 	1024  	1.5011 	29 	12.5671	0.558841	1024  	2.00438	1.05856 	166.062	29 	193.004	162.254	1024  	3.7728 	1.05856 
[gen 30] z*: [np.float64(162.2535161760639), np.float64(0.5588413197608527)], z^nad: [np.float64(193.00432243570478), np.float64(12.567125762818552)]
30 	1024  	1.5011 	30 	12.5671	0.558841	1024  	2.00438	1.00423 	166.062	30 	193.004	162.254	1024  	3.7728 	1.00423 
[gen 31] z*: [np.float64(162.2535161760639), np.float64(0.5588413197608527)], z^nad: [np.float64(193.00432243570478), np.float64(12.567125762818552)]
31 	1024  	1.51476	31 	15.1084	0.558841	1024  	2.04891	0.894115	166.062	31 	193.004	162.254	1024  	3.772  	0.894115
[gen 32] z*: [np.float64(162.2535161760639), np.float64(0.5588413197608527)], z^nad: [np.float64(193.00432243570478), np.float64(15.108379142112058)]
32 	1024  	1.51476	32 	15.1084	0.558841	1024  	2.04891	0.878111	166.062	32 	193.004	162.254	1024  	3.772  	0.878111
[gen 33] z*: [np.float64(162.2535161760639), np.float64(0.5588413197608527)], z^nad: [np.float64(193.00432243570478), np.float64(15.108379142112058)]
33 	1024  	1.82961	33 	12.5671	0.558841	1024  	2.3042 	0.853965	165.854	33 	193.004	162.254	1024  	3.69036	0.853965
[gen 34] z*: [np.float64(162.2535161760639), np.float64(0.5588413197608527)], z^nad: [np.float64(193.00432243570478), np.float64(12.567125762818552)]
34 	1024  	1.81393	34 	12.5671	0.558841	1024  	2.28596	0.721483	165.873	34 	193.004	162.254	1024  	3.71179	0.721483
[gen 35] z*: [np.float64(162.2535161760639), np.float64(0.5588413197608527)], z^nad: [np.float64(193.00432243570478), np.float64(12.567125762818552)]
35 	1024  	1.81393	35 	12.5671	0.558841	1024  	2.28596	1.21646 	165.873	35 	193.004	162.254	1024  	3.71179	1.21646 
[gen 36] z*: [np.float64(162.2535161760639), np.float64(0.5588413197608527)], z^nad: [np.float64(193.00432243570478), np.float64(12.567125762818552)]
36 	1024  	1.81393	36 	12.5671	0.558841	1024  	2.28596	1.38755 	165.873	36 	193.004	162.254	1024  	3.71179	1.38755 
[gen 37] z*: [np.float64(162.2535161760639), np.float64(0.5588413197608527)], z^nad: [np.float64(193.00432243570478), np.float64(12.567125762818552)]
37 	1024  	1.81393	37 	12.5671	0.558841	1024  	2.28596	1.47475 	165.873	37 	193.004	162.254	1024  	3.71179	1.47475 
[gen 38] z*: [np.float64(162.2535161760639), np.float64(0.5588413197608527)], z^nad: [np.float64(193.00432243570478), np.float64(12.567125762818552)]
38 	1024  	1.81393	38 	12.5671	0.558841	1024  	2.28596	1.4019  	165.873	38 	193.004	162.254	1024  	3.71179	1.4019  
[gen 39] z*: [np.float64(162.2535161760639), np.float64(0.5588413197608527)], z^nad: [np.float64(193.00432243570478), np.float64(12.567125762818552)]
39 	1024  	1.81393	39 	12.5671	0.558841	1024  	2.28596	1.22978 	165.873	39 	193.004	162.254	1024  	3.71179	1.22978 
[gen 40] z*: [np.float64(162.2535161760639), np.float64(0.5588413197608527)], z^nad: [np.float64(193.00432243570478), np.float64(12.567125762818552)]
40 	1024  	1.81393	40 	12.5671	0.558841	1024  	2.28596	1.16874 	165.873	40 	193.004	162.254	1024  	3.71179	1.16874 
[gen 41] z*: [np.float64(162.2535161760639), np.float64(0.5588413197608527)], z^nad: [np.float64(193.00432243570478), np.float64(12.567125762818552)]
41 	1024  	1.81393	41 	12.5671	0.558841	1024  	2.28596	0.856819	165.873	41 	193.004	162.254	1024  	3.71179	0.856819
[gen 42] z*: [np.float64(162.2535161760639), np.float64(0.5588413197608527)], z^nad: [np.float64(193.00432243570478), np.float64(12.567125762818552)]
42 	1024  	1.81873	42 	12.5671	0.558841	1024  	2.28787	0.761852	165.873	42 	193.004	162.254	1024  	3.71042	0.761852
[gen 43] z*: [np.float64(162.2535161760639), np.float64(0.5588413197608527)], z^nad: [np.float64(193.00432243570478), np.float64(12.567125762818552)]
43 	1024  	1.81873	43 	12.5671	0.558841	1024  	2.28787	1.28154 	165.873	43 	193.004	162.254	1024  	3.71042	1.28154 
[gen 44] z*: [np.float64(162.2535161760639), np.float64(0.5588413197608527)], z^nad: [np.float64(193.00432243570478), np.float64(12.567125762818552)]
44 	1024  	1.81873	44 	12.5671	0.558841	1024  	2.28787	1.32586 	165.873	44 	193.004	162.254	1024  	3.71042	1.32586 
[gen 45] z*: [np.float64(162.2535161760639), np.float64(0.5588413197608527)], z^nad: [np.float64(193.00432243570478), np.float64(12.567125762818552)]
45 	1024  	1.81873	45 	12.5671	0.558841	1024  	2.28787	1.28244 	165.873	45 	193.004	162.254	1024  	3.71042	1.28244 
[gen 46] z*: [np.float64(162.2535161760639), np.float64(0.5588413197608527)], z^nad: [np.float64(193.00432243570478), np.float64(12.567125762818552)]
46 	1024  	1.81873	46 	12.5671	0.558841	1024  	2.28787	1.21119 	165.873	46 	193.004	162.254	1024  	3.71042	1.21119 
[gen 47] z*: [np.float64(162.2535161760639), np.float64(0.5588413197608527)], z^nad: [np.float64(193.00432243570478), np.float64(12.567125762818552)]
47 	1024  	1.81873	47 	12.5671	0.558841	1024  	2.28787	1.19241 	165.873	47 	193.004	162.254	1024  	3.71042	1.19241 
[gen 48] z*: [np.float64(162.2535161760639), np.float64(0.5588413197608527)], z^nad: [np.float64(193.00432243570478), np.float64(12.567125762818552)]
48 	1024  	1.81873	48 	12.5671	0.558841	1024  	2.28787	1.21461 	165.873	48 	193.004	162.254	1024  	3.71042	1.21461 
[gen 49] z*: [np.float64(162.2535161760639), np.float64(0.5588413197608527)], z^nad: [np.float64(193.00432243570478), np.float64(12.567125762818552)]
49 	1024  	1.81873	49 	12.5671	0.558841	1024  	2.28787	1.07088 	165.873	49 	193.004	162.254	1024  	3.71042	1.07088 
[gen 50] z*: [np.float64(162.2535161760639), np.float64(0.5588413197608527)], z^nad: [np.float64(193.00432243570478), np.float64(12.567125762818552)]
50 	1024  	1.81873	50 	12.5671	0.558841	1024  	2.28787	0.979037	165.873	50 	193.004	162.254	1024  	3.71042	0.979037
[gen 51] z*: [np.float64(162.2535161760639), np.float64(0.5588413197608527)], z^nad: [np.float64(193.00432243570478), np.float64(12.567125762818552)]
51 	1024  	1.81873	51 	12.5671	0.558841	1024  	2.28787	0.798547	165.873	51 	193.004	162.254	1024  	3.71042	0.798547
[gen 52] z*: [np.float64(162.2535161760639), np.float64(0.5588413197608527)], z^nad: [np.float64(193.00432243570478), np.float64(12.567125762818552)]
52 	1024  	1.81873	52 	12.5671	0.558841	1024  	2.28787	0.830221	165.873	52 	193.004	162.254	1024  	3.71042	0.830221
[gen 53] z*: [np.float64(162.2535161760639), np.float64(0.5588413197608527)], z^nad: [np.float64(193.00432243570478), np.float64(12.567125762818552)]
53 	1024  	1.84033	53 	12.5671	0.558841	1024  	2.2798 	0.789381	165.886	53 	193.004	162.254	1024  	3.71738	0.789381
[gen 54] z*: [np.float64(162.2535161760639), np.float64(0.5588413197608527)], z^nad: [np.float64(193.00432243570478), np.float64(12.567125762818552)]
54 	1024  	1.83908	54 	12.5671	0.558841	1024  	2.2767 	0.821924	165.896	54 	193.004	162.254	1024  	3.71557	0.821924
[gen 55] z*: [np.float64(162.2535161760639), np.float64(0.5588413197608527)], z^nad: [np.float64(193.00432243570478), np.float64(12.567125762818552)]
55 	1024  	1.83908	55 	12.5671	0.558841	1024  	2.2767 	0.994816	165.896	55 	193.004	162.254	1024  	3.71557	0.994816
[gen 56] z*: [np.float64(162.2535161760639), np.float64(0.5588413197608527)], z^nad: [np.float64(193.00432243570478), np.float64(12.567125762818552)]
56 	1024  	1.8363 	56 	12.5671	0.558841	1024  	2.27052	0.889962	165.917	56 	193.004	162.254	1024  	3.72142	0.889962
[gen 57] z*: [np.float64(162.2535161760639), np.float64(0.5588413197608527)], z^nad: [np.float64(193.00432243570478), np.float64(12.567125762818552)]
57 	1024  	1.8363 	57 	12.5671	0.558841	1024  	2.27052	0.830423	165.917	57 	193.004	162.254	1024  	3.72142	0.830423
[gen 58] z*: [np.float64(162.2535161760639), np.float64(0.5588413197608527)], z^nad: [np.float64(193.00432243570478), np.float64(12.567125762818552)]
58 	1024  	1.8363 	58 	12.5671	0.558841	1024  	2.27052	0.932113	165.917	58 	193.004	162.254	1024  	3.72142	0.932113
[gen 59] z*: [np.float64(162.2535161760639), np.float64(0.5588413197608527)], z^nad: [np.float64(193.00432243570478), np.float64(12.567125762818552)]
59 	1024  	1.8363 	59 	12.5671	0.558841	1024  	2.27052	0.872439	165.917	59 	193.004	162.254	1024  	3.72142	0.872439
[gen 60] z*: [np.float64(162.2535161760639), np.float64(0.5588413197608527)], z^nad: [np.float64(193.00432243570478), np.float64(12.567125762818552)]
60 	1024  	1.8363 	60 	12.5671	0.558841	1024  	2.27052	1.12022 	165.917	60 	193.004	162.254	1024  	3.72142	1.12022 
[gen 61] z*: [np.float64(162.2535161760639), np.float64(0.5588413197608527)], z^nad: [np.float64(193.00432243570478), np.float64(12.567125762818552)]
61 	1024  	1.8363 	61 	12.5671	0.558841	1024  	2.27052	1.03293 	165.917	61 	193.004	162.254	1024  	3.72142	1.03293 
[gen 62] z*: [np.float64(162.2535161760639), np.float64(0.5588413197608527)], z^nad: [np.float64(193.00432243570478), np.float64(12.567125762818552)]
62 	1024  	1.8363 	62 	12.5671	0.558841	1024  	2.27052	1.07058 	165.917	62 	193.004	162.254	1024  	3.72142	1.07058 
[gen 63] z*: [np.float64(162.2535161760639), np.float64(0.5588413197608527)], z^nad: [np.float64(193.00432243570478), np.float64(12.567125762818552)]
63 	1024  	1.8363 	63 	12.5671	0.558841	1024  	2.27052	1.04145 	165.917	63 	193.004	162.254	1024  	3.72142	1.04145 
[gen 64] z*: [np.float64(162.2535161760639), np.float64(0.5588413197608527)], z^nad: [np.float64(193.00432243570478), np.float64(12.567125762818552)]
64 	1024  	1.8363 	64 	12.5671	0.558841	1024  	2.27052	1.0644  	165.917	64 	193.004	162.254	1024  	3.72142	1.0644  
[gen 65] z*: [np.float64(162.2535161760639), np.float64(0.5588413197608527)], z^nad: [np.float64(193.00432243570478), np.float64(12.567125762818552)]
65 	1024  	1.8363 	65 	12.5671	0.558841	1024  	2.27052	1.16891 	165.917	65 	193.004	162.254	1024  	3.72142	1.16891 
[gen 66] z*: [np.float64(162.2535161760639), np.float64(0.5588413197608527)], z^nad: [np.float64(193.00432243570478), np.float64(12.567125762818552)]
66 	1024  	1.8363 	66 	12.5671	0.558841	1024  	2.27052	1.17986 	165.917	66 	193.004	162.254	1024  	3.72142	1.17986 
[gen 67] z*: [np.float64(162.2535161760639), np.float64(0.5588413197608527)], z^nad: [np.float64(193.00432243570478), np.float64(12.567125762818552)]
67 	1024  	1.8363 	67 	12.5671	0.558841	1024  	2.27052	1.36005 	165.917	67 	193.004	162.254	1024  	3.72142	1.36005 
[gen 68] z*: [np.float64(162.2535161760639), np.float64(0.5588413197608527)], z^nad: [np.float64(193.00432243570478), np.float64(12.567125762818552)]
68 	1024  	1.8363 	68 	12.5671	0.558841	1024  	2.27052	1.66303 	165.917	68 	193.004	162.254	1024  	3.72142	1.66303 
[gen 69] z*: [np.float64(162.2535161760639), np.float64(0.5588413197608527)], z^nad: [np.float64(193.00432243570478), np.float64(12.567125762818552)]
69 	1024  	1.8363 	69 	12.5671	0.558841	1024  	2.27052	1.52135 	165.917	69 	193.004	162.254	1024  	3.72142	1.52135 
[gen 69] Wrote all fronts to ./results/training/20250905-1943/nsw_Bitbrains_3OS_MOEA-D-PYMOO_core_40_run_0_gen_69_fronts.json
