
Due to MODULEPATH changes, the following have been reloaded:
  1) libfabric/1.19.0

The following have been reloaded with a version change:
  1) hwloc/2.7.2 => hwloc/2.9.2

CPU count: 40
   	      	                     communication                      	                         energy                         
   	      	--------------------------------------------------------	--------------------------------------------------------
gen	nevals	avg    	gen	max   	min    	nevals	std    	time    	avg    	gen	max    	min    	nevals	std    	time    
0  	1024  	91.4282	0  	92.751	84.0111	1024  	1.07015	0.987325	226.536	0  	268.559	206.778	1024  	13.0561	0.987325
1  	1024  	36.2799	1  	38.0604	28.1231	1024  	1.39557	2.49675 	192.236	1  	217.404	183.589	1024  	6.46859	2.49675 
2  	1024  	101.784	2  	109.47 	85.7036	1024  	6.4474 	2.9636  	215.5  	2  	249.909	208.824	1024  	7.29532	2.9636  
3  	1024  	51.4623	3  	53.8847	42.4169	1024  	1.87966	2.82118 	198.868	3  	235.207	192.784	1024  	7.32791	2.82118 
4  	1024  	62.5207	4  	66.0571	53.6162	1024  	2.22509	2.76924 	213.479	4  	236.722	210.151	1024  	4.04813	2.76924 
5  	1024  	44.3846	5  	47.278 	36.5335	1024  	2.646  	2.41788 	192.513	5  	211.255	189.39 	1024  	3.55386	2.41788 
6  	1024  	5.83143	6  	6.50918	4.37686	1024  	0.583315	1.67481 	181.488	6  	193.443	177.657	1024  	3.88312	1.67481 
7  	1024  	11.4893	7  	14.446 	8.30912	1024  	1.75002 	1.64559 	183.822	7  	196.429	179.828	1024  	4.21265	1.64559 
8  	1024  	11.5265	8  	13.3146	8.78532	1024  	1.00144 	1.80731 	186.327	8  	198.937	182.737	1024  	3.83359	1.80731 
9  	1024  	35.5278	9  	41.1035	29.7068	1024  	2.77195 	2.1399  	191.495	9  	205.82 	187.484	1024  	3.74658	2.1399  
10 	1024  	54.1785	10 	64.7416	43.602 	1024  	4.62133 	2.362   	194.247	10 	207.032	191.541	1024  	2.50978	2.362   
11 	1024  	44.1224	11 	46.7973	37.2089	1024  	2.05434 	2.47129 	197.707	11 	213.31 	195.53 	1024  	2.2735 	2.47129 
12 	1024  	21.4969	12 	24.596 	18.3381	1024  	1.86024 	2.23575 	184.657	12 	190.576	181.328	1024  	3.11173	2.23575 
13 	1024  	34.0852	13 	38.8342	26.4752	1024  	2.77119 	2.25914 	190.622	13 	204.13 	187.051	1024  	3.35969	2.25914 
14 	1024  	28.1209	14 	32.5602	23.1547	1024  	2.94806 	2.24173 	192.599	14 	199.931	189.748	1024  	3.0727 	2.24173 
15 	1024  	41.4623	15 	46.098 	32.5522	1024  	3.35348 	2.2255  	192.674	15 	206.028	190.346	1024  	2.62532	2.2255  
16 	1024  	68.314 	16 	73.6335	55.0359	1024  	4.66722 	2.19883 	184.158	16 	199.328	181.395	1024  	3.37604	2.19883 
17 	1024  	22.3471	17 	24.7198	18.6599	1024  	1.99878 	1.90768 	193.384	17 	209.527	191.003	1024  	3.04633	1.90768 
18 	1024  	13.41  	18 	16.7511	8.72311	1024  	3.00348 	1.87722 	175.998	18 	190.165	172.814	1024  	3.65246	1.87722 
19 	1024  	13.875 	19 	15.3432	12.1256	1024  	0.901323	1.7042  	178.724	19 	191.661	174.179	1024  	4.2373 	1.7042  
20 	1024  	8.67622	20 	11.8418	6.53566	1024  	1.8207  	1.68664 	180.129	20 	187.844	176.59 	1024  	3.23504	1.68664 
21 	1024  	10.7806	21 	12.455 	8.22804	1024  	1.21839 	1.66827 	165.232	21 	178.154	162.03 	1024  	3.80467	1.66827 
22 	1024  	40.5229	22 	47.2212	32.7642	1024  	3.66662 	2.41058 	197.11 	22 	214.267	195.124	1024  	2.31391	2.41058 
23 	1024  	34.4902	23 	41.3107	29.4671	1024  	3.86016 	2.17389 	192.299	23 	206.466	188.916	1024  	3.20964	2.17389 
24 	1024  	30.9267	24 	34.2557	28.1565	1024  	1.66932 	1.76222 	177.697	24 	189.91 	172.938	1024  	4.02398	1.76222 
25 	1024  	0.799462	25 	1.11741	0.558841	1024  	0.181614	1.46588 	165.21 	25 	179.626	162.685	1024  	3.53327	1.46588 
26 	1024  	4.76147 	26 	5.73745	3.73027 	1024  	0.523899	1.54194 	180.986	26 	194.027	178.527	1024  	3.28368	1.54194 
27 	1024  	5.71409 	27 	7.228  	4.30083 	1024  	0.816397	1.68707 	175.104	27 	189.512	172.1  	1024  	3.85729	1.68707 
28 	1024  	30.5918 	28 	36.9506	24.8295 	1024  	3.91796 	2.18864 	181.562	28 	195.434	178.617	1024  	3.09776	2.18864 
29 	1024  	51.7434 	29 	58.9923	47.81   	1024  	3.18897 	2.09333 	197.031	29 	211.495	194.596	1024  	2.69147	2.09333 
30 	1024  	32.4376 	30 	39.3514	26.1149 	1024  	4.00063 	1.93685 	186.84 	30 	194.318	185.456	1024  	1.5446 	1.93685 
31 	1024  	12.202  	31 	16.5699	9.34188 	1024  	2.06779 	1.75455 	170.903	31 	180.48 	169.292	1024  	1.74714	1.75455 
32 	1024  	28.7441 	32 	30.4548	26.975  	1024  	0.682194	1.60999 	170.845	32 	180.55 	169.489	1024  	1.66593	1.60999 
33 	1024  	6.87913 	33 	8.02564	5.11178 	1024  	0.797091	1.63472 	164.381	33 	179.106	162.856	1024  	1.95656	1.63472 
34 	1024  	1.78372 	34 	1.96481	0.940428	1024  	0.129737	1.41611 	175.132	34 	187.089	173.126	1024  	1.8602 	1.41611 
35 	1024  	25.3633 	35 	29.648 	21.86   	1024  	1.79976 	2.3654  	194.551	35 	204.923	193.205	1024  	2.00695	2.3654  
36 	1024  	83.6254 	36 	109.261	71.1714 	1024  	10.2021 	2.74466 	207.959	36 	221.284	207.059	1024  	1.31886	2.74466 
37 	1024  	121.393 	37 	150.034	109.681 	1024  	10.8506 	2.92087 	205.268	37 	218.892	203.938	1024  	1.67182	2.92087 
38 	1024  	59.5273 	38 	70.3184	51.6499 	1024  	5.94982 	2.82354 	199.235	38 	218.45 	198.018	1024  	1.98354	2.82354 
39 	1024  	40.5742 	39 	49.6414	35.8579 	1024  	3.68161 	2.44626 	190.8  	39 	208.404	188.697	1024  	1.81902	2.44626 
40 	1024  	73.6456 	40 	98.0657	61.702  	1024  	13.5543 	2.30452 	202.999	40 	221.258	201.44 	1024  	2.29718	2.30452 
41 	1024  	22.0374 	41 	25.5665	19.7206 	1024  	1.75739 	1.67502 	183.665	41 	198.06 	181.724	1024  	2.32678	1.67502 
42 	1024  	3.17925 	42 	3.99211	2.2977  	1024  	0.316576	1.49241 	175.804	42 	189.604	173.616	1024  	2.40314	1.49241 
43 	1024  	76.8501 	43 	84.6984	69.0313 	1024  	5.68957 	2.57199 	202.493	43 	222.177	201.341	1024  	2.56942	2.57199 
44 	1024  	48.2544 	44 	57.8977	41.1152 	1024  	5.31564 	2.62359 	211.368	44 	230.299	209.923	1024  	3.16865	2.62359 
45 	1024  	68.28   	45 	76.5261	62.8042 	1024  	4.05966 	2.49298 	201.308	45 	220.061	199.453	1024  	3.50079	2.49298 
46 	1024  	61.6533 	46 	70.6007	50.6824 	1024  	4.62593 	2.35844 	194.705	46 	212.965	192.104	1024  	4.04576	2.35844 
47 	1024  	52.862  	47 	59.4559	47.2246 	1024  	3.66709 	2.37403 	195.431	47 	213.35 	192.718	1024  	3.65472	2.37403 
48 	1024  	38.3386 	48 	46.0191	32.218  	1024  	3.55782 	2.4436  	202.134	48 	219.208	199.651	1024  	3.66656	2.4436  
49 	1024  	45.4143 	49 	51.4505	36.539  	1024  	4.28514 	2.1531  	193.959	49 	210.154	191.896	1024  	2.56126	2.1531  
50 	1024  	45.4458 	50 	50.0424	42.1283 	1024  	2.07607 	1.93079 	176.817	50 	193.171	174.672	1024  	2.70638	1.93079 
51 	1024  	9.55025 	51 	11.7133	7.73925 	1024  	1.17255 	1.59626 	181.58 	51 	197.451	179.572	1024  	4.02721	1.59626 
52 	1024  	11.9981 	52 	16.8525	8.88391 	1024  	2.19034 	1.6417  	173.933	52 	188.532	170.546	1024  	4.60963	1.6417  
53 	1024  	5.86785 	53 	8.3805 	3.76393 	1024  	1.13435 	1.53561 	167.673	53 	180.936	163.061	1024  	5.44285	1.53561 
54 	1024  	6.81035 	54 	8.76913	5.30624 	1024  	0.781099	1.62427 	166.997	54 	181.169	164.695	1024  	3.9298 	1.62427 
55 	1024  	40.2857 	55 	51.1167	30.4133 	1024  	5.04091 	1.98203 	184.332	55 	201.224	180.862	1024  	3.75618	1.98203 
56 	1024  	7.20001 	56 	9.60707	5.28349 	1024  	1.207   	1.74288 	169.832	56 	183.427	166.798	1024  	4.28225	1.74288 
57 	1024  	30.0493 	57 	31.683 	28.5565 	1024  	0.928843	1.58154 	166.84 	57 	179.985	164.548	1024  	3.67064	1.58154 
58 	1024  	179.191 	58 	220.592	168.408 	1024  	10.5257 	1.86442 	181.517	58 	195.527	179.562	1024  	3.29638	1.86442 
59 	1024  	11.5969 	59 	14.5462	8.86987 	1024  	1.54976 	1.70584 	174.421	59 	188.216	171.446	1024  	3.76884	1.70584 
60 	1024  	28.427  	60 	38.4184	20.8022 	1024  	3.89084 	2.19016 	189.335	60 	197.922	186.669	1024  	3.6876 	2.19016 
61 	1024  	71.9593 	61 	76.147 	66.2872 	1024  	2.74519 	2.05144 	194.392	61 	208.187	191.717	1024  	3.20862	2.05144 
62 	1024  	36.9143 	62 	43.4443	30.0372 	1024  	3.35129 	2.13913 	185.372	62 	201.644	183.748	1024  	2.6797 	2.13913 
63 	1024  	65.9149 	63 	91.0562	55.6717 	1024  	12.4042 	2.01001 	192.631	63 	207.775	190.903	1024  	2.62343	2.01001 
64 	1024  	28.3398 	64 	34.2944	24.6316 	1024  	3.16492 	2.03306 	194.404	64 	206.837	192.453	1024  	2.44552	2.03306 
65 	1024  	61.0577 	65 	81.6017	54.2498 	1024  	4.3954  	2.02813 	182.815	65 	195.671	181.658	1024  	1.90342	2.02813 
66 	1024  	21.1228 	66 	25.4592	18.033  	1024  	2.0392  	2.00763 	192.184	66 	208.512	190.408	1024  	2.87055	2.00763 
67 	1024  	34.4864 	67 	38.3497	28.983  	1024  	2.44219 	2.26971 	185.814	67 	192.844	184.348	1024  	2.27219	2.26971 
68 	1024  	68.9216 	68 	82.2091	59.662  	1024  	7.29496 	2.79166 	201.232	68 	217.273	200.503	1024  	1.42191	2.79166 
69 	1024  	93.0016 	69 	105.407	74.9485 	1024  	12.1365 	2.56391 	201.955	69 	214.275	201.308	1024  	1.28401	2.56391 
[gen 69] Wrote all fronts to ./results/training/20250907-2308/nsw_Bitbrains_3OS_NSGP2_core_40_run_16_gen_69_fronts.json
