
Due to MODULEPATH changes, the following have been reloaded:
  1) libfabric/1.19.0

The following have been reloaded with a version change:
  1) hwloc/2.7.2 => hwloc/2.9.2

CPU count: 40
   	      	                     communication                     	                         energy                        
   	      	-------------------------------------------------------	-------------------------------------------------------
gen	nevals	avg    	gen	max   	min    	nevals	std    	time   	avg    	gen	max    	min    	nevals	std    	time   
0  	1024  	91.4425	0  	92.751	82.1746	1024  	1.05027	1.08984	226.712	0  	268.559	206.586	1024  	13.5242	1.08984
1  	1024  	36.4731	1  	38.0604	29.4926	1024  	1.18293	2.20623	191.75 	1  	218.585	183.579	1024  	5.89499	2.20623
2  	1024  	102.536	2  	109.423	86.6613	1024  	6.29153	2.58852	214.649	2  	244.46 	208.826	1024  	6.3068 	2.58852
3  	1024  	51.6585	3  	54.0932	43.2533	1024  	1.61263	2.56082	199.163	3  	234.509	192.815	1024  	7.77189	2.56082
4  	1024  	62.8455	4  	65.8856	54.3464	1024  	1.83142	2.46058	213.508	4  	243.534	210.151	1024  	5.1249 	2.46058
5  	1024  	44.5494	5  	47.2281	36.4743	1024  	2.36322	2.12103	193.35 	5  	225.209	189.311	1024  	5.72022	2.12103
6  	1024  	6.01892	6  	6.55196	4.22075	1024  	0.567219	1.49477	181.089	6  	205.898	177.823	1024  	4.5568 	1.49477
7  	1024  	12.2183	7  	14.3588	8.58632	1024  	1.63393 	1.44767	182.937	7  	207.248	179.828	1024  	5.10485	1.44767
8  	1024  	11.6392	8  	12.9422	8.87922	1024  	0.967696	1.58863	186.2  	8  	209.885	182.651	1024  	4.98883	1.58863
9  	1024  	36.1746	9  	41.0013	29.0562	1024  	2.44106 	1.92396	191.837	9  	217.155	187.42 	1024  	5.87794	1.92396
10 	1024  	54.0578	10 	64.6841	43.1322	1024  	3.78906 	2.14924	195.486	10 	219.335	191.54 	1024  	5.95644	2.14924
11 	1024  	43.7167	11 	47.024 	37.9479	1024  	2.24435 	2.1806 	199.124	11 	222.837	195.505	1024  	4.26399	2.1806 
12 	1024  	21.3516	12 	24.7589	18.619 	1024  	1.83062 	1.99547	185.353	12 	200.211	181.258	1024  	3.73206	1.99547
13 	1024  	33.9183	13 	38.3287	30.1388	1024  	2.23484 	1.97387	190.58 	13 	204.319	187.071	1024  	3.27367	1.97387
14 	1024  	26.7364	14 	32.2624	23.6415	1024  	2.93226 	1.97131	194.097	14 	206.556	189.748	1024  	3.32185	1.97131
15 	1024  	40.7873	15 	46.3025	34.7289	1024  	3.26619 	2.00778	193.386	15 	205.928	190.273	1024  	2.8875 	2.00778
16 	1024  	68.0808	16 	73.6335	55.024 	1024  	4.58921 	1.9786 	184.297	16 	204.185	181.395	1024  	3.4243 	1.9786 
17 	1024  	21.9048	17 	24.8751	18.4427	1024  	1.94907 	1.71699	193.492	17 	206.566	190.932	1024  	2.98236	1.71699
18 	1024  	12.7508	18 	16.7511	8.98074	1024  	2.92816 	1.70407	176.588	18 	189.177	172.82 	1024  	3.68286	1.70407
19 	1024  	13.8029	19 	15.3432	12.0885	1024  	1.04236 	1.48798	178.939	19 	190.372	174.187	1024  	4.10386	1.48798
20 	1024  	8.5301 	20 	11.9517	5.97842	1024  	1.78188 	1.45396	180.116	20 	190.42 	176.57 	1024  	3.6389 	1.45396
21 	1024  	10.6524	21 	12.4105	8.64461	1024  	1.15458 	1.46356	166.217	21 	177.634	161.898	1024  	4.21874	1.46356
22 	1024  	39.7788	22 	47.031 	33.1977	1024  	2.92129 	2.15112	197.295	22 	212.315	195.122	1024  	2.36151	2.15112
23 	1024  	35.0267	23 	41.8419	29.697 	1024  	3.54973 	1.96432	192.209	23 	206.598	188.915	1024  	3.39908	1.96432
24 	1024  	31.0366	24 	34.2225	28.271 	1024  	1.62504 	1.56272	177.337	24 	190.372	172.856	1024  	3.97128	1.56272
25 	1024  	0.903322	25 	1.11741	0.558841	1024  	0.11182 	1.28518	165.209	25 	181.444	162.776	1024  	4.27773	1.28518
26 	1024  	4.73372 	26 	5.73745	3.76451 	1024  	0.465804	1.38008	181.518	26 	195.009	178.399	1024  	4.07782	1.38008
27 	1024  	5.90431 	27 	7.19751	4.42252 	1024  	0.722466	1.54031	176.246	27 	189.651	172.089	1024  	4.88412	1.54031
28 	1024  	29.383  	28 	36.9741	24.8107 	1024  	2.86146 	1.98102	181.963	28 	195.434	178.807	1024  	4.08352	1.98102
29 	1024  	51.6034 	29 	59.0487	48.3089 	1024  	2.46599 	1.8842 	198.99 	29 	210.932	194.617	1024  	4.15565	1.8842 
30 	1024  	31.8562 	30 	39.0921	26.1516 	1024  	2.91337 	1.7896 	189.706	30 	204.505	185.44 	1024  	4.38299	1.7896 
31 	1024  	13.167  	31 	16.5644	10.2038 	1024  	1.96727 	1.62732	173.008	31 	185.598	169.265	1024  	4.66373	1.62732
32 	1024  	28.873  	32 	30.4387	27.1782 	1024  	0.702566	1.53708	174.517	32 	189.724	169.522	1024  	4.52864	1.53708
33 	1024  	6.12562 	33 	7.91839	4.75568 	1024  	0.869024	1.56399	168.444	33 	179.271	162.847	1024  	4.22176	1.56399
34 	1024  	1.73039 	34 	1.96481	1.39238 	1024  	0.134839	1.34668	177.984	34 	189.572	173.122	1024  	4.1709 	1.34668
35 	1024  	25.3009 	35 	29.5187	21.5413 	1024  	1.99    	2.1459 	196.691	35 	212.415	193.244	1024  	4.07783	2.1459 
36 	1024  	92.7918 	36 	109.14 	70.2956 	1024  	12.5342 	2.50956	209.383	36 	227.014	206.986	1024  	3.19031	2.50956
37 	1024  	129.019 	37 	138.983	110.357 	1024  	5.85198 	2.63522	206.738	37 	225.844	204.085	1024  	3.58615	2.63522
38 	1024  	63.3039 	38 	71.1616	51.9291 	1024  	4.58211 	2.54455	199.908	38 	219.022	198.018	1024  	3.21984	2.54455
39 	1024  	42.5787 	39 	49.6414	35.4609 	1024  	3.94608 	2.186  	191.733	39 	208.593	188.689	1024  	3.96082	2.186  
40 	1024  	82.6763 	40 	97.2084	63.8778 	1024  	12.9899 	2.13059	202.277	40 	214.869	201.203	1024  	1.75719	2.13059
41 	1024  	22.536  	41 	25.5209	20.0165 	1024  	1.54182 	1.4821 	182.936	41 	190.899	181.72 	1024  	1.48484	1.4821 
42 	1024  	3.25066 	42 	3.98557	2.1582  	1024  	0.234866	1.36763	175.533	42 	187.991	173.451	1024  	1.73725	1.36763
43 	1024  	77.1863 	43 	84.327 	70.1758 	1024  	3.15426 	2.36969	201.961	43 	218.6  	201.347	1024  	1.70301	2.36969
44 	1024  	50.5575 	44 	57.6806	42.5209 	1024  	3.51592 	2.41692	210.847	44 	232.12 	209.925	1024  	2.21167	2.41692
45 	1024  	68.4086 	45 	76.0708	64.0156 	1024  	2.10963 	2.30015	201.074	45 	221.094	199.455	1024  	3.19261	2.30015
46 	1024  	55.0234 	46 	70.3883	51.4436 	1024  	3.39761 	2.1301 	192.603	46 	209.223	192.197	1024  	1.5002 	2.1301 
47 	1024  	52.9317 	47 	59.6255	47.6397 	1024  	2.76711 	2.09731	194.551	47 	216.808	192.694	1024  	2.87045	2.09731
48 	1024  	39.374  	48 	45.387 	34.2489 	1024  	2.67553 	2.15087	200.888	48 	217.89 	199.687	1024  	2.76796	2.15087
49 	1024  	46.8675 	49 	51.6252	40.6103 	1024  	2.97431 	1.913  	193.95 	49 	209.832	191.734	1024  	3.32244	1.913  
50 	1024  	45.766  	50 	49.6938	42.1692 	1024  	1.6948  	1.71933	177.425	50 	191.825	174.734	1024  	3.13385	1.71933
51 	1024  	9.82889 	51 	11.8916	8.00554 	1024  	0.886092	1.44754	182.717	51 	197.94 	179.584	1024  	4.42375	1.44754
52 	1024  	12.494  	52 	16.2477	9.37732 	1024  	1.45362 	1.50603	174.769	52 	194.638	170.366	1024  	5.2011 	1.50603
53 	1024  	5.88525 	53 	8.41425	3.76222 	1024  	1.33684 	1.37774	167.433	53 	180.311	162.988	1024  	5.31899	1.37774
54 	1024  	6.68712 	54 	9.02518	5.22234 	1024  	1.03334 	1.4498 	167.825	54 	181.786	164.626	1024  	4.94756	1.4498 
55 	1024  	39.6505 	55 	49.9514	29.9909 	1024  	4.95289 	1.76602	184.347	55 	197.812	180.583	1024  	4.37252	1.76602
56 	1024  	7.35529 	56 	9.60707	5.3678  	1024  	1.34699 	1.57492	171.645	56 	183.91 	166.713	1024  	5.44059	1.57492
57 	1024  	29.8806 	57 	31.8382	28.5565 	1024  	0.876506	1.45743	168.743	57 	180.019	164.425	1024  	4.31875	1.45743
58 	1024  	190.444 	58 	196.095	170.812 	1024  	3.25382 	1.71242	183.387	58 	198.814	179.534	1024  	4.18218	1.71242
59 	1024  	10.6945 	59 	14.5462	8.9314  	1024  	1.81574 	1.58815	174.629	59 	187.921	171.466	1024  	3.66449	1.58815
60 	1024  	30.4262 	60 	34.7262	26.0872 	1024  	2.21308 	2.0177 	189.808	60 	202.656	186.654	1024  	3.18585	2.0177 
61 	1024  	72.2394 	61 	76.203 	69.2949 	1024  	1.83868 	1.88391	195.665	61 	208.166	191.764	1024  	2.91644	1.88391
62 	1024  	36.0584 	62 	43.0036	31.3633 	1024  	2.76441 	1.98878	187.161	62 	201.851	183.758	1024  	2.8482 	1.98878
63 	1024  	84.0035 	63 	91.0332	57.4464 	1024  	8.95862 	1.86554	193.376	63 	210.593	190.901	1024  	2.73541	1.86554
64 	1024  	29.3607 	64 	34.112 	25.5197 	1024  	2.17645 	1.87281	194.621	64 	210.883	192.397	1024  	2.52315	1.87281
65 	1024  	63.8952 	65 	93.5994	57.2342 	1024  	2.40565 	1.86185	183.47 	65 	199.261	181.6  	1024  	2.77252	1.86185
66 	1024  	20.8061 	66 	24.996 	17.4773 	1024  	2.33332 	1.81871	193.523	66 	208.33 	190.384	1024  	3.58341	1.81871
67 	1024  	33.4976 	67 	39.2015	29.825  	1024  	2.7471  	2.12497	188.462	67 	203.194	184.399	1024  	3.7605 	2.12497
68 	1024  	69.8596 	68 	81.8921	59.1595 	1024  	6.6582  	2.59748	202.6  	68 	219.85 	200.453	1024  	3.45156	2.59748
69 	1024  	98.4642 	69 	105.363	78.3815 	1024  	4.73592 	2.36342	203.15 	69 	223.871	201.316	1024  	3.27642	2.36342
[gen 69] Wrote all fronts to ./results/training/20250908-0434/nsw_Bitbrains_3OS_NSGP2_core_40_run_28_gen_69_fronts.json
