
Due to MODULEPATH changes, the following have been reloaded:
  1) libfabric/1.19.0

The following have been reloaded with a version change:
  1) hwloc/2.7.2 => hwloc/2.9.2

CPU count: 40
   	      	                     communication                      	                         energy                         
   	      	--------------------------------------------------------	--------------------------------------------------------
gen	nevals	avg    	gen	max   	min    	nevals	std    	time    	avg    	gen	max    	min    	nevals	std    	time    
0  	1024  	91.4669	0  	92.751	81.3519	1024  	1.12808	0.974129	226.576	0  	268.559	206.778	1024  	13.5938	0.974129
1  	1024  	36.443 	1  	38.2018	27.9842	1024  	1.31387	2.05858 	191.837	1  	218.462	183.744	1024  	6.07513	2.05858 
2  	1024  	103.4  	2  	109.57 	81.5929	1024  	5.88305	2.41287 	214.516	2  	252.033	208.916	1024  	6.18775	2.41287 
3  	1024  	51.3573	3  	53.9888	43.2533	1024  	2.03782	2.324   	198.791	3  	235.809	192.815	1024  	7.79576	2.324   
4  	1024  	62.3758	4  	65.8273	52.8853	1024  	2.21344	2.25028 	214.778	4  	249.617	210.142	1024  	7.06755	2.25028 
5  	1024  	43.9782	5  	47.3434	36.5335	1024  	2.98118	1.94572 	192.599	5  	207.824	189.426	1024  	3.65855	1.94572 
6  	1024  	5.73923	6  	6.55196	4.22075	1024  	0.606338	1.38054 	182.096	6  	193.443	177.687	1024  	4.18138	1.38054 
7  	1024  	11.4033	7  	14.4422	8.40256	1024  	1.87907 	1.3377  	184.059	7  	196.429	179.851	1024  	4.37687	1.3377  
8  	1024  	11.7795	8  	13.1525	8.20581	1024  	1.23664 	1.4707  	184.431	8  	197.747	182.896	1024  	2.16394	1.4707  
9  	1024  	36.2775	9  	41.2455	29.0562	1024  	2.47596 	1.69756 	190.262	9  	206.855	187.464	1024  	3.35292	1.69756 
10 	1024  	56.9483	10 	64.6672	43.2243	1024  	3.43042 	1.93084 	193.15 	10 	221.322	191.533	1024  	3.00629	1.93084 
11 	1024  	44.3123	11 	46.9546	37.5963	1024  	2.4901  	2.00815 	197.128	11 	214.699	195.53 	1024  	2.54815	2.00815 
12 	1024  	21.9444	12 	24.7201	17.9158	1024  	2.06157 	1.78636 	183.481	12 	198.941	181.361	1024  	3.09918	1.78636 
13 	1024  	34.3434	13 	38.6858	27.5856	1024  	3.08641 	1.80189 	189.486	13 	207.473	187.07 	1024  	3.1051 	1.80189 
14 	1024  	27.6319	14 	32.5953	22.6733	1024  	2.95744 	1.78499 	192.837	14 	209.561	189.75 	1024  	3.69704	1.78499 
15 	1024  	39.7141	15 	46.591 	32.5891	1024  	4.2791  	1.78653 	192.168	15 	207.385	190.46 	1024  	2.15041	1.78653 
16 	1024  	66.034 	16 	73.6386	54.9625	1024  	6.49881 	1.75104 	182.973	16 	199.202	181.395	1024  	2.1078 	1.75104 
17 	1024  	21.9446	17 	24.7198	18.4887	1024  	2.10551 	1.53626 	193.066	17 	208.76 	191.005	1024  	2.76626	1.53626 
18 	1024  	14.4945	18 	16.7511	8.85147	1024  	2.48704 	1.50263 	174.813	18 	182.902	172.82 	1024  	3.20954	1.50263 
19 	1024  	14.5935	19 	15.3432	12.3793	1024  	0.75088 	1.35259 	176.555	19 	184.535	174.18 	1024  	3.29313	1.35259 
20 	1024  	9.40251	20 	11.8897	6.80096	1024  	1.68211 	1.31465 	178.459	20 	193.045	176.698	1024  	2.48407	1.31465 
21 	1024  	10.9981	21 	12.5768	8.64461	1024  	1.01794 	1.25811 	163.65 	21 	179.692	161.964	1024  	2.47943	1.25811 
22 	1024  	41.6719	22 	47.2338	33.6301	1024  	3.65503 	1.92777 	196.159	22 	212.34 	195.072	1024  	2.09344	1.92777 
23 	1024  	35.977 	23 	41.8998	29.3981	1024  	3.74381 	1.88147 	191.156	23 	206.635	188.914	1024  	3.31808	1.88147 
24 	1024  	31.4248	24 	34.2557	28.1799	1024  	1.78754 	1.63022 	175.931	24 	183.359	172.956	1024  	3.52793	1.63022 
25 	1024  	0.743409	25 	1.11741	0.558841	1024  	0.18809 	1.31029 	165.858	25 	180.074	162.79 	1024  	3.56561	1.31029 
26 	1024  	4.86667 	26 	5.73745	3.79747 	1024  	0.543552	1.44902 	180.763	26 	193.878	178.53 	1024  	2.59632	1.44902 
27 	1024  	6.00522 	27 	7.228  	4.40305 	1024  	0.839772	1.54486 	175.035	27 	187.779	172.053	1024  	3.75649	1.54486 
28 	1024  	31.7453 	28 	37.0693	24.749  	1024  	3.70332 	2.0138  	180.901	28 	188.281	178.881	1024  	2.95097	2.0138  
29 	1024  	53.2667 	29 	58.9923	47.8449 	1024  	3.81758 	2.00819 	197.055	29 	211.2  	194.594	1024  	3.2274 	2.00819 
30 	1024  	32.5297 	30 	38.7817	24.8017 	1024  	3.88793 	1.80795 	188.068	30 	194.43 	185.468	1024  	3.27502	1.80795 
31 	1024  	13.2483 	31 	16.5644	10.3118 	1024  	2.25697 	1.6627  	172.593	31 	179.639	169.187	1024  	4.19492	1.6627  
32 	1024  	28.9311 	32 	30.5702	26.437  	1024  	0.902412	1.59763 	171.72 	32 	179.381	169.588	1024  	3.55178	1.59763 
33 	1024  	6.83632 	33 	7.98274	5.09227 	1024  	0.900834	1.59834 	166.736	33 	179.452	162.985	1024  	4.31081	1.59834 
34 	1024  	1.74715 	34 	1.96481	1.1674  	1024  	0.147824	1.41155 	177.994	34 	199.135	173.151	1024  	4.63805	1.41155 
35 	1024  	25.927  	35 	29.5403	21.5215 	1024  	2.47988 	2.23565 	196.191	35 	211.97 	193.294	1024  	4.1108 	2.23565 
36 	1024  	86.5005 	36 	108.971	72.2021 	1024  	7.72911 	2.58951 	208.04 	36 	226.489	207.226	1024  	1.74683	2.58951 
37 	1024  	134.732 	37 	150.888	110.936 	1024  	10.7144 	2.71617 	206.821	37 	228.955	204.085	1024  	4.19577	2.71617 
38 	1024  	63.6677 	38 	70.6399	53.2664 	1024  	5.11283 	2.59582 	199.996	38 	219.248	198.02 	1024  	3.15453	2.59582 
39 	1024  	44.145  	39 	49.788 	35.9096 	1024  	4.71095 	2.3085  	191.283	39 	208.677	189.037	1024  	3.5269 	2.3085  
40 	1024  	88.312  	40 	97.7173	63.8662 	1024  	9.71521 	2.25508 	203.536	40 	221.138	201.511	1024  	3.97968	2.25508 
41 	1024  	22.8628 	41 	25.623 	19.3633 	1024  	1.92984 	1.58387 	184.669	41 	197.475	181.748	1024  	3.65311	1.58387 
42 	1024  	2.98361 	42 	3.99211	1.94455 	1024  	0.439472	1.42341 	178.306	42 	199.103	173.632	1024  	4.36338	1.42341 
43 	1024  	78.0062 	43 	84.5321	70.9237 	1024  	4.65754 	2.40085 	204.536	43 	223.036	201.339	1024  	4.30577	2.40085 
44 	1024  	48.5466 	44 	57.8791	41.5832 	1024  	5.49295 	2.61865 	213.385	44 	229.818	209.924	1024  	3.67994	2.61865 
45 	1024  	67.4205 	45 	76.089 	62.7038 	1024  	4.16552 	2.36255 	203.834	45 	220.329	199.459	1024  	4.28253	2.36255 
46 	1024  	62.1267 	46 	70.6329	48.2093 	1024  	5.90123 	2.27103 	194.876	46 	212.102	192.236	1024  	3.34339	2.27103 
47 	1024  	51.5813 	47 	59.0235	43.7607 	1024  	4.65989 	2.28342 	196.52 	47 	211.885	192.759	1024  	3.39982	2.28342 
48 	1024  	37.3357 	48 	45.5615	31.9022 	1024  	3.9027  	2.30293 	202.968	48 	217.371	199.624	1024  	3.21429	2.30293 
49 	1024  	45.3905 	49 	51.4089	38.2792 	1024  	4.10034 	2.0682  	194.542	49 	209.536	192.003	1024  	2.82607	2.0682  
50 	1024  	45.6085 	50 	49.8585	41.1086 	1024  	2.16792 	1.79016 	177.635	50 	191.889	174.775	1024  	3.05238	1.79016 
51 	1024  	10.2649 	51 	11.8916	8.2306  	1024  	0.99123 	1.51013 	181.502	51 	196.887	179.608	1024  	3.15265	1.51013 
52 	1024  	13.4153 	52 	16.4444	8.88028 	1024  	1.71981 	1.53644 	173.16 	52 	188.22 	170.588	1024  	3.73921	1.53644 
53 	1024  	6.11945 	53 	8.09697	3.76222 	1024  	1.44781 	1.39605 	166.216	53 	180.519	163.143	1024  	4.56182	1.39605 
54 	1024  	7.08958 	54 	8.86679	5.30624 	1024  	0.890454	1.53389 	166.62 	54 	180.319	164.736	1024  	3.52655	1.53389 
55 	1024  	42.5896 	55 	49.9813	30.8156 	1024  	6.00708 	1.82998 	184.101	55 	198.232	180.89 	1024  	3.54186	1.82998 
56 	1024  	7.66182 	56 	9.81343	5.33566 	1024  	1.34364 	1.68165 	170.129	56 	183.744	166.909	1024  	4.17235	1.68165 
57 	1024  	30.2017 	57 	31.8382	28.7266 	1024  	0.784455	1.49237 	168.094	57 	179.758	164.673	1024  	3.6841 	1.49237 
58 	1024  	189.946 	58 	203.756	170.702 	1024  	5.96207 	1.76752 	182.952	58 	196.088	179.735	1024  	3.31481	1.76752 
59 	1024  	10.9656 	59 	14.5462	8.96115 	1024  	1.67186 	1.64101 	175.709	59 	187.658	171.536	1024  	3.25947	1.64101 
60 	1024  	29.8965 	60 	34.8779	22.5024 	1024  	2.26838 	2.01797 	190.336	60 	204.353	186.926	1024  	3.17924	2.01797 
61 	1024  	71.8134 	61 	76.1185	66.8235 	1024  	1.73825 	1.97108 	194.94 	61 	208.379	191.968	1024  	2.98251	1.97108 
62 	1024  	36.357  	62 	43.6206	31.3987 	1024  	3.25233 	2.00656 	186.339	62 	201.044	183.806	1024  	3.00367	2.00656 
63 	1024  	72.273  	63 	91.099 	55.5619 	1024  	14.2548 	1.91029 	193.29 	63 	206.501	190.951	1024  	2.90552	1.91029 
64 	1024  	28.9777 	64 	34.2944	25.0264 	1024  	2.7091  	1.91265 	194.702	64 	207.531	192.711	1024  	2.29713	1.91265 
65 	1024  	62.5183 	65 	66.964 	57.0861 	1024  	2.6834  	1.90823 	182.948	65 	198.353	181.812	1024  	2.13504	1.90823 
66 	1024  	21.9378 	66 	25.0597	17.3635 	1024  	2.09701 	1.82853 	191.842	66 	208.288	190.456	1024  	2.56149	1.82853 
67 	1024  	34.8581 	67 	40.3027	28.8006 	1024  	2.08785 	2.14513 	186.357	67 	203.316	184.544	1024  	2.85676	2.14513 
68 	1024  	70.5629 	68 	82.2358	58.3243 	1024  	5.20005 	2.67029 	201.707	68 	219.847	200.519	1024  	1.98109	2.67029 
69 	1024  	96.0167 	69 	105.48 	78.1154 	1024  	5.54828 	2.40228 	201.867	69 	212.505	201.408	1024  	0.421421	2.40228 
[gen 69] Wrote all fronts to ./results/training/20250907-2300/nsw_Bitbrains_3OS_NSGP2_core_40_run_13_gen_69_fronts.json
