
Due to MODULEPATH changes, the following have been reloaded:
  1) libfabric/1.19.0

The following have been reloaded with a version change:
  1) hwloc/2.7.2 => hwloc/2.9.2

CPU count: 40
   	      	                    communication                     	                        energy                        
   	      	------------------------------------------------------	------------------------------------------------------
gen	nevals	avg    	gen	max   	min    	nevals	std    	time  	avg    	gen	max    	min    	nevals	std    	time  
0  	1024  	91.4306	0  	92.751	79.6639	1024  	1.14168	1.1384	226.315	0  	268.559	206.586	1024  	13.4248	1.1384
[gen 0] z*: [np.float64(206.58586791412284), np.float64(79.66394900918384)]
[gen 1] z*: [np.float64(206.58586791412284), np.float64(79.66394900918384)]
1  	1024  	36.77  	1  	38.4064	28.3641	1024  	1.29148	1.18107	192.482	1  	220.235	183.842	1024  	6.13905	1.18107
[gen 2] z*: [np.float64(183.84237301054122), np.float64(28.364121782815005)]
2  	1024  	36.8396	2  	108.469	28.3641	1024  	2.58517	1.35418	192.482	2  	220.235	183.842	1024  	6.13689	1.35418
[gen 3] z*: [np.float64(183.84237301054122), np.float64(28.364121782815005)]
3  	1024  	38.1204	3  	53.9126	28.3641	1024  	4.66949	1.34118	192.11 	3  	220.235	183.842	1024  	5.78717	1.34118
[gen 4] z*: [np.float64(183.84237301054122), np.float64(28.364121782815005)]
4  	1024  	38.1204	4  	53.9126	28.3641	1024  	4.66949	1.29682	192.11 	4  	220.235	183.842	1024  	5.78717	1.29682
[gen 5] z*: [np.float64(183.84237301054122), np.float64(28.364121782815005)]
5  	1024  	38.6099	5  	51.7987	28.3641	1024  	4.09323	1.15844	191.461	5  	220.235	183.842	1024  	5.62057	1.15844
[gen 6] z*: [np.float64(183.84237301054122), np.float64(28.364121782815005)]
6  	1024  	6.54623	6  	37.8178	4.91506	1024  	1.89628	0.811677	182.355	6  	205.818	177.893	1024  	4.38109	0.811677
[gen 7] z*: [np.float64(177.8932438683853), np.float64(4.915056009116667)]
7  	1024  	7.51166	7  	14.5742	5.00867	1024  	2.48823	0.799884	181.843	7  	205.818	177.893	1024  	4.18788	0.799884
[gen 8] z*: [np.float64(177.8932438683853), np.float64(5.008667283984167)]
8  	1024  	7.52905	8  	14.5742	5.00867	1024  	2.48068	0.871298	181.857	8  	205.818	177.893	1024  	4.17418	0.871298
[gen 9] z*: [np.float64(177.8932438683853), np.float64(5.008667283984167)]
9  	1024  	7.52905	9  	14.5742	5.00867	1024  	2.48068	1.00589 	181.857	9  	205.818	177.893	1024  	4.17418	1.00589 
[gen 10] z*: [np.float64(177.8932438683853), np.float64(5.008667283984167)]
10 	1024  	7.52905	10 	14.5742	5.00867	1024  	2.48068	1.12798 	181.857	10 	205.818	177.893	1024  	4.17418	1.12798 
[gen 11] z*: [np.float64(177.8932438683853), np.float64(5.008667283984167)]
11 	1024  	7.52905	11 	14.5742	5.00867	1024  	2.48068	1.17291 	181.857	11 	205.818	177.893	1024  	4.17418	1.17291 
[gen 12] z*: [np.float64(177.8932438683853), np.float64(5.008667283984167)]
12 	1024  	7.56344	12 	24.4826	5.00867	1024  	2.62791	1.05411 	181.856	12 	205.818	177.893	1024  	4.17422	1.05411 
[gen 13] z*: [np.float64(177.8932438683853), np.float64(5.008667283984167)]
13 	1024  	7.56344	13 	24.4826	5.00867	1024  	2.62791	1.08299 	181.856	13 	205.818	177.893	1024  	4.17422	1.08299 
[gen 14] z*: [np.float64(177.8932438683853), np.float64(5.008667283984167)]
14 	1024  	7.56344	14 	24.4826	5.00867	1024  	2.62791	1.07107 	181.856	14 	205.818	177.893	1024  	4.17422	1.07107 
[gen 15] z*: [np.float64(177.8932438683853), np.float64(5.008667283984167)]
15 	1024  	7.56344	15 	24.4826	5.00867	1024  	2.62791	1.04814 	181.856	15 	205.818	177.893	1024  	4.17422	1.04814 
[gen 16] z*: [np.float64(177.8932438683853), np.float64(5.008667283984167)]
16 	1024  	7.56344	16 	24.4826	5.00867	1024  	2.62791	1.06003 	181.856	16 	205.818	177.893	1024  	4.17422	1.06003 
[gen 17] z*: [np.float64(177.8932438683853), np.float64(5.008667283984167)]
17 	1024  	7.56344	17 	24.4826	5.00867	1024  	2.62791	0.926328	181.856	17 	205.818	177.893	1024  	4.17422	0.926328
[gen 18] z*: [np.float64(177.8932438683853), np.float64(5.008667283984167)]
18 	1024  	10.6728	18 	16.8561	5.00867	1024  	4.80442	0.905292	179.4  	18 	205.818	172.836	1024  	5.78876	0.905292
[gen 19] z*: [np.float64(172.8357505673017), np.float64(5.008667283984167)]
19 	1024  	10.6401	19 	16.8561	5.00867	1024  	4.50997	0.81482 	179.538	19 	205.818	172.836	1024  	5.60466	0.81482 
[gen 20] z*: [np.float64(172.8357505673017), np.float64(5.008667283984167)]
20 	1024  	10.6369	20 	16.8561	5.00867	1024  	3.83711	0.769583	178.866	20 	205.818	172.836	1024  	4.94255	0.769583
[gen 21] z*: [np.float64(172.8357505673017), np.float64(5.008667283984167)]
21 	1024  	10.4488	21 	12.5671	5.67996	1024  	2.23637	0.792874	168.578	21 	205.818	162.057	1024  	9.25829	0.792874
[gen 22] z*: [np.float64(162.05740710366368), np.float64(5.679964027105833)]
22 	1024  	10.4488	22 	12.5671	5.67996	1024  	2.23637	1.18226 	168.578	22 	205.818	162.057	1024  	9.25829	1.18226 
[gen 23] z*: [np.float64(162.05740710366368), np.float64(5.679964027105833)]
23 	1024  	10.4488	23 	12.5671	5.67996	1024  	2.23637	1.04352 	168.578	23 	205.818	162.057	1024  	9.25829	1.04352 
[gen 24] z*: [np.float64(162.05740710366368), np.float64(5.679964027105833)]
24 	1024  	10.4488	24 	12.5671	5.67996	1024  	2.23637	0.822097	168.578	24 	205.818	162.057	1024  	9.25829	0.822097
[gen 25] z*: [np.float64(162.05740710366368), np.float64(5.679964027105833)]
25 	1024  	2.19432	25 	12.5671	0.730607	1024  	3.26977	0.705523	164.542	25 	179.61 	162.058	1024  	2.99213	0.705523
[gen 26] z*: [np.float64(162.058075251325), np.float64(0.7306070672191863)]
26 	1024  	2.19432	26 	12.5671	0.730607	1024  	3.26977	0.740861	164.542	26 	179.61 	162.058	1024  	2.99213	0.740861
[gen 27] z*: [np.float64(162.058075251325), np.float64(0.7306070672191863)]
27 	1024  	2.20524	27 	12.5671	0.730607	1024  	3.27494	0.819652	164.541	27 	179.61 	162.058	1024  	2.98896	0.819652
[gen 28] z*: [np.float64(162.058075251325), np.float64(0.7306070672191863)]
28 	1024  	2.20524	28 	12.5671	0.730607	1024  	3.27494	1.07685 	164.541	28 	179.61 	162.058	1024  	2.98896	1.07685 
[gen 29] z*: [np.float64(162.058075251325), np.float64(0.7306070672191863)]
29 	1024  	2.20524	29 	12.5671	0.730607	1024  	3.27494	1.02319 	164.541	29 	179.61 	162.058	1024  	2.98896	1.02319 
[gen 30] z*: [np.float64(162.058075251325), np.float64(0.7306070672191863)]
30 	1024  	2.20524	30 	12.5671	0.730607	1024  	3.27494	0.92587 	164.541	30 	179.61 	162.058	1024  	2.98896	0.92587 
[gen 31] z*: [np.float64(162.058075251325), np.float64(0.7306070672191863)]
31 	1024  	2.20524	31 	12.5671	0.730607	1024  	3.27494	0.805035	164.541	31 	179.61 	162.058	1024  	2.98896	0.805035
[gen 32] z*: [np.float64(162.058075251325), np.float64(0.7306070672191863)]
32 	1024  	2.20524	32 	12.5671	0.730607	1024  	3.27494	0.771302	164.541	32 	179.61 	162.058	1024  	2.98896	0.771302
[gen 33] z*: [np.float64(162.058075251325), np.float64(0.7306070672191863)]
33 	1024  	2.23604	33 	12.5671	0.730607	1024  	3.05432	0.769616	164.532	33 	179.61 	162.058	1024  	2.94737	0.769616
[gen 34] z*: [np.float64(162.058075251325), np.float64(0.7306070672191863)]
34 	1024  	2.2431 	34 	12.5671	0.730607	1024  	3.05261	0.652892	164.513	34 	179.61 	162.058	1024  	2.87739	0.652892
[gen 35] z*: [np.float64(162.058075251325), np.float64(0.7306070672191863)]
35 	1024  	2.2431 	35 	12.5671	0.730607	1024  	3.05261	1.09978 	164.513	35 	179.61 	162.058	1024  	2.87739	1.09978 
[gen 36] z*: [np.float64(162.058075251325), np.float64(0.7306070672191863)]
36 	1024  	2.2431 	36 	12.5671	0.730607	1024  	3.05261	1.25079 	164.513	36 	179.61 	162.058	1024  	2.87739	1.25079 
[gen 37] z*: [np.float64(162.058075251325), np.float64(0.7306070672191863)]
37 	1024  	2.2431 	37 	12.5671	0.730607	1024  	3.05261	1.35853 	164.513	37 	179.61 	162.058	1024  	2.87739	1.35853 
[gen 38] z*: [np.float64(162.058075251325), np.float64(0.7306070672191863)]
38 	1024  	2.2431 	38 	12.5671	0.730607	1024  	3.05261	1.28051 	164.513	38 	179.61 	162.058	1024  	2.87739	1.28051 
[gen 39] z*: [np.float64(162.058075251325), np.float64(0.7306070672191863)]
39 	1024  	2.2431 	39 	12.5671	0.730607	1024  	3.05261	1.15823 	164.513	39 	179.61 	162.058	1024  	2.87739	1.15823 
[gen 40] z*: [np.float64(162.058075251325), np.float64(0.7306070672191863)]
40 	1024  	2.2431 	40 	12.5671	0.730607	1024  	3.05261	1.14252 	164.513	40 	179.61 	162.058	1024  	2.87739	1.14252 
[gen 41] z*: [np.float64(162.058075251325), np.float64(0.7306070672191863)]
41 	1024  	2.2431 	41 	12.5671	0.730607	1024  	3.05261	0.805222	164.513	41 	179.61 	162.058	1024  	2.87739	0.805222
[gen 42] z*: [np.float64(162.058075251325), np.float64(0.7306070672191863)]
42 	1024  	2.2431 	42 	12.5671	0.730607	1024  	3.05261	0.749878	164.513	42 	179.61 	162.058	1024  	2.87739	0.749878
[gen 43] z*: [np.float64(162.058075251325), np.float64(0.7306070672191863)]
43 	1024  	2.2431 	43 	12.5671	0.730607	1024  	3.05261	1.26766 	164.513	43 	179.61 	162.058	1024  	2.87739	1.26766 
[gen 44] z*: [np.float64(162.058075251325), np.float64(0.7306070672191863)]
44 	1024  	2.2431 	44 	12.5671	0.730607	1024  	3.05261	1.31309 	164.513	44 	179.61 	162.058	1024  	2.87739	1.31309 
[gen 45] z*: [np.float64(162.058075251325), np.float64(0.7306070672191863)]
45 	1024  	2.2431 	45 	12.5671	0.730607	1024  	3.05261	1.24241 	164.513	45 	179.61 	162.058	1024  	2.87739	1.24241 
[gen 46] z*: [np.float64(162.058075251325), np.float64(0.7306070672191863)]
46 	1024  	2.2431 	46 	12.5671	0.730607	1024  	3.05261	1.1604  	164.513	46 	179.61 	162.058	1024  	2.87739	1.1604  
[gen 47] z*: [np.float64(162.058075251325), np.float64(0.7306070672191863)]
47 	1024  	2.2431 	47 	12.5671	0.730607	1024  	3.05261	1.17127 	164.513	47 	179.61 	162.058	1024  	2.87739	1.17127 
[gen 48] z*: [np.float64(162.058075251325), np.float64(0.7306070672191863)]
48 	1024  	2.2431 	48 	12.5671	0.730607	1024  	3.05261	1.19974 	164.513	48 	179.61 	162.058	1024  	2.87739	1.19974 
[gen 49] z*: [np.float64(162.058075251325), np.float64(0.7306070672191863)]
49 	1024  	2.2431 	49 	12.5671	0.730607	1024  	3.05261	1.05544 	164.513	49 	179.61 	162.058	1024  	2.87739	1.05544 
[gen 50] z*: [np.float64(162.058075251325), np.float64(0.7306070672191863)]
50 	1024  	2.2431 	50 	12.5671	0.730607	1024  	3.05261	0.941901	164.513	50 	179.61 	162.058	1024  	2.87739	0.941901
[gen 51] z*: [np.float64(162.058075251325), np.float64(0.7306070672191863)]
51 	1024  	2.2431 	51 	12.5671	0.730607	1024  	3.05261	0.773154	164.513	51 	179.61 	162.058	1024  	2.87739	0.773154
[gen 52] z*: [np.float64(162.058075251325), np.float64(0.7306070672191863)]
52 	1024  	2.2431 	52 	12.5671	0.730607	1024  	3.05261	0.798447	164.513	52 	179.61 	162.058	1024  	2.87739	0.798447
[gen 53] z*: [np.float64(162.058075251325), np.float64(0.7306070672191863)]
53 	1024  	2.33966	53 	12.5671	0.730607	1024  	3.09937	0.732544	164.498	53 	179.61 	162.058	1024  	2.86757	0.732544
[gen 54] z*: [np.float64(162.058075251325), np.float64(0.7306070672191863)]
54 	1024  	2.33966	54 	12.5671	0.730607	1024  	3.09937	0.797582	164.498	54 	179.61 	162.058	1024  	2.86757	0.797582
[gen 55] z*: [np.float64(162.058075251325), np.float64(0.7306070672191863)]
55 	1024  	2.33966	55 	12.5671	0.730607	1024  	3.09937	0.944932	164.498	55 	179.61 	162.058	1024  	2.86757	0.944932
[gen 56] z*: [np.float64(162.058075251325), np.float64(0.7306070672191863)]
56 	1024  	2.34041	56 	12.5671	0.730607	1024  	3.10028	0.843528	164.496	56 	179.61 	162.058	1024  	2.86212	0.843528
[gen 57] z*: [np.float64(162.058075251325), np.float64(0.7306070672191863)]
57 	1024  	2.34041	57 	12.5671	0.730607	1024  	3.10028	0.796391	164.496	57 	179.61 	162.058	1024  	2.86212	0.796391
[gen 58] z*: [np.float64(162.058075251325), np.float64(0.7306070672191863)]
58 	1024  	2.34041	58 	12.5671	0.730607	1024  	3.10028	0.896608	164.496	58 	179.61 	162.058	1024  	2.86212	0.896608
[gen 59] z*: [np.float64(162.058075251325), np.float64(0.7306070672191863)]
59 	1024  	2.34041	59 	12.5671	0.730607	1024  	3.10028	0.844727	164.496	59 	179.61 	162.058	1024  	2.86212	0.844727
[gen 60] z*: [np.float64(162.058075251325), np.float64(0.7306070672191863)]
60 	1024  	2.34041	60 	12.5671	0.730607	1024  	3.10028	1.08635 	164.496	60 	179.61 	162.058	1024  	2.86212	1.08635 
[gen 61] z*: [np.float64(162.058075251325), np.float64(0.7306070672191863)]
61 	1024  	2.34041	61 	12.5671	0.730607	1024  	3.10028	0.986925	164.496	61 	179.61 	162.058	1024  	2.86212	0.986925
[gen 62] z*: [np.float64(162.058075251325), np.float64(0.7306070672191863)]
62 	1024  	2.34041	62 	12.5671	0.730607	1024  	3.10028	1.05885 	164.496	62 	179.61 	162.058	1024  	2.86212	1.05885 
[gen 63] z*: [np.float64(162.058075251325), np.float64(0.7306070672191863)]
63 	1024  	2.34041	63 	12.5671	0.730607	1024  	3.10028	0.998745	164.496	63 	179.61 	162.058	1024  	2.86212	0.998745
[gen 64] z*: [np.float64(162.058075251325), np.float64(0.7306070672191863)]
64 	1024  	2.34041	64 	12.5671	0.730607	1024  	3.10028	0.989597	164.496	64 	179.61 	162.058	1024  	2.86212	0.989597
[gen 65] z*: [np.float64(162.058075251325), np.float64(0.7306070672191863)]
65 	1024  	2.34041	65 	12.5671	0.730607	1024  	3.10028	0.975621	164.496	65 	179.61 	162.058	1024  	2.86212	0.975621
[gen 66] z*: [np.float64(162.058075251325), np.float64(0.7306070672191863)]
66 	1024  	2.34041	66 	12.5671	0.730607	1024  	3.10028	0.972694	164.496	66 	179.61 	162.058	1024  	2.86212	0.972694
[gen 67] z*: [np.float64(162.058075251325), np.float64(0.7306070672191863)]
67 	1024  	2.34041	67 	12.5671	0.730607	1024  	3.10028	1.13006 	164.496	67 	179.61 	162.058	1024  	2.86212	1.13006 
[gen 68] z*: [np.float64(162.058075251325), np.float64(0.7306070672191863)]
68 	1024  	2.34041	68 	12.5671	0.730607	1024  	3.10028	1.37393 	164.496	68 	179.61 	162.058	1024  	2.86212	1.37393 
[gen 69] z*: [np.float64(162.058075251325), np.float64(0.7306070672191863)]
69 	1024  	2.34041	69 	12.5671	0.730607	1024  	3.10028	1.2585  	164.496	69 	179.61 	162.058	1024  	2.86212	1.2585  
[gen 69] Wrote all fronts to ./results/training/20250905-1402/nsw_Bitbrains_3OS_MOEA-D_core_40_run_0_gen_69_fronts.json
