
Due to MODULEPATH changes, the following have been reloaded:
  1) libfabric/1.19.0

The following have been reloaded with a version change:
  1) hwloc/2.7.2 => hwloc/2.9.2

CPU count: 40
   	      	                          obj1                         	                          obj2                         
   	      	-------------------------------------------------------	-------------------------------------------------------
gen	nevals	avg   	gen	max    	min    	nevals	std   	time   	avg    	gen	max   	min    	nevals	std    	time   
0  	1024  	226.73	0  	272.333	206.734	1024  	13.635	1.03952	91.4499	0  	92.751	83.6936	1024  	1.01717	1.03952
1  	1024  	192.083	1  	220.774	183.509	1024  	6.50931	2.01253	36.4011	1  	38.1051	29.4926	1024  	1.41134	2.01253
2  	1024  	215.058	2  	242.051	208.928	1024  	6.55561	2.35229	102.621	2  	109.337	88.4764	1024  	6.09596	2.35229
3  	1024  	198.333	3  	228.089	192.813	1024  	6.65814	2.33711	51.771 	3  	54.3303	42.7472	1024  	1.6925 	2.33711
4  	1024  	213.794	4  	244.449	209.985	1024  	5.93184	2.16699	63.056 	4  	66.3059	54.3464	1024  	1.7246 	2.16699
5  	1024  	192.961	5  	224.766	189.433	1024  	5.47619	1.95406	44.6582	5  	47.4959	36.7186	1024  	2.2981 	1.95406
6  	1024  	180.87 	6  	193.303	177.673	1024  	3.89633	1.37106	5.98194	6  	6.53532	4.7749 	1024  	0.53676	1.37106
7  	1024  	183.146	7  	196.429	179.846	1024  	4.14619	1.35318	11.9357	7  	14.5742	8.7497 	1024  	1.59552	1.35318
8  	1024  	186.019	8  	198.936	182.595	1024  	3.80027	1.4866 	11.5917	8  	13.114 	8.78532	1024  	0.992202	1.4866 
9  	1024  	191.3  	9  	207.476	187.451	1024  	4.06514	1.68557	35.894 	9  	41.0764	31.0908	1024  	2.48072 	1.68557
10 	1024  	193.219	10 	212.046	191.535	1024  	2.30309	1.87815	56.1519	10 	64.6471	43.602 	1024  	3.57483 	1.87815
11 	1024  	197.435	11 	213.323	195.53 	1024  	2.35909	1.96193	44.4928	11 	46.7575	40.1939	1024  	2.03535 	1.96193
12 	1024  	184.276	12 	197.755	181.34 	1024  	3.41253	1.76828	21.9285	12 	24.596 	17.9237	1024  	1.97522 	1.76828
13 	1024  	189.983	13 	204.122	187.046	1024  	3.19306	1.83114	34.7618	13 	38.4944	28.6202	1024  	2.63235 	1.83114
14 	1024  	192.731	14 	206.342	189.753	1024  	3.03767	1.77349	28.1868	14 	32.4489	23.4288	1024  	2.77994 	1.77349
15 	1024  	192.241	15 	211.311	190.46 	1024  	2.44103	1.82801	41.8863	15 	46.2855	33.3671	1024  	3.26154 	1.82801
16 	1024  	182.374	16 	199.139	181.395	1024  	1.85263	1.78647	70.0359	16 	73.6386	55.0359	1024  	3.81748 	1.78647
17 	1024  	192.278	17 	208.754	191.003	1024  	2.36804	1.53129	23.1362	17 	24.966 	19.1599	1024  	1.51836 	1.53129
18 	1024  	175.198	18 	190.112	172.817	1024  	3.52875	1.5156 	14.3294	18 	16.7511	8.88057	1024  	2.59775 	1.5156 
19 	1024  	177.473	19 	191.152	174.18 	1024  	4.10477	1.29785	14.2856	19 	15.3432	12.1   	1024  	0.894513	1.29785
20 	1024  	179.135	20 	191.013	176.594	1024  	3.25713	1.28273	9.03226	20 	11.8897	6.30986	1024  	1.77326 	1.28273
21 	1024  	164.923	21 	178.492	162.053	1024  	4.10939	1.33545	11.0709	21 	12.5768	8.47859	1024  	1.1834  	1.33545
22 	1024  	196.098	22 	212.567	195.096	1024  	1.85309	1.95957	42.5438	22 	47.2212	33.9409	1024  	3.84814 	1.95957
23 	1024  	190.712	23 	207.259	188.915	1024  	3.08222	1.80799	37.2818	23 	41.2994	29.3274	1024  	3.98994 	1.80799
24 	1024  	175.658	24 	190.324	172.889	1024  	3.79059	1.41483	32.2854	24 	34.3567	28.3254	1024  	1.80453 	1.41483
25 	1024  	165.249	25 	184.405	162.748	1024  	4.61215	1.1626 	0.882365	25 	1.11741	0.558841	1024  	0.141278	1.1626 
26 	1024  	182.397	26 	197.364	178.438	1024  	4.77872	1.27054	5.0876  	26 	5.73745	3.83527 	1024  	0.669836	1.27054
27 	1024  	177.822	27 	189.596	172.095	1024  	5.03892	1.40838	5.84286 	27 	7.228  	4.36336 	1024  	0.880244	1.40838
28 	1024  	183.289	28 	197.108	178.645	1024  	4.17459	1.75553	30.325  	28 	36.9417	24.8872 	1024  	3.51083 	1.75553
29 	1024  	198.211	29 	211.969	194.593	1024  	3.78524	1.74357	52.7648 	29 	58.9501	47.6013 	1024  	3.51429 	1.74357
30 	1024  	189.322	30 	203.471	185.555	1024  	4.15186	1.67018	32.0599 	30 	38.8416	25.5305 	1024  	3.84504 	1.67018
31 	1024  	173.498	31 	185.907	169.219	1024  	3.99327	1.46702	12.9825 	31 	16.5303	10.3601 	1024  	1.86252 	1.46702
32 	1024  	173.087	32 	180.081	169.375	1024  	3.9427 	1.36411	28.7894 	32 	30.5273	27.1623 	1024  	0.919011	1.36411
33 	1024  	166.847	33 	179.078	162.85 	1024  	3.69503	1.40466	6.49454 	33 	8.02564	4.75568 	1024  	0.829932	1.40466
34 	1024  	177.299	34 	196.713	173.244	1024  	3.62942	1.18413	1.75076 	34 	1.96481	1.1674  	1024  	0.12036 	1.18413
35 	1024  	195.783	35 	211.807	193.32 	1024  	3.05719	1.95487	26.7425 	35 	29.5422	22.1485 	1024  	1.76511 	1.95487
36 	1024  	209.228	36 	225.886	206.96 	1024  	2.59147	2.31505	81.0784 	36 	107.468	72.0281 	1024  	3.98579 	2.31505
37 	1024  	206.987	37 	224.931	203.943	1024  	3.20751	2.39452	122.885 	37 	149.707	110.963 	1024  	9.32895 	2.39452
38 	1024  	200.315	38 	219.296	197.921	1024  	2.94161	2.3066 	61.4606 	38 	70.3836	52.6474 	1024  	4.96885 	2.3066 
39 	1024  	192.212	39 	208.744	188.571	1024  	3.29097	2.05534	41.2783 	39 	49.4477	35.9484 	1024  	3.6694  	2.05534
40 	1024  	204.251	40 	239.645	201.261	1024  	3.66728	1.91732	87.4433 	40 	98.3422	64.0491 	1024  	5.58072 	1.91732
41 	1024  	184.807	41 	197.328	181.668	1024  	3.08712	1.36004	22.2007 	41 	25.4916	19.3768 	1024  	1.47509 	1.36004
42 	1024  	176.549	42 	189.315	173.283	1024  	3.42936	1.27321	3.03364 	42 	3.99211	2.11008 	1024  	0.355366	1.27321
43 	1024  	203.555	43 	220.447	201.336	1024  	2.78788	2.23573	78.0425 	43 	84.4712	70.9765 	1024  	4.08778 	2.23573
44 	1024  	212.686	44 	229.212	209.946	1024  	3.27253	2.16813	49.3448 	44 	57.7727	41.8427 	1024  	5.08794 	2.16813
45 	1024  	202.654	45 	219.258	199.397	1024  	3.31312	2.05519	67.4805 	45 	76.3403	62.3603 	1024  	3.81287 	2.05519
46 	1024  	194.19 	46 	209.769	192.073	1024  	2.62517	1.91609	61.4838 	46 	70.6891	49.453  	1024  	5.924   	1.91609
47 	1024  	195.311	47 	220.922	192.518	1024  	2.92806	1.92982	52.9059 	47 	59.1084	44.1696 	1024  	3.61317 	1.92982
48 	1024  	201.238	48 	217.478	199.641	1024  	2.25597	2.00659	38.907  	48 	45.5681	32.2753 	1024  	3.65792 	2.00659
49 	1024  	193.285	49 	209.996	191.829	1024  	2.14007	1.7465 	46.3622 	49 	51.4997	37.6721 	1024  	4.1049  	1.7465 
50 	1024  	177.046	50 	192.272	174.623	1024  	2.82933	1.54449	46.1154 	50 	50.2895	40.5871 	1024  	1.70259 	1.54449
51 	1024  	181.627	51 	190.954	179.564	1024  	3.34518	1.27237	9.82039 	51 	11.8594	7.92511 	1024  	1.03794 	1.27237
52 	1024  	173.656	52 	182.394	170.472	1024  	3.78075	1.33492	12.2291 	52 	16.0376	8.86869 	1024  	1.62394 	1.33492
53 	1024  	166.085	53 	174.398	163.081	1024  	3.81307	1.22912	5.56728 	53 	8.33905	3.76393 	1024  	0.908613	1.22912
54 	1024  	166.687	54 	174.238	164.721	1024  	3.21195	1.34072	6.81303 	54 	8.4984 	5.11127 	1024  	0.727439	1.34072
55 	1024  	183.851	55 	199.724	180.935	1024  	2.93071	1.56985	40.6299 	55 	49.8076	30.7989 	1024  	5.01733 	1.56985
56 	1024  	168.934	56 	178.075	166.797	1024  	2.94303	1.4303 	7.35052 	56 	9.60707	5.25362 	1024  	1.2347  	1.4303 
57 	1024  	166.129	57 	179.051	164.537	1024  	2.42918	1.29846	30.2268 	57 	31.683 	28.6973 	1024  	0.697136	1.29846
58 	1024  	181.482	58 	198.023	179.567	1024  	2.67991	1.4838 	182.448 	58 	195.584	169.018 	1024  	10.4675 	1.4838 
59 	1024  	173.278	59 	188.622	171.484	1024  	2.48678	1.38248	10.9004 	59 	14.5885	8.1333  	1024  	1.26568 	1.38248
60 	1024  	188.546	60 	203.269	186.807	1024  	2.38759	1.76934	29.5039 	60 	35.6172	21.9242 	1024  	3.12351 	1.76934
61 	1024  	193.339	61 	209.177	191.737	1024  	2.03694	1.67627	71.7303 	61 	87.5672	68.4089 	1024  	2.25914 	1.67627
62 	1024  	185.451	62 	203.033	183.717	1024  	2.81845	1.72545	35.8051 	62 	42.0813	30.9834 	1024  	2.3718  	1.72545
63 	1024  	192.77 	63 	207.785	190.876	1024  	2.86621	1.68426	66.9965 	63 	91.0655	55.7521 	1024  	12.5194 	1.68426
64 	1024  	193.993	64 	200.532	192.539	1024  	2.03196	1.68444	28.1792 	64 	34.5643	24.6732 	1024  	2.45619 	1.68444
65 	1024  	182.554	65 	193.111	181.725	1024  	1.20697	1.62232	58.8766 	65 	81.5892	53.914  	1024  	4.08275 	1.62232
66 	1024  	192.134	66 	209.355	190.432	1024  	2.8049 	1.56479	21.6414 	66 	25.6141	17.9989 	1024  	1.62214 	1.56479
67 	1024  	186.559	67 	203.497	184.349	1024  	3.00504	1.87084	34.3616 	67 	40.1606	29.1666 	1024  	2.3842  	1.87084
68 	1024  	202.452	68 	221.76 	200.392	1024  	2.84622	2.35995	69.4931 	68 	82.1862	59.2388 	1024  	7.33894 	2.35995
69 	1024  	202.667	69 	209.102	201.321	1024  	1.87543	2.11429	90.4286 	69 	105.419	76.4705 	1024  	10.7338 	2.11429
70 	1024  	200.179	70 	219.377	197.939	1024  	2.77277	2.23629	50.1902 	70 	58.8969	43.746  	1024  	4.49811 	2.23629
71 	1024  	204.734	71 	223.077	202.952	1024  	2.4563 	2.14945	47.1725 	71 	56.232 	39.5287 	1024  	4.5013  	2.14945
72 	1024  	187.393	72 	194.268	185.029	1024  	2.83937	1.9222 	59.984  	72 	65.3847	55.0003 	1024  	2.39102 	1.9222 
73 	1024  	196.037	73 	213.333	194.225	1024  	2.68578	1.97318	154.227 	73 	265.796	76.8999 	1024  	83.0696 	1.97318
74 	1024  	187.135	74 	194.213	186.461	1024  	1.08707	1.5999 	34.6571 	74 	40.3709	29.1599 	1024  	2.86306 	1.5999 
75 	1024  	189.593	75 	205.46 	188.489	1024  	1.83282	1.91598	56.2929 	75 	74.7851	32.356  	1024  	16.0581 	1.91598
76 	1024  	182.092	76 	198.328	179.898	1024  	2.96011	1.46213	50.7214 	76 	54.1751	47.6977 	1024  	1.54863 	1.46213
77 	1024  	175.102	77 	188.866	173.243	1024  	2.77729	1.3571 	17.541  	77 	22.4167	12.7582 	1024  	2.02251 	1.3571 
78 	1024  	169.362	78 	182.758	165.743	1024  	3.95745	1.35158	4.02882 	78 	5.55869	2.96434 	1024  	0.604636	1.35158
79 	1024  	169.218	79 	183.292	166.483	1024  	2.84175	1.41005	50.291  	79 	62.694 	44.6377 	1024  	6.95819 	1.41005
