
Due to MODULEPATH changes, the following have been reloaded:
  1) libfabric/1.19.0

The following have been reloaded with a version change:
  1) hwloc/2.7.2 => hwloc/2.9.2

CPU count: 40
   	      	                     communication                     	                         energy                        
   	      	-------------------------------------------------------	-------------------------------------------------------
gen	nevals	avg    	gen	max    	min   	nevals	std    	time   	avg    	gen	max    	min    	nevals	std    	time   
0  	1024  	106.588	0  	109.855	87.069	1024  	4.53381	1.22167	224.741	0  	266.141	208.823	1024  	12.6531	1.22167
1  	1024  	103.13 	1  	109.337	86.7642	1024  	5.78218	2.43102	217.261	1  	249.058	208.823	1024  	6.90877	2.43102
2  	1024  	100.31 	2  	109.337	86.7642	1024  	6.65604	2.40798	214.924	2  	243.961	208.823	1024  	6.39624	2.40798
3  	1024  	97.9926	3  	109.359	86.6609	1024  	6.83506	2.42496	214.244	3  	243.961	208.823	1024  	6.9702 	2.42496
4  	1024  	97.1163	4  	109.116	85.7001	1024  	6.78614	2.58094	212.75 	4  	237.105	208.823	1024  	5.11521	2.58094
5  	1024  	96.9898	5  	108.57 	85.7001	1024  	6.82062	2.72156	211.45 	5  	233.776	208.823	1024  	3.70573	2.72156
6  	1024  	94.7082	6  	108.233	81.7358	1024  	5.47288	2.73379	211.688	6  	233.409	208.823	1024  	4.05181	2.73379
7  	1024  	93.974 	7  	103.54 	81.7358	1024  	5.50934	2.74853	211.846	7  	236.406	208.823	1024  	4.47793	2.74853
8  	1024  	94.4254	8  	103.54 	81.7358	1024  	5.46695	2.71975	210.827	8  	233.409	208.823	1024  	2.82969	2.71975
9  	1024  	94.8499	9  	103.54 	81.7358	1024  	5.50877	2.70806	210.349	9  	233.409	208.823	1024  	2.48105	2.70806
10 	1024  	95.0718	10 	103.54 	81.7358	1024  	5.88669	2.7834 	210.224	10 	219.926	208.823	1024  	1.94761	2.7834 
11 	1024  	95.4651	11 	103.54 	81.7358	1024  	6.0082 	2.4634 	210.022	11 	219.562	208.823	1024  	1.81077	2.4634 
12 	1024  	95.1389	12 	103.54 	79.3469	1024  	6.07597	2.43657	209.954	12 	231.145	208.778	1024  	1.77767	2.43657
13 	1024  	94.6451	13 	103.54 	78.9383	1024  	6.45889	2.69732	209.978	13 	227.363	208.778	1024  	1.80206	2.69732
14 	1024  	94.2665	14 	103.54 	78.9383	1024  	6.91727	2.74602	210.062	14 	230.387	208.778	1024  	2.1907 	2.74602
15 	1024  	93.7248	15 	103.54 	77.2314	1024  	7.78755	2.72903	210.446	15 	230.419	208.778	1024  	2.86299	2.72903
16 	1024  	93.6628	16 	103.54 	77.2314	1024  	7.99404	2.86011	210.158	16 	217.275	208.774	1024  	2.10595	2.86011
17 	1024  	93.7715	17 	103.861	77.2314	1024  	8.16993	2.84432	210.045	17 	231.449	208.774	1024  	2.12738	2.84432
18 	1024  	93.6753	18 	103.438	76.4623	1024  	8.19749	2.76785	209.968	18 	231.449	208.774	1024  	2.09542	2.76785
19 	1024  	93.1563	19 	103.438	75.363 	1024  	8.59969	2.65687	210.049	19 	221.211	208.774	1024  	1.94376	2.65687
20 	1024  	92.049 	20 	103.438	75.2186	1024  	9.16663	2.64081	210.403	20 	231.449	208.774	1024  	2.30052	2.64081
21 	1024  	92.2437	21 	103.352	75.2186	1024  	9.42252	2.75713	210.4  	21 	221.267	208.774	1024  	2.25157	2.75713
22 	1024  	92.3546	22 	103.25 	75.2186	1024  	9.27149	2.80673	210.119	22 	221.267	208.773	1024  	2.25485	2.80673
23 	1024  	89.9054	23 	103.25 	74.7052	1024  	9.31605	2.63139	210.518	23 	218.835	208.773	1024  	2.49783	2.63139
24 	1024  	88.5716	24 	103.25 	74.7052	1024  	9.13866	2.70053	210.623	24 	218.42 	208.773	1024  	2.56421	2.70053
25 	1024  	90.0688	25 	103.25 	74.7052	1024  	9.70603	2.74416	210.465	25 	234.905	208.773	1024  	2.66802	2.74416
26 	1024  	91.4498	26 	102.879	74.7052	1024  	9.75851	2.72558	210.261	26 	223.34 	208.773	1024  	2.65787	2.72558
27 	1024  	90.723 	27 	102.879	74.7052	1024  	9.63941	2.72093	210.203	27 	217.16 	208.773	1024  	2.4978 	2.72093
28 	1024  	91.198 	28 	102.914	74.3153	1024  	9.59192	2.80747	210.065	28 	223.3  	208.773	1024  	2.37573	2.80747
29 	1024  	91.6061	29 	102.914	74.3153	1024  	9.70111	2.70162	210.133	29 	235.135	208.773	1024  	2.64662	2.70162
30 	1024  	91.4489	30 	102.914	74.3153	1024  	10.0276	2.64304	210.437	30 	235.135	208.773	1024  	3.08005	2.64304
31 	1024  	91.245 	31 	102.862	74.3153	1024  	10.0885	2.69721	210.278	31 	223.149	208.773	1024  	2.72675	2.69721
32 	1024  	91.0682	32 	102.862	74.3153	1024  	10.5566	2.68397	210.411	32 	217.236	208.773	1024  	2.85042	2.68397
33 	1024  	89.426 	33 	102.862	74.3153	1024  	10.7485	2.81293	210.769	33 	217.236	208.773	1024  	3.10875	2.81293
34 	1024  	92.1132	34 	102.862	74.3153	1024  	10.5554	2.67097	210.213	34 	217.133	208.773	1024  	2.80393	2.67097
35 	1024  	89.0261	35 	102.862	74.3153	1024  	11.2281	2.64168	210.988	35 	223.544	208.773	1024  	3.35903	2.64168
36 	1024  	91.3613	36 	102.647	74.3153	1024  	10.8965	2.74922	210.047	36 	217.133	208.773	1024  	2.4628 	2.74922
37 	1024  	94.5829	37 	102.647	74.3153	1024  	9.70123	2.66303	209.495	37 	217.069	208.772	1024  	1.82829	2.66303
38 	1024  	97.4235	38 	102.464	74.3153	1024  	8.13685	2.78069	209.275	38 	216.755	208.772	1024  	1.71085	2.78069
39 	1024  	94.3614	39 	102.798	74.3153	1024  	9.62639	2.62413	209.622	39 	223.544	208.772	1024  	2.16111	2.62413
40 	1024  	89.9032	40 	102.798	74.3153	1024  	10.0276	2.66495	210.051	40 	217.236	208.772	1024  	2.43656	2.66495
41 	1024  	85.9947	41 	102.54 	74.3153	1024  	8.02071	2.77448	210.083	41 	217.133	208.772	1024  	2.21633	2.77448
42 	1024  	87.1805	42 	102.54 	74.3153	1024  	8.37016	2.74013	209.9  	42 	217.133	208.772	1024  	2.01936	2.74013
43 	1024  	87.7578	43 	102.54 	74.3153	1024  	9.4025 	2.68413	210.184	43 	217.133	208.772	1024  	2.43578	2.68413
44 	1024  	88.269 	44 	102.54 	74.3153	1024  	9.40302	2.77134	209.795	44 	217.133	208.772	1024  	1.73786	2.77134
45 	1024  	86.7074	45 	102.464	74.2905	1024  	8.32442	2.71309	209.597	45 	216.755	208.772	1024  	1.01596	2.71309
46 	1024  	84.9083	46 	102.464	74.2905	1024  	8.11573	2.71372	209.756	46 	222.727	208.772	1024  	1.13161	2.71372
47 	1024  	85.8813	47 	102.464	74.2905	1024  	7.86235	2.84389	209.583	47 	222.727	208.772	1024  	1.18988	2.84389
48 	1024  	86.1872	48 	102.464	74.2905	1024  	8.12728	2.68347	209.688	48 	222.727	208.758	1024  	1.51097	2.68347
49 	1024  	85.1933	49 	102.526	74.2384	1024  	7.03638	2.61011	209.673	49 	223.332	208.758	1024  	1.4406 	2.61011
50 	1024  	85.3124	50 	101.555	74.2384	1024  	7.34722	2.67859	209.594	50 	223.332	208.743	1024  	1.22938	2.67859
51 	1024  	83.79  	51 	101.555	74.2384	1024  	6.28085	2.68169	209.674	51 	223.332	208.743	1024  	1.30885	2.68169
52 	1024  	82.9844	52 	100.727	74.2384	1024  	4.9713 	2.70228	209.59 	52 	216.92 	208.743	1024  	0.952343	2.70228
53 	1024  	83.3562	53 	102.485	74.2384	1024  	6.32635	2.66933	209.737	53 	216.92 	208.743	1024  	1.28013 	2.66933
54 	1024  	83.4715	54 	102.485	74.2384	1024  	7.21532	2.7105 	209.885	54 	223.332	208.743	1024  	1.54257 	2.7105 
55 	1024  	84.6059	55 	102.485	74.2384	1024  	7.75882	2.70091	209.601	55 	217.085	208.743	1024  	1.00648 	2.70091
56 	1024  	84.0758	56 	100.727	74.2384	1024  	6.72708	2.67029	209.604	56 	217.085	208.743	1024  	1.08825 	2.67029
57 	1024  	83.6576	57 	100.727	73.9517	1024  	6.58178	2.64298	209.727	57 	222.023	208.743	1024  	1.33416 	2.64298
58 	1024  	84.3502	58 	102.311	73.9517	1024  	7.15406	2.67675	209.617	58 	222.023	208.703	1024  	1.0358  	2.67675
59 	1024  	84.1826	59 	102.311	73.9517	1024  	7.3578 	2.67201	209.617	59 	222.023	208.703	1024  	0.896654	2.67201
60 	1024  	84.3128	60 	102.311	73.9517	1024  	7.59812	2.69874	209.631	60 	222.023	208.703	1024  	1.08851 	2.69874
61 	1024  	84.6647	61 	102.311	73.9517	1024  	9.02103	2.70182	209.716	61 	215.889	208.703	1024  	0.783508	2.70182
62 	1024  	85.846 	62 	102.311	73.9517	1024  	10.3164	2.71368	209.807	62 	215.889	208.703	1024  	0.927975	2.71368
63 	1024  	83.3439	63 	102.311	73.9517	1024  	9.96312	2.7241 	210.13 	63 	215.889	208.703	1024  	0.927838	2.7241 
64 	1024  	79.9317	64 	102.311	73.9517	1024  	6.65916	2.72698	210.376	64 	215.889	208.703	1024  	0.794745	2.72698
65 	1024  	82.329 	65 	103.394	73.9517	1024  	8.47017	2.74777	210.116	65 	221.571	208.703	1024  	1.12751 	2.74777
66 	1024  	82.8851	66 	102.311	73.9517	1024  	8.19177	2.74777	209.982	66 	221.571	208.701	1024  	1.39244 	2.74777
67 	1024  	85.1225	67 	102.291	73.9517	1024  	8.38731	2.71421	209.733	67 	215.974	208.701	1024  	1.32225 	2.71421
68 	1024  	86.8606	68 	102.291	73.9517	1024  	9.13821	2.70787	209.739	68 	215.974	208.701	1024  	1.58153 	2.70787
69 	1024  	87.0199	69 	102.566	73.9517	1024  	8.80938	2.69536	209.677	69 	215.974	208.649	1024  	1.63336 	2.69536
[gen 69] Wrote all fronts to ./results/training/20250911-0900/nsw_Bitbrains_3OS_NSGP2_core_40_run_0_gen_69_fronts.json
