
Due to MODULEPATH changes, the following have been reloaded:
  1) libfabric/1.19.0

The following have been reloaded with a version change:
  1) hwloc/2.7.2 => hwloc/2.9.2

CPU count: 40
   	      	                     communication                     	                         energy                        
   	      	-------------------------------------------------------	-------------------------------------------------------
gen	nevals	avg    	gen	max   	min    	nevals	std    	time   	avg    	gen	max    	min    	nevals	std    	time   
0  	1024  	91.4489	0  	92.751	85.8814	1024  	1.05968	1.27224	226.521	0  	268.559	206.622	1024  	13.8062	1.27224
[gen 0] z*: [np.float64(206.62204612732674), np.float64(85.88142685478964)]
[gen 1] z*: [np.float64(206.62204612732674), np.float64(85.88142685478964)], z^nad: [np.float64(268.5589529510592), np.float64(92.7509795403713)]
1  	1024  	36.9234	1  	38.4064	28.8124	1024  	1.08642	1.30888	193.166	1  	228.787	183.68 	1024  	6.39137	1.30888
[gen 2] z*: [np.float64(183.68004419146084), np.float64(28.812352186396684)], z^nad: [np.float64(228.78709457701672), np.float64(38.406379315740026)]
2  	1024  	36.9234	2  	38.4064	28.8124	1024  	1.08642	1.51561	193.166	2  	228.787	183.68 	1024  	6.39137	1.51561
[gen 3] z*: [np.float64(183.68004419146084), np.float64(28.812352186396684)], z^nad: [np.float64(228.78709457701672), np.float64(38.406379315740026)]
3  	1024  	37.4096	3  	53.4458	28.8124	1024  	2.87672	1.48595	193.044	3  	228.787	183.68 	1024  	6.29989	1.48595
[gen 4] z*: [np.float64(183.68004419146084), np.float64(28.812352186396684)], z^nad: [np.float64(228.78709457701672), np.float64(53.44578759888)]
4  	1024  	37.4096	4  	53.4458	28.8124	1024  	2.87672	1.45164	193.044	4  	228.787	183.68 	1024  	6.29989	1.45164
[gen 5] z*: [np.float64(183.68004419146084), np.float64(28.812352186396684)], z^nad: [np.float64(228.78709457701672), np.float64(53.44578759888)]
5  	1024  	38.0697	5  	53.2131	28.8124	1024  	3.35807	1.28766	192.555	5  	228.787	183.68 	1024  	6.18061	1.28766
[gen 6] z*: [np.float64(183.68004419146084), np.float64(28.812352186396684)], z^nad: [np.float64(228.78709457701672), np.float64(53.21314376963418)]
6  	1024  	6.67686	6  	38.0604	4.86851	1024  	2.85616	0.888854	183.257	6  	200.459	177.851	1024  	4.4058 	0.888854
[gen 7] z*: [np.float64(177.8509010142731), np.float64(4.868507093555834)], z^nad: [np.float64(200.45923956538357), np.float64(38.06039049337919)]
7  	1024  	8.50234	7  	14.5742	4.86851	1024  	3.27528	0.860518	182.011	7  	200.459	177.851	1024  	3.89982	0.860518
[gen 8] z*: [np.float64(177.8509010142731), np.float64(4.868507093555834)], z^nad: [np.float64(200.45923956538357), np.float64(14.574221327194222)]
8  	1024  	8.23556	8  	14.5742	4.86851	1024  	2.87364	0.962836	182.71 	8  	200.459	177.851	1024  	4.26565	0.962836
[gen 9] z*: [np.float64(177.8509010142731), np.float64(4.868507093555834)], z^nad: [np.float64(200.45923956538357), np.float64(14.574221327194222)]
9  	1024  	8.23556	9  	14.5742	4.86851	1024  	2.87364	1.13912 	182.71 	9  	200.459	177.851	1024  	4.26565	1.13912 
[gen 10] z*: [np.float64(177.8509010142731), np.float64(4.868507093555834)], z^nad: [np.float64(200.45923956538357), np.float64(14.574221327194222)]
10 	1024  	8.23556	10 	14.5742	4.86851	1024  	2.87364	1.20116 	182.71 	10 	200.459	177.851	1024  	4.26565	1.20116 
[gen 11] z*: [np.float64(177.8509010142731), np.float64(4.868507093555834)], z^nad: [np.float64(200.45923956538357), np.float64(14.574221327194222)]
11 	1024  	8.23556	11 	14.5742	4.86851	1024  	2.87364	1.24457 	182.71 	11 	200.459	177.851	1024  	4.26565	1.24457 
[gen 12] z*: [np.float64(177.8509010142731), np.float64(4.868507093555834)], z^nad: [np.float64(200.45923956538357), np.float64(14.574221327194222)]
12 	1024  	8.35093	12 	24.4826	4.86851	1024  	3.21508	1.14631 	182.705	12 	200.459	177.851	1024  	4.26676	1.14631 
[gen 13] z*: [np.float64(177.8509010142731), np.float64(4.868507093555834)], z^nad: [np.float64(200.45923956538357), np.float64(24.48255636562691)]
13 	1024  	8.35093	13 	24.4826	4.86851	1024  	3.21508	1.14155 	182.705	13 	200.459	177.851	1024  	4.26676	1.14155 
[gen 14] z*: [np.float64(177.8509010142731), np.float64(4.868507093555834)], z^nad: [np.float64(200.45923956538357), np.float64(24.48255636562691)]
14 	1024  	8.35093	14 	24.4826	4.86851	1024  	3.21508	1.16265 	182.705	14 	200.459	177.851	1024  	4.26676	1.16265 
[gen 15] z*: [np.float64(177.8509010142731), np.float64(4.868507093555834)], z^nad: [np.float64(200.45923956538357), np.float64(24.48255636562691)]
15 	1024  	8.35093	15 	24.4826	4.86851	1024  	3.21508	1.15881 	182.705	15 	200.459	177.851	1024  	4.26676	1.15881 
[gen 16] z*: [np.float64(177.8509010142731), np.float64(4.868507093555834)], z^nad: [np.float64(200.45923956538357), np.float64(24.48255636562691)]
16 	1024  	8.35093	16 	24.4826	4.86851	1024  	3.21508	1.12017 	182.705	16 	200.459	177.851	1024  	4.26676	1.12017 
[gen 17] z*: [np.float64(177.8509010142731), np.float64(4.868507093555834)], z^nad: [np.float64(200.45923956538357), np.float64(24.48255636562691)]
17 	1024  	8.35093	17 	24.4826	4.86851	1024  	3.21508	1.00443 	182.705	17 	200.459	177.851	1024  	4.26676	1.00443 
[gen 18] z*: [np.float64(177.8509010142731), np.float64(4.868507093555834)], z^nad: [np.float64(200.45923956538357), np.float64(24.48255636562691)]
18 	1024  	10.4648	18 	16.8906	4.86851	1024  	4.62001	0.986834	179.999	18 	200.459	172.869	1024  	5.70332	0.986834
[gen 19] z*: [np.float64(172.8688502373164), np.float64(4.868507093555834)], z^nad: [np.float64(200.45923956538357), np.float64(16.89062907261667)]
19 	1024  	10.1829	19 	16.8561	4.86851	1024  	4.26326	0.873648	180.394	19 	200.459	172.988	1024  	5.39403	0.873648
[gen 20] z*: [np.float64(172.9877773387), np.float64(4.868507093555834)], z^nad: [np.float64(200.45923956538357), np.float64(16.856115602430002)]
20 	1024  	9.11629	20 	16.8561	4.86851	1024  	3.43916	0.850264	180.437	20 	200.459	172.988	1024  	4.86849	0.850264
[gen 21] z*: [np.float64(172.9877773387), np.float64(4.868507093555834)], z^nad: [np.float64(200.45923956538357), np.float64(16.856115602430002)]
21 	1024  	9.11439	21 	12.5768	4.86851	1024  	2.55935	0.862225	173.977	21 	200.459	162.163	1024  	10.2509	0.862225
[gen 22] z*: [np.float64(162.16329561635482), np.float64(4.868507093555834)], z^nad: [np.float64(200.45923956538357), np.float64(12.57679683330272)]
22 	1024  	9.11439	22 	12.5768	4.86851	1024  	2.55935	1.28638 	173.977	22 	200.459	162.163	1024  	10.2509	1.28638 
[gen 23] z*: [np.float64(162.16329561635482), np.float64(4.868507093555834)], z^nad: [np.float64(200.45923956538357), np.float64(12.57679683330272)]
23 	1024  	9.11439	23 	12.5768	4.86851	1024  	2.55935	1.16437 	173.977	23 	200.459	162.163	1024  	10.2509	1.16437 
[gen 24] z*: [np.float64(162.16329561635482), np.float64(4.868507093555834)], z^nad: [np.float64(200.45923956538357), np.float64(12.57679683330272)]
24 	1024  	9.11439	24 	12.5768	4.86851	1024  	2.55935	0.921659	173.977	24 	200.459	162.163	1024  	10.2509	0.921659
[gen 25] z*: [np.float64(162.16329561635482), np.float64(4.868507093555834)], z^nad: [np.float64(200.45923956538357), np.float64(12.57679683330272)]
25 	1024  	1.49435	25 	12.4588	0.852897	1024  	2.01914	0.761136	165.686	25 	189.48 	162.23 	1024  	3.27273	0.761136
[gen 26] z*: [np.float64(162.23022128679364), np.float64(0.8528971947191862)], z^nad: [np.float64(189.47972248725307), np.float64(12.458820683271052)]
26 	1024  	1.49435	26 	12.4588	0.852897	1024  	2.01914	0.822645	165.686	26 	189.48 	162.23 	1024  	3.27273	0.822645
[gen 27] z*: [np.float64(162.23022128679364), np.float64(0.8528971947191862)], z^nad: [np.float64(189.47972248725307), np.float64(12.458820683271052)]
27 	1024  	1.50001	27 	12.4588	0.852897	1024  	2.02618	0.901172	165.685	27 	189.48 	162.23 	1024  	3.27082	0.901172
[gen 28] z*: [np.float64(162.23022128679364), np.float64(0.8528971947191862)], z^nad: [np.float64(189.47972248725307), np.float64(12.458820683271052)]
28 	1024  	1.50001	28 	12.4588	0.852897	1024  	2.02618	1.19028 	165.685	28 	189.48 	162.23 	1024  	3.27082	1.19028 
[gen 29] z*: [np.float64(162.23022128679364), np.float64(0.8528971947191862)], z^nad: [np.float64(189.47972248725307), np.float64(12.458820683271052)]
29 	1024  	1.50001	29 	12.4588	0.852897	1024  	2.02618	1.12638 	165.685	29 	189.48 	162.23 	1024  	3.27082	1.12638 
[gen 30] z*: [np.float64(162.23022128679364), np.float64(0.8528971947191862)], z^nad: [np.float64(189.47972248725307), np.float64(12.458820683271052)]
30 	1024  	1.50001	30 	12.4588	0.852897	1024  	2.02618	1.04544 	165.685	30 	189.48 	162.23 	1024  	3.27082	1.04544 
[gen 31] z*: [np.float64(162.23022128679364), np.float64(0.8528971947191862)], z^nad: [np.float64(189.47972248725307), np.float64(12.458820683271052)]
31 	1024  	1.51425	31 	15.7006	0.852897	1024  	2.07412	0.951678	165.685	31 	189.48 	162.23 	1024  	3.27053	0.951678
[gen 32] z*: [np.float64(162.23022128679364), np.float64(0.8528971947191862)], z^nad: [np.float64(189.47972248725307), np.float64(15.700621502655872)]
32 	1024  	1.51425	32 	15.7006	0.852897	1024  	2.07412	0.915654	165.685	32 	189.48 	162.23 	1024  	3.27053	0.915654
[gen 33] z*: [np.float64(162.23022128679364), np.float64(0.8528971947191862)], z^nad: [np.float64(189.47972248725307), np.float64(15.700621502655872)]
33 	1024  	1.90412	33 	12.3879	0.852897	1024  	2.38025	0.90611 	165.516	33 	189.48 	162.23 	1024  	3.20958	0.90611 
[gen 34] z*: [np.float64(162.23022128679364), np.float64(0.8528971947191862)], z^nad: [np.float64(189.47972248725307), np.float64(12.387870221567718)]
34 	1024  	1.89146	34 	12.3879	0.852897	1024  	2.36592	0.770912	165.524	34 	189.48 	162.23 	1024  	3.22253	0.770912
[gen 35] z*: [np.float64(162.23022128679364), np.float64(0.8528971947191862)], z^nad: [np.float64(189.47972248725307), np.float64(12.387870221567718)]
35 	1024  	1.89146	35 	12.3879	0.852897	1024  	2.36592	1.27747 	165.524	35 	189.48 	162.23 	1024  	3.22253	1.27747 
[gen 36] z*: [np.float64(162.23022128679364), np.float64(0.8528971947191862)], z^nad: [np.float64(189.47972248725307), np.float64(12.387870221567718)]
36 	1024  	1.89146	36 	12.3879	0.852897	1024  	2.36592	1.47198 	165.524	36 	189.48 	162.23 	1024  	3.22253	1.47198 
[gen 37] z*: [np.float64(162.23022128679364), np.float64(0.8528971947191862)], z^nad: [np.float64(189.47972248725307), np.float64(12.387870221567718)]
37 	1024  	1.89146	37 	12.3879	0.852897	1024  	2.36592	1.58671 	165.524	37 	189.48 	162.23 	1024  	3.22253	1.58671 
[gen 38] z*: [np.float64(162.23022128679364), np.float64(0.8528971947191862)], z^nad: [np.float64(189.47972248725307), np.float64(12.387870221567718)]
38 	1024  	1.89146	38 	12.3879	0.852897	1024  	2.36592	1.50889 	165.524	38 	189.48 	162.23 	1024  	3.22253	1.50889 
[gen 39] z*: [np.float64(162.23022128679364), np.float64(0.8528971947191862)], z^nad: [np.float64(189.47972248725307), np.float64(12.387870221567718)]
39 	1024  	1.89146	39 	12.3879	0.852897	1024  	2.36592	1.3288  	165.524	39 	189.48 	162.23 	1024  	3.22253	1.3288  
[gen 40] z*: [np.float64(162.23022128679364), np.float64(0.8528971947191862)], z^nad: [np.float64(189.47972248725307), np.float64(12.387870221567718)]
40 	1024  	1.89146	40 	12.3879	0.852897	1024  	2.36592	1.24816 	165.524	40 	189.48 	162.23 	1024  	3.22253	1.24816 
[gen 41] z*: [np.float64(162.23022128679364), np.float64(0.8528971947191862)], z^nad: [np.float64(189.47972248725307), np.float64(12.387870221567718)]
41 	1024  	1.89146	41 	12.3879	0.852897	1024  	2.36592	0.902166	165.524	41 	189.48 	162.23 	1024  	3.22253	0.902166
[gen 42] z*: [np.float64(162.23022128679364), np.float64(0.8528971947191862)], z^nad: [np.float64(189.47972248725307), np.float64(12.387870221567718)]
42 	1024  	1.89604	42 	12.3879	0.852897	1024  	2.36724	0.81507 	165.523	42 	189.48 	162.23 	1024  	3.22085	0.81507 
[gen 43] z*: [np.float64(162.23022128679364), np.float64(0.8528971947191862)], z^nad: [np.float64(189.47972248725307), np.float64(12.387870221567718)]
43 	1024  	1.89604	43 	12.3879	0.852897	1024  	2.36724	1.3861  	165.523	43 	189.48 	162.23 	1024  	3.22085	1.3861  
[gen 44] z*: [np.float64(162.23022128679364), np.float64(0.8528971947191862)], z^nad: [np.float64(189.47972248725307), np.float64(12.387870221567718)]
44 	1024  	1.89604	44 	12.3879	0.852897	1024  	2.36724	1.43309 	165.523	44 	189.48 	162.23 	1024  	3.22085	1.43309 
[gen 45] z*: [np.float64(162.23022128679364), np.float64(0.8528971947191862)], z^nad: [np.float64(189.47972248725307), np.float64(12.387870221567718)]
45 	1024  	1.89604	45 	12.3879	0.852897	1024  	2.36724	1.36541 	165.523	45 	189.48 	162.23 	1024  	3.22085	1.36541 
[gen 46] z*: [np.float64(162.23022128679364), np.float64(0.8528971947191862)], z^nad: [np.float64(189.47972248725307), np.float64(12.387870221567718)]
46 	1024  	1.89604	46 	12.3879	0.852897	1024  	2.36724	1.26806 	165.523	46 	189.48 	162.23 	1024  	3.22085	1.26806 
[gen 47] z*: [np.float64(162.23022128679364), np.float64(0.8528971947191862)], z^nad: [np.float64(189.47972248725307), np.float64(12.387870221567718)]
47 	1024  	1.89604	47 	12.3879	0.852897	1024  	2.36724	1.29102 	165.523	47 	189.48 	162.23 	1024  	3.22085	1.29102 
[gen 48] z*: [np.float64(162.23022128679364), np.float64(0.8528971947191862)], z^nad: [np.float64(189.47972248725307), np.float64(12.387870221567718)]
48 	1024  	1.89604	48 	12.3879	0.852897	1024  	2.36724	1.33206 	165.523	48 	189.48 	162.23 	1024  	3.22085	1.33206 
[gen 49] z*: [np.float64(162.23022128679364), np.float64(0.8528971947191862)], z^nad: [np.float64(189.47972248725307), np.float64(12.387870221567718)]
49 	1024  	1.89604	49 	12.3879	0.852897	1024  	2.36724	1.15973 	165.523	49 	189.48 	162.23 	1024  	3.22085	1.15973 
[gen 50] z*: [np.float64(162.23022128679364), np.float64(0.8528971947191862)], z^nad: [np.float64(189.47972248725307), np.float64(12.387870221567718)]
50 	1024  	1.89604	50 	12.3879	0.852897	1024  	2.36724	1.03358 	165.523	50 	189.48 	162.23 	1024  	3.22085	1.03358 
[gen 51] z*: [np.float64(162.23022128679364), np.float64(0.8528971947191862)], z^nad: [np.float64(189.47972248725307), np.float64(12.387870221567718)]
51 	1024  	1.89604	51 	12.3879	0.852897	1024  	2.36724	0.85858 	165.523	51 	189.48 	162.23 	1024  	3.22085	0.85858 
[gen 52] z*: [np.float64(162.23022128679364), np.float64(0.8528971947191862)], z^nad: [np.float64(189.47972248725307), np.float64(12.387870221567718)]
52 	1024  	1.89604	52 	12.3879	0.852897	1024  	2.36724	0.872029	165.523	52 	189.48 	162.23 	1024  	3.22085	0.872029
[gen 53] z*: [np.float64(162.23022128679364), np.float64(0.8528971947191862)], z^nad: [np.float64(189.47972248725307), np.float64(12.387870221567718)]
53 	1024  	1.89781	53 	12.3879	0.852897	1024  	2.32265	0.834816	165.546	53 	189.48 	162.23 	1024  	3.21527	0.834816
[gen 54] z*: [np.float64(162.23022128679364), np.float64(0.8528971947191862)], z^nad: [np.float64(189.47972248725307), np.float64(12.387870221567718)]
54 	1024  	1.89781	54 	12.3879	0.852897	1024  	2.32265	0.863279	165.546	54 	189.48 	162.23 	1024  	3.21527	0.863279
[gen 55] z*: [np.float64(162.23022128679364), np.float64(0.8528971947191862)], z^nad: [np.float64(189.47972248725307), np.float64(12.387870221567718)]
55 	1024  	1.89781	55 	12.3879	0.852897	1024  	2.32265	1.05129 	165.546	55 	189.48 	162.23 	1024  	3.21527	1.05129 
[gen 56] z*: [np.float64(162.23022128679364), np.float64(0.8528971947191862)], z^nad: [np.float64(189.47972248725307), np.float64(12.387870221567718)]
56 	1024  	1.89765	56 	12.3879	0.852897	1024  	2.32231	0.920901	165.55 	56 	189.48 	162.23 	1024  	3.21853	0.920901
[gen 57] z*: [np.float64(162.23022128679364), np.float64(0.8528971947191862)], z^nad: [np.float64(189.47972248725307), np.float64(12.387870221567718)]
57 	1024  	1.89765	57 	12.3879	0.852897	1024  	2.32231	0.846193	165.55 	57 	189.48 	162.23 	1024  	3.21853	0.846193
[gen 58] z*: [np.float64(162.23022128679364), np.float64(0.8528971947191862)], z^nad: [np.float64(189.47972248725307), np.float64(12.387870221567718)]
58 	1024  	1.89765	58 	12.3879	0.852897	1024  	2.32231	0.999309	165.55 	58 	189.48 	162.23 	1024  	3.21853	0.999309
[gen 59] z*: [np.float64(162.23022128679364), np.float64(0.8528971947191862)], z^nad: [np.float64(189.47972248725307), np.float64(12.387870221567718)]
59 	1024  	1.89765	59 	12.3879	0.852897	1024  	2.32231	0.917408	165.55 	59 	189.48 	162.23 	1024  	3.21853	0.917408
[gen 60] z*: [np.float64(162.23022128679364), np.float64(0.8528971947191862)], z^nad: [np.float64(189.47972248725307), np.float64(12.387870221567718)]
60 	1024  	1.89765	60 	12.3879	0.852897	1024  	2.32231	1.19222 	165.55 	60 	189.48 	162.23 	1024  	3.21853	1.19222 
[gen 61] z*: [np.float64(162.23022128679364), np.float64(0.8528971947191862)], z^nad: [np.float64(189.47972248725307), np.float64(12.387870221567718)]
61 	1024  	1.89765	61 	12.3879	0.852897	1024  	2.32231	1.13693 	165.55 	61 	189.48 	162.23 	1024  	3.21853	1.13693 
[gen 62] z*: [np.float64(162.23022128679364), np.float64(0.8528971947191862)], z^nad: [np.float64(189.47972248725307), np.float64(12.387870221567718)]
62 	1024  	1.89765	62 	12.3879	0.852897	1024  	2.32231	1.14399 	165.55 	62 	189.48 	162.23 	1024  	3.21853	1.14399 
[gen 63] z*: [np.float64(162.23022128679364), np.float64(0.8528971947191862)], z^nad: [np.float64(189.47972248725307), np.float64(12.387870221567718)]
63 	1024  	1.89765	63 	12.3879	0.852897	1024  	2.32231	1.08332 	165.55 	63 	189.48 	162.23 	1024  	3.21853	1.08332 
[gen 64] z*: [np.float64(162.23022128679364), np.float64(0.8528971947191862)], z^nad: [np.float64(189.47972248725307), np.float64(12.387870221567718)]
64 	1024  	1.89765	64 	12.3879	0.852897	1024  	2.32231	1.09217 	165.55 	64 	189.48 	162.23 	1024  	3.21853	1.09217 
[gen 65] z*: [np.float64(162.23022128679364), np.float64(0.8528971947191862)], z^nad: [np.float64(189.47972248725307), np.float64(12.387870221567718)]
65 	1024  	1.89765	65 	12.3879	0.852897	1024  	2.32231	1.06515 	165.55 	65 	189.48 	162.23 	1024  	3.21853	1.06515 
[gen 66] z*: [np.float64(162.23022128679364), np.float64(0.8528971947191862)], z^nad: [np.float64(189.47972248725307), np.float64(12.387870221567718)]
66 	1024  	1.89765	66 	12.3879	0.852897	1024  	2.32231	1.06431 	165.55 	66 	189.48 	162.23 	1024  	3.21853	1.06431 
[gen 67] z*: [np.float64(162.23022128679364), np.float64(0.8528971947191862)], z^nad: [np.float64(189.47972248725307), np.float64(12.387870221567718)]
67 	1024  	1.89765	67 	12.3879	0.852897	1024  	2.32231	1.25567 	165.55 	67 	189.48 	162.23 	1024  	3.21853	1.25567 
[gen 68] z*: [np.float64(162.23022128679364), np.float64(0.8528971947191862)], z^nad: [np.float64(189.47972248725307), np.float64(12.387870221567718)]
68 	1024  	1.89765	68 	12.3879	0.852897	1024  	2.32231	1.52388 	165.55 	68 	189.48 	162.23 	1024  	3.21853	1.52388 
[gen 69] z*: [np.float64(162.23022128679364), np.float64(0.8528971947191862)], z^nad: [np.float64(189.47972248725307), np.float64(12.387870221567718)]
69 	1024  	1.89765	69 	12.3879	0.852897	1024  	2.32231	1.3968  	165.55 	69 	189.48 	162.23 	1024  	3.21853	1.3968  
