
Due to MODULEPATH changes, the following have been reloaded:
  1) libfabric/1.19.0

The following have been reloaded with a version change:
  1) hwloc/2.7.2 => hwloc/2.9.2

CPU count: 40
   	      	                          obj1                         	                          obj2                         
   	      	-------------------------------------------------------	-------------------------------------------------------
gen	nevals	avg  	gen	max    	min    	nevals	std    	time   	avg    	gen	max   	min    	nevals	std    	time   
0  	1024  	226.3	0  	268.559	206.586	1024  	13.6907	1.15347	91.4551	0  	92.751	79.6639	1024  	1.09658	1.15347
1  	1024  	191.707	1  	219.835	183.464	1024  	6.5311 	2.01221	36.4031	1  	38.3006	27.5092	1024  	1.40232	2.01221
2  	1024  	214.884	2  	244.493	208.826	1024  	6.98169	2.41562	102.827	2  	109.677	85.3787	1024  	5.65395	2.41562
3  	1024  	197.502	3  	230.678	192.815	1024  	5.95379	2.2812 	51.5522	3  	54.1939	43.2533	1024  	2.01528	2.2812 
4  	1024  	213.132	4  	242.123	210.102	1024  	4.70028	2.23176	62.6211	4  	66.2966	54.3464	1024  	2.18093	2.23176
5  	1024  	192.588	5  	223.946	189.31 	1024  	4.07302	1.96126	43.8013	5  	46.9209	36.6091	1024  	3.00707	1.96126
6  	1024  	181.354	6  	205.863	177.681	1024  	4.3167 	1.32057	5.84459	6  	6.55196	4.22075	1024  	0.609579	1.32057
7  	1024  	183.325	7  	196.429	179.851	1024  	4.57621	1.35707	11.7547	7  	14.5742	8.7497 	1024  	1.80781 	1.35707
8  	1024  	186.549	8  	198.936	182.962	1024  	3.94081	1.4186 	11.5396	8  	13.0186	9.13971	1024  	1.01902 	1.4186 
9  	1024  	191.543	9  	204.867	187.621	1024  	3.54287	1.73319	35.0034	9  	41.0764	29.5781	1024  	2.55891 	1.73319
10 	1024  	194.125	10 	207.477	191.525	1024  	2.66632	1.8919 	54.5236	10 	65.2284	42.8566	1024  	3.74458 	1.8919 
11 	1024  	197.697	11 	213.323	195.531	1024  	2.65392	1.98184	43.8591	11 	46.9054	38.9965	1024  	2.50298 	1.98184
12 	1024  	183.155	12 	197.043	181.361	1024  	2.77165	1.74999	22.5534	12 	24.7416	18.1548	1024  	1.89819 	1.74999
13 	1024  	190.309	13 	204.456	187.07 	1024  	3.23013	1.66085	34.2429	13 	38.0689	28.4625	1024  	2.77021 	1.66085
14 	1024  	192.825	14 	206.634	189.753	1024  	3.11248	1.70052	27.7631	14 	32.6658	23.5821	1024  	2.98909 	1.70052
15 	1024  	192.183	15 	205.928	190.275	1024  	2.37796	1.77965	41.5065	15 	46.274 	34.4377	1024  	3.54048 	1.77965
16 	1024  	183.224	16 	197.483	181.395	1024  	2.60998	1.68905	68.9246	16 	73.6335	56.7872	1024  	3.65113 	1.68905
17 	1024  	192.654	17 	198.377	191.005	1024  	2.24545	1.50852	22.503 	17 	24.5393	18.8768	1024  	1.8854  	1.50852
18 	1024  	174.417	18 	181.864	172.81 	1024  	2.64901	1.47123	14.3086	18 	16.7511	8.88431	1024  	2.62904 	1.47123
19 	1024  	176.028	19 	191.404	174.17 	1024  	2.95828	1.33875	14.6147	19 	15.3432	12.1   	1024  	0.745991	1.33875
20 	1024  	178.389	20 	185.333	176.68 	1024  	2.72281	1.29378	10.0822	20 	11.9517	5.56593	1024  	1.96344 	1.29378
21 	1024  	164.38 	21 	172.187	161.997	1024  	3.50575	1.28374	11.0584	21 	12.5768	8.33895	1024  	1.32759 	1.28374
22 	1024  	195.926	22 	210.943	195.123	1024  	1.45275	1.95761	42.6197	22 	47.2338	33.3794	1024  	4.25888 	1.95761
23 	1024  	190.458	23 	206.538	188.914	1024  	2.85157	1.65418	37.9793	23 	41.3962	29.6275	1024  	3.81942 	1.65418
24 	1024  	175.562	24 	188.159	173.012	1024  	3.53039	1.32848	32.1634	24 	34.1776	28.9652	1024  	1.62285 	1.32848
25 	1024  	163.361	25 	176.397	162.778	1024  	1.12826	1.13275	0.889247	25 	1.11741	0.558841	1024  	0.18669 	1.13275
Traceback (most recent call last):
  File "/nfs/home/fangz2/wenyi/RAC_copy/solve_mogp.py", line 321, in <module>
    training_simulation(case=gen)
  File "/nfs/home/fangz2/wenyi/RAC_copy/utils/utils.py", line 382, in training_simulation
    init_containers, init_os, init_pms, init_pm_types, init_vms, init_vm_types = load_init_env_data(case, workload=workload, os_dataset=os_dataset).values()
                                                                                 ^^^^^^^^^^^^^^^^^^^^^^^^^^^^^^^^^^^^^^^^^^^^^^^^^^^^^^^^^^^^^^^^^^
  File "/nfs/home/fangz2/wenyi/RAC_copy/env/simulator/code/simulator/io/loading/data_loading.py", line 53, in load_init_env_data
    value = __read_init_env_data_file(fname, env_data_dir + '/' + fname)
            ^^^^^^^^^^^^^^^^^^^^^^^^^^^^^^^^^^^^^^^^^^^^^^^^^^^^^^^^^^^^
  File "/nfs/home/fangz2/wenyi/RAC_copy/env/simulator/code/simulator/io/loading/data_loading.py", line 272, in __read_init_env_data_file
    file_data = pd.read_csv(fdir, header=None, names=COLUMN_NAMES_LOOKUP[fname])
                                                     ~~~~~~~~~~~~~~~~~~~^^^^^^^
KeyError: 'testCas'
